[2022-08-24 13:07:28.3028] [INFO] Обновление токена
[2022-08-24 13:07:29.9449] [ERROR] Ошибка -------> Cannot open database "SZGC" requested by the login. The login failed.
Login failed for user 'DESKTOP-96G4TQ5\thedr'.
[2022-08-24 13:09:07.3664] [INFO] Обновление токена
[2022-08-24 13:09:08.8964] [ERROR] Ошибка -------> An exception has been raised that is likely due to a transient failure. Consider enabling transient error resiliency by adding 'EnableRetryOnFailure()' to the 'UseSqlServer' call.
[2022-08-24 13:11:10.5149] [INFO] Обновление токена
[2022-08-24 13:11:12.1226] [ERROR] Ошибка -------> Не найдена сессия пользователя
[2022-08-24 13:11:16.7087] [INFO] Авторизация
[2022-08-24 13:11:17.1236] [INFO] Токен получен
[2022-08-24 13:11:17.6043] [INFO] Получение всех заказов
[2022-08-24 13:11:17.6491] [INFO] Заказы успешно получены
[2022-08-24 13:11:19.0369] [INFO] Получение всех этапов
[2022-08-24 13:11:19.0469] [INFO] Все этапы успешно получены
[2022-08-24 13:11:20.3994] [INFO] Получение всех номенклатур
[2022-08-24 13:11:20.4174] [INFO] Номенклатуры успешно получены
[2022-08-24 13:11:20.7470] [INFO] Получение всех этапов
[2022-08-24 13:11:20.7470] [INFO] Все этапы успешно получены
[2022-08-24 13:11:21.3070] [INFO] Получение всех номенклатур
[2022-08-24 13:11:21.3070] [INFO] Номенклатуры успешно получены
[2022-08-24 13:11:35.3262] [INFO] Получение всех этапов
[2022-08-24 13:11:35.3272] [INFO] Все этапы успешно получены
[2022-08-24 13:11:35.7483] [INFO] Получение всех номенклатур
[2022-08-24 13:11:35.7523] [INFO] Номенклатуры успешно получены
[2022-08-24 13:11:36.8059] [INFO] Получение всех заказов
[2022-08-24 13:11:36.8159] [INFO] Заказы успешно получены
[2022-08-24 13:11:37.3314] [INFO] Получение всех номенклатур
[2022-08-24 13:11:37.3314] [INFO] Номенклатуры успешно получены
[2022-08-24 13:11:37.6372] [INFO] Получение всех номенклатур
[2022-08-24 13:11:37.6372] [INFO] Номенклатуры успешно получены
[2022-08-24 13:11:38.1357] [INFO] Получение всех этапов
[2022-08-24 13:11:38.1357] [INFO] Все этапы успешно получены
[2022-08-24 13:11:38.5592] [INFO] Получение всех номенклатур
[2022-08-24 13:11:38.5622] [INFO] Номенклатуры успешно получены
[2022-08-24 13:11:45.0811] [INFO] Получение всех этапов
[2022-08-24 13:11:45.0811] [INFO] Все этапы успешно получены
[2022-08-24 13:11:45.8946] [INFO] Получение всех номенклатур
[2022-08-24 13:11:45.8946] [INFO] Номенклатуры успешно получены
[2022-08-24 13:13:40.9004] [INFO] Получение всех этапов
[2022-08-24 13:13:40.9004] [INFO] Все этапы успешно получены
[2022-08-24 13:13:46.4916] [INFO] Добавление этапа
[2022-08-24 13:13:46.5135] [INFO] Добавлено успешно
[2022-08-24 13:13:46.5225] [INFO] Получение всех этапов
[2022-08-24 13:13:46.5225] [INFO] Все этапы успешно получены
[2022-08-24 13:14:02.1849] [INFO] Получение всех номенклатур
[2022-08-24 13:14:02.1879] [INFO] Номенклатуры успешно получены
[2022-08-24 13:14:02.8803] [INFO] Получение всех заказов
[2022-08-24 13:14:02.8803] [INFO] Заказы успешно получены
[2022-08-24 13:14:03.7016] [INFO] Получение всех номенклатур
[2022-08-24 13:14:03.7036] [INFO] Номенклатуры успешно получены
[2022-08-24 13:14:04.4379] [INFO] Получение всех этапов
[2022-08-24 13:14:04.4379] [INFO] Все этапы успешно получены
[2022-08-24 13:14:06.9812] [INFO] Получение всех номенклатур
[2022-08-24 13:14:06.9812] [INFO] Номенклатуры успешно получены
[2022-08-24 13:14:30.9179] [INFO] Получение всех номенклатур
[2022-08-24 13:14:30.9179] [INFO] Номенклатуры успешно получены
[2022-08-24 13:14:31.3737] [INFO] Получение всех этапов
[2022-08-24 13:14:31.3747] [INFO] Все этапы успешно получены
[2022-08-24 13:14:32.6885] [INFO] Получение всех номенклатур
[2022-08-24 13:14:32.6885] [INFO] Номенклатуры успешно получены
[2022-08-24 13:14:34.4493] [INFO] Получение всех заказов
[2022-08-24 13:14:34.4493] [INFO] Заказы успешно получены
[2022-08-24 13:14:34.7379] [INFO] Получение всех номенклатур
[2022-08-24 13:14:34.7379] [INFO] Номенклатуры успешно получены
[2022-08-24 13:14:35.1658] [INFO] Получение всех этапов
[2022-08-24 13:14:35.1658] [INFO] Все этапы успешно получены
[2022-08-24 13:14:35.4883] [INFO] Получение всех номенклатур
[2022-08-24 13:14:35.4883] [INFO] Номенклатуры успешно получены
[2022-08-24 13:14:35.7537] [INFO] Получение всех номенклатур
[2022-08-24 13:14:35.7537] [INFO] Номенклатуры успешно получены
[2022-08-24 13:14:36.1937] [INFO] Получение всех номенклатур
[2022-08-24 13:14:36.1937] [INFO] Номенклатуры успешно получены
[2022-08-24 13:14:36.5046] [INFO] Получение всех заказов
[2022-08-24 13:14:36.5046] [INFO] Заказы успешно получены
[2022-08-24 13:14:36.7459] [INFO] Получение всех номенклатур
[2022-08-24 13:14:36.7459] [INFO] Номенклатуры успешно получены
[2022-08-24 13:14:37.0401] [INFO] Получение всех этапов
[2022-08-24 13:14:37.0401] [INFO] Все этапы успешно получены
[2022-08-24 13:14:37.3462] [INFO] Получение всех номенклатур
[2022-08-24 13:14:37.3462] [INFO] Номенклатуры успешно получены
[2022-08-24 13:14:52.2736] [INFO] Получение всех этапов
[2022-08-24 13:14:52.2736] [INFO] Все этапы успешно получены
[2022-08-24 13:14:52.5146] [INFO] Получение всех номенклатур
[2022-08-24 13:14:52.5156] [INFO] Номенклатуры успешно получены
[2022-08-24 13:14:56.2087] [INFO] Получение всех этапов
[2022-08-24 13:14:56.2087] [INFO] Все этапы успешно получены
[2022-08-24 13:14:56.4280] [INFO] Получение всех номенклатур
[2022-08-24 13:14:56.4280] [INFO] Номенклатуры успешно получены
[2022-08-24 13:15:01.3068] [INFO] Получение всех этапов
[2022-08-24 13:15:01.3068] [INFO] Все этапы успешно получены
[2022-08-24 13:15:02.3757] [INFO] Получение всех номенклатур
[2022-08-24 13:15:02.3757] [INFO] Номенклатуры успешно получены
[2022-08-24 13:15:02.6826] [INFO] Получение всех заказов
[2022-08-24 13:15:02.6906] [INFO] Заказы успешно получены
[2022-08-24 13:15:18.3074] [INFO] Получение всех номенклатур
[2022-08-24 13:15:18.3074] [INFO] Номенклатуры успешно получены
[2022-08-24 13:15:18.6817] [INFO] Получение всех этапов
[2022-08-24 13:15:18.6817] [INFO] Все этапы успешно получены
[2022-08-24 13:15:19.0907] [INFO] Получение всех номенклатур
[2022-08-24 13:15:19.0907] [INFO] Номенклатуры успешно получены
[2022-08-24 13:15:44.7557] [INFO] Добавление номенклатуры
[2022-08-24 13:15:44.7886] [INFO] Добавлено успешно
[2022-08-24 13:15:44.7965] [INFO] Получение всех номенклатур
[2022-08-24 13:15:44.7965] [INFO] Номенклатуры успешно получены
[2022-08-24 13:17:08.9334] [INFO] Получение всех заказов
[2022-08-24 13:17:08.9444] [INFO] Заказы успешно получены
[2022-08-24 13:17:15.6657] [INFO] Получение всех номенклатур
[2022-08-24 13:17:15.6657] [INFO] Номенклатуры успешно получены
[2022-08-24 13:19:12.8170] [INFO] Получение всех номенклатур
[2022-08-24 13:19:12.8170] [INFO] Номенклатуры успешно получены
[2022-08-24 13:19:25.7770] [INFO] Получение всех номенклатур
[2022-08-24 13:19:25.7810] [INFO] Номенклатуры успешно получены
[2022-08-24 13:20:50.7761] [INFO] Получение всех номенклатур
[2022-08-24 13:20:50.7811] [INFO] Номенклатуры успешно получены
[2022-08-24 13:21:22.4589] [INFO] Получение всех номенклатур
[2022-08-24 13:21:22.4589] [INFO] Номенклатуры успешно получены
[2022-08-24 13:21:28.2855] [INFO] Получение всех номенклатур
[2022-08-24 13:21:28.2855] [INFO] Номенклатуры успешно получены
[2022-08-24 13:22:08.5308] [INFO] Получение всех номенклатур
[2022-08-24 13:22:08.5308] [INFO] Номенклатуры успешно получены
[2022-08-24 13:22:12.4110] [INFO] Изменение номенклатуры
[2022-08-24 13:22:12.4439] [INFO] Изменено успешно
[2022-08-24 13:22:12.4439] [INFO] Получение всех номенклатур
[2022-08-24 13:22:12.4439] [INFO] Номенклатуры успешно получены
[2022-08-24 13:22:13.1579] [INFO] Получение всех заказов
[2022-08-24 13:22:13.1579] [INFO] Заказы успешно получены
[2022-08-24 13:22:14.6189] [INFO] Получение всех номенклатур
[2022-08-24 13:22:14.6189] [INFO] Номенклатуры успешно получены
[2022-08-24 13:22:50.1949] [INFO] Получение всех номенклатур
[2022-08-24 13:22:50.1949] [INFO] Номенклатуры успешно получены
[2022-08-24 13:23:35.2884] [INFO] Обновление токена
[2022-08-24 13:23:37.9301] [INFO] Токен обновлен
[2022-08-24 13:23:38.5294] [INFO] Получение всех заказов
[2022-08-24 13:23:38.5748] [INFO] Заказы успешно получены
[2022-08-24 13:23:39.1394] [INFO] Получение всех номенклатур
[2022-08-24 13:23:39.1713] [INFO] Номенклатуры успешно получены
[2022-08-24 13:23:39.4578] [INFO] Получение всех заказов
[2022-08-24 13:23:39.4578] [INFO] Заказы успешно получены
[2022-08-24 13:23:40.9368] [INFO] Получение всех номенклатур
[2022-08-24 13:23:40.9368] [INFO] Номенклатуры успешно получены
[2022-08-24 13:24:25.8121] [INFO] Обновление токена
[2022-08-24 13:24:28.5146] [INFO] Токен обновлен
[2022-08-24 13:24:29.1277] [INFO] Получение всех заказов
[2022-08-24 13:24:29.1745] [INFO] Заказы успешно получены
[2022-08-24 13:24:31.9907] [INFO] Получение всех номенклатур
[2022-08-24 13:24:32.0276] [INFO] Номенклатуры успешно получены
[2022-08-24 13:26:46.8319] [INFO] Получение всех этапов
[2022-08-24 13:26:46.8504] [INFO] Все этапы успешно получены
[2022-08-24 13:26:47.3921] [INFO] Получение всех номенклатур
[2022-08-24 13:26:47.3921] [INFO] Номенклатуры успешно получены
[2022-08-24 13:26:54.4957] [INFO] Изменение номенклатуры
[2022-08-24 13:26:54.5326] [INFO] Изменено успешно
[2022-08-24 13:26:54.5326] [INFO] Получение всех номенклатур
[2022-08-24 13:26:54.5326] [INFO] Номенклатуры успешно получены
[2022-08-24 13:26:55.1232] [INFO] Получение всех заказов
[2022-08-24 13:26:55.1321] [INFO] Заказы успешно получены
[2022-08-24 13:26:56.9758] [INFO] Получение всех номенклатур
[2022-08-24 13:26:56.9758] [INFO] Номенклатуры успешно получены
[2022-08-24 13:27:14.7429] [INFO] Получение всех номенклатур
[2022-08-24 13:27:14.7429] [INFO] Номенклатуры успешно получены
[2022-08-24 13:27:39.1859] [INFO] Получение всех этапов
[2022-08-24 13:27:39.1879] [INFO] Все этапы успешно получены
[2022-08-24 13:27:54.4054] [INFO] Добавление заказа
[2022-08-24 13:27:54.5638] [ERROR] Ошибка -------> An error occurred while updating the entries. See the inner exception for details.
[2022-08-24 13:28:10.2680] [INFO] Получение всех этапов
[2022-08-24 13:28:10.2680] [INFO] Все этапы успешно получены
[2022-08-24 13:28:13.4950] [INFO] Получение всех номенклатур
[2022-08-24 13:28:13.4950] [INFO] Номенклатуры успешно получены
[2022-08-24 13:28:15.2141] [INFO] Получение всех этапов
[2022-08-24 13:28:15.2141] [INFO] Все этапы успешно получены
[2022-08-24 13:28:16.5249] [INFO] Изменение номенклатуры
[2022-08-24 13:28:16.5574] [INFO] Изменено успешно
[2022-08-24 13:28:16.5634] [INFO] Получение всех номенклатур
[2022-08-24 13:28:16.5634] [INFO] Номенклатуры успешно получены
[2022-08-24 13:28:17.4591] [INFO] Получение всех заказов
[2022-08-24 13:28:17.4591] [INFO] Заказы успешно получены
[2022-08-24 13:28:19.3976] [INFO] Получение всех номенклатур
[2022-08-24 13:28:19.3976] [INFO] Номенклатуры успешно получены
[2022-08-24 13:28:32.6119] [INFO] Добавление заказа
[2022-08-24 13:28:32.6998] [ERROR] Ошибка -------> An error occurred while updating the entries. See the inner exception for details.
[2022-08-24 13:29:05.4429] [INFO] Получение всех номенклатур
[2022-08-24 13:29:05.4429] [INFO] Номенклатуры успешно получены
[2022-08-24 13:29:11.1273] [INFO] Добавление заказа
[2022-08-24 13:30:53.7289] [INFO] Обновление токена
[2022-08-24 13:30:56.3478] [INFO] Токен обновлен
[2022-08-24 13:30:56.9511] [INFO] Получение всех заказов
[2022-08-24 13:30:56.9960] [INFO] Заказы успешно получены
[2022-08-24 13:30:58.9582] [INFO] Получение всех номенклатур
[2022-08-24 13:30:59.0140] [INFO] Номенклатуры успешно получены
[2022-08-24 13:31:05.7999] [INFO] Добавление заказа
[2022-08-24 14:04:44.5824] [INFO] Обновление токена
[2022-08-24 14:04:46.1847] [ERROR] Ошибка -------> Не найдена сессия пользователя
[2022-08-24 14:04:55.2616] [INFO] Авторизация
[2022-08-24 14:04:55.6746] [INFO] Токен получен
[2022-08-24 14:04:56.1430] [INFO] Получение всех заказов
[2022-08-24 14:04:56.1909] [INFO] Заказы успешно получены
[2022-08-24 14:04:59.3485] [INFO] Получение всех номенклатур
[2022-08-24 14:04:59.3704] [INFO] Номенклатуры успешно получены
[2022-08-24 14:05:02.1094] [INFO] Получение всех номенклатур
[2022-08-24 14:05:02.1094] [INFO] Номенклатуры успешно получены
[2022-08-24 14:05:02.4640] [INFO] Получение всех этапов
[2022-08-24 14:05:02.4730] [INFO] Все этапы успешно получены
[2022-08-24 14:05:05.1059] [INFO] Добавление этапа
[2022-08-24 14:05:05.1269] [INFO] Добавлено успешно
[2022-08-24 14:05:05.1269] [INFO] Получение всех этапов
[2022-08-24 14:05:05.1269] [INFO] Все этапы успешно получены
[2022-08-24 14:05:05.6607] [INFO] Получение всех номенклатур
[2022-08-24 14:05:05.6607] [INFO] Номенклатуры успешно получены
[2022-08-24 14:05:17.4391] [INFO] Получение всех этапов
[2022-08-24 14:05:17.4391] [INFO] Все этапы успешно получены
[2022-08-24 14:05:18.5766] [INFO] Добавление номенклатуры
[2022-08-24 14:05:18.6155] [INFO] Добавлено успешно
[2022-08-24 14:05:18.6155] [INFO] Получение всех номенклатур
[2022-08-24 14:05:18.6345] [INFO] Номенклатуры успешно получены
[2022-08-24 14:05:20.3092] [INFO] Получение всех заказов
[2022-08-24 14:05:20.3092] [INFO] Заказы успешно получены
[2022-08-24 14:05:22.6474] [INFO] Получение всех номенклатур
[2022-08-24 14:05:22.6474] [INFO] Номенклатуры успешно получены
[2022-08-24 14:05:35.3877] [INFO] Добавление заказа
[2022-08-24 14:05:45.5861] [INFO] Добавлено успешно
[2022-08-24 14:05:45.5861] [INFO] Получение всех заказов
[2022-08-24 14:05:45.6060] [INFO] Заказы успешно получены
[2022-08-24 14:05:56.0282] [INFO] Изменение заказа
[2022-08-24 14:05:56.1070] [INFO] Изменено успешно
[2022-08-24 14:05:56.1140] [INFO] Получение всех заказов
[2022-08-24 14:05:56.1140] [INFO] Заказы успешно получены
[2022-08-24 14:06:07.7622] [INFO] Изменение заказа
[2022-08-24 14:06:07.7712] [INFO] Изменено успешно
[2022-08-24 14:06:07.7812] [INFO] Получение всех заказов
[2022-08-24 14:06:07.7812] [INFO] Заказы успешно получены
[2022-08-24 14:06:15.5036] [INFO] Изменение заказа
[2022-08-24 14:06:15.5036] [INFO] Изменено успешно
[2022-08-24 14:06:15.5226] [INFO] Получение всех заказов
[2022-08-24 14:06:15.5226] [INFO] Заказы успешно получены
[2022-08-24 14:06:22.8035] [INFO] Изменение заказа
[2022-08-24 14:06:22.9264] [ERROR] Ошибка -------> An error occurred while updating the entries. See the inner exception for details.
[2022-08-24 15:23:27.2022] [INFO] Обновление токена
[2022-08-24 15:23:30.2282] [ERROR] Ошибка -------> Не найдена сессия пользователя
[2022-08-24 15:23:39.2216] [INFO] Авторизация
[2022-08-24 15:23:39.7726] [INFO] Токен получен
[2022-08-24 15:23:40.4857] [INFO] Получение всех заказов
[2022-08-24 15:23:40.5526] [INFO] Заказы успешно получены
[2022-08-24 15:23:41.3357] [INFO] Получение всех этапов
[2022-08-24 15:23:41.3617] [INFO] Все этапы успешно получены
[2022-08-24 15:23:41.7707] [INFO] Получение всех номенклатур
[2022-08-24 15:23:41.8027] [INFO] Номенклатуры успешно получены
[2022-08-24 15:23:42.4568] [INFO] Получение всех заказов
[2022-08-24 15:23:42.4568] [INFO] Заказы успешно получены
[2022-08-24 15:23:43.2907] [INFO] Получение всех этапов
[2022-08-24 15:23:43.2907] [INFO] Все этапы успешно получены
[2022-08-24 15:23:50.8856] [INFO] Добавление этапа
[2022-08-24 15:23:50.9146] [INFO] Добавлено успешно
[2022-08-24 15:23:50.9316] [INFO] Получение всех этапов
[2022-08-24 15:23:50.9316] [INFO] Все этапы успешно получены
[2022-08-24 15:23:51.7243] [INFO] Получение всех номенклатур
[2022-08-24 15:23:51.7243] [INFO] Номенклатуры успешно получены
[2022-08-24 15:24:08.1735] [INFO] Получение всех этапов
[2022-08-24 15:24:08.1764] [INFO] Все этапы успешно получены
[2022-08-24 15:24:11.1895] [INFO] Добавление номенклатуры
[2022-08-24 15:24:11.2735] [INFO] Добавлено успешно
[2022-08-24 15:24:11.2735] [INFO] Получение всех номенклатур
[2022-08-24 15:24:11.3055] [INFO] Номенклатуры успешно получены
[2022-08-24 15:24:13.5357] [INFO] Получение всех заказов
[2022-08-24 15:24:13.5357] [INFO] Заказы успешно получены
[2022-08-24 15:24:15.0616] [INFO] Получение всех номенклатур
[2022-08-24 15:24:15.0616] [INFO] Номенклатуры успешно получены
[2022-08-24 15:24:23.3536] [INFO] Добавление заказа
[2022-08-24 15:24:23.4736] [INFO] Добавлено успешно
[2022-08-24 15:24:23.4736] [INFO] Получение всех заказов
[2022-08-24 15:24:23.5016] [INFO] Заказы успешно получены
[2022-08-24 15:24:38.2761] [INFO] Изменение заказа
[2022-08-24 15:24:38.3931] [INFO] Изменено успешно
[2022-08-24 15:24:38.4043] [INFO] Получение всех заказов
[2022-08-24 15:24:38.4043] [INFO] Заказы успешно получены
[2022-08-24 15:24:53.9881] [INFO] Изменение заказа
[2022-08-24 15:24:54.0091] [INFO] Изменено успешно
[2022-08-24 15:24:54.0251] [INFO] Получение всех заказов
[2022-08-24 15:24:54.0251] [INFO] Заказы успешно получены
[2022-08-24 15:24:59.4680] [INFO] Изменение заказа
[2022-08-24 15:24:59.5310] [INFO] Изменено успешно
[2022-08-24 15:24:59.5460] [INFO] Получение всех заказов
[2022-08-24 15:24:59.5610] [INFO] Заказы успешно получены
[2022-08-24 15:25:04.3564] [INFO] Изменение заказа
[2022-08-24 15:25:04.4204] [INFO] Изменено успешно
[2022-08-24 15:25:04.4294] [INFO] Получение всех заказов
[2022-08-24 15:25:04.4474] [INFO] Заказы успешно получены
[2022-08-24 15:25:10.3554] [INFO] Изменение заказа
[2022-08-24 15:25:10.3934] [INFO] Изменено успешно
[2022-08-24 15:25:10.4084] [INFO] Получение всех заказов
[2022-08-24 15:25:10.4124] [INFO] Заказы успешно получены
[2022-08-24 21:17:16.3682] [INFO] Обновление токена
[2022-08-24 21:17:18.0733] [ERROR] Ошибка -------> Не найдена сессия пользователя
[2022-08-24 21:17:29.5804] [INFO] Авторизация
[2022-08-24 21:17:30.0189] [INFO] Токен получен
[2022-08-24 21:17:30.5232] [INFO] Получение всех заказов
[2022-08-24 21:17:30.5740] [INFO] Заказы успешно получены
[2022-08-24 21:17:32.0199] [INFO] Получение всех этапов
[2022-08-24 21:17:32.0199] [INFO] Все этапы успешно получены
[2022-08-24 21:17:34.5347] [INFO] Добавление этапа
[2022-08-24 21:17:34.5569] [INFO] Добавлено успешно
[2022-08-24 21:17:34.5659] [INFO] Получение всех этапов
[2022-08-24 21:17:34.5659] [INFO] Все этапы успешно получены
[2022-08-24 21:17:35.2458] [INFO] Получение всех номенклатур
[2022-08-24 21:17:35.2697] [INFO] Номенклатуры успешно получены
[2022-08-24 21:18:01.1230] [INFO] Получение всех этапов
[2022-08-24 21:18:01.1250] [INFO] Все этапы успешно получены
[2022-08-24 21:18:04.6518] [INFO] Добавление номенклатуры
[2022-08-24 21:18:04.6927] [INFO] Добавлено успешно
[2022-08-24 21:18:04.6927] [INFO] Получение всех номенклатур
[2022-08-24 21:18:04.7136] [INFO] Номенклатуры успешно получены
[2022-08-24 21:18:06.2062] [INFO] Получение всех заказов
[2022-08-24 21:18:06.2062] [INFO] Заказы успешно получены
[2022-08-24 21:18:07.8971] [INFO] Получение всех номенклатур
[2022-08-24 21:18:07.8971] [INFO] Номенклатуры успешно получены
[2022-08-24 21:18:43.0755] [INFO] Добавление заказа
[2022-08-24 21:18:43.1514] [INFO] Добавлено успешно
[2022-08-24 21:18:43.1583] [INFO] Получение всех заказов
[2022-08-24 21:18:43.1583] [INFO] Заказы успешно получены
[2022-08-24 21:18:53.5185] [INFO] Изменение заказа
[2022-08-24 21:18:53.5983] [INFO] Изменено успешно
[2022-08-24 21:18:53.5983] [INFO] Получение всех заказов
[2022-08-24 21:18:53.6132] [INFO] Заказы успешно получены
[2022-08-24 21:19:01.2812] [INFO] Изменение заказа
[2022-08-24 21:19:01.2812] [INFO] Изменено успешно
[2022-08-24 21:19:01.2992] [INFO] Получение всех заказов
[2022-08-24 21:19:01.2992] [INFO] Заказы успешно получены
[2022-08-24 21:19:10.4303] [INFO] Изменение заказа
[2022-08-24 21:19:10.4393] [INFO] Изменено успешно
[2022-08-24 21:19:10.4393] [INFO] Получение всех заказов
[2022-08-24 21:19:10.4393] [INFO] Заказы успешно получены
[2022-08-24 21:20:03.8451] [INFO] Получение всех заказов
[2022-08-24 21:20:03.8451] [INFO] Заказы успешно получены
[2022-08-24 21:20:04.2614] [INFO] Получение всех номенклатур
[2022-08-24 21:20:04.2654] [INFO] Номенклатуры успешно получены
[2022-08-24 21:20:04.8288] [INFO] Получение всех заказов
[2022-08-24 21:20:04.8288] [INFO] Заказы успешно получены
[2022-08-24 21:20:43.5370] [INFO] Изменение заказа
[2022-08-24 21:20:43.5630] [INFO] Изменено успешно
[2022-08-24 21:20:43.5630] [INFO] Получение всех заказов
[2022-08-24 21:20:43.5630] [INFO] Заказы успешно получены
[2022-08-24 21:20:51.6164] [INFO] Изменение заказа
[2022-08-24 21:20:51.6264] [INFO] Изменено успешно
[2022-08-24 21:20:51.6264] [INFO] Получение всех заказов
[2022-08-24 21:20:51.6264] [INFO] Заказы успешно получены
[2022-08-24 21:21:10.3204] [INFO] Получение всех номенклатур
[2022-08-24 21:21:10.3204] [INFO] Номенклатуры успешно получены
[2022-08-24 21:21:11.4730] [INFO] Получение всех этапов
[2022-08-24 21:21:11.4730] [INFO] Все этапы успешно получены
[2022-08-24 21:21:12.2562] [INFO] Получение всех номенклатур
[2022-08-24 21:21:12.2562] [INFO] Номенклатуры успешно получены
[2022-08-24 21:21:14.4290] [INFO] Получение всех заказов
[2022-08-24 21:21:14.4380] [INFO] Заказы успешно получены
[2022-08-24 21:21:16.2417] [INFO] Получение всех номенклатур
[2022-08-24 21:21:16.2417] [INFO] Номенклатуры успешно получены
[2022-08-24 21:21:16.6055] [INFO] Получение всех этапов
[2022-08-24 21:21:16.6055] [INFO] Все этапы успешно получены
