[2022-09-03 12:12:10.2295] [INFO] Обновление токена
[2022-09-03 12:12:18.0453] [INFO] Токен обновлен
[2022-09-03 12:12:19.0870] [INFO] Получение всех заказов
[2022-09-03 12:12:19.2090] [INFO] Заказы успешно получены
[2022-09-03 12:12:25.9354] [INFO] Получение всех номенклатур
[2022-09-03 12:12:25.9704] [INFO] Номенклатуры успешно получены
[2022-09-03 12:12:26.3186] [INFO] Получение всех заказов
[2022-09-03 12:12:26.3216] [INFO] Заказы успешно получены
[2022-09-03 12:15:25.8690] [INFO] Обновление токена
[2022-09-03 12:15:28.1230] [INFO] Токен обновлен
[2022-09-03 12:15:28.9315] [INFO] Получение всех заказов
[2022-09-03 12:15:29.0464] [INFO] Заказы успешно получены
[2022-09-03 12:15:55.1158] [INFO] Получение всех номенклатур
[2022-09-03 12:15:55.1448] [INFO] Номенклатуры успешно получены
[2022-09-03 12:15:55.6351] [INFO] Получение всех заказов
[2022-09-03 12:15:55.6351] [INFO] Заказы успешно получены
[2022-09-03 12:16:18.7182] [INFO] Получение всех заказов
[2022-09-03 12:16:18.7182] [INFO] Заказы успешно получены
[2022-09-03 12:16:19.1728] [INFO] Получение всех номенклатур
[2022-09-03 12:16:19.1728] [INFO] Номенклатуры успешно получены
[2022-09-03 12:16:19.4588] [INFO] Получение всех заказов
[2022-09-03 12:16:19.4588] [INFO] Заказы успешно получены
[2022-09-03 12:16:54.1285] [INFO] Обновление токена
[2022-09-03 12:16:59.8522] [INFO] Токен обновлен
[2022-09-03 12:17:00.9842] [INFO] Получение всех заказов
[2022-09-03 12:17:01.1302] [INFO] Заказы успешно получены
[2022-09-03 12:17:15.0930] [INFO] Изменение заказа
[2022-09-03 12:17:15.3190] [INFO] Изменено успешно
[2022-09-03 12:17:15.3320] [INFO] Получение всех заказов
[2022-09-03 12:17:15.3320] [INFO] Заказы успешно получены
[2022-09-03 15:57:39.3753] [INFO] Обновление токена
[2022-09-03 15:57:41.7387] [INFO] Токен обновлен
[2022-09-03 15:57:42.7003] [INFO] Получение всех заказов
[2022-09-03 15:57:42.8213] [INFO] Заказы успешно получены
[2022-09-03 15:57:59.8537] [INFO] Изменение заказа
[2022-09-03 15:58:00.0687] [INFO] Изменено успешно
[2022-09-03 15:58:00.0837] [INFO] Получение всех заказов
[2022-09-03 15:58:00.1007] [INFO] Заказы успешно получены
[2022-09-03 16:06:33.6595] [INFO] Обновление токена
[2022-09-03 16:06:36.9898] [INFO] Токен обновлен
[2022-09-03 16:06:37.8628] [INFO] Получение всех заказов
[2022-09-03 16:06:37.9618] [INFO] Заказы успешно получены
[2022-09-03 16:12:34.1953] [INFO] Обновление токена
[2022-09-03 16:12:36.6413] [INFO] Токен обновлен
[2022-09-03 16:12:37.5253] [INFO] Получение всех заказов
[2022-09-03 16:12:37.6303] [INFO] Заказы успешно получены
[2022-09-03 16:20:32.2102] [INFO] Обновление токена
[2022-09-03 16:20:36.5481] [INFO] Токен обновлен
[2022-09-03 16:20:37.7231] [INFO] Получение всех заказов
[2022-09-03 16:20:37.8591] [INFO] Заказы успешно получены
[2022-09-03 16:20:53.1254] [INFO] Изменение заказа
[2022-09-03 16:20:53.3434] [INFO] Изменено успешно
[2022-09-03 16:20:53.3594] [INFO] Получение всех заказов
[2022-09-03 16:20:53.3594] [INFO] Заказы успешно получены
[2022-09-03 16:53:04.1662] [INFO] Обновление токена
[2022-09-03 16:53:08.0822] [INFO] Токен обновлен
[2022-09-03 16:53:09.3297] [INFO] Получение всех заказов
[2022-09-03 16:53:09.5137] [INFO] Заказы успешно получены
[2022-09-03 16:53:24.9233] [INFO] Изменение заказа
[2022-09-03 16:53:25.1713] [INFO] Изменено успешно
[2022-09-03 16:53:25.1863] [INFO] Получение всех заказов
[2022-09-03 16:53:25.1863] [INFO] Заказы успешно получены
[2022-09-03 16:53:36.2127] [INFO] Получение всех номенклатур
[2022-09-03 16:53:36.2777] [INFO] Номенклатуры успешно получены
[2022-09-03 16:53:40.3803] [INFO] Получение всех номенклатур
[2022-09-03 16:53:40.3843] [INFO] Номенклатуры успешно получены
[2022-09-03 16:53:46.0969] [INFO] Добавление заказа
[2022-09-03 16:53:46.1538] [INFO] Добавлено успешно
[2022-09-03 16:53:46.1658] [INFO] Получение всех заказов
[2022-09-03 16:53:46.1658] [INFO] Заказы успешно получены
[2022-09-03 16:54:06.3600] [INFO] Изменение заказа
[2022-09-03 16:54:06.4420] [INFO] Изменено успешно
[2022-09-03 16:54:06.4590] [INFO] Получение всех заказов
[2022-09-03 16:54:06.4790] [INFO] Заказы успешно получены
[2022-09-03 16:54:13.7973] [INFO] Изменение заказа
[2022-09-03 16:54:13.8903] [INFO] Изменено успешно
[2022-09-03 16:54:13.9083] [INFO] Получение всех заказов
[2022-09-03 16:54:13.9083] [INFO] Заказы успешно получены
[2022-09-03 16:54:17.9892] [INFO] Изменение заказа
[2022-09-03 16:54:18.0342] [INFO] Изменено успешно
[2022-09-03 16:54:18.0602] [INFO] Получение всех заказов
[2022-09-03 16:54:18.0602] [INFO] Заказы успешно получены
[2022-09-03 17:04:33.9507] [INFO] Обновление токена
[2022-09-03 17:04:35.9897] [INFO] Токен обновлен
[2022-09-03 17:04:36.8567] [INFO] Получение всех заказов
[2022-09-03 17:04:36.9577] [INFO] Заказы успешно получены
[2022-09-03 17:04:52.0583] [INFO] Изменение заказа
[2022-09-03 17:04:52.2503] [INFO] Изменено успешно
[2022-09-03 17:04:52.2603] [INFO] Получение всех заказов
[2022-09-03 17:04:52.2603] [INFO] Заказы успешно получены
[2022-09-03 17:05:05.1493] [INFO] Получение всех номенклатур
[2022-09-03 17:05:05.1903] [INFO] Номенклатуры успешно получены
[2022-09-03 17:05:11.5593] [INFO] Добавление заказа
[2022-09-03 17:17:02.1468] [INFO] Обновление токена
[2022-09-03 17:17:06.5537] [INFO] Токен обновлен
[2022-09-03 17:17:07.3270] [INFO] Получение всех заказов
[2022-09-03 17:17:07.4540] [INFO] Заказы успешно получены
[2022-09-03 17:17:29.1041] [INFO] Получение всех номенклатур
[2022-09-03 17:17:29.1601] [INFO] Номенклатуры успешно получены
[2022-09-03 17:19:08.0403] [INFO] Обновление токена
[2022-09-03 17:19:11.1493] [INFO] Токен обновлен
[2022-09-03 17:19:12.0512] [INFO] Получение всех заказов
[2022-09-03 17:19:12.1533] [INFO] Заказы успешно получены
[2022-09-03 17:19:39.2162] [INFO] Получение всех номенклатур
[2022-09-03 17:19:39.2682] [INFO] Номенклатуры успешно получены
[2022-09-03 17:19:53.7079] [INFO] Изменение заказа
[2022-09-03 17:19:53.8399] [INFO] Изменено успешно
[2022-09-03 17:19:53.8539] [INFO] Получение всех заказов
[2022-09-03 17:19:53.8539] [INFO] Заказы успешно получены
[2022-09-03 17:33:27.8190] [INFO] Обновление токена
[2022-09-03 17:33:31.3520] [INFO] Токен обновлен
[2022-09-03 17:33:32.3260] [INFO] Получение всех заказов
[2022-09-03 17:33:32.4420] [INFO] Заказы успешно получены
[2022-09-03 17:34:00.2459] [INFO] Обновление токена
[2022-09-03 17:34:03.2949] [INFO] Токен обновлен
[2022-09-03 17:34:04.1859] [INFO] Получение всех заказов
[2022-09-03 17:34:04.2899] [INFO] Заказы успешно получены
[2022-09-03 17:34:06.3392] [INFO] Получение всех номенклатур
[2022-09-03 17:34:06.3712] [INFO] Номенклатуры успешно получены
[2022-09-03 17:34:07.0362] [INFO] Получение всех заказов
[2022-09-03 17:34:07.0362] [INFO] Заказы успешно получены
[2022-09-03 17:34:07.4222] [INFO] Получение всех номенклатур
[2022-09-03 17:34:07.4222] [INFO] Номенклатуры успешно получены
[2022-09-03 17:34:07.7427] [INFO] Получение всех этапов
[2022-09-03 17:34:07.7597] [INFO] Все этапы успешно получены
[2022-09-03 17:34:08.0485] [INFO] Получение всех номенклатур
[2022-09-03 17:34:08.0485] [INFO] Номенклатуры успешно получены
[2022-09-03 17:34:08.3809] [INFO] Получение всех заказов
[2022-09-03 17:34:08.3809] [INFO] Заказы успешно получены
[2022-09-03 17:34:08.7804] [INFO] Получение всех номенклатур
[2022-09-03 17:34:08.7804] [INFO] Номенклатуры успешно получены
[2022-09-03 17:34:09.1410] [INFO] Получение всех этапов
[2022-09-03 17:34:09.1410] [INFO] Все этапы успешно получены
[2022-09-03 17:34:09.9577] [INFO] Получение всех этапов
[2022-09-03 17:34:09.9577] [INFO] Все этапы успешно получены
[2022-09-03 17:34:10.2892] [INFO] Получение всех номенклатур
[2022-09-03 17:34:10.2912] [INFO] Номенклатуры успешно получены
[2022-09-03 17:34:10.7054] [INFO] Получение всех номенклатур
[2022-09-03 17:34:10.7054] [INFO] Номенклатуры успешно получены
[2022-09-03 17:34:11.4187] [INFO] Получение всех заказов
[2022-09-03 17:34:11.4187] [INFO] Заказы успешно получены
[2022-09-03 17:34:11.7390] [INFO] Получение всех номенклатур
[2022-09-03 17:34:11.7390] [INFO] Номенклатуры успешно получены
[2022-09-03 17:34:12.0460] [INFO] Получение всех этапов
[2022-09-03 17:34:12.0460] [INFO] Все этапы успешно получены
[2022-09-03 17:34:12.3230] [INFO] Получение всех номенклатур
[2022-09-03 17:34:12.3230] [INFO] Номенклатуры успешно получены
[2022-09-03 17:34:12.6390] [INFO] Получение всех заказов
[2022-09-03 17:34:12.6390] [INFO] Заказы успешно получены
[2022-09-03 17:34:13.1120] [INFO] Получение всех номенклатур
[2022-09-03 17:34:13.1120] [INFO] Номенклатуры успешно получены
[2022-09-03 17:34:13.5800] [INFO] Получение всех этапов
[2022-09-03 17:34:13.5800] [INFO] Все этапы успешно получены
[2022-09-03 17:34:14.0443] [INFO] Получение всех заказов
[2022-09-03 17:34:14.0443] [INFO] Заказы успешно получены
[2022-09-03 17:34:14.5215] [INFO] Получение всех номенклатур
[2022-09-03 17:34:14.5215] [INFO] Номенклатуры успешно получены
[2022-09-03 17:34:14.9765] [INFO] Получение всех этапов
[2022-09-03 17:34:14.9785] [INFO] Все этапы успешно получены
[2022-09-03 17:34:15.7556] [INFO] Получение всех заказов
[2022-09-03 17:34:15.7585] [INFO] Заказы успешно получены
[2022-09-03 17:34:16.3198] [INFO] Получение всех этапов
[2022-09-03 17:34:16.3218] [INFO] Все этапы успешно получены
[2022-09-03 17:34:16.7181] [INFO] Получение всех заказов
[2022-09-03 17:34:16.7181] [INFO] Заказы успешно получены
[2022-09-03 17:34:17.0392] [INFO] Получение всех этапов
[2022-09-03 17:34:17.0412] [INFO] Все этапы успешно получены
[2022-09-03 17:34:17.3452] [INFO] Получение всех заказов
[2022-09-03 17:34:17.3452] [INFO] Заказы успешно получены
[2022-09-03 17:34:17.6202] [INFO] Получение всех номенклатур
[2022-09-03 17:34:17.6202] [INFO] Номенклатуры успешно получены
[2022-09-03 17:34:17.8432] [INFO] Получение всех заказов
[2022-09-03 17:34:17.8432] [INFO] Заказы успешно получены
[2022-09-03 17:34:18.0842] [INFO] Получение всех номенклатур
[2022-09-03 17:34:18.0842] [INFO] Номенклатуры успешно получены
[2022-09-03 17:34:18.2648] [INFO] Получение всех заказов
[2022-09-03 17:34:18.2648] [INFO] Заказы успешно получены
[2022-09-03 17:34:18.9748] [INFO] Получение всех заказов
[2022-09-03 17:34:18.9778] [INFO] Заказы успешно получены
[2022-09-03 17:34:19.8847] [INFO] Получение всех номенклатур
[2022-09-03 17:34:19.8847] [INFO] Номенклатуры успешно получены
[2022-09-03 17:34:20.3871] [INFO] Получение всех номенклатур
[2022-09-03 17:34:20.3871] [INFO] Номенклатуры успешно получены
[2022-09-03 17:34:20.6742] [INFO] Получение всех номенклатур
[2022-09-03 17:34:20.6742] [INFO] Номенклатуры успешно получены
[2022-09-03 17:34:20.8412] [INFO] Получение всех этапов
[2022-09-03 17:34:20.8412] [INFO] Все этапы успешно получены
[2022-09-03 17:34:21.2164] [INFO] Получение всех номенклатур
[2022-09-03 17:34:21.2164] [INFO] Номенклатуры успешно получены
[2022-09-03 17:34:21.4134] [INFO] Получение всех этапов
[2022-09-03 17:34:21.4164] [INFO] Все этапы успешно получены
[2022-09-03 17:34:21.6254] [INFO] Получение всех номенклатур
[2022-09-03 17:34:21.6254] [INFO] Номенклатуры успешно получены
[2022-09-03 17:34:22.0286] [INFO] Получение всех номенклатур
[2022-09-03 17:34:22.0286] [INFO] Номенклатуры успешно получены
[2022-09-03 17:34:22.4290] [INFO] Получение всех номенклатур
[2022-09-03 17:34:22.4310] [INFO] Номенклатуры успешно получены
[2022-09-03 17:34:22.6130] [INFO] Получение всех номенклатур
[2022-09-03 17:34:22.6130] [INFO] Номенклатуры успешно получены
[2022-09-03 17:34:22.8900] [INFO] Получение всех заказов
[2022-09-03 17:34:22.8900] [INFO] Заказы успешно получены
[2022-09-03 17:34:23.1610] [INFO] Получение всех номенклатур
[2022-09-03 17:34:23.1610] [INFO] Номенклатуры успешно получены
[2022-09-03 17:34:23.4460] [INFO] Получение всех заказов
[2022-09-03 17:34:23.4460] [INFO] Заказы успешно получены
[2022-09-03 17:34:23.7230] [INFO] Получение всех номенклатур
[2022-09-03 17:34:23.7230] [INFO] Номенклатуры успешно получены
[2022-09-03 17:34:24.0632] [INFO] Получение всех этапов
[2022-09-03 17:34:24.0632] [INFO] Все этапы успешно получены
[2022-09-03 17:34:24.4242] [INFO] Получение всех номенклатур
[2022-09-03 17:34:24.4242] [INFO] Номенклатуры успешно получены
[2022-09-03 17:34:24.7412] [INFO] Получение всех заказов
[2022-09-03 17:34:24.7432] [INFO] Заказы успешно получены
[2022-09-03 17:34:25.2483] [INFO] Получение всех номенклатур
[2022-09-03 17:34:25.2483] [INFO] Номенклатуры успешно получены
[2022-09-03 17:34:25.5678] [INFO] Получение всех заказов
[2022-09-03 17:34:25.5678] [INFO] Заказы успешно получены
[2022-09-03 17:34:40.2817] [INFO] Получение всех номенклатур
[2022-09-03 17:34:40.2817] [INFO] Номенклатуры успешно получены
[2022-09-03 17:35:03.6921] [INFO] Добавление заказа
[2022-09-03 17:35:11.3596] [INFO] Добавлено успешно
[2022-09-03 17:35:11.3756] [INFO] Получение всех заказов
[2022-09-03 17:35:11.3856] [INFO] Заказы успешно получены
[2022-09-03 17:35:27.4408] [INFO] Изменение заказа
[2022-09-03 17:35:27.5508] [INFO] Изменено успешно
[2022-09-03 17:35:27.5638] [INFO] Получение всех заказов
[2022-09-03 17:35:27.5638] [INFO] Заказы успешно получены
[2022-09-03 17:36:08.5282] [INFO] Изменение заказа
[2022-09-03 17:36:08.5662] [INFO] Изменено успешно
[2022-09-03 17:36:08.5762] [INFO] Получение всех заказов
[2022-09-03 17:36:08.5922] [INFO] Заказы успешно получены
[2022-09-03 17:40:58.8530] [INFO] Обновление токена
[2022-09-03 17:41:01.9130] [INFO] Токен обновлен
[2022-09-03 17:41:02.7722] [INFO] Получение всех заказов
[2022-09-03 17:41:02.8803] [INFO] Заказы успешно получены
[2022-09-03 17:41:13.5268] [INFO] Изменение заказа
[2022-09-03 17:41:13.7348] [INFO] Изменено успешно
[2022-09-03 17:41:13.7498] [INFO] Получение всех заказов
[2022-09-03 17:41:13.7698] [INFO] Заказы успешно получены
[2022-09-03 17:42:03.9385] [INFO] Изменение заказа
[2022-09-03 17:42:03.9835] [INFO] Изменено успешно
[2022-09-03 17:42:03.9935] [INFO] Получение всех заказов
[2022-09-03 17:42:03.9935] [INFO] Заказы успешно получены
[2022-09-03 17:48:52.0867] [INFO] Обновление токена
[2022-09-03 17:48:55.3221] [INFO] Токен обновлен
[2022-09-03 17:48:56.1411] [INFO] Получение всех заказов
[2022-09-03 17:48:56.2451] [INFO] Заказы успешно получены
[2022-09-03 17:49:05.2872] [INFO] Получение всех номенклатур
[2022-09-03 17:49:05.3452] [INFO] Номенклатуры успешно получены
[2022-09-03 17:49:09.6754] [INFO] Добавление заказа
[2022-09-03 17:49:09.7932] [INFO] Добавлено успешно
[2022-09-03 17:49:09.8062] [INFO] Получение всех заказов
[2022-09-03 17:49:09.8062] [INFO] Заказы успешно получены
[2022-09-03 17:49:27.6132] [INFO] Удаление заказа
[2022-09-03 17:49:27.7022] [INFO] Удалено успешно
[2022-09-03 17:49:27.7132] [INFO] Получение всех заказов
[2022-09-03 17:49:27.7132] [INFO] Заказы успешно получены
[2022-09-03 17:49:39.8565] [INFO] Получение всех номенклатур
[2022-09-03 17:49:39.8565] [INFO] Номенклатуры успешно получены
[2022-09-03 17:50:22.6532] [INFO] Добавление заказа
[2022-09-03 17:52:16.0999] [INFO] Обновление токена
[2022-09-03 17:52:18.3029] [INFO] Токен обновлен
[2022-09-03 17:52:19.1326] [INFO] Получение всех заказов
[2022-09-03 17:52:19.2455] [INFO] Заказы успешно получены
[2022-09-03 17:52:24.0078] [INFO] Получение всех номенклатур
[2022-09-03 17:52:24.0548] [INFO] Номенклатуры успешно получены
[2022-09-03 17:52:28.6269] [INFO] Изменение заказа
[2022-09-03 17:52:28.7828] [INFO] Изменено успешно
[2022-09-03 17:52:28.7938] [INFO] Получение всех заказов
[2022-09-03 17:52:28.7938] [INFO] Заказы успешно получены
[2022-09-03 17:52:32.5136] [INFO] Удаление заказа
[2022-09-03 17:52:32.5887] [INFO] Удалено успешно
[2022-09-03 17:52:32.5887] [INFO] Получение всех заказов
[2022-09-03 17:52:32.6077] [INFO] Заказы успешно получены
[2022-09-03 17:52:39.4995] [INFO] Получение всех номенклатур
[2022-09-03 17:52:39.4995] [INFO] Номенклатуры успешно получены
[2022-09-03 17:52:42.9029] [INFO] Добавление заказа
[2022-09-03 17:52:42.9509] [INFO] Добавлено успешно
[2022-09-03 17:52:42.9509] [INFO] Получение всех заказов
[2022-09-03 17:52:42.9639] [INFO] Заказы успешно получены
[2022-09-03 17:53:09.6889] [INFO] Получение всех номенклатур
[2022-09-03 17:53:09.6889] [INFO] Номенклатуры успешно получены
[2022-09-03 17:53:10.1825] [INFO] Получение всех заказов
[2022-09-03 17:53:10.1825] [INFO] Заказы успешно получены
[2022-09-03 17:53:10.8163] [INFO] Получение всех этапов
[2022-09-03 17:53:10.8353] [INFO] Все этапы успешно получены
[2022-09-03 17:53:11.3331] [INFO] Получение всех номенклатур
[2022-09-03 17:53:11.3331] [INFO] Номенклатуры успешно получены
[2022-09-03 17:53:11.6875] [INFO] Получение всех заказов
[2022-09-03 17:53:11.6875] [INFO] Заказы успешно получены
[2022-09-03 18:04:27.6268] [INFO] Обновление токена
[2022-09-03 18:04:31.1804] [INFO] Токен обновлен
[2022-09-03 18:08:14.8634] [INFO] Обновление токена
[2022-09-03 18:08:19.0648] [INFO] Токен обновлен
[2022-09-03 18:08:19.9738] [INFO] Получение всех заказов
[2022-09-03 18:08:20.1623] [INFO] Заказы успешно получены
[2022-09-03 18:08:22.0393] [INFO] Получение всех номенклатур
[2022-09-03 18:08:22.0713] [INFO] Номенклатуры успешно получены
[2022-09-03 18:08:22.6688] [INFO] Получение всех заказов
[2022-09-03 18:08:22.6918] [INFO] Заказы успешно получены
[2022-09-03 18:08:23.2248] [INFO] Получение всех этапов
[2022-09-03 18:08:23.2408] [INFO] Все этапы успешно получены
[2022-09-03 18:08:23.6288] [INFO] Получение всех номенклатур
[2022-09-03 18:08:23.6288] [INFO] Номенклатуры успешно получены
[2022-09-03 18:08:24.0055] [INFO] Получение всех номенклатур
[2022-09-03 18:08:24.0085] [INFO] Номенклатуры успешно получены
[2022-09-03 18:08:24.5285] [INFO] Получение всех заказов
[2022-09-03 18:08:24.5285] [INFO] Заказы успешно получены
[2022-09-03 18:08:24.8545] [INFO] Получение всех номенклатур
[2022-09-03 18:08:24.8545] [INFO] Номенклатуры успешно получены
[2022-09-03 18:08:25.1695] [INFO] Получение всех заказов
[2022-09-03 18:08:25.1695] [INFO] Заказы успешно получены
[2022-09-03 18:08:25.5040] [INFO] Получение всех номенклатур
[2022-09-03 18:08:25.5040] [INFO] Номенклатуры успешно получены
[2022-09-03 18:08:26.1945] [INFO] Получение всех этапов
[2022-09-03 18:08:26.1965] [INFO] Все этапы успешно получены
[2022-09-03 18:08:26.5378] [INFO] Получение всех номенклатур
[2022-09-03 18:08:26.5408] [INFO] Номенклатуры успешно получены
[2022-09-03 18:08:26.8543] [INFO] Получение всех заказов
[2022-09-03 18:08:26.8543] [INFO] Заказы успешно получены
[2022-09-03 18:08:27.2304] [INFO] Получение всех номенклатур
[2022-09-03 18:08:27.2304] [INFO] Номенклатуры успешно получены
[2022-09-03 18:08:27.5175] [INFO] Получение всех этапов
[2022-09-03 18:08:27.5175] [INFO] Все этапы успешно получены
[2022-09-03 18:08:27.8849] [INFO] Получение всех заказов
[2022-09-03 18:08:27.8849] [INFO] Заказы успешно получены
[2022-09-03 18:10:51.0352] [INFO] Обновление токена
[2022-09-03 18:10:53.8777] [INFO] Токен обновлен
[2022-09-03 18:10:54.9212] [INFO] Получение всех заказов
[2022-09-03 18:10:55.0752] [INFO] Заказы успешно получены
[2022-09-03 18:10:58.6181] [INFO] Получение всех номенклатур
[2022-09-03 18:10:58.6561] [INFO] Номенклатуры успешно получены
[2022-09-03 18:10:59.4035] [INFO] Получение всех заказов
[2022-09-03 18:10:59.4295] [INFO] Заказы успешно получены
[2022-09-03 18:11:00.5438] [INFO] Получение всех номенклатур
[2022-09-03 18:11:00.5438] [INFO] Номенклатуры успешно получены
[2022-09-03 18:11:01.2118] [INFO] Получение всех заказов
[2022-09-03 18:11:01.2298] [INFO] Заказы успешно получены
[2022-09-03 18:11:01.7250] [INFO] Получение всех этапов
[2022-09-03 18:11:01.7410] [INFO] Все этапы успешно получены
[2022-09-03 18:11:02.1120] [INFO] Получение всех номенклатур
[2022-09-03 18:11:02.1120] [INFO] Номенклатуры успешно получены
[2022-09-03 18:11:02.5251] [INFO] Получение всех заказов
[2022-09-03 18:11:02.5520] [INFO] Заказы успешно получены
[2022-09-03 18:11:08.4676] [INFO] Получение всех номенклатур
[2022-09-03 18:11:08.4676] [INFO] Номенклатуры успешно получены
[2022-09-03 18:11:11.9556] [INFO] Добавление заказа
[2022-09-03 18:11:12.0846] [INFO] Добавлено успешно
[2022-09-03 18:11:12.0946] [INFO] Получение всех заказов
[2022-09-03 18:11:12.1136] [INFO] Заказы успешно получены
[2022-09-03 18:11:13.8869] [INFO] Получение всех номенклатур
[2022-09-03 18:11:13.8869] [INFO] Номенклатуры успешно получены
[2022-09-03 18:11:14.2529] [INFO] Получение всех заказов
[2022-09-03 18:11:14.2779] [INFO] Заказы успешно получены
[2022-09-03 18:11:15.1863] [INFO] Получение всех этапов
[2022-09-03 18:11:15.1863] [INFO] Все этапы успешно получены
[2022-09-03 18:11:15.6663] [INFO] Получение всех номенклатур
[2022-09-03 18:11:15.6663] [INFO] Номенклатуры успешно получены
[2022-09-03 18:11:16.0989] [INFO] Получение всех заказов
[2022-09-03 18:11:16.1189] [INFO] Заказы успешно получены
[2022-09-03 18:11:16.5157] [INFO] Получение всех номенклатур
[2022-09-03 18:11:16.5157] [INFO] Номенклатуры успешно получены
[2022-09-03 18:11:16.9703] [INFO] Получение всех этапов
[2022-09-03 18:11:16.9703] [INFO] Все этапы успешно получены
[2022-09-03 18:11:17.3766] [INFO] Получение всех номенклатур
[2022-09-03 18:11:17.3766] [INFO] Номенклатуры успешно получены
[2022-09-03 18:11:17.7562] [INFO] Получение всех заказов
[2022-09-03 18:11:17.7712] [INFO] Заказы успешно получены
[2022-09-03 18:11:18.1458] [INFO] Получение всех номенклатур
[2022-09-03 18:11:18.1458] [INFO] Номенклатуры успешно получены
[2022-09-03 18:11:18.6311] [INFO] Получение всех этапов
[2022-09-03 18:11:18.6311] [INFO] Все этапы успешно получены
[2022-09-03 18:11:19.0072] [INFO] Получение всех номенклатур
[2022-09-03 18:11:19.0091] [INFO] Номенклатуры успешно получены
[2022-09-03 18:11:19.4517] [INFO] Получение всех заказов
[2022-09-03 18:11:19.4737] [INFO] Заказы успешно получены
