[2022-08-23 11:31:08.1520] [INFO] Обновление токена
[2022-08-23 11:31:11.2429] [ERROR] Ошибка -------> Не найдена сессия пользователя
[2022-08-23 11:31:42.3780] [INFO] Обновление токена
[2022-08-23 11:31:49.1185] [ERROR] Ошибка -------> Не найдена сессия пользователя
[2022-08-23 11:31:56.9576] [INFO] Авторизация
[2022-08-23 11:31:57.7246] [INFO] Токен получен
[2022-08-23 11:31:58.6816] [INFO] Получение всех заказов
[2022-08-23 11:31:58.7826] [INFO] Заказы успешно получены
[2022-08-23 11:31:59.3696] [INFO] Получение всех номенклатур
[2022-08-23 11:31:59.4246] [INFO] Номенклатуры успешно получены
[2022-08-23 11:32:00.2469] [INFO] Получение всех этапов
[2022-08-23 11:32:00.2609] [INFO] Все этапы успешно получены
[2022-08-23 11:32:00.9599] [INFO] Получение всех номенклатур
[2022-08-23 11:32:00.9599] [INFO] Номенклатуры успешно получены
[2022-08-23 11:32:01.4678] [INFO] Получение всех заказов
[2022-08-23 11:32:01.4678] [INFO] Заказы успешно получены
[2022-08-23 11:32:02.6958] [INFO] Получение всех номенклатур
[2022-08-23 11:32:02.6958] [INFO] Номенклатуры успешно получены
[2022-08-23 11:32:03.6844] [INFO] Получение всех заказов
[2022-08-23 11:32:03.6844] [INFO] Заказы успешно получены
[2022-08-23 12:12:44.9649] [INFO] Обновление токена
[2022-08-23 12:14:07.0319] [INFO] Обновление токена
[2022-08-23 12:16:34.3877] [INFO] Обновление токена
[2022-08-23 12:16:43.8669] [INFO] Токен обновлен
[2022-08-23 12:16:46.4129] [INFO] Получение всех заказов
[2022-08-23 12:16:46.5579] [INFO] Заказы успешно получены
[2022-08-23 12:16:47.0199] [INFO] Получение всех номенклатур
[2022-08-23 12:16:47.1269] [INFO] Номенклатуры успешно получены
[2022-08-23 12:25:14.4332] [INFO] Обновление токена
[2022-08-23 12:25:21.4122] [INFO] Токен обновлен
[2022-08-23 12:25:23.5102] [INFO] Получение всех заказов
[2022-08-23 12:25:23.6882] [INFO] Заказы успешно получены
[2022-08-23 12:25:26.9513] [INFO] Получение всех номенклатур
[2022-08-23 12:25:26.9823] [INFO] Номенклатуры успешно получены
[2022-08-23 12:25:34.6418] [INFO] Получение всех этапов
[2022-08-23 12:25:34.6608] [INFO] Все этапы успешно получены
[2022-08-23 12:25:38.6964] [INFO] Добавление этапа
[2022-08-23 12:25:38.8444] [INFO] Добавлено успешно
[2022-08-23 12:25:38.8924] [INFO] Получение всех этапов
[2022-08-23 12:25:38.8974] [INFO] Все этапы успешно получены
[2022-08-23 12:25:40.2209] [INFO] Получение всех номенклатур
[2022-08-23 12:25:40.2359] [INFO] Номенклатуры успешно получены
[2022-08-23 12:25:48.1711] [INFO] Добавление номенклатуры
[2022-08-23 12:25:48.2281] [INFO] Добавлено успешно
[2022-08-23 12:25:48.2451] [INFO] Получение всех номенклатур
[2022-08-23 12:25:48.2671] [INFO] Номенклатуры успешно получены
[2022-08-23 12:25:50.1267] [INFO] Получение всех этапов
[2022-08-23 12:25:50.1297] [INFO] Все этапы успешно получены
[2022-08-23 12:26:03.8391] [INFO] Изменение номенклатуры
[2022-08-23 12:26:04.0011] [INFO] Изменено успешно
[2022-08-23 12:26:04.0191] [INFO] Получение всех номенклатур
[2022-08-23 12:26:04.0431] [INFO] Номенклатуры успешно получены
[2022-08-23 12:26:51.9063] [INFO] Обновление токена
[2022-08-23 12:26:56.8612] [INFO] Токен обновлен
[2022-08-23 12:26:58.3542] [INFO] Получение всех заказов
[2022-08-23 12:26:58.4542] [INFO] Заказы успешно получены
[2022-08-23 12:27:02.1534] [INFO] Получение всех номенклатур
[2022-08-23 12:27:02.2314] [INFO] Номенклатуры успешно получены
[2022-08-23 12:28:00.2423] [INFO] Получение всех номенклатур
[2022-08-23 12:28:00.2423] [INFO] Номенклатуры успешно получены
[2022-08-23 12:30:20.4573] [INFO] Обновление токена
[2022-08-23 12:30:27.1283] [INFO] Токен обновлен
[2022-08-23 12:30:30.0193] [INFO] Получение всех заказов
[2022-08-23 12:30:30.2153] [INFO] Заказы успешно получены
[2022-08-23 12:30:30.3093] [INFO] Получение всех номенклатур
[2022-08-23 12:30:30.4643] [INFO] Номенклатуры успешно получены
[2022-08-23 12:31:28.4591] [INFO] Обновление токена
[2022-08-23 12:31:37.1676] [INFO] Токен обновлен
[2022-08-23 12:31:38.4756] [INFO] Получение всех заказов
[2022-08-23 12:31:38.5716] [INFO] Заказы успешно получены
[2022-08-23 12:31:56.5781] [INFO] Получение всех номенклатур
[2022-08-23 12:31:56.6541] [INFO] Номенклатуры успешно получены
[2022-08-23 12:32:04.0816] [INFO] Получение всех этапов
[2022-08-23 12:32:04.1026] [INFO] Все этапы успешно получены
[2022-08-23 12:32:12.8349] [INFO] Добавление номенклатуры
[2022-08-23 12:32:12.9789] [INFO] Добавлено успешно
[2022-08-23 12:32:12.9899] [INFO] Получение всех номенклатур
[2022-08-23 12:32:12.9899] [INFO] Номенклатуры успешно получены
[2022-08-23 12:32:16.1163] [INFO] Получение всех номенклатур
[2022-08-23 12:32:16.1163] [INFO] Номенклатуры успешно получены
[2022-08-23 12:32:16.6093] [INFO] Получение всех заказов
[2022-08-23 12:32:16.6273] [INFO] Заказы успешно получены
[2022-08-23 12:32:17.0343] [INFO] Получение всех номенклатур
[2022-08-23 12:32:17.0343] [INFO] Номенклатуры успешно получены
[2022-08-23 12:32:23.4451] [INFO] Изменение номенклатуры
[2022-08-23 12:32:23.6571] [INFO] Изменено успешно
[2022-08-23 12:32:23.6751] [INFO] Получение всех номенклатур
[2022-08-23 12:32:23.6751] [INFO] Номенклатуры успешно получены
[2022-08-23 12:32:25.7051] [INFO] Удаление номенклатуры
[2022-08-23 12:32:25.8541] [INFO] Удалено успешно
[2022-08-23 12:32:25.8951] [INFO] Получение всех номенклатур
[2022-08-23 12:32:25.8951] [INFO] Номенклатуры успешно получены
[2022-08-23 12:32:27.0231] [INFO] Получение всех номенклатур
[2022-08-23 12:32:27.0231] [INFO] Номенклатуры успешно получены
[2022-08-23 12:32:27.3051] [INFO] Получение всех заказов
[2022-08-23 12:32:27.3051] [INFO] Заказы успешно получены
[2022-08-23 12:32:27.6761] [INFO] Получение всех номенклатур
[2022-08-23 12:32:27.6761] [INFO] Номенклатуры успешно получены
[2022-08-23 12:32:28.0581] [INFO] Получение всех этапов
[2022-08-23 12:32:28.0581] [INFO] Все этапы успешно получены
[2022-08-23 12:32:28.6501] [INFO] Получение всех номенклатур
[2022-08-23 12:32:28.6501] [INFO] Номенклатуры успешно получены
[2022-08-23 12:32:29.0101] [INFO] Получение всех заказов
[2022-08-23 12:32:29.0101] [INFO] Заказы успешно получены
[2022-08-23 12:32:29.3361] [INFO] Получение всех номенклатур
[2022-08-23 12:32:29.3361] [INFO] Номенклатуры успешно получены
[2022-08-23 12:32:29.6701] [INFO] Получение всех этапов
[2022-08-23 12:32:29.6701] [INFO] Все этапы успешно получены
[2022-08-23 12:38:10.7009] [INFO] Обновление токена
[2022-08-23 12:38:17.2470] [INFO] Токен обновлен
[2022-08-23 12:38:19.0970] [INFO] Получение всех заказов
[2022-08-23 12:38:19.1270] [INFO] Получение всех номенклатур
[2022-08-23 12:38:19.2719] [INFO] Заказы успешно получены
[2022-08-23 12:38:19.3010] [INFO] Номенклатуры успешно получены
[2022-08-23 12:38:19.6360] [INFO] Получение всех заказов
[2022-08-23 12:38:19.6360] [INFO] Заказы успешно получены
[2022-08-23 12:38:21.2200] [INFO] Получение всех номенклатур
[2022-08-23 12:38:21.2700] [INFO] Номенклатуры успешно получены
[2022-08-23 12:38:35.5674] [INFO] Получение всех номенклатур
[2022-08-23 12:38:35.5674] [INFO] Номенклатуры успешно получены
[2022-08-23 12:38:41.5090] [INFO] Добавление заказа
[2022-08-23 12:38:41.8010] [INFO] Добавлено успешно
[2022-08-23 12:38:41.8200] [INFO] Получение всех заказов
[2022-08-23 12:38:41.8510] [INFO] Заказы успешно получены
[2022-08-23 15:10:28.8754] [INFO] Обновление токена
[2022-08-23 15:10:35.4025] [INFO] Токен обновлен
[2022-08-23 15:10:36.6002] [INFO] Получение всех заказов
[2022-08-23 15:10:36.7582] [INFO] Заказы успешно получены
[2022-08-23 15:10:37.3686] [INFO] Получение всех номенклатур
[2022-08-23 15:10:37.4036] [INFO] Номенклатуры успешно получены
[2022-08-23 15:10:37.7462] [INFO] Получение всех заказов
[2022-08-23 15:10:37.7462] [INFO] Заказы успешно получены
[2022-08-23 15:10:39.5740] [INFO] Получение всех номенклатур
[2022-08-23 15:10:39.5740] [INFO] Номенклатуры успешно получены
[2022-08-23 15:10:51.3505] [INFO] Добавление заказа
[2022-08-23 15:10:51.4765] [INFO] Добавлено успешно
[2022-08-23 15:10:51.4965] [INFO] Получение всех заказов
[2022-08-23 15:10:51.4965] [INFO] Заказы успешно получены
[2022-08-23 15:39:18.5893] [INFO] Обновление токена
[2022-08-23 15:39:26.3843] [INFO] Токен обновлен
[2022-08-23 15:39:28.7233] [INFO] Получение всех заказов
[2022-08-23 15:39:29.2153] [ERROR] Ошибка -------> Заданное приведение является недопустимым.
[2022-08-23 15:42:14.7779] [INFO] Обновление токена
[2022-08-23 15:42:19.4305] [INFO] Токен обновлен
[2022-08-23 15:42:20.9755] [INFO] Получение всех заказов
[2022-08-23 15:42:21.2745] [ERROR] Ошибка -------> Заданное приведение является недопустимым.
[2022-08-23 15:44:18.1265] [INFO] Обновление токена
[2022-08-23 15:44:29.4608] [INFO] Токен обновлен
[2022-08-23 15:44:31.6757] [INFO] Получение всех номенклатур
[2022-08-23 15:44:31.6757] [INFO] Получение всех заказов
[2022-08-23 15:44:31.8577] [INFO] Получение всех этапов
[2022-08-23 15:44:32.2008] [ERROR] Ошибка -------> Заданное приведение является недопустимым.
[2022-08-23 15:44:32.2098] [INFO] Все этапы успешно получены
[2022-08-23 15:44:32.2228] [INFO] Получение всех номенклатур
[2022-08-23 15:44:32.2228] [INFO] Номенклатуры успешно получены
[2022-08-23 15:44:32.2228] [INFO] Номенклатуры успешно получены
[2022-08-23 15:45:20.7648] [INFO] Обновление токена
[2022-08-23 15:45:27.8675] [INFO] Токен обновлен
[2022-08-23 15:45:34.0694] [INFO] Получение всех заказов
[2022-08-23 15:45:34.5294] [ERROR] Ошибка -------> Заданное приведение является недопустимым.
[2022-08-23 15:47:01.6229] [INFO] Обновление токена
[2022-08-23 15:47:05.3680] [INFO] Токен обновлен
[2022-08-23 15:47:06.3309] [INFO] Получение всех заказов
[2022-08-23 15:47:06.5679] [ERROR] Ошибка -------> Заданное приведение является недопустимым.
[2022-08-23 15:48:39.9361] [INFO] Обновление токена
[2022-08-23 15:48:43.8456] [INFO] Токен обновлен
[2022-08-23 15:48:45.2396] [INFO] Получение всех заказов
[2022-08-23 15:48:45.5026] [ERROR] Ошибка -------> Заданное приведение является недопустимым.
[2022-08-23 15:52:03.7498] [INFO] Обновление токена
[2022-08-23 15:52:08.2450] [ERROR] Ошибка -------> Не найдена сессия пользователя
[2022-08-23 16:53:20.3796] [INFO] Обновление токена
[2022-08-23 16:53:21.3737] [ERROR] Ошибка -------> Не найдена сессия пользователя
[2022-08-23 16:53:31.8550] [INFO] Авторизация
[2022-08-23 16:53:32.2304] [INFO] Токен получен
[2022-08-23 16:53:33.1629] [INFO] Получение всех заказов
[2022-08-23 16:53:33.2649] [INFO] Заказы успешно получены
[2022-08-23 16:53:33.4629] [INFO] Получение всех заказов
[2022-08-23 16:53:33.4629] [INFO] Заказы успешно получены
[2022-08-23 16:53:33.8407] [INFO] Получение всех номенклатур
[2022-08-23 16:53:33.8697] [INFO] Номенклатуры успешно получены
[2022-08-23 16:53:34.1893] [INFO] Получение всех этапов
[2022-08-23 16:53:34.2103] [INFO] Все этапы успешно получены
[2022-08-23 16:53:34.6831] [INFO] Получение всех номенклатур
[2022-08-23 16:53:34.6911] [INFO] Номенклатуры успешно получены
[2022-08-23 16:53:34.9981] [INFO] Получение всех заказов
[2022-08-23 16:53:34.9981] [INFO] Заказы успешно получены
[2022-08-23 16:53:35.4261] [INFO] Получение всех этапов
[2022-08-23 16:53:35.4261] [INFO] Все этапы успешно получены
[2022-08-23 16:53:41.1393] [INFO] Добавление этапа
[2022-08-23 16:53:41.2152] [INFO] Добавлено успешно
[2022-08-23 16:53:41.2522] [INFO] Получение всех этапов
[2022-08-23 16:53:41.2682] [INFO] Все этапы успешно получены
[2022-08-23 16:53:47.9418] [INFO] Добавление этапа
[2022-08-23 16:53:47.9628] [INFO] Добавлено успешно
[2022-08-23 16:53:48.0008] [INFO] Получение всех этапов
[2022-08-23 16:53:48.0158] [INFO] Все этапы успешно получены
[2022-08-23 16:53:49.4198] [INFO] Получение всех номенклатур
[2022-08-23 16:53:49.4298] [INFO] Номенклатуры успешно получены
[2022-08-23 16:54:02.8961] [INFO] Получение всех этапов
[2022-08-23 16:54:02.8961] [INFO] Все этапы успешно получены
[2022-08-23 16:54:06.2442] [INFO] Добавление номенклатуры
[2022-08-23 16:54:06.3071] [INFO] Добавлено успешно
[2022-08-23 16:54:06.3211] [INFO] Получение всех номенклатур
[2022-08-23 16:54:06.3481] [INFO] Номенклатуры успешно получены
[2022-08-23 16:54:08.4196] [INFO] Получение всех заказов
[2022-08-23 16:54:08.4336] [INFO] Заказы успешно получены
[2022-08-23 16:54:16.2054] [INFO] Получение всех номенклатур
[2022-08-23 16:54:16.2104] [INFO] Номенклатуры успешно получены
[2022-08-23 16:54:31.4776] [INFO] Добавление заказа
[2022-08-23 16:54:31.6786] [INFO] Добавлено успешно
[2022-08-23 16:54:31.7176] [INFO] Получение всех заказов
[2022-08-23 16:54:31.7416] [INFO] Заказы успешно получены
[2022-08-23 17:21:00.2730] [INFO] Обновление токена
[2022-08-23 17:21:04.1052] [INFO] Токен обновлен
[2022-08-23 17:21:05.5281] [INFO] Получение всех заказов
[2022-08-23 17:21:05.7511] [INFO] Заказы успешно получены
[2022-08-23 17:21:14.2894] [INFO] Получение всех заказов
[2022-08-23 17:21:14.3084] [INFO] Заказы успешно получены
[2022-08-23 17:21:14.6664] [INFO] Получение всех номенклатур
[2022-08-23 17:21:14.7924] [INFO] Номенклатуры успешно получены
[2022-08-23 17:21:14.9554] [INFO] Получение всех заказов
[2022-08-23 17:21:14.9614] [INFO] Заказы успешно получены
[2022-08-23 17:21:16.8804] [INFO] Получение всех номенклатур
[2022-08-23 17:21:16.8804] [INFO] Номенклатуры успешно получены
[2022-08-23 17:23:28.8247] [INFO] Обновление токена
[2022-08-23 17:23:33.5470] [INFO] Токен обновлен
[2022-08-23 17:23:34.5530] [INFO] Получение всех заказов
[2022-08-23 17:23:34.6670] [INFO] Заказы успешно получены
[2022-08-23 17:23:44.0297] [INFO] Получение всех номенклатур
[2022-08-23 17:23:44.0617] [INFO] Номенклатуры успешно получены
[2022-08-23 17:23:44.5024] [INFO] Получение всех заказов
[2022-08-23 17:23:44.5054] [INFO] Заказы успешно получены
[2022-08-23 17:23:45.8567] [INFO] Получение всех номенклатур
[2022-08-23 17:23:45.8567] [INFO] Номенклатуры успешно получены
[2022-08-23 17:24:16.1822] [INFO] Обновление токена
[2022-08-23 17:24:23.6446] [INFO] Токен обновлен
[2022-08-23 17:24:25.5476] [INFO] Получение всех заказов
[2022-08-23 17:24:25.8776] [INFO] Заказы успешно получены
[2022-08-23 17:24:27.2487] [INFO] Получение всех номенклатур
[2022-08-23 17:24:27.4632] [INFO] Номенклатуры успешно получены
[2022-08-23 17:29:55.8574] [INFO] Обновление токена
[2022-08-23 17:30:00.8768] [INFO] Токен обновлен
[2022-08-23 17:30:02.1863] [INFO] Получение всех заказов
[2022-08-23 17:30:02.3043] [INFO] Заказы успешно получены
[2022-08-23 17:30:45.0569] [INFO] Получение всех номенклатур
[2022-08-23 17:30:45.1789] [INFO] Номенклатуры успешно получены
[2022-08-23 17:30:50.3225] [INFO] Получение всех номенклатур
[2022-08-23 17:30:50.3345] [INFO] Номенклатуры успешно получены
[2022-08-23 17:31:01.4479] [INFO] Получение всех этапов
[2022-08-23 17:31:01.4719] [INFO] Все этапы успешно получены
[2022-08-23 17:31:05.5447] [INFO] Добавление номенклатуры
[2022-08-23 17:31:05.6657] [INFO] Добавлено успешно
[2022-08-23 17:31:05.6777] [INFO] Получение всех номенклатур
[2022-08-23 17:31:05.6777] [INFO] Номенклатуры успешно получены
[2022-08-23 17:31:07.2347] [INFO] Получение всех номенклатур
[2022-08-23 17:31:07.2347] [INFO] Номенклатуры успешно получены
[2022-08-23 17:31:07.5487] [INFO] Получение всех заказов
[2022-08-23 17:31:07.5897] [INFO] Заказы успешно получены
[2022-08-23 17:31:08.9297] [INFO] Получение всех номенклатур
[2022-08-23 17:31:08.9587] [INFO] Номенклатуры успешно получены
[2022-08-23 17:31:32.5778] [INFO] Получение всех номенклатур
[2022-08-23 17:31:32.5918] [INFO] Номенклатуры успешно получены
[2022-08-23 17:31:38.3708] [INFO] Изменение номенклатуры
[2022-08-23 17:31:38.5808] [INFO] Изменено успешно
[2022-08-23 17:31:38.6018] [INFO] Получение всех номенклатур
[2022-08-23 17:31:38.6018] [INFO] Номенклатуры успешно получены
[2022-08-23 17:31:39.1318] [INFO] Получение всех заказов
[2022-08-23 17:31:39.1658] [INFO] Заказы успешно получены
[2022-08-23 17:31:40.7495] [INFO] Получение всех номенклатур
[2022-08-23 17:31:40.7495] [INFO] Номенклатуры успешно получены
[2022-08-23 17:31:48.3385] [INFO] Получение всех номенклатур
[2022-08-23 17:31:48.3385] [INFO] Номенклатуры успешно получены
[2022-08-23 17:32:00.1955] [INFO] Изменение номенклатуры
[2022-08-23 17:32:00.4725] [INFO] Изменено успешно
[2022-08-23 17:32:00.5845] [INFO] Получение всех номенклатур
[2022-08-23 17:32:00.6065] [INFO] Номенклатуры успешно получены
[2022-08-23 17:32:01.7515] [INFO] Получение всех заказов
[2022-08-23 17:32:01.8115] [INFO] Заказы успешно получены
[2022-08-23 17:32:03.1855] [INFO] Получение всех номенклатур
[2022-08-23 17:32:03.1855] [INFO] Номенклатуры успешно получены
[2022-08-23 18:19:01.2119] [INFO] Обновление токена
[2022-08-23 18:19:03.7708] [INFO] Токен обновлен
[2022-08-23 18:19:04.6609] [INFO] Получение всех заказов
[2022-08-23 18:19:04.8809] [ERROR] Ошибка -------> Строка не распознана как действительное значение DateTime.
[2022-08-23 19:32:14.4501] [INFO] Обновление токена
[2022-08-23 19:32:18.6602] [INFO] Токен обновлен
[2022-08-23 19:32:20.8952] [INFO] Получение всех заказов
[2022-08-23 19:32:21.1722] [INFO] Заказы успешно получены
[2022-08-23 19:40:42.0064] [INFO] Получение всех номенклатур
[2022-08-23 19:40:42.0374] [INFO] Номенклатуры успешно получены
[2022-08-23 19:40:42.3174] [INFO] Получение всех заказов
[2022-08-23 19:41:47.6675] [INFO] Обновление токена
[2022-08-23 19:41:49.9127] [INFO] Токен обновлен
[2022-08-23 19:41:51.0487] [INFO] Получение всех заказов
[2022-08-23 19:41:51.1837] [INFO] Заказы успешно получены
[2022-08-23 19:41:55.4295] [INFO] Получение всех номенклатур
[2022-08-23 19:41:55.4646] [INFO] Номенклатуры успешно получены
[2022-08-23 19:41:55.7999] [INFO] Получение всех заказов
[2022-08-23 19:41:55.7999] [INFO] Заказы успешно получены
[2022-08-23 20:36:24.1621] [INFO] Обновление токена
[2022-08-23 20:36:26.5771] [INFO] Токен обновлен
[2022-08-23 20:36:27.4931] [INFO] Получение всех заказов
[2022-08-23 20:36:27.6122] [INFO] Заказы успешно получены
[2022-08-23 20:56:45.9547] [INFO] Обновление токена
[2022-08-23 20:56:47.3488] [ERROR] Ошибка -------> Не найдена сессия пользователя
[2022-08-23 20:56:56.8058] [INFO] Авторизация
[2022-08-23 20:56:57.2128] [INFO] Токен получен
[2022-08-23 20:56:58.3072] [INFO] Получение всех заказов
[2022-08-23 20:56:58.4142] [INFO] Заказы успешно получены
[2022-08-23 20:56:58.8342] [INFO] Получение всех этапов
[2022-08-23 20:56:58.8502] [INFO] Все этапы успешно получены
[2022-08-23 20:57:02.0240] [INFO] Добавление этапа
[2022-08-23 20:57:02.0760] [INFO] Добавлено успешно
[2022-08-23 20:57:02.1050] [INFO] Получение всех этапов
[2022-08-23 20:57:02.1050] [INFO] Все этапы успешно получены
[2022-08-23 20:57:03.0060] [INFO] Получение всех номенклатур
[2022-08-23 20:57:03.0490] [INFO] Номенклатуры успешно получены
[2022-08-23 20:57:12.8218] [INFO] Получение всех этапов
[2022-08-23 20:57:12.8478] [INFO] Все этапы успешно получены
[2022-08-23 20:57:14.9518] [INFO] Добавление номенклатуры
[2022-08-23 20:57:15.0778] [INFO] Добавлено успешно
[2022-08-23 20:57:15.1178] [INFO] Получение всех номенклатур
[2022-08-23 20:57:15.1678] [INFO] Номенклатуры успешно получены
[2022-08-23 20:57:18.6003] [INFO] Получение всех заказов
[2022-08-23 20:57:18.6123] [INFO] Заказы успешно получены
[2022-08-23 20:57:21.3736] [INFO] Получение всех номенклатур
[2022-08-23 20:57:21.3796] [INFO] Номенклатуры успешно получены
[2022-08-23 20:57:25.1957] [INFO] Изменение номенклатуры
[2022-08-23 20:57:25.6817] [INFO] Изменено успешно
[2022-08-23 20:57:25.7107] [INFO] Получение всех номенклатур
[2022-08-23 20:57:25.7107] [INFO] Номенклатуры успешно получены
[2022-08-23 20:57:26.7299] [INFO] Получение всех номенклатур
[2022-08-23 20:57:26.7299] [INFO] Номенклатуры успешно получены
[2022-08-23 20:57:27.1658] [INFO] Получение всех заказов
[2022-08-23 20:57:27.1658] [INFO] Заказы успешно получены
[2022-08-23 20:57:28.9381] [INFO] Получение всех номенклатур
[2022-08-23 20:57:28.9441] [INFO] Номенклатуры успешно получены
[2022-08-23 20:57:43.2264] [INFO] Добавление заказа
[2022-08-23 20:57:43.4243] [ERROR] Ошибка -------> Данная строка не распознана как действительное значение DateTime. Обнаружено неизвестное слово, начинающееся с индекса 0.
[2022-08-23 20:57:49.9198] [INFO] Получение всех заказов
[2022-08-23 20:57:49.9508] [INFO] Заказы успешно получены
[2022-08-23 21:06:05.6754] [INFO] Обновление токена
[2022-08-23 21:06:07.5454] [INFO] Токен обновлен
[2022-08-23 21:06:09.2451] [INFO] Получение всех заказов
[2022-08-23 21:06:09.5801] [INFO] Заказы успешно получены
[2022-08-23 21:06:28.7708] [INFO] Получение всех номенклатур
[2022-08-23 21:06:28.8897] [INFO] Номенклатуры успешно получены
[2022-08-23 21:06:35.5701] [INFO] Добавление заказа
[2022-08-23 21:06:35.9041] [ERROR] Ошибка -------> Строка не распознана как действительное значение DateTime.
[2022-08-23 21:06:39.3491] [INFO] Получение всех заказов
[2022-08-23 21:06:39.3491] [INFO] Заказы успешно получены
[2022-08-23 21:06:59.3181] [INFO] Получение всех номенклатур
[2022-08-23 21:06:59.3861] [INFO] Номенклатуры успешно получены
[2022-08-23 21:07:06.5034] [INFO] Добавление заказа
[2022-08-23 21:07:06.8224] [ERROR] Ошибка -------> Строка не распознана как действительное значение DateTime.
[2022-08-23 21:07:26.8462] [INFO] Получение всех номенклатур
[2022-08-23 21:07:26.8542] [INFO] Номенклатуры успешно получены
[2022-08-23 21:07:28.9511] [INFO] Получение всех номенклатур
[2022-08-23 21:07:28.9561] [INFO] Номенклатуры успешно получены
[2022-08-23 21:07:30.6148] [INFO] Добавление заказа
[2022-08-23 21:07:30.7438] [ERROR] Ошибка -------> Строка не распознана как действительное значение DateTime.
[2022-08-23 21:07:51.5761] [INFO] Получение всех номенклатур
[2022-08-23 21:07:51.5811] [INFO] Номенклатуры успешно получены
[2022-08-23 21:07:55.2101] [INFO] Добавление заказа
[2022-08-23 21:10:13.4763] [INFO] Обновление токена
[2022-08-23 21:10:16.0243] [INFO] Токен обновлен
[2022-08-23 21:10:17.8563] [INFO] Получение всех заказов
[2022-08-23 21:10:18.0783] [INFO] Заказы успешно получены
[2022-08-23 21:10:26.3594] [INFO] Получение всех номенклатур
[2022-08-23 21:10:26.4234] [INFO] Номенклатуры успешно получены
[2022-08-23 21:10:51.5574] [INFO] Получение всех номенклатур
[2022-08-23 21:10:51.5664] [INFO] Номенклатуры успешно получены
[2022-08-23 21:11:04.5556] [INFO] Получение всех этапов
[2022-08-23 21:11:04.5846] [INFO] Все этапы успешно получены
[2022-08-23 21:11:08.2946] [INFO] Добавление номенклатуры
[2022-08-23 21:11:08.4106] [INFO] Добавлено успешно
[2022-08-23 21:11:08.4366] [INFO] Получение всех номенклатур
[2022-08-23 21:11:08.4436] [INFO] Номенклатуры успешно получены
[2022-08-23 21:11:09.9126] [INFO] Получение всех заказов
[2022-08-23 21:11:09.9296] [INFO] Заказы успешно получены
[2022-08-23 21:11:13.5961] [INFO] Получение всех номенклатур
[2022-08-23 21:11:13.6611] [INFO] Номенклатуры успешно получены
[2022-08-23 21:11:16.5044] [INFO] Получение всех номенклатур
[2022-08-23 21:11:16.5214] [INFO] Номенклатуры успешно получены
[2022-08-23 21:11:27.9976] [INFO] Добавление заказа
[2022-08-23 21:14:44.4020] [INFO] Обновление токена
[2022-08-23 21:14:46.8615] [INFO] Токен обновлен
[2022-08-23 21:14:48.9715] [INFO] Получение всех номенклатур
[2022-08-23 21:14:48.9715] [INFO] Получение всех заказов
[2022-08-23 21:14:49.0785] [INFO] Получение всех заказов
[2022-08-23 21:14:49.1785] [INFO] Номенклатуры успешно получены
[2022-08-23 21:14:49.1975] [INFO] Заказы успешно получены
[2022-08-23 21:14:49.1975] [INFO] Заказы успешно получены
[2022-08-23 21:14:53.2628] [INFO] Удаление заказа
[2022-08-23 21:14:53.5448] [INFO] Удалено успешно
[2022-08-23 21:14:53.6068] [INFO] Получение всех заказов
[2022-08-23 21:14:53.6158] [INFO] Заказы успешно получены
[2022-08-23 21:14:55.4198] [INFO] Удаление заказа
[2022-08-23 21:14:55.4418] [INFO] Удалено успешно
[2022-08-23 21:14:55.6338] [INFO] Получение всех заказов
[2022-08-23 21:14:55.6488] [INFO] Заказы успешно получены
[2022-08-23 21:14:57.4942] [INFO] Удаление заказа
[2022-08-23 21:14:57.5262] [INFO] Удалено успешно
[2022-08-23 21:14:57.6962] [INFO] Получение всех заказов
[2022-08-23 21:14:57.7112] [INFO] Заказы успешно получены
[2022-08-23 21:14:59.4392] [INFO] Удаление заказа
[2022-08-23 21:14:59.4682] [INFO] Удалено успешно
[2022-08-23 21:14:59.5852] [INFO] Получение всех заказов
[2022-08-23 21:14:59.5992] [INFO] Заказы успешно получены
[2022-08-23 21:15:02.3812] [INFO] Удаление заказа
[2022-08-23 21:15:02.3952] [INFO] Удалено успешно
[2022-08-23 21:15:02.5512] [INFO] Получение всех заказов
[2022-08-23 21:15:02.5792] [INFO] Заказы успешно получены
[2022-08-23 21:15:04.6532] [INFO] Удаление заказа
[2022-08-23 21:15:04.6862] [INFO] Удалено успешно
[2022-08-23 21:15:04.8102] [INFO] Получение всех заказов
[2022-08-23 21:15:04.8432] [INFO] Заказы успешно получены
[2022-08-23 21:15:08.2502] [INFO] Получение всех номенклатур
[2022-08-23 21:15:08.2652] [INFO] Номенклатуры успешно получены
[2022-08-23 21:15:14.6301] [INFO] Добавление заказа
[2022-08-23 21:15:14.9751] [ERROR] Ошибка -------> Строка не распознана как действительное значение DateTime.
[2022-08-23 21:18:09.4531] [INFO] Обновление токена
[2022-08-23 21:18:11.6621] [INFO] Токен обновлен
[2022-08-23 21:18:13.4481] [INFO] Получение всех заказов
[2022-08-23 21:18:13.7291] [INFO] Заказы успешно получены
[2022-08-23 21:18:21.4346] [INFO] Удаление заказа
[2022-08-23 21:18:21.7896] [INFO] Удалено успешно
[2022-08-23 21:18:21.8616] [INFO] Получение всех заказов
[2022-08-23 21:18:21.8705] [INFO] Заказы успешно получены
[2022-08-23 21:18:24.6133] [INFO] Получение всех номенклатур
[2022-08-23 21:18:24.7733] [INFO] Номенклатуры успешно получены
[2022-08-23 21:18:33.5862] [INFO] Добавление заказа
[2022-08-23 21:18:34.0142] [ERROR] Ошибка -------> Строка не распознана как действительное значение DateTime.
[2022-08-23 21:18:36.3802] [INFO] Получение всех номенклатур
[2022-08-23 21:18:36.3802] [INFO] Номенклатуры успешно получены
[2022-08-23 21:18:36.5418] [INFO] Получение всех заказов
[2022-08-23 21:18:36.5717] [INFO] Заказы успешно получены
[2022-08-23 21:18:36.7527] [INFO] Получение всех заказов
[2022-08-23 21:18:36.7857] [INFO] Заказы успешно получены
[2022-08-23 21:18:39.3441] [INFO] Удаление заказа
[2022-08-23 21:18:39.4611] [INFO] Удалено успешно
[2022-08-23 21:18:39.5441] [INFO] Получение всех заказов
[2022-08-23 21:18:39.5921] [INFO] Заказы успешно получены
[2022-08-23 21:35:09.6503] [INFO] Обновление токена
[2022-08-23 21:35:10.8078] [INFO] Токен обновлен
[2022-08-23 21:35:12.2008] [INFO] Получение всех заказов
[2022-08-23 21:35:12.2698] [INFO] Заказы успешно получены
[2022-08-23 21:35:13.2656] [INFO] Получение всех номенклатур
[2022-08-23 21:35:13.3316] [INFO] Номенклатуры успешно получены
[2022-08-23 21:35:13.5634] [INFO] Получение всех заказов
[2022-08-23 21:35:13.5674] [INFO] Заказы успешно получены
[2022-08-23 21:35:14.6630] [INFO] Получение всех заказов
[2022-08-23 21:35:14.6630] [INFO] Заказы успешно получены
[2022-08-23 21:35:14.9037] [INFO] Получение всех заказов
[2022-08-23 21:35:14.9037] [INFO] Заказы успешно получены
[2022-08-23 21:35:15.2467] [INFO] Получение всех номенклатур
[2022-08-23 21:35:15.2467] [INFO] Номенклатуры успешно получены
[2022-08-23 21:35:15.5004] [INFO] Получение всех заказов
[2022-08-23 21:35:15.5034] [INFO] Заказы успешно получены
[2022-08-23 21:35:19.7035] [INFO] Получение всех номенклатур
[2022-08-23 21:35:19.7065] [INFO] Номенклатуры успешно получены
[2022-08-23 21:35:23.9094] [INFO] Добавление заказа
[2022-08-23 21:35:24.2223] [ERROR] Ошибка -------> Входная строка имела неверный формат.
[2022-08-23 21:35:27.2193] [INFO] Получение всех заказов
[2022-08-23 21:35:27.2383] [INFO] Заказы успешно получены
[2022-08-23 21:35:30.0555] [INFO] Удаление заказа
[2022-08-23 21:35:30.1755] [INFO] Удалено успешно
[2022-08-23 21:35:30.1985] [INFO] Получение всех заказов
[2022-08-23 21:35:30.2225] [INFO] Заказы успешно получены
[2022-08-23 21:37:54.1407] [INFO] Обновление токена
[2022-08-23 21:37:56.1987] [INFO] Токен обновлен
[2022-08-23 21:37:58.0607] [INFO] Получение всех заказов
[2022-08-23 21:37:58.1837] [INFO] Заказы успешно получены
[2022-08-23 21:38:08.6879] [INFO] Получение всех номенклатур
[2022-08-23 21:38:08.8469] [INFO] Номенклатуры успешно получены
[2022-08-23 21:38:10.8549] [INFO] Добавление заказа
[2022-08-23 21:39:12.5478] [ERROR] Ошибка -------> Входная строка имела неверный формат.
[2022-08-23 21:39:37.5820] [INFO] Получение всех заказов
[2022-08-23 21:39:37.6070] [INFO] Заказы успешно получены
[2022-08-23 21:39:39.9655] [INFO] Получение всех номенклатур
[2022-08-23 21:39:39.9805] [INFO] Номенклатуры успешно получены
[2022-08-23 21:39:42.3292] [INFO] Добавление заказа
[2022-08-23 21:39:47.6992] [ERROR] Ошибка -------> Входная строка имела неверный формат.
[2022-08-23 21:41:43.5129] [INFO] Обновление токена
[2022-08-23 21:41:44.5602] [INFO] Токен обновлен
[2022-08-23 21:41:45.4912] [INFO] Получение всех заказов
[2022-08-23 21:41:45.6292] [INFO] Заказы успешно получены
[2022-08-23 21:47:55.7200] [INFO] Обновление токена
[2022-08-23 21:47:56.5881] [ERROR] Ошибка -------> Не найдена сессия пользователя
[2022-08-23 21:48:09.4979] [INFO] Авторизация
[2022-08-23 21:48:09.8542] [INFO] Токен получен
[2022-08-23 21:48:10.6842] [INFO] Получение всех заказов
[2022-08-23 21:48:10.7452] [INFO] Заказы успешно получены
[2022-08-23 21:48:13.2734] [INFO] Получение всех этапов
[2022-08-23 21:48:13.2874] [INFO] Все этапы успешно получены
[2022-08-23 21:48:16.2612] [INFO] Добавление этапа
[2022-08-23 21:48:16.3101] [INFO] Добавлено успешно
[2022-08-23 21:48:16.3331] [INFO] Получение всех этапов
[2022-08-23 21:48:16.3331] [INFO] Все этапы успешно получены
[2022-08-23 21:48:16.6928] [INFO] Получение всех номенклатур
[2022-08-23 21:48:16.7197] [INFO] Номенклатуры успешно получены
[2022-08-23 21:48:26.1073] [INFO] Получение всех этапов
[2022-08-23 21:48:26.1123] [INFO] Все этапы успешно получены
[2022-08-23 21:48:30.8739] [INFO] Добавление номенклатуры
[2022-08-23 21:48:30.9629] [INFO] Добавлено успешно
[2022-08-23 21:48:30.9839] [INFO] Получение всех номенклатур
[2022-08-23 21:48:31.0159] [INFO] Номенклатуры успешно получены
[2022-08-23 21:48:36.5267] [INFO] Изменение номенклатуры
[2022-08-23 21:48:36.8307] [INFO] Изменено успешно
[2022-08-23 21:48:36.8897] [INFO] Получение всех номенклатур
[2022-08-23 21:48:36.9087] [INFO] Номенклатуры успешно получены
[2022-08-23 21:48:38.4366] [INFO] Получение всех заказов
[2022-08-23 21:48:38.4876] [INFO] Заказы успешно получены
[2022-08-23 21:48:41.8138] [INFO] Получение всех номенклатур
[2022-08-23 21:48:41.8258] [INFO] Номенклатуры успешно получены
[2022-08-23 21:48:46.3447] [INFO] Добавление заказа
[2022-08-23 21:48:46.9358] [ERROR] Ошибка -------> Входная строка имела неверный формат.
[2022-08-23 21:48:49.2874] [INFO] Получение всех заказов
[2022-08-23 21:48:49.3164] [INFO] Заказы успешно получены
[2022-08-23 21:48:49.6976] [INFO] Получение всех заказов
[2022-08-23 21:48:49.7396] [INFO] Заказы успешно получены
[2022-08-23 22:04:49.8492] [INFO] Обновление токена
[2022-08-23 22:04:52.0730] [INFO] Токен обновлен
[2022-08-23 22:04:53.0182] [INFO] Получение всех заказов
[2022-08-23 22:04:53.1571] [INFO] Заказы успешно получены
[2022-08-23 22:04:55.6764] [INFO] Удаление заказа
[2022-08-23 22:04:55.8084] [INFO] Удалено успешно
[2022-08-23 22:04:55.8194] [INFO] Получение всех заказов
[2022-08-23 22:04:55.8194] [INFO] Заказы успешно получены
[2022-08-23 22:04:58.9044] [INFO] Получение всех номенклатур
[2022-08-23 22:04:58.9444] [INFO] Номенклатуры успешно получены
[2022-08-23 22:05:03.7269] [INFO] Добавление заказа
[2022-08-23 22:05:03.9739] [ERROR] Ошибка -------> Входная строка имела неверный формат.
[2022-08-23 22:06:12.9942] [INFO] Получение всех номенклатур
[2022-08-23 22:06:12.9942] [INFO] Номенклатуры успешно получены
[2022-08-23 22:06:13.4402] [INFO] Получение всех заказов
[2022-08-23 22:06:13.4572] [INFO] Заказы успешно получены
[2022-08-23 22:06:17.4397] [INFO] Изменение заказа
[2022-08-23 22:06:58.1864] [INFO] Обновление токена
[2022-08-23 22:07:01.1554] [INFO] Токен обновлен
[2022-08-23 22:07:02.7404] [INFO] Получение всех заказов
[2022-08-23 22:07:02.9114] [INFO] Заказы успешно получены
[2022-08-23 22:07:03.1344] [INFO] Получение всех заказов
[2022-08-23 22:07:03.1504] [INFO] Заказы успешно получены
[2022-08-23 22:07:03.5524] [INFO] Получение всех номенклатур
[2022-08-23 22:07:03.6954] [INFO] Номенклатуры успешно получены
[2022-08-23 22:07:03.8974] [INFO] Получение всех заказов
[2022-08-23 22:07:03.9234] [INFO] Заказы успешно получены
[2022-08-23 22:07:08.5739] [INFO] Получение всех номенклатур
[2022-08-23 22:07:08.5739] [INFO] Номенклатуры успешно получены
[2022-08-23 22:07:14.4139] [INFO] Добавление заказа
[2022-08-23 22:07:14.6614] [ERROR] Ошибка -------> Входная строка имела неверный формат.
[2022-08-23 22:07:17.4837] [INFO] Получение всех заказов
[2022-08-23 22:07:17.5007] [INFO] Заказы успешно получены
[2022-08-23 22:07:22.7493] [INFO] Удаление заказа
[2022-08-23 22:07:22.8616] [INFO] Удалено успешно
[2022-08-23 22:07:22.8756] [INFO] Получение всех заказов
[2022-08-23 22:07:22.8946] [INFO] Заказы успешно получены
[2022-08-23 22:07:24.4812] [INFO] Удаление заказа
[2022-08-23 22:07:24.4932] [INFO] Удалено успешно
[2022-08-23 22:07:24.5470] [INFO] Получение всех заказов
[2022-08-23 22:07:24.5470] [INFO] Заказы успешно получены
[2022-08-23 22:08:08.6941] [INFO] Обновление токена
[2022-08-23 22:08:11.9914] [INFO] Токен обновлен
[2022-08-23 22:08:13.2054] [INFO] Получение всех заказов
[2022-08-23 22:08:13.2804] [INFO] Заказы успешно получены
[2022-08-23 22:08:18.9524] [INFO] Получение всех номенклатур
[2022-08-23 22:08:19.0814] [INFO] Номенклатуры успешно получены
[2022-08-23 22:08:23.5228] [INFO] Добавление заказа
[2022-08-23 22:08:27.3358] [INFO] Получение всех заказов
[2022-08-23 22:08:27.3488] [INFO] Заказы успешно получены
[2022-08-23 22:08:31.2921] [INFO] Получение всех номенклатур
[2022-08-23 22:08:31.2921] [INFO] Номенклатуры успешно получены
[2022-08-23 22:08:36.0147] [INFO] Добавление заказа
[2022-08-23 22:08:39.1444] [INFO] Получение всех заказов
[2022-08-23 22:08:39.1444] [INFO] Заказы успешно получены
[2022-08-23 22:08:39.5848] [INFO] Получение всех заказов
[2022-08-23 22:08:39.5848] [INFO] Заказы успешно получены
[2022-08-23 22:08:39.7346] [INFO] Получение всех заказов
[2022-08-23 22:08:39.7346] [INFO] Заказы успешно получены
[2022-08-23 22:08:39.9191] [INFO] Получение всех заказов
[2022-08-23 22:08:39.9191] [INFO] Заказы успешно получены
[2022-08-23 22:08:40.0547] [INFO] Получение всех заказов
[2022-08-23 22:08:40.0547] [INFO] Заказы успешно получены
[2022-08-23 22:08:47.5813] [INFO] Удаление заказа
[2022-08-23 22:08:47.6883] [INFO] Удалено успешно
[2022-08-23 22:08:47.7013] [INFO] Получение всех заказов
[2022-08-23 22:08:47.7013] [INFO] Заказы успешно получены
[2022-08-23 22:08:49.7889] [INFO] Удаление заказа
[2022-08-23 22:08:49.7889] [INFO] Удалено успешно
[2022-08-23 22:08:49.8689] [INFO] Получение всех заказов
[2022-08-23 22:08:49.8689] [INFO] Заказы успешно получены
[2022-08-23 22:10:50.5501] [INFO] Обновление токена
[2022-08-23 22:10:52.8858] [INFO] Токен обновлен
[2022-08-23 22:10:53.8228] [INFO] Получение всех заказов
[2022-08-23 22:10:53.8898] [INFO] Заказы успешно получены
[2022-08-23 22:10:55.1892] [INFO] Получение всех заказов
[2022-08-23 22:10:55.1912] [INFO] Заказы успешно получены
[2022-08-23 22:10:55.6042] [INFO] Получение всех заказов
[2022-08-23 22:10:55.6042] [INFO] Заказы успешно получены
[2022-08-23 22:10:55.7697] [INFO] Получение всех заказов
[2022-08-23 22:10:55.7697] [INFO] Заказы успешно получены
[2022-08-23 22:10:56.0934] [INFO] Получение всех номенклатур
[2022-08-23 22:10:56.1734] [INFO] Номенклатуры успешно получены
[2022-08-23 22:10:56.4124] [INFO] Получение всех заказов
[2022-08-23 22:10:56.4124] [INFO] Заказы успешно получены
[2022-08-23 22:10:58.4734] [INFO] Получение всех номенклатур
[2022-08-23 22:10:58.4734] [INFO] Номенклатуры успешно получены
[2022-08-23 22:11:00.9179] [INFO] Добавление заказа
[2022-08-23 22:11:01.1749] [INFO] Добавлено успешно
[2022-08-23 22:11:01.1749] [INFO] Получение всех заказов
[2022-08-23 22:11:01.2099] [INFO] Заказы успешно получены
[2022-08-23 22:11:10.3800] [INFO] Получение всех номенклатур
[2022-08-23 22:11:10.3800] [INFO] Номенклатуры успешно получены
[2022-08-23 22:11:14.3465] [INFO] Добавление заказа
[2022-08-23 22:11:14.3465] [INFO] Добавлено успешно
[2022-08-23 22:11:14.3715] [INFO] Получение всех заказов
[2022-08-23 22:11:14.3715] [INFO] Заказы успешно получены
[2022-08-23 22:11:36.9881] [INFO] Обновление токена
[2022-08-23 22:11:40.3407] [INFO] Токен обновлен
[2022-08-23 22:11:41.4892] [INFO] Получение всех заказов
[2022-08-23 22:11:41.6842] [INFO] Заказы успешно получены
[2022-08-23 22:11:44.2468] [INFO] Получение всех номенклатур
[2022-08-23 22:11:44.2888] [INFO] Номенклатуры успешно получены
[2022-08-23 22:11:48.4010] [INFO] Добавление заказа
[2022-08-23 22:11:48.5240] [INFO] Добавлено успешно
[2022-08-23 22:11:48.5350] [INFO] Получение всех заказов
[2022-08-23 22:11:48.5350] [INFO] Заказы успешно получены
