[2022-08-20 16:46:04.2106] [INFO] Обновление токена
[2022-08-20 16:46:05.1231] [ERROR] Ошибка -------> Не найдена сессия пользователя
[2022-08-20 16:46:24.9232] [INFO] Обновление токена
[2022-08-20 16:46:26.1692] [ERROR] Ошибка -------> Не найдена сессия пользователя
[2022-08-20 16:47:04.4866] [INFO] Обновление токена
[2022-08-20 16:47:05.2374] [ERROR] Ошибка -------> Не найдена сессия пользователя
[2022-08-20 16:47:14.8059] [INFO] Авторизация
[2022-08-20 16:47:15.3780] [INFO] Токен получен
[2022-08-20 16:47:16.0784] [INFO] Получение всех заказов
[2022-08-20 16:47:16.1346] [INFO] Заказы успешно получены
[2022-08-20 16:47:17.4682] [INFO] Получение всех номенклатур
[2022-08-20 16:47:17.5022] [INFO] Номенклатуры успешно получены
[2022-08-20 16:47:17.9290] [INFO] Получение всех этапов
[2022-08-20 16:47:17.9290] [INFO] Все этапы успешно получены
[2022-08-20 16:47:18.6751] [INFO] Получение всех номенклатур
[2022-08-20 16:47:18.6751] [INFO] Номенклатуры успешно получены
[2022-08-20 16:47:21.3715] [INFO] Получение всех номенклатур
[2022-08-20 16:47:21.3715] [INFO] Номенклатуры успешно получены
[2022-08-20 16:47:21.7163] [INFO] Получение всех номенклатур
[2022-08-20 16:47:21.7163] [INFO] Номенклатуры успешно получены
[2022-08-20 16:47:22.3273] [INFO] Получение всех заказов
[2022-08-20 16:47:22.3334] [INFO] Заказы успешно получены
[2022-08-20 16:47:24.7173] [INFO] Получение всех номенклатур
[2022-08-20 16:47:24.7173] [INFO] Номенклатуры успешно получены
[2022-08-20 16:47:28.8065] [INFO] Получение всех этапов
[2022-08-20 16:47:28.8065] [INFO] Все этапы успешно получены
[2022-08-20 16:48:36.1432] [INFO] Обновление токена
[2022-08-20 16:48:37.4322] [INFO] Токен обновлен
[2022-08-20 16:48:38.3202] [INFO] Получение всех заказов
[2022-08-20 16:48:38.4012] [INFO] Заказы успешно получены
[2022-08-20 16:48:41.9821] [INFO] Получение всех номенклатур
[2022-08-20 16:48:42.0076] [INFO] Номенклатуры успешно получены
[2022-08-20 16:48:44.4047] [INFO] Получение всех этапов
[2022-08-20 16:48:44.4178] [INFO] Все этапы успешно получены
[2022-08-20 17:31:08.6350] [INFO] Обновление токена
[2022-08-20 17:31:10.6400] [INFO] Токен обновлен
[2022-08-20 17:31:12.0430] [INFO] Получение всех заказов
[2022-08-20 17:31:12.1480] [INFO] Заказы успешно получены
[2022-08-20 17:31:14.0480] [INFO] Получение всех номенклатур
[2022-08-20 17:31:14.0811] [INFO] Номенклатуры успешно получены
[2022-08-20 17:31:18.7106] [INFO] Получение всех этапов
[2022-08-20 17:31:18.7106] [INFO] Все этапы успешно получены
[2022-08-20 17:31:23.7957] [INFO] Получение всех номенклатур
[2022-08-20 17:31:23.7957] [INFO] Номенклатуры успешно получены
[2022-08-20 17:31:24.6407] [INFO] Получение всех этапов
[2022-08-20 17:31:24.6457] [INFO] Все этапы успешно получены
[2022-08-20 17:31:28.7023] [INFO] Добавление этапа
[2022-08-20 17:31:28.7893] [INFO] Добавлено успешно
[2022-08-20 17:31:28.8073] [INFO] Получение всех этапов
[2022-08-20 17:31:28.8073] [INFO] Все этапы успешно получены
[2022-08-20 17:31:29.4703] [INFO] Получение всех номенклатур
[2022-08-20 17:31:29.4763] [INFO] Номенклатуры успешно получены
[2022-08-20 17:31:41.4278] [INFO] Получение всех этапов
[2022-08-20 17:31:41.4278] [INFO] Все этапы успешно получены
[2022-08-20 17:31:45.0621] [INFO] Получение всех этапов
[2022-08-20 17:31:45.0691] [INFO] Все этапы успешно получены
[2022-08-20 17:31:51.4556] [INFO] Получение всех этапов
[2022-08-20 17:31:51.4606] [INFO] Все этапы успешно получены
[2022-08-20 17:31:56.9306] [INFO] Добавление этапа
[2022-08-20 17:31:56.9506] [INFO] Добавлено успешно
[2022-08-20 17:31:56.9676] [INFO] Получение всех этапов
[2022-08-20 17:31:56.9676] [INFO] Все этапы успешно получены
[2022-08-20 17:31:57.8680] [INFO] Получение всех номенклатур
[2022-08-20 17:31:57.8680] [INFO] Номенклатуры успешно получены
[2022-08-20 17:32:15.4459] [INFO] Получение всех этапов
[2022-08-20 17:32:15.4459] [INFO] Все этапы успешно получены
[2022-08-20 17:32:17.9472] [INFO] Получение всех этапов
[2022-08-20 17:32:17.9472] [INFO] Все этапы успешно получены
[2022-08-20 17:33:35.3581] [INFO] Обновление токена
[2022-08-20 17:33:36.3020] [INFO] Токен обновлен
[2022-08-20 17:33:37.0790] [INFO] Получение всех заказов
[2022-08-20 17:33:37.1330] [INFO] Заказы успешно получены
[2022-08-20 17:33:38.0674] [INFO] Получение всех этапов
[2022-08-20 17:33:38.0864] [INFO] Все этапы успешно получены
[2022-08-20 17:33:45.4994] [INFO] Получение всех номенклатур
[2022-08-20 17:33:45.5214] [INFO] Номенклатуры успешно получены
[2022-08-20 17:33:47.2920] [INFO] Получение всех этапов
[2022-08-20 17:33:47.2920] [INFO] Все этапы успешно получены
[2022-08-20 17:33:49.2287] [INFO] Получение всех этапов
[2022-08-20 17:33:49.2287] [INFO] Все этапы успешно получены
[2022-08-20 17:44:55.7585] [INFO] Обновление токена
[2022-08-20 17:44:57.2799] [INFO] Токен обновлен
[2022-08-20 17:44:58.3009] [INFO] Получение всех заказов
[2022-08-20 17:44:58.3639] [INFO] Заказы успешно получены
[2022-08-20 17:45:03.3728] [INFO] Получение всех этапов
[2022-08-20 17:45:03.3948] [INFO] Все этапы успешно получены
[2022-08-20 17:45:04.6712] [INFO] Получение всех номенклатур
[2022-08-20 17:45:04.6972] [INFO] Номенклатуры успешно получены
[2022-08-20 17:45:08.5678] [INFO] Получение всех этапов
[2022-08-20 17:45:08.5678] [INFO] Все этапы успешно получены
[2022-08-20 17:45:10.3900] [INFO] Получение всех этапов
[2022-08-20 17:45:10.3960] [INFO] Все этапы успешно получены
[2022-08-20 17:45:16.6975] [INFO] Получение всех этапов
[2022-08-20 17:45:16.6975] [INFO] Все этапы успешно получены
[2022-08-20 17:45:20.0271] [INFO] Получение всех этапов
[2022-08-20 17:45:20.0401] [INFO] Все этапы успешно получены
[2022-08-20 17:49:17.1044] [INFO] Обновление токена
[2022-08-20 17:49:18.2092] [INFO] Токен обновлен
[2022-08-20 17:49:19.2612] [INFO] Получение всех заказов
[2022-08-20 17:49:19.3452] [INFO] Заказы успешно получены
[2022-08-20 17:49:33.5513] [INFO] Получение всех номенклатур
[2022-08-20 17:49:33.5713] [INFO] Номенклатуры успешно получены
[2022-08-20 17:49:34.1283] [INFO] Получение всех этапов
[2022-08-20 17:49:34.1663] [INFO] Все этапы успешно получены
[2022-08-20 17:49:34.5273] [INFO] Получение всех номенклатур
[2022-08-20 17:49:34.5273] [INFO] Номенклатуры успешно получены
[2022-08-20 17:49:40.9642] [INFO] Получение всех этапов
[2022-08-20 17:49:40.9642] [INFO] Все этапы успешно получены
[2022-08-20 17:49:44.7663] [INFO] Получение всех этапов
[2022-08-20 17:49:44.7723] [INFO] Все этапы успешно получены
[2022-08-20 17:49:46.7325] [INFO] Получение всех этапов
[2022-08-20 17:49:46.7325] [INFO] Все этапы успешно получены
[2022-08-20 17:54:42.4434] [INFO] Обновление токена
[2022-08-20 17:54:43.4043] [INFO] Токен обновлен
[2022-08-20 17:54:44.1348] [INFO] Получение всех заказов
[2022-08-20 17:54:44.1928] [INFO] Заказы успешно получены
[2022-08-20 17:54:45.7295] [INFO] Получение всех номенклатур
[2022-08-20 17:54:45.7575] [INFO] Номенклатуры успешно получены
[2022-08-20 17:54:47.9791] [INFO] Получение всех этапов
[2022-08-20 17:54:48.0211] [INFO] Все этапы успешно получены
[2022-08-20 17:54:50.7304] [INFO] Получение всех этапов
[2022-08-20 17:54:50.7304] [INFO] Все этапы успешно получены
[2022-08-20 17:54:53.5974] [INFO] Получение всех этапов
[2022-08-20 17:54:53.5974] [INFO] Все этапы успешно получены
[2022-08-20 18:49:54.1958] [INFO] Обновление токена
[2022-08-20 18:49:55.1402] [INFO] Токен обновлен
[2022-08-20 18:49:56.0351] [INFO] Получение всех заказов
[2022-08-20 18:49:56.0971] [INFO] Заказы успешно получены
[2022-08-20 18:49:56.9267] [INFO] Получение всех номенклатур
[2022-08-20 18:49:56.9501] [INFO] Номенклатуры успешно получены
[2022-08-20 18:49:57.3444] [INFO] Получение всех этапов
[2022-08-20 18:49:57.3674] [INFO] Все этапы успешно получены
[2022-08-20 18:49:57.8648] [INFO] Получение всех номенклатур
[2022-08-20 18:49:57.8648] [INFO] Номенклатуры успешно получены
[2022-08-20 18:50:06.7294] [INFO] Получение всех этапов
[2022-08-20 18:50:06.7294] [INFO] Все этапы успешно получены
[2022-08-20 18:50:08.2108] [INFO] Добавление номенклатуры
[2022-08-20 18:50:08.3456] [INFO] Добавлено успешно
[2022-08-20 18:50:08.3606] [INFO] Получение всех номенклатур
[2022-08-20 18:50:08.3826] [INFO] Номенклатуры успешно получены
[2022-08-20 18:50:18.2627] [INFO] Получение всех этапов
[2022-08-20 18:50:18.2627] [INFO] Все этапы успешно получены
[2022-08-20 18:50:21.0178] [INFO] Добавление номенклатуры
[2022-08-20 18:50:21.0308] [INFO] Добавлено успешно
[2022-08-20 18:50:21.0468] [INFO] Получение всех номенклатур
[2022-08-20 18:50:21.0518] [INFO] Номенклатуры успешно получены
[2022-08-20 18:50:21.9589] [INFO] Получение всех заказов
[2022-08-20 18:50:21.9589] [INFO] Заказы успешно получены
[2022-08-20 18:50:24.8041] [INFO] Получение всех номенклатур
[2022-08-20 18:50:24.8041] [INFO] Номенклатуры успешно получены
[2022-08-20 19:18:20.8821] [INFO] Обновление токена
[2022-08-20 19:18:21.8363] [INFO] Токен обновлен
[2022-08-20 19:18:22.6404] [INFO] Получение всех заказов
[2022-08-20 19:18:22.6934] [INFO] Заказы успешно получены
[2022-08-20 19:18:25.9750] [INFO] Получение всех заказов
[2022-08-20 19:18:25.9750] [INFO] Заказы успешно получены
[2022-08-20 19:18:27.0719] [INFO] Получение всех этапов
[2022-08-20 19:18:27.0899] [INFO] Все этапы успешно получены
[2022-08-20 19:18:32.8724] [INFO] Получение всех номенклатур
[2022-08-20 19:18:32.9204] [INFO] Номенклатуры успешно получены
[2022-08-20 19:18:33.4051] [INFO] Получение всех номенклатур
[2022-08-20 19:18:33.4051] [INFO] Номенклатуры успешно получены
[2022-08-20 19:18:33.6832] [INFO] Получение всех заказов
[2022-08-20 19:18:33.6832] [INFO] Заказы успешно получены
[2022-08-20 19:18:33.9881] [INFO] Получение всех номенклатур
[2022-08-20 19:18:33.9881] [INFO] Номенклатуры успешно получены
[2022-08-20 19:18:34.3261] [INFO] Получение всех этапов
[2022-08-20 19:18:34.3391] [INFO] Все этапы успешно получены
[2022-08-20 19:18:34.6233] [INFO] Получение всех номенклатур
[2022-08-20 19:18:34.6233] [INFO] Номенклатуры успешно получены
[2022-08-20 19:18:34.9584] [INFO] Получение всех заказов
[2022-08-20 19:18:34.9584] [INFO] Заказы успешно получены
[2022-08-20 19:18:36.4917] [INFO] Получение всех номенклатур
[2022-08-20 19:18:36.4917] [INFO] Номенклатуры успешно получены
[2022-08-20 19:18:42.4975] [INFO] Получение всех номенклатур
[2022-08-20 19:18:42.4975] [INFO] Номенклатуры успешно получены
[2022-08-20 19:26:16.3187] [INFO] Обновление токена
[2022-08-20 19:26:17.3315] [INFO] Токен обновлен
[2022-08-20 19:26:18.0735] [INFO] Получение всех заказов
[2022-08-20 19:26:18.1255] [INFO] Заказы успешно получены
[2022-08-20 19:27:45.3364] [INFO] Получение всех номенклатур
[2022-08-20 19:27:45.3994] [INFO] Номенклатуры успешно получены
[2022-08-20 19:27:46.0576] [INFO] Получение всех заказов
[2022-08-20 19:27:46.0696] [INFO] Заказы успешно получены
[2022-08-20 19:27:47.2181] [INFO] Получение всех номенклатур
[2022-08-20 19:27:47.2261] [INFO] Номенклатуры успешно получены
[2022-08-20 19:27:56.0619] [INFO] Получение всех заказов
[2022-08-20 19:27:56.0749] [INFO] Заказы успешно получены
[2022-08-20 19:28:30.5177] [INFO] Обновление токена
[2022-08-20 19:28:31.4469] [INFO] Токен обновлен
[2022-08-20 19:28:32.2109] [INFO] Получение всех заказов
[2022-08-20 19:28:32.2859] [INFO] Заказы успешно получены
[2022-08-20 19:28:34.0386] [INFO] Получение всех номенклатур
[2022-08-20 19:28:34.1056] [INFO] Номенклатуры успешно получены
[2022-08-20 19:30:52.8907] [INFO] Обновление токена
[2022-08-20 19:30:53.8918] [INFO] Токен обновлен
[2022-08-20 19:30:54.6638] [INFO] Получение всех заказов
[2022-08-20 19:30:54.7198] [INFO] Заказы успешно получены
[2022-08-20 19:30:57.3245] [INFO] Получение всех номенклатур
[2022-08-20 19:30:57.3985] [INFO] Номенклатуры успешно получены
[2022-08-20 19:40:47.8037] [INFO] Обновление токена
[2022-08-20 19:40:49.0057] [INFO] Токен обновлен
[2022-08-20 19:40:49.8672] [INFO] Получение всех заказов
[2022-08-20 19:40:49.9162] [INFO] Заказы успешно получены
[2022-08-20 19:40:50.9070] [INFO] Получение всех номенклатур
[2022-08-20 19:40:50.9620] [INFO] Номенклатуры успешно получены
[2022-08-20 19:40:51.2669] [INFO] Получение всех заказов
[2022-08-20 19:40:51.2719] [INFO] Заказы успешно получены
[2022-08-20 19:40:55.7399] [INFO] Получение всех номенклатур
[2022-08-20 19:40:55.7399] [INFO] Номенклатуры успешно получены
[2022-08-20 19:43:49.3668] [INFO] Обновление токена
[2022-08-20 19:43:50.3877] [INFO] Токен обновлен
[2022-08-20 19:43:51.1816] [INFO] Получение всех заказов
[2022-08-20 19:43:51.2416] [INFO] Заказы успешно получены
[2022-08-20 19:44:34.7639] [INFO] Получение всех номенклатур
[2022-08-20 19:44:34.8289] [INFO] Номенклатуры успешно получены
[2022-08-20 19:44:38.3175] [INFO] Получение всех этапов
[2022-08-20 19:44:38.3175] [INFO] Все этапы успешно получены
[2022-08-20 20:09:02.2628] [INFO] Обновление токена
[2022-08-20 20:09:03.6056] [INFO] Токен обновлен
[2022-08-20 20:09:04.6866] [INFO] Получение всех заказов
[2022-08-20 20:09:04.7446] [INFO] Заказы успешно получены
[2022-08-20 20:09:05.3659] [INFO] Получение всех номенклатур
[2022-08-20 20:09:05.4269] [INFO] Номенклатуры успешно получены
[2022-08-20 20:09:06.3190] [INFO] Получение всех заказов
[2022-08-20 20:09:06.3190] [INFO] Заказы успешно получены
[2022-08-20 20:09:08.4499] [INFO] Получение всех номенклатур
[2022-08-20 20:09:08.4499] [INFO] Номенклатуры успешно получены
[2022-08-20 20:09:14.9013] [INFO] Получение всех этапов
[2022-08-20 20:09:14.9133] [INFO] Все этапы успешно получены
[2022-08-20 21:10:10.5666] [INFO] Обновление токена
[2022-08-20 21:10:11.2675] [ERROR] Ошибка -------> Не найдена сессия пользователя
[2022-08-20 21:10:25.4254] [INFO] Обновление токена
[2022-08-20 21:10:26.1077] [ERROR] Ошибка -------> Не найдена сессия пользователя
[2022-08-20 21:10:39.3267] [INFO] Обновление токена
[2022-08-20 21:10:40.0827] [ERROR] Ошибка -------> Не найдена сессия пользователя
[2022-08-20 21:10:51.3414] [INFO] Авторизация
[2022-08-20 21:10:51.8414] [INFO] Токен получен
[2022-08-20 21:10:52.4844] [INFO] Получение всех заказов
[2022-08-20 21:10:52.5334] [INFO] Заказы успешно получены
[2022-08-20 21:10:53.0782] [INFO] Получение всех номенклатур
[2022-08-20 21:10:53.1183] [INFO] Номенклатуры успешно получены
[2022-08-20 21:10:53.3902] [INFO] Получение всех этапов
[2022-08-20 21:10:53.3992] [INFO] Все этапы успешно получены
[2022-08-20 21:10:59.3716] [INFO] Добавление этапа
[2022-08-20 21:10:59.4056] [INFO] Добавлено успешно
[2022-08-20 21:10:59.4337] [INFO] Получение всех этапов
[2022-08-20 21:10:59.4407] [INFO] Все этапы успешно получены
[2022-08-20 21:11:00.5147] [INFO] Получение всех этапов
[2022-08-20 21:11:00.5197] [INFO] Все этапы успешно получены
[2022-08-20 21:11:03.7355] [INFO] Добавление этапа
[2022-08-20 21:11:03.7595] [INFO] Добавлено успешно
[2022-08-20 21:11:03.7885] [INFO] Получение всех этапов
[2022-08-20 21:11:03.7885] [INFO] Все этапы успешно получены
[2022-08-20 21:11:06.1162] [INFO] Изменение этапа
[2022-08-20 21:11:06.3022] [ERROR] Ошибка -------> Этап с таким ID не существует
[2022-08-20 21:11:36.3990] [INFO] Обновление токена
[2022-08-20 21:11:37.3842] [INFO] Токен обновлен
[2022-08-20 21:11:38.2035] [INFO] Получение всех заказов
[2022-08-20 21:11:38.2575] [INFO] Заказы успешно получены
[2022-08-20 21:11:44.5515] [INFO] Получение всех этапов
[2022-08-20 21:11:44.5695] [INFO] Все этапы успешно получены
[2022-08-20 21:11:46.3421] [INFO] Изменение этапа
[2022-08-20 21:11:46.5811] [ERROR] Ошибка -------> Этап с таким ID не существует
[2022-08-20 21:12:42.8261] [INFO] Изменение этапа
[2022-08-20 21:12:42.9752] [ERROR] Ошибка -------> Этап с таким ID не существует
[2022-08-20 21:13:33.6241] [INFO] Обновление токена
[2022-08-20 21:13:34.7491] [INFO] Токен обновлен
[2022-08-20 21:13:35.6311] [INFO] Получение всех заказов
[2022-08-20 21:13:35.7031] [INFO] Заказы успешно получены
[2022-08-20 21:13:36.3681] [INFO] Получение всех номенклатур
[2022-08-20 21:13:36.3991] [INFO] Номенклатуры успешно получены
[2022-08-20 21:13:36.7501] [INFO] Получение всех этапов
[2022-08-20 21:13:36.7711] [INFO] Все этапы успешно получены
[2022-08-20 21:13:41.6227] [INFO] Изменение этапа
[2022-08-20 21:13:41.8147] [ERROR] Ошибка -------> Этап с таким ID не существует
[2022-08-20 21:14:53.6351] [INFO] Обновление токена
[2022-08-20 21:14:54.6261] [INFO] Токен обновлен
[2022-08-20 21:14:55.4711] [INFO] Получение всех заказов
[2022-08-20 21:14:55.5261] [INFO] Заказы успешно получены
[2022-08-20 21:14:55.9408] [INFO] Получение всех номенклатур
[2022-08-20 21:14:55.9668] [INFO] Номенклатуры успешно получены
[2022-08-20 21:14:56.2738] [INFO] Получение всех этапов
[2022-08-20 21:14:56.2968] [INFO] Все этапы успешно получены
[2022-08-20 21:19:13.1545] [INFO] Обновление токена
[2022-08-20 21:19:14.4013] [INFO] Токен обновлен
[2022-08-20 21:19:15.4603] [INFO] Получение всех заказов
[2022-08-20 21:19:15.5653] [INFO] Заказы успешно получены
[2022-08-20 21:19:15.7183] [INFO] Получение всех этапов
[2022-08-20 21:19:15.7433] [INFO] Все этапы успешно получены
[2022-08-20 21:19:18.2136] [INFO] Изменение этапа
[2022-08-20 21:19:18.4226] [ERROR] Ошибка -------> An error occurred while updating the entries. See the inner exception for details.
[2022-08-20 21:19:44.5008] [INFO] Изменение этапа
[2022-08-20 21:19:44.6248] [ERROR] Ошибка -------> An error occurred while updating the entries. See the inner exception for details.
[2022-08-20 22:08:43.8421] [INFO] Обновление токена
[2022-08-20 22:08:45.3266] [INFO] Токен обновлен
[2022-08-20 22:08:46.3506] [INFO] Получение всех заказов
[2022-08-20 22:08:46.4036] [INFO] Заказы успешно получены
[2022-08-20 22:09:01.5241] [INFO] Получение всех номенклатур
[2022-08-20 22:09:01.5691] [INFO] Номенклатуры успешно получены
[2022-08-20 22:09:02.2911] [INFO] Получение всех этапов
[2022-08-20 22:09:02.3281] [INFO] Все этапы успешно получены
[2022-08-20 22:09:06.3701] [INFO] Изменение этапа
[2022-08-20 22:09:06.5821] [ERROR] Ошибка -------> An error occurred while updating the entries. See the inner exception for details.
[2022-08-20 22:09:40.1741] [INFO] Получение всех этапов
[2022-08-20 22:09:40.1781] [INFO] Все этапы успешно получены
[2022-08-20 22:09:40.4988] [INFO] Получение всех номенклатур
[2022-08-20 22:09:40.5108] [INFO] Номенклатуры успешно получены
[2022-08-20 22:09:40.8509] [INFO] Получение всех этапов
[2022-08-20 22:09:40.8509] [INFO] Все этапы успешно получены
[2022-08-20 22:09:44.1003] [INFO] Получение всех номенклатур
[2022-08-20 22:09:44.1003] [INFO] Номенклатуры успешно получены
[2022-08-20 22:09:44.4931] [INFO] Получение всех заказов
[2022-08-20 22:09:44.5101] [INFO] Заказы успешно получены
[2022-08-20 22:09:44.8140] [INFO] Получение всех этапов
[2022-08-20 22:09:44.8180] [INFO] Все этапы успешно получены
[2022-08-20 22:13:55.2174] [INFO] Обновление токена
[2022-08-20 22:13:56.3404] [INFO] Токен обновлен
[2022-08-20 22:13:57.1644] [INFO] Получение всех заказов
[2022-08-20 22:13:57.2184] [INFO] Заказы успешно получены
[2022-08-20 22:14:01.3022] [INFO] Получение всех номенклатур
[2022-08-20 22:14:01.3232] [INFO] Номенклатуры успешно получены
[2022-08-20 22:14:01.7102] [INFO] Получение всех этапов
[2022-08-20 22:14:01.7322] [INFO] Все этапы успешно получены
[2022-08-20 22:14:02.1152] [INFO] Получение всех номенклатур
[2022-08-20 22:14:02.1152] [INFO] Номенклатуры успешно получены
[2022-08-20 22:14:02.7882] [INFO] Получение всех этапов
[2022-08-20 22:14:02.7882] [INFO] Все этапы успешно получены
[2022-08-20 22:15:29.2416] [INFO] Получение всех номенклатур
[2022-08-20 22:15:29.2416] [INFO] Номенклатуры успешно получены
[2022-08-20 22:15:29.6326] [INFO] Получение всех этапов
[2022-08-20 22:15:29.6326] [INFO] Все этапы успешно получены
[2022-08-20 22:15:29.9155] [INFO] Получение всех номенклатур
[2022-08-20 22:15:29.9155] [INFO] Номенклатуры успешно получены
[2022-08-20 22:15:31.6954] [INFO] Получение всех заказов
[2022-08-20 22:15:31.7064] [INFO] Заказы успешно получены
[2022-08-20 22:15:32.4651] [INFO] Получение всех заказов
[2022-08-20 22:15:32.4651] [INFO] Заказы успешно получены
[2022-08-20 22:15:33.6565] [INFO] Получение всех номенклатур
[2022-08-20 22:15:33.6685] [INFO] Номенклатуры успешно получены
[2022-08-20 22:59:08.1594] [INFO] Обновление токена
[2022-08-20 22:59:09.4994] [INFO] Токен обновлен
[2022-08-20 22:59:10.7494] [INFO] Получение всех заказов
[2022-08-20 22:59:10.8444] [INFO] Заказы успешно получены
[2022-08-20 22:59:13.5808] [INFO] Получение всех номенклатур
[2022-08-20 22:59:13.6078] [INFO] Номенклатуры успешно получены
[2022-08-20 22:59:13.9334] [INFO] Получение всех этапов
[2022-08-20 22:59:13.9684] [INFO] Все этапы успешно получены
[2022-08-20 22:59:14.2366] [INFO] Получение всех номенклатур
[2022-08-20 22:59:14.2416] [INFO] Номенклатуры успешно получены
[2022-08-20 22:59:14.8988] [INFO] Получение всех заказов
[2022-08-20 22:59:14.8988] [INFO] Заказы успешно получены
[2022-08-20 22:59:16.1231] [INFO] Получение всех номенклатур
[2022-08-20 22:59:16.1301] [INFO] Номенклатуры успешно получены
[2022-08-20 22:59:23.4546] [INFO] Получение всех номенклатур
[2022-08-20 22:59:23.4596] [INFO] Номенклатуры успешно получены
[2022-08-20 22:59:37.4242] [INFO] Получение всех этапов
[2022-08-20 22:59:37.4402] [INFO] Все этапы успешно получены
[2022-08-20 22:59:40.3633] [INFO] Добавление номенклатуры
[2022-08-20 22:59:40.6213] [INFO] Добавлено успешно
[2022-08-20 22:59:40.6533] [INFO] Получение всех номенклатур
[2022-08-20 22:59:40.6733] [INFO] Номенклатуры успешно получены
[2022-08-20 22:59:52.4311] [INFO] Получение всех этапов
[2022-08-20 22:59:52.4420] [INFO] Все этапы успешно получены
[2022-08-20 22:59:56.0520] [INFO] Добавление номенклатуры
[2022-08-20 22:59:56.0820] [INFO] Добавлено успешно
[2022-08-20 22:59:56.1060] [INFO] Получение всех номенклатур
[2022-08-20 22:59:56.1181] [INFO] Номенклатуры успешно получены
[2022-08-20 22:59:57.3371] [INFO] Получение всех номенклатур
[2022-08-20 22:59:57.3371] [INFO] Номенклатуры успешно получены
[2022-08-20 22:59:57.5950] [INFO] Получение всех заказов
[2022-08-20 22:59:57.6141] [INFO] Заказы успешно получены
[2022-08-20 22:59:58.7560] [INFO] Получение всех номенклатур
[2022-08-20 22:59:58.7560] [INFO] Номенклатуры успешно получены
[2022-08-20 23:02:46.6634] [INFO] Обновление токена
[2022-08-20 23:02:48.7094] [INFO] Токен обновлен
[2022-08-20 23:02:50.5024] [INFO] Получение всех заказов
[2022-08-20 23:02:50.6364] [INFO] Заказы успешно получены
[2022-08-20 23:03:00.6614] [INFO] Получение всех номенклатур
[2022-08-20 23:03:00.8484] [INFO] Номенклатуры успешно получены
[2022-08-20 23:03:01.4655] [INFO] Получение всех номенклатур
[2022-08-20 23:03:01.4826] [INFO] Номенклатуры успешно получены
[2022-08-20 23:03:02.0675] [INFO] Получение всех заказов
[2022-08-20 23:03:02.1125] [INFO] Заказы успешно получены
[2022-08-20 23:03:03.5005] [INFO] Получение всех номенклатур
[2022-08-20 23:03:03.5655] [INFO] Номенклатуры успешно получены
[2022-08-20 23:05:46.9427] [INFO] Обновление токена
[2022-08-20 23:05:48.5577] [INFO] Токен обновлен
[2022-08-20 23:05:50.0658] [INFO] Получение всех заказов
[2022-08-20 23:05:50.1857] [INFO] Заказы успешно получены
[2022-08-20 23:05:58.2206] [INFO] Получение всех номенклатур
[2022-08-20 23:05:58.3106] [INFO] Номенклатуры успешно получены
[2022-08-20 23:05:58.4466] [INFO] Получение всех заказов
[2022-08-20 23:05:58.4466] [INFO] Заказы успешно получены
[2022-08-20 23:05:59.5096] [INFO] Получение всех номенклатур
[2022-08-20 23:05:59.5187] [INFO] Номенклатуры успешно получены
[2022-08-20 23:46:18.2514] [INFO] Обновление токена
[2022-08-20 23:46:20.0734] [INFO] Токен обновлен
[2022-08-20 23:46:21.9984] [INFO] Получение всех заказов
[2022-08-20 23:46:22.1284] [INFO] Заказы успешно получены
[2022-08-20 23:46:29.5923] [INFO] Получение всех номенклатур
[2022-08-20 23:46:29.6633] [INFO] Номенклатуры успешно получены
[2022-08-20 23:46:33.7629] [INFO] Получение всех этапов
[2022-08-20 23:46:33.7799] [INFO] Все этапы успешно получены
[2022-08-20 23:47:34.7087] [INFO] Изменение этапа
[2022-08-20 23:47:34.9917] [ERROR] Ошибка -------> An error occurred while updating the entries. See the inner exception for details.
[2022-08-20 23:49:57.6062] [INFO] Обновление токена
[2022-08-20 23:49:59.0252] [INFO] Токен обновлен
[2022-08-20 23:50:00.6822] [INFO] Получение всех заказов
[2022-08-20 23:50:00.7932] [INFO] Заказы успешно получены
[2022-08-20 23:50:01.2002] [INFO] Получение всех номенклатур
[2022-08-20 23:50:01.3402] [INFO] Номенклатуры успешно получены
[2022-08-20 23:50:01.4522] [INFO] Получение всех этапов
[2022-08-20 23:50:01.4792] [INFO] Все этапы успешно получены
[2022-08-20 23:50:02.8152] [INFO] Изменение этапа
[2022-08-20 23:50:02.8962] [INFO] Изменено успешно
[2022-08-20 23:50:02.9322] [INFO] Получение всех этапов
[2022-08-20 23:50:02.9432] [INFO] Все этапы успешно получены
[2022-08-20 23:50:10.8522] [INFO] Изменение этапа
[2022-08-20 23:50:10.9702] [INFO] Изменено успешно
[2022-08-20 23:50:11.0282] [INFO] Получение всех этапов
[2022-08-20 23:50:11.0392] [INFO] Все этапы успешно получены
[2022-08-20 23:50:14.9410] [INFO] Изменение этапа
[2022-08-20 23:50:14.9630] [INFO] Изменено успешно
[2022-08-20 23:50:14.9920] [INFO] Получение всех этапов
[2022-08-20 23:50:14.9920] [INFO] Все этапы успешно получены
[2022-08-20 23:50:18.4793] [INFO] Изменение этапа
[2022-08-20 23:50:18.4793] [INFO] Изменено успешно
[2022-08-20 23:50:18.5093] [INFO] Получение всех этапов
[2022-08-20 23:50:18.5093] [INFO] Все этапы успешно получены
[2022-08-20 23:50:22.5356] [INFO] Добавление этапа
[2022-08-20 23:50:22.6106] [INFO] Добавлено успешно
[2022-08-20 23:50:22.6346] [INFO] Получение всех этапов
[2022-08-20 23:50:22.6346] [INFO] Все этапы успешно получены
[2022-08-20 23:50:24.2310] [INFO] Изменение этапа
[2022-08-20 23:50:24.2460] [INFO] Изменено успешно
[2022-08-20 23:50:24.3463] [INFO] Получение всех этапов
[2022-08-20 23:50:24.3513] [INFO] Все этапы успешно получены
[2022-08-20 23:50:28.6773] [INFO] Изменение этапа
[2022-08-20 23:50:28.6773] [INFO] Изменено успешно
[2022-08-20 23:50:28.7073] [INFO] Получение всех этапов
[2022-08-20 23:50:28.7073] [INFO] Все этапы успешно получены
[2022-08-20 23:50:32.4096] [INFO] Изменение этапа
[2022-08-20 23:50:32.4096] [INFO] Изменено успешно
[2022-08-20 23:50:32.4346] [INFO] Получение всех этапов
[2022-08-20 23:50:32.4346] [INFO] Все этапы успешно получены
[2022-08-20 23:50:35.6367] [INFO] Изменение этапа
[2022-08-20 23:50:35.6367] [INFO] Изменено успешно
[2022-08-20 23:50:35.6597] [INFO] Получение всех этапов
[2022-08-20 23:50:35.6597] [INFO] Все этапы успешно получены
[2022-08-20 23:51:31.2118] [INFO] Обновление токена
[2022-08-20 23:51:32.7158] [INFO] Токен обновлен
[2022-08-20 23:51:33.7368] [INFO] Получение всех заказов
[2022-08-20 23:51:33.8128] [INFO] Заказы успешно получены
[2022-08-20 23:51:34.3628] [INFO] Получение всех этапов
[2022-08-20 23:51:34.4178] [INFO] Все этапы успешно получены
[2022-08-20 23:51:36.8639] [INFO] Изменение этапа
[2022-08-20 23:51:36.9099] [INFO] Изменено успешно
[2022-08-20 23:51:38.6026] [INFO] Получение всех этапов
[2022-08-20 23:51:38.6026] [INFO] Все этапы успешно получены
[2022-08-20 23:53:39.4353] [INFO] Обновление токена
[2022-08-20 23:53:40.8743] [INFO] Токен обновлен
[2022-08-20 23:53:42.0933] [INFO] Получение всех заказов
[2022-08-20 23:53:42.1863] [INFO] Заказы успешно получены
[2022-08-20 23:53:59.1548] [INFO] Получение всех этапов
[2022-08-20 23:53:59.1778] [INFO] Все этапы успешно получены
[2022-08-20 23:54:02.8295] [INFO] Изменение этапа
[2022-08-20 23:54:02.8915] [INFO] Изменено успешно
[2022-08-20 23:54:04.0115] [INFO] Изменение этапа
[2022-08-20 23:54:04.0205] [INFO] Изменено успешно
[2022-08-20 23:54:05.3895] [INFO] Изменение этапа
[2022-08-20 23:54:05.3975] [INFO] Изменено успешно
[2022-08-20 23:54:07.1611] [INFO] Изменение этапа
[2022-08-20 23:54:07.1611] [INFO] Изменено успешно
[2022-08-20 23:54:10.7965] [INFO] Изменение этапа
[2022-08-20 23:54:10.8015] [INFO] Изменено успешно
[2022-08-20 23:54:11.1145] [INFO] Изменение этапа
[2022-08-20 23:54:11.1145] [INFO] Изменено успешно
[2022-08-20 23:54:11.3175] [INFO] Изменение этапа
[2022-08-20 23:54:11.3175] [INFO] Изменено успешно
[2022-08-20 23:54:11.6445] [INFO] Изменение этапа
[2022-08-20 23:54:11.6445] [INFO] Изменено успешно
[2022-08-20 23:54:11.8797] [INFO] Изменение этапа
[2022-08-20 23:54:11.8797] [INFO] Изменено успешно
[2022-08-20 23:54:12.1867] [INFO] Изменение этапа
[2022-08-20 23:54:12.1937] [INFO] Изменено успешно
[2022-08-20 23:54:12.4537] [INFO] Изменение этапа
[2022-08-20 23:54:12.4587] [INFO] Изменено успешно
[2022-08-20 23:54:12.7607] [INFO] Изменение этапа
[2022-08-20 23:54:12.7607] [INFO] Изменено успешно
[2022-08-20 23:54:13.0151] [INFO] Изменение этапа
[2022-08-20 23:54:13.0191] [INFO] Изменено успешно
[2022-08-20 23:54:13.3118] [INFO] Изменение этапа
[2022-08-20 23:54:13.3418] [INFO] Изменено успешно
[2022-08-20 23:54:13.6119] [INFO] Изменение этапа
[2022-08-20 23:54:13.6199] [INFO] Изменено успешно
[2022-08-20 23:54:13.7919] [INFO] Изменение этапа
[2022-08-20 23:54:13.7919] [INFO] Изменено успешно
[2022-08-20 23:54:14.0718] [INFO] Изменение этапа
[2022-08-20 23:54:14.0718] [INFO] Изменено успешно
[2022-08-20 23:54:14.6360] [INFO] Изменение этапа
[2022-08-20 23:54:14.6439] [INFO] Изменено успешно
[2022-08-20 23:54:14.9265] [INFO] Изменение этапа
[2022-08-20 23:54:14.9265] [INFO] Изменено успешно
[2022-08-20 23:54:15.2086] [INFO] Изменение этапа
[2022-08-20 23:54:15.2086] [INFO] Изменено успешно
[2022-08-20 23:54:15.4066] [INFO] Изменение этапа
[2022-08-20 23:54:15.4106] [INFO] Изменено успешно
[2022-08-20 23:54:33.4502] [INFO] Изменение этапа
[2022-08-20 23:54:33.4592] [INFO] Изменено успешно
[2022-08-20 23:54:34.0402] [INFO] Изменение этапа
[2022-08-20 23:54:34.0402] [INFO] Изменено успешно
[2022-08-20 23:54:34.3312] [INFO] Изменение этапа
[2022-08-20 23:54:34.3312] [INFO] Изменено успешно
[2022-08-20 23:54:34.5682] [INFO] Изменение этапа
[2022-08-20 23:54:34.5682] [INFO] Изменено успешно
[2022-08-20 23:54:35.0182] [INFO] Изменение этапа
[2022-08-20 23:54:35.0242] [INFO] Изменено успешно
[2022-08-20 23:54:43.0192] [INFO] Получение всех этапов
[2022-08-20 23:54:43.0192] [INFO] Все этапы успешно получены
[2022-08-20 23:54:43.3032] [INFO] Получение всех номенклатур
[2022-08-20 23:54:43.3792] [INFO] Номенклатуры успешно получены
[2022-08-20 23:54:43.6002] [INFO] Получение всех этапов
[2022-08-20 23:54:43.6002] [INFO] Все этапы успешно получены
[2022-08-20 23:55:02.3531] [INFO] Изменение этапа
[2022-08-20 23:55:02.3531] [INFO] Изменено успешно
