[2022-09-01 14:22:06.9423] [INFO] Обновление токена
[2022-09-01 14:22:09.7007] [ERROR] Ошибка -------> Не найдена сессия пользователя
[2022-09-01 14:22:21.8458] [INFO] Авторизация
[2022-09-01 14:22:22.3998] [INFO] Токен получен
[2022-09-01 14:22:23.1168] [INFO] Получение всех заказов
[2022-09-01 14:22:23.1728] [INFO] Заказы успешно получены
[2022-09-01 14:22:24.0388] [INFO] Получение всех этапов
[2022-09-01 14:22:24.0388] [INFO] Все этапы успешно получены
[2022-09-01 14:22:30.9569] [INFO] Добавление этапа
[2022-09-01 14:22:30.9869] [INFO] Добавлено успешно
[2022-09-01 14:22:31.0056] [INFO] Получение всех этапов
[2022-09-01 14:22:31.0086] [INFO] Все этапы успешно получены
[2022-09-01 14:22:47.5806] [INFO] Изменение этапа
[2022-09-01 14:22:47.6376] [INFO] Изменено успешно
[2022-09-01 14:22:47.6476] [INFO] Получение всех этапов
[2022-09-01 14:22:47.6476] [INFO] Все этапы успешно получены
[2022-09-01 14:25:19.7159] [INFO] Обновление токена
[2022-09-01 14:25:21.7619] [INFO] Токен обновлен
[2022-09-01 14:25:22.5789] [INFO] Получение всех заказов
[2022-09-01 14:25:22.6379] [INFO] Заказы успешно получены
[2022-09-01 14:25:23.3003] [INFO] Получение всех этапов
[2022-09-01 14:25:23.3203] [INFO] Все этапы успешно получены
[2022-09-01 14:25:25.8730] [INFO] Изменение этапа
[2022-09-01 14:25:25.9140] [INFO] Изменено успешно
[2022-09-01 14:25:25.9310] [INFO] Получение всех этапов
[2022-09-01 14:25:25.9310] [INFO] Все этапы успешно получены
[2022-09-01 14:26:21.2510] [INFO] Обновление токена
[2022-09-01 14:26:24.2992] [INFO] Токен обновлен
[2022-09-01 14:26:25.0822] [INFO] Получение всех заказов
[2022-09-01 14:26:25.1472] [INFO] Заказы успешно получены
[2022-09-01 14:26:48.5548] [INFO] Получение всех этапов
[2022-09-01 14:26:48.5818] [INFO] Все этапы успешно получены
[2022-09-01 14:26:58.0514] [INFO] Изменение этапа
[2022-09-01 14:26:58.0914] [INFO] Изменено успешно
[2022-09-01 14:26:58.1054] [INFO] Получение всех этапов
[2022-09-01 14:26:58.1054] [INFO] Все этапы успешно получены
[2022-09-01 14:28:47.7549] [INFO] Обновление токена
[2022-09-01 14:28:51.1760] [INFO] Токен обновлен
[2022-09-01 14:28:52.3230] [INFO] Получение всех заказов
[2022-09-01 14:28:52.3970] [INFO] Заказы успешно получены
[2022-09-01 14:28:52.6570] [INFO] Получение всех этапов
[2022-09-01 14:28:52.6830] [INFO] Все этапы успешно получены
[2022-09-01 14:28:53.2941] [INFO] Получение всех номенклатур
[2022-09-01 14:28:53.3261] [INFO] Номенклатуры успешно получены
[2022-09-01 14:28:54.0514] [INFO] Получение всех этапов
[2022-09-01 14:28:54.0514] [INFO] Все этапы успешно получены
[2022-09-01 14:28:56.2212] [INFO] Изменение этапа
[2022-09-01 14:28:56.2722] [INFO] Изменено успешно
[2022-09-01 14:28:56.2722] [INFO] Получение всех этапов
[2022-09-01 14:28:56.2722] [INFO] Все этапы успешно получены
[2022-09-01 14:29:08.8991] [INFO] Изменение этапа
[2022-09-01 14:33:12.4786] [INFO] Обновление токена
[2022-09-01 14:33:15.1144] [INFO] Токен обновлен
[2022-09-01 14:33:16.0214] [INFO] Получение всех заказов
[2022-09-01 14:33:16.0754] [INFO] Заказы успешно получены
[2022-09-01 14:33:25.5126] [INFO] Получение всех заказов
[2022-09-01 14:33:25.5126] [INFO] Заказы успешно получены
[2022-09-01 14:33:25.8988] [INFO] Получение всех номенклатур
[2022-09-01 14:33:25.9197] [INFO] Номенклатуры успешно получены
[2022-09-01 14:33:26.3604] [INFO] Получение всех этапов
[2022-09-01 14:33:26.3824] [INFO] Все этапы успешно получены
[2022-09-01 14:33:32.0802] [INFO] Изменение этапа
[2022-09-01 14:33:32.1252] [INFO] Изменено успешно
[2022-09-01 14:33:32.1372] [INFO] Получение всех этапов
[2022-09-01 14:33:32.1372] [INFO] Все этапы успешно получены
[2022-09-01 14:34:47.7711] [INFO] Обновление токена
[2022-09-01 14:34:50.1471] [INFO] Токен обновлен
[2022-09-01 14:34:51.2077] [INFO] Получение всех заказов
[2022-09-01 14:34:51.3037] [INFO] Заказы успешно получены
[2022-09-01 14:34:52.2607] [INFO] Получение всех этапов
[2022-09-01 14:34:52.2877] [INFO] Все этапы успешно получены
[2022-09-01 14:34:52.6299] [INFO] Получение всех этапов
[2022-09-01 14:34:52.6319] [INFO] Все этапы успешно получены
[2022-09-01 14:34:56.4692] [INFO] Изменение этапа
[2022-09-01 14:34:56.5292] [INFO] Изменено успешно
[2022-09-01 14:34:56.5422] [INFO] Получение всех этапов
[2022-09-01 14:34:56.5422] [INFO] Все этапы успешно получены
[2022-09-01 14:35:03.1199] [INFO] Изменение этапа
[2022-09-01 14:35:03.1199] [INFO] Изменено успешно
[2022-09-01 14:35:03.1499] [INFO] Получение всех этапов
[2022-09-01 14:35:03.1499] [INFO] Все этапы успешно получены
[2022-09-01 14:35:06.9329] [INFO] Изменение этапа
[2022-09-01 14:35:06.9329] [INFO] Изменено успешно
[2022-09-01 14:35:06.9629] [INFO] Получение всех этапов
[2022-09-01 14:35:06.9629] [INFO] Все этапы успешно получены
