[2022-08-27 22:03:20.3828] [INFO] Обновление токена
[2022-08-27 22:03:22.2681] [INFO] Токен обновлен
[2022-08-27 22:03:22.8822] [INFO] Получение всех заказов
[2022-08-27 22:03:22.9696] [INFO] Заказы успешно получены
[2022-08-27 22:07:33.6039] [INFO] Обновление токена
[2022-08-27 22:07:36.2623] [INFO] Токен обновлен
[2022-08-27 22:07:36.8678] [INFO] Получение всех заказов
[2022-08-27 22:07:36.9536] [INFO] Заказы успешно получены
[2022-08-27 22:09:54.5496] [INFO] Обновление токена
[2022-08-27 22:09:57.2268] [INFO] Токен обновлен
[2022-08-27 22:09:57.8321] [INFO] Получение всех заказов
[2022-08-27 22:09:57.9181] [INFO] Заказы успешно получены
[2022-08-27 22:12:04.8549] [INFO] Обновление токена
[2022-08-27 22:12:07.4872] [INFO] Токен обновлен
[2022-08-27 22:12:08.1345] [INFO] Получение всех заказов
[2022-08-27 22:12:08.2190] [INFO] Заказы успешно получены
[2022-08-27 22:15:06.1317] [INFO] Обновление токена
[2022-08-27 22:15:08.8072] [INFO] Токен обновлен
[2022-08-27 22:15:09.4139] [INFO] Получение всех заказов
[2022-08-27 22:15:09.4986] [INFO] Заказы успешно получены
[2022-08-27 22:23:32.8631] [INFO] Получение всех номенклатур
[2022-08-27 22:23:32.8882] [INFO] Номенклатуры успешно получены
[2022-08-27 22:25:28.5341] [INFO] Обновление токена
[2022-08-27 22:25:31.1611] [INFO] Токен обновлен
[2022-08-27 22:25:31.7625] [INFO] Получение всех заказов
[2022-08-27 22:25:31.8503] [INFO] Заказы успешно получены
[2022-08-27 22:25:33.0600] [INFO] Получение всех номенклатур
[2022-08-27 22:25:33.0860] [INFO] Номенклатуры успешно получены
[2022-08-27 22:25:44.1863] [INFO] Изменение номенклатуры
[2022-08-27 22:25:44.2769] [INFO] Изменено успешно
[2022-08-27 22:25:44.2769] [INFO] Получение всех номенклатур
[2022-08-27 22:25:44.2769] [INFO] Номенклатуры успешно получены
