[2022-08-29 16:24:18.0396] [INFO] Обновление токена
[2022-08-29 16:24:22.3036] [INFO] Токен обновлен
[2022-08-29 16:24:22.9407] [INFO] Получение всех заказов
[2022-08-29 16:24:23.0323] [INFO] Заказы успешно получены
[2022-08-29 16:24:26.5086] [INFO] Получение всех номенклатур
[2022-08-29 16:24:26.5326] [INFO] Номенклатуры успешно получены
[2022-08-29 16:24:33.1166] [INFO] Изменение номенклатуры
[2022-08-29 16:24:33.2134] [INFO] Изменено успешно
[2022-08-29 16:24:33.2134] [INFO] Получение всех номенклатур
[2022-08-29 16:24:33.2134] [INFO] Номенклатуры успешно получены
[2022-08-29 16:25:08.6151] [INFO] Изменение номенклатуры
[2022-08-29 16:25:08.6151] [INFO] Изменено успешно
[2022-08-29 16:25:08.6360] [INFO] Получение всех номенклатур
[2022-08-29 16:25:08.6360] [INFO] Номенклатуры успешно получены
[2022-08-29 16:25:22.0103] [INFO] Изменение номенклатуры
[2022-08-29 16:25:22.0103] [INFO] Изменено успешно
[2022-08-29 16:25:22.0243] [INFO] Получение всех номенклатур
[2022-08-29 16:25:22.0243] [INFO] Номенклатуры успешно получены
[2022-08-29 16:32:30.2673] [INFO] Обновление токена
[2022-08-29 16:32:33.3206] [INFO] Токен обновлен
[2022-08-29 16:32:33.9814] [INFO] Получение всех заказов
[2022-08-29 16:32:34.0732] [INFO] Заказы успешно получены
