[2022-08-11 16:35:45.5006] [INFO] Обновление токена
[2022-08-11 16:35:46.7816] [INFO] Токен обновлен
[2022-08-11 16:35:47.9221] [INFO] Получение всех заказов
[2022-08-11 16:35:48.1541] [INFO] Заказы успешно получены
[2022-08-11 16:35:58.2474] [INFO] Получение всех номенклатур
[2022-08-11 16:35:58.3114] [INFO] Номенклатуры успешно получены
[2022-08-11 16:35:58.5524] [INFO] Получение всех этапов
[2022-08-11 16:35:58.5834] [INFO] Все этапы успешно получены
[2022-08-11 16:35:58.9114] [INFO] Получение всех заказов
[2022-08-11 16:35:58.9114] [INFO] Заказы успешно получены
[2022-08-11 16:35:59.2679] [INFO] Получение всех номенклатур
[2022-08-11 16:35:59.2749] [INFO] Номенклатуры успешно получены
[2022-08-11 16:35:59.6999] [INFO] Получение всех этапов
[2022-08-11 16:35:59.6999] [INFO] Все этапы успешно получены
[2022-08-11 16:36:37.9341] [INFO] Получение всех заказов
[2022-08-11 16:36:37.9341] [INFO] Заказы успешно получены
[2022-08-11 16:36:44.3258] [INFO] Получение всех номенклатур
[2022-08-11 16:36:44.3348] [INFO] Номенклатуры успешно получены
[2022-08-11 16:36:48.5785] [INFO] Добавление заказа
[2022-08-11 16:36:48.7085] [INFO] Добавлено успешно
[2022-08-11 16:36:48.7265] [INFO] Получение всех заказов
[2022-08-11 16:36:48.7265] [INFO] Заказы успешно получены
