[2022-08-21 00:01:33.8926] [INFO] Обновление токена
[2022-08-21 00:01:35.9803] [INFO] Токен обновлен
[2022-08-21 00:01:37.6493] [INFO] Получение всех заказов
[2022-08-21 00:01:37.7633] [INFO] Заказы успешно получены
[2022-08-21 00:01:38.7673] [INFO] Получение всех номенклатур
[2022-08-21 00:01:38.8953] [INFO] Номенклатуры успешно получены
[2022-08-21 00:01:39.2483] [INFO] Получение всех этапов
[2022-08-21 00:01:39.2733] [INFO] Все этапы успешно получены
[2022-08-21 00:02:09.7005] [INFO] Изменение этапа
[2022-08-21 00:02:09.7455] [INFO] Изменено успешно
[2022-08-21 00:02:12.0275] [INFO] Получение всех этапов
[2022-08-21 00:02:12.0275] [INFO] Все этапы успешно получены
[2022-08-21 00:02:12.4755] [INFO] Получение всех номенклатур
[2022-08-21 00:02:12.4875] [INFO] Номенклатуры успешно получены
[2022-08-21 00:02:13.0030] [INFO] Получение всех этапов
[2022-08-21 00:02:13.0030] [INFO] Все этапы успешно получены
[2022-08-21 00:03:23.9643] [INFO] Обновление токена
[2022-08-21 00:03:25.0274] [INFO] Токен обновлен
[2022-08-21 00:03:25.9183] [INFO] Получение всех заказов
[2022-08-21 00:03:25.9824] [INFO] Заказы успешно получены
[2022-08-21 00:03:31.6057] [INFO] Получение всех этапов
[2022-08-21 00:03:31.6437] [INFO] Все этапы успешно получены
[2022-08-21 00:03:33.9062] [INFO] Изменение этапа
[2022-08-21 00:03:33.9572] [INFO] Изменено успешно
[2022-08-21 00:03:35.4198] [INFO] Получение всех этапов
[2022-08-21 00:03:35.4198] [INFO] Все этапы успешно получены
[2022-08-21 00:03:35.9123] [INFO] Получение всех этапов
[2022-08-21 00:03:35.9123] [INFO] Все этапы успешно получены
[2022-08-21 00:03:36.0476] [INFO] Получение всех этапов
[2022-08-21 00:03:36.0526] [INFO] Все этапы успешно получены
[2022-08-21 00:03:44.1979] [INFO] Изменение этапа
[2022-08-21 00:03:44.1979] [INFO] Изменено успешно
[2022-08-21 00:04:05.8338] [INFO] Изменение этапа
[2022-08-21 00:04:05.8588] [INFO] Изменено успешно
[2022-08-21 00:04:55.1695] [INFO] Получение всех номенклатур
[2022-08-21 00:04:55.2275] [INFO] Номенклатуры успешно получены
[2022-08-21 00:04:55.6624] [INFO] Получение всех этапов
[2022-08-21 00:04:55.6624] [INFO] Все этапы успешно получены
[2022-08-21 00:04:58.2864] [INFO] Получение всех номенклатур
[2022-08-21 00:04:58.2864] [INFO] Номенклатуры успешно получены
[2022-08-21 00:04:58.7076] [INFO] Получение всех этапов
[2022-08-21 00:04:58.7076] [INFO] Все этапы успешно получены
[2022-08-21 00:05:01.4554] [INFO] Изменение этапа
[2022-08-21 00:05:01.4684] [INFO] Изменено успешно
[2022-08-21 00:05:02.7954] [INFO] Получение всех этапов
[2022-08-21 00:05:02.8004] [INFO] Все этапы успешно получены
[2022-08-21 00:05:03.4564] [INFO] Получение всех этапов
[2022-08-21 00:05:03.4564] [INFO] Все этапы успешно получены
[2022-08-21 00:05:03.6134] [INFO] Получение всех этапов
[2022-08-21 00:05:03.6134] [INFO] Все этапы успешно получены
[2022-08-21 00:05:03.9084] [INFO] Получение всех номенклатур
[2022-08-21 00:05:03.9164] [INFO] Номенклатуры успешно получены
[2022-08-21 00:05:04.2774] [INFO] Получение всех этапов
[2022-08-21 00:05:04.2854] [INFO] Все этапы успешно получены
[2022-08-21 00:05:06.6829] [INFO] Изменение этапа
[2022-08-21 00:05:06.6959] [INFO] Изменено успешно
[2022-08-21 00:05:07.9915] [INFO] Получение всех этапов
[2022-08-21 00:05:07.9915] [INFO] Все этапы успешно получены
[2022-08-21 00:05:08.1565] [INFO] Получение всех этапов
[2022-08-21 00:05:08.1605] [INFO] Все этапы успешно получены
[2022-08-21 00:05:08.3315] [INFO] Получение всех этапов
[2022-08-21 00:05:08.3315] [INFO] Все этапы успешно получены
[2022-08-21 00:05:08.7665] [INFO] Получение всех номенклатур
[2022-08-21 00:05:08.7735] [INFO] Номенклатуры успешно получены
[2022-08-21 00:05:09.3185] [INFO] Получение всех заказов
[2022-08-21 00:05:09.3405] [INFO] Заказы успешно получены
[2022-08-21 00:05:09.9855] [INFO] Получение всех этапов
[2022-08-21 00:05:09.9895] [INFO] Все этапы успешно получены
[2022-08-21 00:05:10.5055] [INFO] Получение всех этапов
[2022-08-21 00:05:10.5055] [INFO] Все этапы успешно получены
[2022-08-21 00:05:10.7945] [INFO] Получение всех этапов
[2022-08-21 00:05:10.8005] [INFO] Все этапы успешно получены
[2022-08-21 00:05:11.0015] [INFO] Получение всех этапов
[2022-08-21 00:05:11.0075] [INFO] Все этапы успешно получены
[2022-08-21 00:05:15.7385] [INFO] Изменение этапа
[2022-08-21 00:05:15.7625] [INFO] Изменено успешно
[2022-08-21 00:05:17.9495] [INFO] Изменение этапа
[2022-08-21 00:05:17.9586] [INFO] Изменено успешно
[2022-08-21 00:05:19.2405] [INFO] Получение всех этапов
[2022-08-21 00:05:19.2405] [INFO] Все этапы успешно получены
[2022-08-21 00:05:19.6955] [INFO] Получение всех этапов
[2022-08-21 00:05:19.6955] [INFO] Все этапы успешно получены
[2022-08-21 00:05:19.9835] [INFO] Получение всех номенклатур
[2022-08-21 00:05:19.9955] [INFO] Номенклатуры успешно получены
[2022-08-21 00:05:20.3415] [INFO] Получение всех этапов
[2022-08-21 00:05:20.3495] [INFO] Все этапы успешно получены
[2022-08-21 00:05:33.1381] [INFO] Изменение этапа
[2022-08-21 00:05:33.1481] [INFO] Изменено успешно
[2022-08-21 00:05:35.0691] [INFO] Получение всех этапов
[2022-08-21 00:05:35.0691] [INFO] Все этапы успешно получены
[2022-08-21 00:05:45.2083] [INFO] Изменение этапа
[2022-08-21 00:05:45.2083] [INFO] Изменено успешно
[2022-08-21 00:05:46.9979] [INFO] Получение всех этапов
[2022-08-21 00:05:47.0049] [INFO] Все этапы успешно получены
[2022-08-21 00:05:57.3264] [INFO] Изменение этапа
[2022-08-21 00:05:57.3403] [INFO] Изменено успешно
[2022-08-21 00:05:59.0193] [INFO] Получение всех этапов
[2022-08-21 00:05:59.0193] [INFO] Все этапы успешно получены
[2022-08-21 00:06:05.2123] [INFO] Изменение этапа
[2022-08-21 00:06:05.2273] [INFO] Изменено успешно
[2022-08-21 00:06:06.9563] [INFO] Получение всех этапов
[2022-08-21 00:06:06.9563] [INFO] Все этапы успешно получены
[2022-08-21 00:16:35.9570] [INFO] Обновление токена
[2022-08-21 00:16:37.3670] [INFO] Токен обновлен
[2022-08-21 00:16:38.6490] [INFO] Получение всех заказов
[2022-08-21 00:16:38.7260] [INFO] Заказы успешно получены
[2022-08-21 00:20:21.7723] [INFO] Получение всех этапов
[2022-08-21 00:20:21.8013] [INFO] Все этапы успешно получены
[2022-08-21 00:20:45.6089] [INFO] Изменение этапа
[2022-08-21 00:20:45.6859] [INFO] Изменено успешно
[2022-08-21 00:20:46.4559] [INFO] Изменение этапа
[2022-08-21 00:20:46.4609] [INFO] Изменено успешно
[2022-08-21 00:20:47.0069] [INFO] Изменение этапа
[2022-08-21 00:20:47.0069] [INFO] Изменено успешно
[2022-08-21 00:20:47.5359] [INFO] Изменение этапа
[2022-08-21 00:20:47.5359] [INFO] Изменено успешно
[2022-08-21 00:20:47.9739] [INFO] Изменение этапа
[2022-08-21 00:20:47.9739] [INFO] Изменено успешно
[2022-08-21 00:20:48.7679] [INFO] Изменение этапа
[2022-08-21 00:20:48.7799] [INFO] Изменено успешно
[2022-08-21 00:20:49.0679] [INFO] Изменение этапа
[2022-08-21 00:20:49.0679] [INFO] Изменено успешно
[2022-08-21 00:20:49.3019] [INFO] Изменение этапа
[2022-08-21 00:20:49.3019] [INFO] Изменено успешно
[2022-08-21 00:20:49.4439] [INFO] Изменение этапа
[2022-08-21 00:20:49.4439] [INFO] Изменено успешно
[2022-08-21 00:20:49.5169] [INFO] Изменение этапа
[2022-08-21 00:20:49.5209] [INFO] Изменено успешно
[2022-08-21 00:20:49.6629] [INFO] Изменение этапа
[2022-08-21 00:20:49.6629] [INFO] Изменено успешно
[2022-08-21 00:20:49.7899] [INFO] Изменение этапа
[2022-08-21 00:20:49.7899] [INFO] Изменено успешно
[2022-08-21 00:20:49.8809] [INFO] Изменение этапа
[2022-08-21 00:20:49.8959] [INFO] Изменено успешно
[2022-08-21 00:20:49.9559] [INFO] Изменение этапа
[2022-08-21 00:20:49.9609] [INFO] Изменено успешно
[2022-08-21 00:20:50.7329] [INFO] Изменение этапа
[2022-08-21 00:20:50.7399] [INFO] Изменено успешно
[2022-08-21 00:20:52.0209] [INFO] Изменение этапа
[2022-08-21 00:20:52.1489] [INFO] Изменено успешно
[2022-08-21 00:21:08.8337] [INFO] Изменение этапа
[2022-08-21 00:21:08.8337] [INFO] Изменено успешно
[2022-08-21 00:21:09.9045] [INFO] Изменение этапа
[2022-08-21 00:21:09.9045] [INFO] Изменено успешно
[2022-08-21 00:35:51.1286] [INFO] Обновление токена
[2022-08-21 00:35:52.3386] [INFO] Токен обновлен
[2022-08-21 00:35:53.6236] [INFO] Получение всех заказов
[2022-08-21 00:35:53.6956] [INFO] Заказы успешно получены
[2022-08-21 00:35:53.9106] [INFO] Получение всех номенклатур
[2022-08-21 00:35:54.0476] [INFO] Номенклатуры успешно получены
[2022-08-21 00:35:54.2296] [INFO] Получение всех этапов
[2022-08-21 00:35:54.2646] [INFO] Все этапы успешно получены
[2022-08-21 00:35:57.3902] [INFO] Получение всех номенклатур
[2022-08-21 00:35:57.3942] [INFO] Номенклатуры успешно получены
[2022-08-21 00:36:06.1069] [INFO] Получение всех номенклатур
[2022-08-21 00:36:06.1149] [INFO] Номенклатуры успешно получены
[2022-08-21 11:39:05.1550] [INFO] Обновление токена
[2022-08-21 11:39:06.7380] [INFO] Токен обновлен
[2022-08-21 11:39:07.6578] [INFO] Получение всех заказов
[2022-08-21 11:39:07.7157] [INFO] Заказы успешно получены
[2022-08-21 11:39:09.7827] [INFO] Получение всех номенклатур
[2022-08-21 11:39:09.8524] [INFO] Номенклатуры успешно получены
[2022-08-21 11:39:13.5338] [INFO] Получение всех заказов
[2022-08-21 11:39:13.5388] [INFO] Заказы успешно получены
[2022-08-21 11:39:16.8420] [INFO] Получение всех номенклатур
[2022-08-21 11:39:16.8500] [INFO] Номенклатуры успешно получены
[2022-08-21 11:40:22.9985] [INFO] Обновление токена
[2022-08-21 11:40:24.0131] [INFO] Токен обновлен
[2022-08-21 11:40:24.9441] [INFO] Получение всех заказов
[2022-08-21 11:40:25.0031] [INFO] Заказы успешно получены
[2022-08-21 11:40:31.0590] [INFO] Получение всех номенклатур
[2022-08-21 11:40:31.3070] [INFO] Номенклатуры успешно получены
[2022-08-21 11:40:34.1075] [INFO] Получение всех этапов
[2022-08-21 11:40:34.1344] [INFO] Все этапы успешно получены
[2022-08-21 11:40:36.5514] [INFO] Получение всех заказов
[2022-08-21 11:40:36.5674] [INFO] Заказы успешно получены
[2022-08-21 11:40:37.8764] [INFO] Получение всех номенклатур
[2022-08-21 11:40:37.8994] [INFO] Номенклатуры успешно получены
[2022-08-21 11:42:28.1249] [INFO] Обновление токена
[2022-08-21 11:42:29.7459] [INFO] Токен обновлен
[2022-08-21 11:42:31.2859] [INFO] Получение всех заказов
[2022-08-21 11:42:31.3519] [INFO] Заказы успешно получены
[2022-08-21 11:42:32.2809] [INFO] Получение всех номенклатур
[2022-08-21 11:42:32.3999] [INFO] Номенклатуры успешно получены
[2022-08-21 11:42:32.6259] [INFO] Получение всех заказов
[2022-08-21 11:42:32.6489] [INFO] Заказы успешно получены
[2022-08-21 11:42:34.0975] [INFO] Получение всех номенклатур
[2022-08-21 11:42:34.1255] [INFO] Номенклатуры успешно получены
[2022-08-21 11:43:13.3194] [INFO] Обновление токена
[2022-08-21 11:43:14.9124] [INFO] Токен обновлен
[2022-08-21 11:43:16.1134] [INFO] Получение всех заказов
[2022-08-21 11:43:16.2414] [INFO] Заказы успешно получены
[2022-08-21 11:43:16.5034] [INFO] Получение всех этапов
[2022-08-21 11:43:16.5434] [INFO] Все этапы успешно получены
[2022-08-21 11:43:16.8704] [INFO] Получение всех номенклатур
[2022-08-21 11:43:16.9864] [INFO] Номенклатуры успешно получены
[2022-08-21 11:43:17.7484] [INFO] Получение всех заказов
[2022-08-21 11:43:17.7544] [INFO] Заказы успешно получены
[2022-08-21 11:43:18.8814] [INFO] Получение всех номенклатур
[2022-08-21 11:43:18.8814] [INFO] Номенклатуры успешно получены
[2022-08-21 11:44:35.8714] [INFO] Обновление токена
[2022-08-21 11:44:37.3254] [INFO] Токен обновлен
[2022-08-21 11:44:38.3514] [INFO] Получение всех заказов
[2022-08-21 11:44:38.4324] [INFO] Заказы успешно получены
[2022-08-21 11:44:45.5486] [INFO] Получение всех заказов
[2022-08-21 11:44:45.5516] [INFO] Заказы успешно получены
[2022-08-21 11:44:45.9191] [INFO] Получение всех номенклатур
[2022-08-21 11:44:45.9781] [INFO] Номенклатуры успешно получены
[2022-08-21 11:44:46.2696] [INFO] Получение всех заказов
[2022-08-21 11:44:46.2696] [INFO] Заказы успешно получены
[2022-08-21 11:44:47.7275] [INFO] Получение всех номенклатур
[2022-08-21 11:44:47.7275] [INFO] Номенклатуры успешно получены
[2022-08-21 11:46:38.4220] [INFO] Обновление токена
[2022-08-21 11:46:39.4775] [INFO] Токен обновлен
[2022-08-21 11:46:40.3296] [INFO] Получение всех заказов
[2022-08-21 11:46:40.3876] [INFO] Заказы успешно получены
[2022-08-21 11:46:46.1905] [INFO] Получение всех заказов
[2022-08-21 11:46:46.1905] [INFO] Заказы успешно получены
[2022-08-21 11:46:47.7859] [INFO] Получение всех номенклатур
[2022-08-21 11:46:47.8809] [INFO] Номенклатуры успешно получены
[2022-08-21 11:48:16.4231] [INFO] Обновление токена
[2022-08-21 11:48:17.3794] [INFO] Токен обновлен
[2022-08-21 11:48:18.2581] [INFO] Получение всех заказов
[2022-08-21 11:48:18.3151] [INFO] Заказы успешно получены
[2022-08-21 11:48:26.4451] [INFO] Получение всех заказов
[2022-08-21 11:48:26.4451] [INFO] Заказы успешно получены
[2022-08-21 11:48:27.5790] [INFO] Получение всех номенклатур
[2022-08-21 11:48:27.7210] [INFO] Номенклатуры успешно получены
[2022-08-21 11:49:30.7447] [INFO] Обновление токена
[2022-08-21 11:49:31.7802] [INFO] Токен обновлен
[2022-08-21 11:49:32.5612] [INFO] Получение всех заказов
[2022-08-21 11:49:32.6203] [INFO] Заказы успешно получены
[2022-08-21 11:49:33.9706] [INFO] Получение всех заказов
[2022-08-21 11:49:33.9746] [INFO] Заказы успешно получены
[2022-08-21 11:49:35.2543] [INFO] Получение всех номенклатур
[2022-08-21 11:49:35.3423] [INFO] Номенклатуры успешно получены
[2022-08-21 11:51:32.2708] [INFO] Обновление токена
[2022-08-21 11:51:33.9479] [INFO] Токен обновлен
[2022-08-21 11:51:34.8528] [INFO] Получение всех заказов
[2022-08-21 11:51:34.9088] [INFO] Заказы успешно получены
[2022-08-21 11:51:42.2003] [INFO] Получение всех номенклатур
[2022-08-21 11:51:42.3283] [INFO] Номенклатуры успешно получены
[2022-08-21 11:51:47.3949] [INFO] Получение всех номенклатур
[2022-08-21 11:51:47.4109] [INFO] Номенклатуры успешно получены
[2022-08-21 11:52:47.8948] [INFO] Обновление токена
[2022-08-21 11:52:50.4981] [INFO] Токен обновлен
[2022-08-21 11:52:52.5020] [INFO] Получение всех заказов
[2022-08-21 11:52:52.6090] [INFO] Заказы успешно получены
[2022-08-21 11:52:53.6650] [INFO] Получение всех номенклатур
[2022-08-21 11:52:53.8110] [INFO] Номенклатуры успешно получены
[2022-08-21 11:55:13.4880] [INFO] Обновление токена
[2022-08-21 11:55:15.6501] [INFO] Токен обновлен
[2022-08-21 11:55:17.2551] [INFO] Получение всех заказов
[2022-08-21 11:55:17.4851] [INFO] Заказы успешно получены
[2022-08-21 11:55:19.0511] [INFO] Получение всех номенклатур
[2022-08-21 11:55:19.2271] [INFO] Номенклатуры успешно получены
[2022-08-21 11:55:49.8246] [INFO] Получение всех номенклатур
[2022-08-21 11:55:49.8526] [INFO] Номенклатуры успешно получены
[2022-08-21 11:57:35.8150] [INFO] Обновление токена
[2022-08-21 11:57:36.8940] [INFO] Токен обновлен
[2022-08-21 11:57:37.6902] [INFO] Получение всех заказов
[2022-08-21 11:57:37.7442] [INFO] Заказы успешно получены
[2022-08-21 11:57:41.9074] [INFO] Получение всех номенклатур
[2022-08-21 11:57:41.9864] [INFO] Номенклатуры успешно получены
[2022-08-21 12:03:30.0007] [INFO] Обновление токена
[2022-08-21 12:03:30.9540] [INFO] Токен обновлен
[2022-08-21 12:03:31.7740] [INFO] Получение всех заказов
[2022-08-21 12:03:31.8540] [INFO] Заказы успешно получены
[2022-08-21 12:03:33.4761] [INFO] Получение всех заказов
[2022-08-21 12:03:33.4761] [INFO] Заказы успешно получены
[2022-08-21 12:03:35.0834] [INFO] Получение всех номенклатур
[2022-08-21 12:03:35.1474] [INFO] Номенклатуры успешно получены
[2022-08-21 12:06:12.3984] [INFO] Обновление токена
[2022-08-21 12:06:13.6830] [INFO] Токен обновлен
[2022-08-21 12:06:15.2010] [INFO] Получение всех заказов
[2022-08-21 12:06:15.3410] [INFO] Заказы успешно получены
[2022-08-21 12:06:17.1834] [INFO] Получение всех номенклатур
[2022-08-21 12:06:17.3174] [INFO] Номенклатуры успешно получены
[2022-08-21 12:06:30.9996] [INFO] Получение всех заказов
[2022-08-21 12:06:31.0036] [INFO] Заказы успешно получены
[2022-08-21 12:06:31.3693] [INFO] Получение всех номенклатур
[2022-08-21 12:06:31.3693] [INFO] Номенклатуры успешно получены
[2022-08-21 12:06:40.3878] [INFO] Изменение номенклатуры
[2022-08-21 12:06:40.5138] [INFO] Изменено успешно
[2022-08-21 12:06:40.5368] [INFO] Получение всех номенклатур
[2022-08-21 12:06:40.5368] [INFO] Номенклатуры успешно получены
[2022-08-21 12:06:41.6024] [INFO] Получение всех заказов
[2022-08-21 12:06:41.6024] [INFO] Заказы успешно получены
[2022-08-21 12:06:42.8325] [INFO] Получение всех номенклатур
[2022-08-21 12:06:42.8325] [INFO] Номенклатуры успешно получены
[2022-08-21 12:06:57.7873] [INFO] Получение всех номенклатур
[2022-08-21 12:06:57.7873] [INFO] Номенклатуры успешно получены
[2022-08-21 12:07:50.7884] [INFO] Обновление токена
[2022-08-21 12:07:51.7081] [INFO] Токен обновлен
[2022-08-21 12:07:52.4404] [INFO] Получение всех заказов
[2022-08-21 12:07:52.4914] [INFO] Заказы успешно получены
[2022-08-21 12:07:57.2002] [INFO] Получение всех заказов
[2022-08-21 12:07:57.2162] [INFO] Заказы успешно получены
[2022-08-21 12:07:58.7042] [INFO] Получение всех номенклатур
[2022-08-21 12:07:58.8192] [INFO] Номенклатуры успешно получены
[2022-08-21 12:08:53.8179] [INFO] Обновление токена
[2022-08-21 12:08:55.1528] [INFO] Токен обновлен
[2022-08-21 12:08:56.2158] [INFO] Получение всех заказов
[2022-08-21 12:08:56.2908] [INFO] Заказы успешно получены
[2022-08-21 12:08:57.0198] [INFO] Получение всех заказов
[2022-08-21 12:08:57.0198] [INFO] Заказы успешно получены
[2022-08-21 12:08:58.6948] [INFO] Получение всех номенклатур
[2022-08-21 12:08:58.8758] [INFO] Номенклатуры успешно получены
[2022-08-21 12:09:18.6196] [INFO] Получение всех номенклатур
[2022-08-21 12:09:18.6466] [INFO] Номенклатуры успешно получены
[2022-08-21 12:09:50.7444] [INFO] Обновление токена
[2022-08-21 12:09:52.2485] [INFO] Токен обновлен
[2022-08-21 12:09:53.7484] [INFO] Получение всех заказов
[2022-08-21 12:09:53.8704] [INFO] Заказы успешно получены
[2022-08-21 12:09:55.2854] [INFO] Получение всех номенклатур
[2022-08-21 12:09:55.4644] [INFO] Номенклатуры успешно получены
[2022-08-21 12:10:26.3603] [INFO] Обновление токена
[2022-08-21 12:10:27.4813] [INFO] Токен обновлен
[2022-08-21 12:10:28.5245] [INFO] Получение всех заказов
[2022-08-21 12:10:28.5895] [INFO] Заказы успешно получены
[2022-08-21 12:10:34.6808] [INFO] Получение всех номенклатур
[2022-08-21 12:10:34.8478] [INFO] Номенклатуры успешно получены
[2022-08-21 12:10:47.3796] [INFO] Получение всех номенклатур
[2022-08-21 12:10:47.3796] [INFO] Номенклатуры успешно получены
[2022-08-21 12:18:23.8352] [INFO] Обновление токена
[2022-08-21 12:18:24.7468] [INFO] Токен обновлен
[2022-08-21 12:18:25.5667] [INFO] Получение всех заказов
[2022-08-21 12:18:25.6197] [INFO] Заказы успешно получены
[2022-08-21 12:18:26.9547] [INFO] Получение всех номенклатур
[2022-08-21 12:18:27.0200] [INFO] Номенклатуры успешно получены
[2022-08-21 12:18:27.8186] [INFO] Получение всех заказов
[2022-08-21 12:18:27.8186] [INFO] Заказы успешно получены
[2022-08-21 12:18:30.7616] [INFO] Получение всех заказов
[2022-08-21 12:18:30.7706] [INFO] Заказы успешно получены
[2022-08-21 12:18:37.1825] [INFO] Получение всех заказов
[2022-08-21 12:18:37.1825] [INFO] Заказы успешно получены
[2022-08-21 12:18:37.3840] [INFO] Получение всех заказов
[2022-08-21 12:18:37.3840] [INFO] Заказы успешно получены
[2022-08-21 12:18:37.9502] [INFO] Получение всех заказов
[2022-08-21 12:18:37.9502] [INFO] Заказы успешно получены
[2022-08-21 12:18:38.4694] [INFO] Получение всех номенклатур
[2022-08-21 12:18:38.4744] [INFO] Номенклатуры успешно получены
[2022-08-21 12:18:39.1992] [INFO] Получение всех заказов
[2022-08-21 12:18:39.1992] [INFO] Заказы успешно получены
[2022-08-21 12:18:43.2130] [INFO] Получение всех заказов
[2022-08-21 12:18:43.2130] [INFO] Заказы успешно получены
[2022-08-21 12:18:43.4379] [INFO] Получение всех заказов
[2022-08-21 12:18:43.4419] [INFO] Заказы успешно получены
[2022-08-21 12:18:43.5902] [INFO] Получение всех заказов
[2022-08-21 12:18:43.5902] [INFO] Заказы успешно получены
[2022-08-21 12:18:45.7101] [INFO] Получение всех номенклатур
[2022-08-21 12:18:45.7101] [INFO] Номенклатуры успешно получены
[2022-08-21 12:18:46.0570] [INFO] Получение всех заказов
[2022-08-21 12:18:46.0570] [INFO] Заказы успешно получены
[2022-08-21 12:19:06.0891] [INFO] Обновление токена
[2022-08-21 12:19:07.0568] [INFO] Токен обновлен
[2022-08-21 12:19:07.8871] [INFO] Получение всех заказов
[2022-08-21 12:19:07.9391] [INFO] Заказы успешно получены
[2022-08-21 12:20:43.4696] [INFO] Обновление токена
[2022-08-21 12:20:44.6736] [INFO] Токен обновлен
[2022-08-21 12:20:45.7136] [INFO] Получение всех заказов
[2022-08-21 12:20:45.7766] [INFO] Заказы успешно получены
[2022-08-21 12:20:47.4256] [INFO] Получение всех заказов
[2022-08-21 12:20:47.4256] [INFO] Заказы успешно получены
[2022-08-21 12:20:48.6266] [INFO] Получение всех номенклатур
[2022-08-21 12:20:48.7816] [INFO] Номенклатуры успешно получены
[2022-08-21 12:20:57.0875] [INFO] Получение всех номенклатур
[2022-08-21 12:20:57.1055] [INFO] Номенклатуры успешно получены
[2022-08-21 12:21:02.1433] [INFO] Получение всех номенклатур
[2022-08-21 12:21:02.1503] [INFO] Номенклатуры успешно получены
[2022-08-21 12:21:41.8415] [INFO] Обновление токена
[2022-08-21 12:21:44.1951] [INFO] Токен обновлен
[2022-08-21 12:21:45.3851] [INFO] Получение всех заказов
[2022-08-21 12:21:45.4801] [INFO] Заказы успешно получены
[2022-08-21 12:21:52.0821] [INFO] Получение всех номенклатур
[2022-08-21 12:21:52.2431] [INFO] Номенклатуры успешно получены
[2022-08-21 12:27:08.6549] [INFO] Обновление токена
[2022-08-21 12:27:10.2599] [INFO] Токен обновлен
[2022-08-21 12:27:11.8129] [INFO] Получение всех заказов
[2022-08-21 12:27:11.8349] [INFO] Получение всех номенклатур
[2022-08-21 12:27:11.9379] [INFO] Заказы успешно получены
[2022-08-21 12:27:11.9769] [INFO] Номенклатуры успешно получены
[2022-08-21 12:27:12.1959] [INFO] Получение всех заказов
[2022-08-21 12:27:12.1959] [INFO] Заказы успешно получены
[2022-08-21 12:27:12.6579] [INFO] Получение всех номенклатур
[2022-08-21 12:27:12.6629] [INFO] Номенклатуры успешно получены
[2022-08-21 12:27:13.0289] [INFO] Получение всех заказов
[2022-08-21 12:27:13.0349] [INFO] Заказы успешно получены
[2022-08-21 12:27:14.2529] [INFO] Получение всех номенклатур
[2022-08-21 12:27:14.2649] [INFO] Номенклатуры успешно получены
[2022-08-21 12:27:56.9005] [INFO] Обновление токена
[2022-08-21 12:27:57.8742] [INFO] Токен обновлен
[2022-08-21 12:27:58.7242] [INFO] Получение всех заказов
[2022-08-21 12:27:58.7852] [INFO] Заказы успешно получены
[2022-08-21 12:28:00.6830] [INFO] Получение всех номенклатур
[2022-08-21 12:28:00.7720] [INFO] Номенклатуры успешно получены
[2022-08-21 12:28:54.2498] [INFO] Обновление токена
[2022-08-21 12:28:55.7688] [INFO] Токен обновлен
[2022-08-21 12:28:57.3168] [INFO] Получение всех заказов
[2022-08-21 12:28:57.4088] [INFO] Заказы успешно получены
[2022-08-21 12:28:59.0308] [INFO] Получение всех заказов
[2022-08-21 12:28:59.0388] [INFO] Заказы успешно получены
[2022-08-21 12:29:00.4898] [INFO] Получение всех номенклатур
[2022-08-21 12:29:00.6448] [INFO] Номенклатуры успешно получены
[2022-08-21 12:36:23.5560] [INFO] Обновление токена
[2022-08-21 12:36:25.2443] [INFO] Токен обновлен
[2022-08-21 12:36:26.6973] [INFO] Получение всех заказов
[2022-08-21 12:36:26.8083] [INFO] Заказы успешно получены
[2022-08-21 12:36:31.8728] [INFO] Получение всех номенклатур
[2022-08-21 12:36:31.9858] [INFO] Номенклатуры успешно получены
[2022-08-21 12:38:31.0029] [INFO] Обновление токена
[2022-08-21 12:38:31.9479] [INFO] Токен обновлен
[2022-08-21 12:38:32.8808] [INFO] Получение всех заказов
[2022-08-21 12:38:32.9308] [INFO] Заказы успешно получены
[2022-08-21 12:38:35.7093] [INFO] Получение всех номенклатур
[2022-08-21 12:38:35.7783] [INFO] Номенклатуры успешно получены
[2022-08-21 12:45:56.8413] [INFO] Обновление токена
[2022-08-21 12:45:58.8701] [INFO] Токен обновлен
[2022-08-21 12:46:00.2451] [INFO] Получение всех заказов
[2022-08-21 12:46:00.3491] [INFO] Заказы успешно получены
[2022-08-21 12:46:02.9759] [INFO] Получение всех заказов
[2022-08-21 12:46:02.9759] [INFO] Заказы успешно получены
[2022-08-21 12:46:03.4592] [INFO] Получение всех номенклатур
[2022-08-21 12:46:03.5172] [INFO] Номенклатуры успешно получены
[2022-08-21 12:46:07.7768] [INFO] Получение всех заказов
[2022-08-21 12:46:07.7768] [INFO] Заказы успешно получены
[2022-08-21 12:46:10.8258] [INFO] Получение всех номенклатур
[2022-08-21 12:46:10.8338] [INFO] Номенклатуры успешно получены
[2022-08-21 12:46:11.6555] [INFO] Получение всех этапов
[2022-08-21 12:46:11.6705] [INFO] Все этапы успешно получены
[2022-08-21 12:46:12.7878] [INFO] Получение всех заказов
[2022-08-21 12:46:12.7878] [INFO] Заказы успешно получены
[2022-08-21 12:46:14.1485] [INFO] Получение всех заказов
[2022-08-21 12:46:14.1485] [INFO] Заказы успешно получены
[2022-08-21 12:46:14.4508] [INFO] Получение всех номенклатур
[2022-08-21 12:46:14.4508] [INFO] Номенклатуры успешно получены
[2022-08-21 12:50:45.5556] [INFO] Обновление токена
[2022-08-21 12:50:46.5264] [INFO] Токен обновлен
[2022-08-21 12:50:47.2724] [INFO] Получение всех заказов
[2022-08-21 12:50:47.3244] [INFO] Заказы успешно получены
[2022-08-21 12:50:49.3746] [INFO] Получение всех номенклатур
[2022-08-21 12:50:49.4276] [INFO] Номенклатуры успешно получены
[2022-08-21 12:50:51.4214] [INFO] Получение всех этапов
[2022-08-21 12:50:51.4366] [INFO] Все этапы успешно получены
[2022-08-21 12:50:53.2857] [INFO] Получение всех заказов
[2022-08-21 12:50:53.2857] [INFO] Заказы успешно получены
[2022-08-21 12:50:56.9785] [INFO] Получение всех заказов
[2022-08-21 12:50:56.9785] [INFO] Заказы успешно получены
[2022-08-21 13:00:59.6079] [INFO] Обновление токена
[2022-08-21 13:01:00.6062] [INFO] Токен обновлен
[2022-08-21 13:01:01.4354] [INFO] Получение всех заказов
[2022-08-21 13:01:01.4934] [INFO] Заказы успешно получены
[2022-08-21 13:01:03.4386] [INFO] Получение всех номенклатур
[2022-08-21 13:01:03.4966] [INFO] Номенклатуры успешно получены
[2022-08-21 13:01:04.5270] [INFO] Получение всех заказов
[2022-08-21 13:01:04.5270] [INFO] Заказы успешно получены
[2022-08-21 13:01:28.5364] [INFO] Обновление токена
[2022-08-21 13:01:29.4549] [INFO] Токен обновлен
[2022-08-21 13:01:30.2160] [INFO] Получение всех заказов
[2022-08-21 13:01:30.2600] [INFO] Заказы успешно получены
[2022-08-21 13:01:31.0540] [INFO] Получение всех заказов
[2022-08-21 13:01:31.0540] [INFO] Заказы успешно получены
[2022-08-21 13:01:32.2833] [INFO] Получение всех номенклатур
[2022-08-21 13:01:32.3453] [INFO] Номенклатуры успешно получены
[2022-08-21 13:01:33.8118] [INFO] Получение всех этапов
[2022-08-21 13:01:33.8237] [INFO] Все этапы успешно получены
[2022-08-21 13:13:05.2833] [INFO] Обновление токена
[2022-08-21 13:13:06.2192] [INFO] Токен обновлен
[2022-08-21 13:13:07.0242] [INFO] Получение всех заказов
[2022-08-21 13:13:07.0832] [INFO] Заказы успешно получены
[2022-08-21 13:13:12.1233] [INFO] Получение всех номенклатур
[2022-08-21 13:13:12.1973] [INFO] Номенклатуры успешно получены
[2022-08-21 13:13:21.8245] [INFO] Получение всех заказов
[2022-08-21 13:13:21.8245] [INFO] Заказы успешно получены
[2022-08-21 13:13:22.5455] [INFO] Получение всех этапов
[2022-08-21 13:13:22.5735] [INFO] Все этапы успешно получены
[2022-08-21 13:13:24.3948] [INFO] Получение всех заказов
[2022-08-21 13:13:24.3948] [INFO] Заказы успешно получены
[2022-08-21 13:13:25.9480] [INFO] Получение всех номенклатур
[2022-08-21 13:13:25.9480] [INFO] Номенклатуры успешно получены
[2022-08-21 13:13:38.0884] [INFO] Добавление заказа
[2022-08-21 13:13:38.2724] [INFO] Добавлено успешно
[2022-08-21 13:13:38.2874] [INFO] Получение всех заказов
[2022-08-21 13:13:38.3084] [INFO] Заказы успешно получены
[2022-08-21 13:15:48.4533] [INFO] Обновление токена
[2022-08-21 13:15:50.6213] [INFO] Токен обновлен
[2022-08-21 13:15:52.3615] [INFO] Получение всех заказов
[2022-08-21 13:15:52.5895] [INFO] Заказы успешно получены
[2022-08-21 13:15:57.5364] [INFO] Получение всех номенклатур
[2022-08-21 13:15:57.6244] [INFO] Номенклатуры успешно получены
[2022-08-21 13:33:42.8685] [INFO] Обновление токена
[2022-08-21 13:33:43.9095] [INFO] Токен обновлен
[2022-08-21 13:33:44.6777] [INFO] Получение всех заказов
[2022-08-21 13:33:44.7947] [INFO] Заказы успешно получены
[2022-08-21 13:33:47.1749] [INFO] Получение всех номенклатур
[2022-08-21 13:33:47.2069] [INFO] Номенклатуры успешно получены
[2022-08-21 13:46:27.4635] [INFO] Обновление токена
[2022-08-21 13:46:28.3995] [INFO] Токен обновлен
[2022-08-21 13:46:29.2015] [INFO] Получение всех заказов
[2022-08-21 13:46:29.2995] [INFO] Заказы успешно получены
[2022-08-21 13:46:31.8969] [INFO] Получение всех номенклатур
[2022-08-21 13:46:31.9256] [INFO] Номенклатуры успешно получены
[2022-08-21 13:58:49.2268] [INFO] Обновление токена
[2022-08-21 13:58:50.2348] [INFO] Токен обновлен
[2022-08-21 13:58:51.0278] [INFO] Получение всех заказов
[2022-08-21 13:58:51.1328] [INFO] Заказы успешно получены
[2022-08-21 13:58:52.3830] [INFO] Получение всех номенклатур
[2022-08-21 13:58:52.4280] [INFO] Номенклатуры успешно получены
[2022-08-21 13:58:54.8769] [INFO] Получение всех номенклатур
[2022-08-21 13:58:54.8809] [INFO] Номенклатуры успешно получены
[2022-08-21 13:58:56.7444] [INFO] Получение всех номенклатур
[2022-08-21 13:58:56.7444] [INFO] Номенклатуры успешно получены
[2022-08-21 13:58:57.0594] [INFO] Получение всех заказов
[2022-08-21 13:58:57.0594] [INFO] Заказы успешно получены
[2022-08-21 13:58:59.1025] [INFO] Получение всех номенклатур
[2022-08-21 13:58:59.1025] [INFO] Номенклатуры успешно получены
[2022-08-21 13:58:59.4446] [INFO] Получение всех этапов
[2022-08-21 13:58:59.4616] [INFO] Все этапы успешно получены
[2022-08-21 13:59:04.2718] [INFO] Получение всех заказов
[2022-08-21 13:59:04.2718] [INFO] Заказы успешно получены
[2022-08-21 13:59:08.6899] [INFO] Получение всех номенклатур
[2022-08-21 13:59:08.6949] [INFO] Номенклатуры успешно получены
[2022-08-21 13:59:58.7644] [INFO] Обновление токена
[2022-08-21 13:59:59.9127] [INFO] Токен обновлен
[2022-08-21 14:00:00.8497] [INFO] Получение всех заказов
[2022-08-21 14:00:00.9587] [INFO] Заказы успешно получены
[2022-08-21 14:00:02.7512] [INFO] Получение всех номенклатур
[2022-08-21 14:00:02.7793] [INFO] Номенклатуры успешно получены
[2022-08-21 14:09:12.2252] [INFO] Обновление токена
[2022-08-21 14:09:13.1348] [INFO] Токен обновлен
[2022-08-21 14:09:13.8836] [INFO] Получение всех заказов
[2022-08-21 14:09:13.9946] [INFO] Заказы успешно получены
[2022-08-21 14:09:15.9569] [INFO] Получение всех номенклатур
[2022-08-21 14:09:15.9879] [INFO] Номенклатуры успешно получены
[2022-08-21 14:09:16.4489] [INFO] Получение всех заказов
[2022-08-21 14:09:16.4489] [INFO] Заказы успешно получены
[2022-08-21 14:09:18.6487] [INFO] Получение всех номенклатур
[2022-08-21 14:09:18.6487] [INFO] Номенклатуры успешно получены
[2022-08-21 14:09:19.9928] [INFO] Получение всех номенклатур
[2022-08-21 14:09:19.9928] [INFO] Номенклатуры успешно получены
[2022-08-21 14:10:09.0718] [INFO] Обновление токена
[2022-08-21 14:10:10.0878] [INFO] Токен обновлен
[2022-08-21 14:10:10.9131] [INFO] Получение всех заказов
[2022-08-21 14:10:11.0183] [INFO] Заказы успешно получены
[2022-08-21 14:11:07.8397] [INFO] Обновление токена
[2022-08-21 14:11:08.7827] [INFO] Токен обновлен
[2022-08-21 14:11:09.5836] [INFO] Получение всех заказов
[2022-08-21 14:11:09.6877] [INFO] Заказы успешно получены
[2022-08-21 14:11:12.5364] [INFO] Получение всех номенклатур
[2022-08-21 14:11:12.5634] [INFO] Номенклатуры успешно получены
[2022-08-21 14:11:15.2927] [INFO] Получение всех этапов
[2022-08-21 14:11:15.3057] [INFO] Все этапы успешно получены
[2022-08-21 14:11:17.0533] [INFO] Получение всех номенклатур
[2022-08-21 14:11:17.0533] [INFO] Номенклатуры успешно получены
[2022-08-21 14:11:45.9284] [INFO] Добавление номенклатуры
[2022-08-21 14:11:46.0114] [INFO] Добавлено успешно
[2022-08-21 14:11:46.0334] [INFO] Получение всех номенклатур
[2022-08-21 14:11:46.0374] [INFO] Номенклатуры успешно получены
[2022-08-21 14:13:03.6017] [INFO] Обновление токена
[2022-08-21 14:13:04.7280] [INFO] Токен обновлен
[2022-08-21 14:13:05.5799] [INFO] Получение всех заказов
[2022-08-21 14:13:05.6978] [INFO] Заказы успешно получены
[2022-08-21 14:13:06.6243] [INFO] Получение всех номенклатур
[2022-08-21 14:13:06.6574] [INFO] Номенклатуры успешно получены
[2022-08-21 14:13:20.4289] [INFO] Получение всех номенклатур
[2022-08-21 14:13:20.4289] [INFO] Номенклатуры успешно получены
[2022-08-21 14:13:20.7609] [INFO] Получение всех этапов
[2022-08-21 14:13:20.7809] [INFO] Все этапы успешно получены
[2022-08-21 14:13:20.9778] [INFO] Получение всех номенклатур
[2022-08-21 14:13:20.9778] [INFO] Номенклатуры успешно получены
[2022-08-21 14:13:37.2862] [INFO] Добавление номенклатуры
[2022-08-21 14:13:37.3652] [INFO] Добавлено успешно
[2022-08-21 14:13:37.3883] [INFO] Получение всех номенклатур
[2022-08-21 14:13:37.3883] [INFO] Номенклатуры успешно получены
[2022-08-21 14:44:22.6462] [INFO] Обновление токена
[2022-08-21 14:44:24.8572] [INFO] Токен обновлен
[2022-08-21 14:44:26.4212] [INFO] Получение всех заказов
[2022-08-21 14:44:26.6072] [INFO] Заказы успешно получены
[2022-08-21 14:44:35.2829] [INFO] Получение всех этапов
[2022-08-21 14:44:35.3049] [INFO] Все этапы успешно получены
[2022-08-21 14:44:37.1213] [INFO] Получение всех номенклатур
[2022-08-21 14:44:37.1593] [INFO] Номенклатуры успешно получены
[2022-08-21 14:44:40.6926] [INFO] Получение всех этапов
[2022-08-21 14:44:40.6926] [INFO] Все этапы успешно получены
[2022-08-21 14:44:55.8008] [INFO] Изменение этапа
[2022-08-21 14:44:55.8487] [INFO] Изменено успешно
[2022-08-21 14:45:03.8070] [INFO] Получение всех этапов
[2022-08-21 14:45:03.8070] [INFO] Все этапы успешно получены
[2022-08-21 14:45:08.0956] [INFO] Изменение этапа
[2022-08-21 14:45:08.1006] [INFO] Изменено успешно
[2022-08-21 14:45:10.1913] [INFO] Получение всех этапов
[2022-08-21 14:45:10.1913] [INFO] Все этапы успешно получены
[2022-08-21 14:45:17.2627] [INFO] Изменение этапа
[2022-08-21 14:45:17.2627] [INFO] Изменено успешно
[2022-08-21 14:45:19.2105] [INFO] Получение всех этапов
[2022-08-21 14:45:19.2105] [INFO] Все этапы успешно получены
[2022-08-21 14:45:58.8363] [INFO] Изменение этапа
[2022-08-21 14:45:58.8363] [INFO] Изменено успешно
[2022-08-21 14:45:59.9588] [INFO] Изменение этапа
[2022-08-21 14:45:59.9718] [INFO] Изменено успешно
[2022-08-21 14:47:15.8428] [INFO] Изменение этапа
[2022-08-21 14:47:15.8496] [INFO] Изменено успешно
[2022-08-21 14:47:23.0169] [INFO] Получение всех этапов
[2022-08-21 14:47:23.0209] [INFO] Все этапы успешно получены
[2022-08-21 14:48:22.4671] [INFO] Обновление токена
[2022-08-21 14:48:23.4847] [INFO] Токен обновлен
[2022-08-21 14:48:24.2667] [INFO] Получение всех заказов
[2022-08-21 14:48:24.3708] [INFO] Заказы успешно получены
[2022-08-21 14:48:25.4431] [INFO] Получение всех этапов
[2022-08-21 14:48:25.4431] [INFO] Все этапы успешно получены
[2022-08-21 14:48:28.4453] [INFO] Изменение этапа
[2022-08-21 14:48:28.4837] [INFO] Изменено успешно
[2022-08-21 14:48:30.2121] [INFO] Получение всех этапов
[2022-08-21 14:48:30.2121] [INFO] Все этапы успешно получены
[2022-08-21 14:48:45.2300] [INFO] Изменение этапа
[2022-08-21 14:48:45.2400] [INFO] Изменено успешно
[2022-08-21 14:48:46.7620] [INFO] Получение всех этапов
[2022-08-21 14:48:46.7620] [INFO] Все этапы успешно получены
[2022-08-21 14:48:49.4650] [INFO] Изменение этапа
[2022-08-21 14:48:49.4740] [INFO] Изменено успешно
[2022-08-21 14:48:52.0080] [INFO] Изменение этапа
[2022-08-21 14:48:52.0080] [INFO] Изменено успешно
[2022-08-21 14:48:53.2896] [INFO] Получение всех этапов
[2022-08-21 14:48:53.2896] [INFO] Все этапы успешно получены
[2022-08-21 15:13:36.5748] [INFO] Обновление токена
[2022-08-21 15:13:38.2227] [INFO] Токен обновлен
[2022-08-21 15:13:39.1522] [INFO] Получение всех заказов
[2022-08-21 15:13:39.4182] [INFO] Заказы успешно получены
[2022-08-21 15:13:58.4169] [INFO] Получение всех номенклатур
[2022-08-21 15:13:58.4536] [INFO] Номенклатуры успешно получены
[2022-08-21 15:13:59.9576] [INFO] Получение всех этапов
[2022-08-21 15:13:59.9576] [INFO] Все этапы успешно получены
[2022-08-21 15:14:00.6577] [INFO] Получение всех номенклатур
[2022-08-21 15:14:00.6617] [INFO] Номенклатуры успешно получены
[2022-08-21 15:14:01.0807] [INFO] Получение всех номенклатур
[2022-08-21 15:14:01.0857] [INFO] Номенклатуры успешно получены
[2022-08-21 15:14:01.6706] [INFO] Получение всех этапов
[2022-08-21 15:14:01.6706] [INFO] Все этапы успешно получены
[2022-08-21 15:14:06.1566] [INFO] Получение всех номенклатур
[2022-08-21 15:14:06.1626] [INFO] Номенклатуры успешно получены
[2022-08-21 15:14:09.8468] [INFO] Получение всех заказов
[2022-08-21 15:14:09.8468] [INFO] Заказы успешно получены
[2022-08-21 15:14:12.7875] [INFO] Получение всех номенклатур
[2022-08-21 15:14:12.7875] [INFO] Номенклатуры успешно получены
[2022-08-21 15:14:16.8112] [INFO] Получение всех номенклатур
[2022-08-21 15:14:16.8172] [INFO] Номенклатуры успешно получены
[2022-08-21 15:14:22.3802] [INFO] Добавление номенклатуры
[2022-08-21 15:14:22.4782] [INFO] Добавлено успешно
[2022-08-21 15:14:22.4952] [INFO] Получение всех номенклатур
[2022-08-21 15:14:22.4952] [INFO] Номенклатуры успешно получены
[2022-08-21 15:14:26.6922] [INFO] Удаление номенклатуры
[2022-08-21 15:14:26.7902] [INFO] Удалено успешно
[2022-08-21 15:14:26.8222] [INFO] Получение всех номенклатур
[2022-08-21 15:14:26.8222] [INFO] Номенклатуры успешно получены
[2022-08-21 15:14:27.9442] [INFO] Получение всех заказов
[2022-08-21 15:14:27.9442] [INFO] Заказы успешно получены
[2022-08-21 15:14:29.3538] [INFO] Получение всех этапов
[2022-08-21 15:14:29.3538] [INFO] Все этапы успешно получены
[2022-08-21 15:14:30.0860] [INFO] Получение всех заказов
[2022-08-21 15:14:30.0860] [INFO] Заказы успешно получены
[2022-08-21 15:14:31.3528] [INFO] Удаление заказа
[2022-08-21 15:14:31.4778] [INFO] Удалено успешно
[2022-08-21 15:14:31.5068] [INFO] Получение всех заказов
[2022-08-21 15:14:31.5068] [INFO] Заказы успешно получены
[2022-08-21 15:14:32.2192] [INFO] Получение всех заказов
[2022-08-21 15:14:32.2242] [INFO] Заказы успешно получены
[2022-08-21 15:14:32.5818] [INFO] Получение всех номенклатур
[2022-08-21 15:14:32.5818] [INFO] Номенклатуры успешно получены
[2022-08-21 15:14:34.2344] [INFO] Удаление номенклатуры
[2022-08-21 15:14:34.2494] [INFO] Удалено успешно
[2022-08-21 15:14:34.2834] [INFO] Получение всех номенклатур
[2022-08-21 15:14:34.2884] [INFO] Номенклатуры успешно получены
[2022-08-21 15:14:35.4358] [INFO] Удаление номенклатуры
[2022-08-21 15:14:35.4478] [INFO] Удалено успешно
[2022-08-21 15:14:35.4858] [INFO] Получение всех номенклатур
[2022-08-21 15:14:35.4898] [INFO] Номенклатуры успешно получены
[2022-08-21 15:14:36.6891] [INFO] Удаление номенклатуры
[2022-08-21 15:14:36.7041] [INFO] Удалено успешно
[2022-08-21 15:14:36.7301] [INFO] Получение всех номенклатур
[2022-08-21 15:14:36.7301] [INFO] Номенклатуры успешно получены
[2022-08-21 15:14:40.7298] [INFO] Изменение номенклатуры
[2022-08-21 15:14:40.9158] [INFO] Изменено успешно
[2022-08-21 15:14:40.9658] [INFO] Получение всех номенклатур
[2022-08-21 15:14:40.9748] [INFO] Номенклатуры успешно получены
[2022-08-21 15:14:48.7599] [INFO] Добавление номенклатуры
[2022-08-21 15:14:48.7979] [INFO] Добавлено успешно
[2022-08-21 15:14:48.8239] [INFO] Получение всех номенклатур
[2022-08-21 15:14:48.8379] [INFO] Номенклатуры успешно получены
[2022-08-21 15:14:51.1446] [INFO] Получение всех номенклатур
[2022-08-21 15:14:51.1446] [INFO] Номенклатуры успешно получены
[2022-08-21 15:14:51.9388] [INFO] Получение всех этапов
[2022-08-21 15:14:51.9428] [INFO] Все этапы успешно получены
[2022-08-21 15:14:52.7208] [INFO] Получение всех номенклатур
[2022-08-21 15:14:52.7258] [INFO] Номенклатуры успешно получены
[2022-08-21 15:14:53.1435] [INFO] Получение всех номенклатур
[2022-08-21 15:14:53.1485] [INFO] Номенклатуры успешно получены
[2022-08-21 15:14:53.6295] [INFO] Получение всех этапов
[2022-08-21 15:14:53.6295] [INFO] Все этапы успешно получены
[2022-08-21 15:14:54.0485] [INFO] Получение всех номенклатур
[2022-08-21 15:14:54.0545] [INFO] Номенклатуры успешно получены
[2022-08-21 15:14:54.4031] [INFO] Получение всех заказов
[2022-08-21 15:14:54.4161] [INFO] Заказы успешно получены
[2022-08-21 15:14:54.9441] [INFO] Получение всех номенклатур
[2022-08-21 15:14:54.9441] [INFO] Номенклатуры успешно получены
[2022-08-21 15:14:55.5431] [INFO] Получение всех этапов
[2022-08-21 15:14:55.5431] [INFO] Все этапы успешно получены
[2022-08-21 15:15:00.8207] [INFO] Получение всех этапов
[2022-08-21 15:15:00.8207] [INFO] Все этапы успешно получены
[2022-08-21 15:15:01.1763] [INFO] Получение всех номенклатур
[2022-08-21 15:15:01.1763] [INFO] Номенклатуры успешно получены
[2022-08-21 15:15:01.6234] [INFO] Получение всех этапов
[2022-08-21 15:15:01.6234] [INFO] Все этапы успешно получены
[2022-08-21 15:17:08.4850] [INFO] Обновление токена
[2022-08-21 15:17:09.7952] [INFO] Токен обновлен
[2022-08-21 15:17:10.5762] [INFO] Получение всех заказов
[2022-08-21 15:17:10.6362] [INFO] Заказы успешно получены
[2022-08-21 15:17:11.4273] [INFO] Получение всех этапов
[2022-08-21 15:17:11.4523] [INFO] Все этапы успешно получены
[2022-08-21 15:17:13.4495] [INFO] Изменение этапа
[2022-08-21 15:17:13.4865] [INFO] Изменено успешно
[2022-08-21 15:17:15.1597] [INFO] Изменение этапа
[2022-08-21 15:17:15.1597] [INFO] Изменено успешно
[2022-08-21 15:17:16.1706] [INFO] Изменение этапа
[2022-08-21 15:17:16.1816] [INFO] Изменено успешно
[2022-08-21 15:17:17.3748] [INFO] Изменение этапа
[2022-08-21 15:17:17.3788] [INFO] Изменено успешно
[2022-08-21 15:17:18.1832] [INFO] Изменение этапа
[2022-08-21 15:17:18.1832] [INFO] Изменено успешно
[2022-08-21 15:17:19.2784] [INFO] Изменение этапа
[2022-08-21 15:17:19.2784] [INFO] Изменено успешно
[2022-08-21 15:17:19.9023] [INFO] Изменение этапа
[2022-08-21 15:17:19.9023] [INFO] Изменено успешно
[2022-08-21 15:17:20.3065] [INFO] Изменение этапа
[2022-08-21 15:17:20.3158] [INFO] Изменено успешно
[2022-08-21 15:17:20.9459] [INFO] Изменение этапа
[2022-08-21 15:17:20.9459] [INFO] Изменено успешно
[2022-08-21 15:17:21.4299] [INFO] Изменение этапа
[2022-08-21 15:17:21.4299] [INFO] Изменено успешно
[2022-08-21 15:17:21.7434] [INFO] Изменение этапа
[2022-08-21 15:17:21.7434] [INFO] Изменено успешно
[2022-08-21 15:17:22.1359] [INFO] Изменение этапа
[2022-08-21 15:17:22.1479] [INFO] Изменено успешно
[2022-08-21 15:17:22.6132] [INFO] Изменение этапа
[2022-08-21 15:17:22.6132] [INFO] Изменено успешно
[2022-08-21 15:17:22.9341] [INFO] Изменение этапа
[2022-08-21 15:17:22.9451] [INFO] Изменено успешно
[2022-08-21 15:17:28.9505] [INFO] Получение всех этапов
[2022-08-21 15:17:28.9505] [INFO] Все этапы успешно получены
[2022-08-21 15:17:33.7053] [INFO] Изменение этапа
[2022-08-21 15:17:33.7113] [INFO] Изменено успешно
[2022-08-21 15:17:34.8556] [INFO] Получение всех этапов
[2022-08-21 15:17:34.8556] [INFO] Все этапы успешно получены
[2022-08-21 15:17:41.4146] [INFO] Изменение этапа
[2022-08-21 15:17:41.4256] [INFO] Изменено успешно
[2022-08-21 15:17:43.1940] [INFO] Получение всех этапов
[2022-08-21 15:17:43.1940] [INFO] Все этапы успешно получены
[2022-08-21 15:17:49.8940] [INFO] Изменение этапа
[2022-08-21 15:17:49.8940] [INFO] Изменено успешно
[2022-08-21 15:17:52.2545] [INFO] Получение всех этапов
[2022-08-21 15:17:52.2545] [INFO] Все этапы успешно получены
[2022-08-21 15:20:52.8153] [INFO] Обновление токена
[2022-08-21 15:20:54.3014] [INFO] Токен обновлен
[2022-08-21 15:20:56.2385] [INFO] Получение всех заказов
[2022-08-21 15:20:56.3665] [INFO] Заказы успешно получены
[2022-08-21 15:21:05.5292] [INFO] Получение всех заказов
[2022-08-21 15:21:05.5802] [INFO] Заказы успешно получены
[2022-08-21 15:21:05.7662] [INFO] Получение всех номенклатур
[2022-08-21 15:21:05.8962] [INFO] Номенклатуры успешно получены
[2022-08-21 15:22:04.2793] [INFO] Обновление токена
[2022-08-21 15:22:05.6054] [INFO] Токен обновлен
[2022-08-21 15:22:06.6474] [INFO] Получение всех заказов
[2022-08-21 15:22:06.7034] [INFO] Заказы успешно получены
[2022-08-21 15:22:15.5583] [INFO] Получение всех номенклатур
[2022-08-21 15:22:15.6413] [INFO] Номенклатуры успешно получены
[2022-08-21 15:22:25.3062] [INFO] Получение всех этапов
[2022-08-21 15:22:25.3252] [INFO] Все этапы успешно получены
[2022-08-21 15:22:27.0977] [INFO] Изменение этапа
[2022-08-21 15:22:27.1317] [INFO] Изменено успешно
[2022-08-21 15:22:28.4417] [INFO] Изменение этапа
[2022-08-21 15:22:28.4627] [INFO] Изменено успешно
[2022-08-21 15:22:30.3037] [INFO] Получение всех этапов
[2022-08-21 15:22:30.3037] [INFO] Все этапы успешно получены
[2022-08-21 15:22:31.0177] [INFO] Получение всех этапов
[2022-08-21 15:22:31.0227] [INFO] Все этапы успешно получены
[2022-08-21 15:22:32.9515] [INFO] Получение всех номенклатур
[2022-08-21 15:22:32.9615] [INFO] Номенклатуры успешно получены
[2022-08-21 15:22:33.3975] [INFO] Получение всех этапов
[2022-08-21 15:22:33.3975] [INFO] Все этапы успешно получены
[2022-08-21 15:22:34.4395] [INFO] Получение всех номенклатур
[2022-08-21 15:22:34.4435] [INFO] Номенклатуры успешно получены
[2022-08-21 15:22:36.7645] [INFO] Получение всех этапов
[2022-08-21 15:22:36.7965] [INFO] Все этапы успешно получены
[2022-08-21 15:22:39.7085] [INFO] Получение всех этапов
[2022-08-21 15:22:39.7085] [INFO] Все этапы успешно получены
[2022-08-21 15:22:41.6397] [INFO] Изменение этапа
[2022-08-21 15:22:41.6487] [INFO] Изменено успешно
[2022-08-21 15:22:43.0037] [INFO] Получение всех этапов
[2022-08-21 15:22:43.0037] [INFO] Все этапы успешно получены
[2022-08-21 15:22:46.0887] [INFO] Изменение этапа
[2022-08-21 15:22:46.0967] [INFO] Изменено успешно
[2022-08-21 15:22:47.3037] [INFO] Получение всех этапов
[2022-08-21 15:22:47.3037] [INFO] Все этапы успешно получены
[2022-08-21 15:22:49.2035] [INFO] Изменение этапа
[2022-08-21 15:22:49.2095] [INFO] Изменено успешно
[2022-08-21 15:22:50.4335] [INFO] Получение всех этапов
[2022-08-21 15:22:50.4405] [INFO] Все этапы успешно получены
[2022-08-21 15:22:52.5496] [INFO] Изменение этапа
[2022-08-21 15:22:52.5646] [INFO] Изменено успешно
[2022-08-21 15:22:53.5807] [INFO] Получение всех этапов
[2022-08-21 15:22:53.5867] [INFO] Все этапы успешно получены
[2022-08-21 15:22:54.9027] [INFO] Получение всех этапов
[2022-08-21 15:22:54.9097] [INFO] Все этапы успешно получены
[2022-08-21 15:22:57.1358] [INFO] Изменение этапа
[2022-08-21 15:22:57.1358] [INFO] Изменено успешно
[2022-08-21 15:22:58.9095] [INFO] Изменение этапа
[2022-08-21 15:22:58.9095] [INFO] Изменено успешно
[2022-08-21 15:23:00.7024] [INFO] Изменение этапа
[2022-08-21 15:23:00.7154] [INFO] Изменено успешно
[2022-08-21 15:23:01.8416] [INFO] Получение всех этапов
[2022-08-21 15:23:01.8416] [INFO] Все этапы успешно получены
[2022-08-21 15:23:03.2568] [INFO] Получение всех номенклатур
[2022-08-21 15:23:03.2568] [INFO] Номенклатуры успешно получены
[2022-08-21 15:23:03.6594] [INFO] Получение всех этапов
[2022-08-21 15:23:03.6594] [INFO] Все этапы успешно получены
[2022-08-21 15:23:53.8206] [INFO] Обновление токена
[2022-08-21 15:23:55.0511] [INFO] Токен обновлен
[2022-08-21 15:23:57.2531] [INFO] Получение всех заказов
[2022-08-21 15:23:57.5031] [INFO] Заказы успешно получены
[2022-08-21 15:24:00.1942] [INFO] Получение всех этапов
[2022-08-21 15:24:00.2502] [INFO] Все этапы успешно получены
[2022-08-21 15:24:00.6501] [INFO] Получение всех номенклатур
[2022-08-21 15:24:00.7721] [INFO] Номенклатуры успешно получены
[2022-08-21 15:24:01.6881] [INFO] Получение всех этапов
[2022-08-21 15:24:01.7242] [INFO] Все этапы успешно получены
[2022-08-21 15:24:05.1769] [INFO] Изменение этапа
[2022-08-21 15:24:05.2129] [INFO] Изменено успешно
[2022-08-21 15:24:08.0799] [INFO] Получение всех номенклатур
[2022-08-21 15:24:08.0879] [INFO] Номенклатуры успешно получены
[2022-08-21 15:24:09.9919] [INFO] Получение всех этапов
[2022-08-21 15:24:10.0079] [INFO] Все этапы успешно получены
[2022-08-21 15:24:12.6829] [INFO] Получение всех этапов
[2022-08-21 15:24:12.6829] [INFO] Все этапы успешно получены
[2022-08-21 15:24:24.9020] [INFO] Изменение этапа
[2022-08-21 15:24:24.9220] [INFO] Изменено успешно
[2022-08-21 15:24:25.7529] [INFO] Изменение этапа
[2022-08-21 15:24:25.7589] [INFO] Изменено успешно
[2022-08-21 15:24:26.8806] [INFO] Изменение этапа
[2022-08-21 15:24:26.8806] [INFO] Изменено успешно
[2022-08-21 15:24:27.8286] [INFO] Изменение этапа
[2022-08-21 15:24:27.8366] [INFO] Изменено успешно
[2022-08-21 15:24:30.7557] [INFO] Получение всех этапов
[2022-08-21 15:24:30.7557] [INFO] Все этапы успешно получены
[2022-08-21 15:24:32.9097] [INFO] Изменение этапа
[2022-08-21 15:24:32.9097] [INFO] Изменено успешно
[2022-08-21 15:24:33.9497] [INFO] Получение всех этапов
[2022-08-21 15:24:33.9497] [INFO] Все этапы успешно получены
[2022-08-21 15:24:35.5066] [INFO] Изменение этапа
[2022-08-21 15:24:35.5066] [INFO] Изменено успешно
[2022-08-21 15:24:36.7044] [INFO] Изменение этапа
[2022-08-21 15:24:36.7224] [INFO] Изменено успешно
[2022-08-21 15:24:38.0293] [INFO] Получение всех этапов
[2022-08-21 15:24:38.0343] [INFO] Все этапы успешно получены
[2022-08-21 15:28:09.0550] [INFO] Обновление токена
[2022-08-21 15:28:10.3279] [INFO] Токен обновлен
[2022-08-21 15:28:11.4129] [INFO] Получение всех заказов
[2022-08-21 15:28:11.4909] [INFO] Заказы успешно получены
[2022-08-21 15:28:15.5475] [INFO] Получение всех этапов
[2022-08-21 15:28:15.5804] [INFO] Все этапы успешно получены
[2022-08-21 15:28:19.2002] [INFO] Изменение этапа
[2022-08-21 15:28:19.2482] [INFO] Изменено успешно
[2022-08-21 15:28:21.1068] [INFO] Изменение этапа
[2022-08-21 15:28:21.1190] [INFO] Изменено успешно
[2022-08-21 15:28:26.7991] [INFO] Получение всех этапов
[2022-08-21 15:28:26.8031] [INFO] Все этапы успешно получены
[2022-08-21 15:28:31.0437] [INFO] Изменение этапа
[2022-08-21 15:28:31.0547] [INFO] Изменено успешно
[2022-08-21 15:28:32.5515] [INFO] Получение всех этапов
[2022-08-21 15:28:32.5515] [INFO] Все этапы успешно получены
[2022-08-21 15:29:09.5888] [INFO] Изменение этапа
[2022-08-21 15:29:09.6128] [INFO] Изменено успешно
[2022-08-21 15:29:10.6758] [INFO] Изменение этапа
[2022-08-21 15:29:10.6908] [INFO] Изменено успешно
[2022-08-21 15:29:11.4738] [INFO] Изменение этапа
[2022-08-21 15:29:11.4738] [INFO] Изменено успешно
[2022-08-21 15:29:12.3238] [INFO] Изменение этапа
[2022-08-21 15:29:12.3398] [INFO] Изменено успешно
[2022-08-21 15:29:13.4488] [INFO] Изменение этапа
[2022-08-21 15:29:13.4578] [INFO] Изменено успешно
[2022-08-21 15:29:14.3838] [INFO] Изменение этапа
[2022-08-21 15:29:14.4078] [INFO] Изменено успешно
[2022-08-21 15:29:16.4050] [INFO] Получение всех этапов
[2022-08-21 15:29:16.4120] [INFO] Все этапы успешно получены
[2022-08-21 15:29:18.5400] [INFO] Изменение этапа
[2022-08-21 15:29:18.5550] [INFO] Изменено успешно
[2022-08-21 15:29:19.5480] [INFO] Изменение этапа
[2022-08-21 15:29:19.5630] [INFO] Изменено успешно
[2022-08-21 15:29:20.7600] [INFO] Получение всех этапов
[2022-08-21 15:29:20.7600] [INFO] Все этапы успешно получены
[2022-08-21 15:29:27.4320] [INFO] Изменение этапа
[2022-08-21 15:29:27.4320] [INFO] Изменено успешно
[2022-08-21 15:29:28.6844] [INFO] Получение всех этапов
[2022-08-21 15:29:28.6844] [INFO] Все этапы успешно получены
[2022-08-21 15:30:49.0297] [INFO] Обновление токена
[2022-08-21 15:30:50.6227] [INFO] Токен обновлен
[2022-08-21 15:30:52.0798] [INFO] Получение всех заказов
[2022-08-21 15:30:52.1478] [INFO] Заказы успешно получены
[2022-08-21 15:30:56.1342] [INFO] Получение всех этапов
[2022-08-21 15:30:56.1732] [INFO] Все этапы успешно получены
[2022-08-21 15:30:58.2973] [INFO] Изменение этапа
[2022-08-21 15:30:58.3503] [INFO] Изменено успешно
[2022-08-21 15:30:59.6815] [INFO] Получение всех этапов
[2022-08-21 15:30:59.6815] [INFO] Все этапы успешно получены
[2022-08-21 16:42:03.1618] [INFO] Обновление токена
[2022-08-21 16:42:04.1865] [INFO] Токен обновлен
[2022-08-21 16:42:05.0784] [INFO] Получение всех заказов
[2022-08-21 16:42:05.1344] [INFO] Заказы успешно получены
[2022-08-21 16:43:25.3035] [INFO] Обновление токена
[2022-08-21 16:43:26.7855] [INFO] Токен обновлен
[2022-08-21 16:43:28.0785] [INFO] Получение всех заказов
[2022-08-21 16:43:28.2035] [INFO] Заказы успешно получены
[2022-08-21 16:44:43.7362] [INFO] Обновление токена
[2022-08-21 16:44:45.5122] [INFO] Токен обновлен
[2022-08-21 16:44:46.9992] [INFO] Получение всех заказов
[2022-08-21 16:44:47.1042] [INFO] Заказы успешно получены
[2022-08-21 16:46:10.0115] [INFO] Обновление токена
[2022-08-21 16:46:10.9914] [INFO] Токен обновлен
[2022-08-21 16:46:11.7494] [INFO] Получение всех заказов
[2022-08-21 16:46:11.8474] [INFO] Заказы успешно получены
[2022-08-21 16:47:46.1583] [INFO] Обновление токена
[2022-08-21 16:47:47.1308] [INFO] Токен обновлен
[2022-08-21 16:47:47.9268] [INFO] Получение всех заказов
[2022-08-21 16:47:47.9788] [INFO] Заказы успешно получены
[2022-08-21 16:47:49.5175] [INFO] Получение всех заказов
[2022-08-21 16:47:49.5215] [INFO] Заказы успешно получены
[2022-08-21 16:47:52.5885] [INFO] Получение всех номенклатур
[2022-08-21 16:47:52.7025] [INFO] Номенклатуры успешно получены
[2022-08-21 16:47:54.5335] [INFO] Получение всех заказов
[2022-08-21 16:47:54.5455] [INFO] Заказы успешно получены
[2022-08-21 16:48:27.2920] [INFO] Обновление токена
[2022-08-21 16:48:28.3580] [INFO] Токен обновлен
[2022-08-21 16:48:29.3560] [INFO] Получение всех заказов
[2022-08-21 16:48:29.4270] [INFO] Заказы успешно получены
[2022-08-21 16:48:36.3915] [INFO] Получение всех заказов
[2022-08-21 16:48:36.3975] [INFO] Заказы успешно получены
[2022-08-21 16:48:37.6633] [INFO] Получение всех номенклатур
[2022-08-21 16:48:37.7563] [INFO] Номенклатуры успешно получены
[2022-08-21 16:49:40.0590] [INFO] Обновление токена
[2022-08-21 16:49:41.1382] [INFO] Токен обновлен
[2022-08-21 16:49:42.0387] [INFO] Получение всех заказов
[2022-08-21 16:49:42.1043] [INFO] Заказы успешно получены
[2022-08-21 16:50:35.9095] [INFO] Получение всех номенклатур
[2022-08-21 16:50:35.9615] [INFO] Номенклатуры успешно получены
[2022-08-21 16:50:36.3414] [INFO] Получение всех номенклатур
[2022-08-21 16:50:36.3474] [INFO] Номенклатуры успешно получены
[2022-08-21 16:50:37.2290] [INFO] Получение всех заказов
[2022-08-21 16:50:37.2470] [INFO] Заказы успешно получены
[2022-08-21 16:50:38.3629] [INFO] Получение всех номенклатур
[2022-08-21 16:50:38.3629] [INFO] Номенклатуры успешно получены
[2022-08-21 16:50:50.1022] [INFO] Получение всех номенклатур
[2022-08-21 16:50:50.1152] [INFO] Номенклатуры успешно получены
[2022-08-21 16:52:02.2657] [INFO] Обновление токена
[2022-08-21 16:52:03.2777] [INFO] Токен обновлен
[2022-08-21 16:52:04.1711] [INFO] Получение всех заказов
[2022-08-21 16:52:04.2501] [INFO] Заказы успешно получены
[2022-08-21 16:52:06.8331] [INFO] Получение всех номенклатур
[2022-08-21 16:52:06.9071] [INFO] Номенклатуры успешно получены
[2022-08-21 16:53:05.5554] [INFO] Обновление токена
[2022-08-21 16:53:06.4669] [INFO] Токен обновлен
[2022-08-21 16:53:07.2039] [INFO] Получение всех заказов
[2022-08-21 16:53:07.2537] [INFO] Заказы успешно получены
[2022-08-21 16:53:09.8727] [INFO] Получение всех номенклатур
[2022-08-21 16:53:09.9424] [INFO] Номенклатуры успешно получены
[2022-08-21 16:53:11.7800] [INFO] Получение всех номенклатур
[2022-08-21 16:53:11.7850] [INFO] Номенклатуры успешно получены
[2022-08-21 16:53:13.8209] [INFO] Получение всех номенклатур
[2022-08-21 16:53:13.8209] [INFO] Номенклатуры успешно получены
[2022-08-21 16:54:53.4607] [INFO] Обновление токена
[2022-08-21 16:54:54.5321] [INFO] Токен обновлен
[2022-08-21 16:54:55.3180] [INFO] Получение всех заказов
[2022-08-21 16:54:55.3680] [INFO] Заказы успешно получены
[2022-08-21 16:54:58.8010] [INFO] Получение всех номенклатур
[2022-08-21 16:54:58.8690] [INFO] Номенклатуры успешно получены
[2022-08-21 16:55:01.0144] [INFO] Получение всех номенклатур
[2022-08-21 16:55:01.0204] [INFO] Номенклатуры успешно получены
[2022-08-21 16:55:02.6008] [INFO] Получение всех номенклатур
[2022-08-21 16:55:02.6008] [INFO] Номенклатуры успешно получены
[2022-08-21 16:55:13.7939] [INFO] Получение всех номенклатур
[2022-08-21 16:55:13.7939] [INFO] Номенклатуры успешно получены
[2022-08-21 16:55:14.9572] [INFO] Получение всех номенклатур
[2022-08-21 16:55:14.9572] [INFO] Номенклатуры успешно получены
[2022-08-21 16:55:16.4753] [INFO] Получение всех номенклатур
[2022-08-21 16:55:16.4753] [INFO] Номенклатуры успешно получены
[2022-08-21 16:55:17.8992] [INFO] Получение всех номенклатур
[2022-08-21 16:55:17.8992] [INFO] Номенклатуры успешно получены
[2022-08-21 16:56:54.9987] [INFO] Обновление токена
[2022-08-21 16:56:56.2259] [INFO] Токен обновлен
[2022-08-21 16:56:56.9529] [INFO] Получение всех заказов
[2022-08-21 16:56:57.0039] [INFO] Заказы успешно получены
[2022-08-21 16:57:00.2471] [INFO] Получение всех номенклатур
[2022-08-21 16:57:00.3177] [INFO] Номенклатуры успешно получены
[2022-08-21 16:57:02.4451] [INFO] Получение всех номенклатур
[2022-08-21 16:57:02.4451] [INFO] Номенклатуры успешно получены
[2022-08-21 16:57:13.0232] [INFO] Получение всех номенклатур
[2022-08-21 16:57:13.0232] [INFO] Номенклатуры успешно получены
[2022-08-21 16:57:35.4065] [INFO] Получение всех номенклатур
[2022-08-21 16:57:35.4155] [INFO] Номенклатуры успешно получены
[2022-08-21 16:58:27.9659] [INFO] Обновление токена
[2022-08-21 16:58:28.9469] [INFO] Токен обновлен
[2022-08-21 16:58:29.7816] [INFO] Получение всех заказов
[2022-08-21 16:58:29.8356] [INFO] Заказы успешно получены
[2022-08-21 16:58:31.8699] [INFO] Получение всех номенклатур
[2022-08-21 16:58:31.9439] [INFO] Номенклатуры успешно получены
[2022-08-21 16:58:34.0390] [INFO] Получение всех номенклатур
[2022-08-21 16:58:34.0390] [INFO] Номенклатуры успешно получены
[2022-08-21 16:58:35.4582] [INFO] Получение всех номенклатур
[2022-08-21 16:58:35.4582] [INFO] Номенклатуры успешно получены
[2022-08-21 16:58:41.4688] [INFO] Получение всех номенклатур
[2022-08-21 16:58:41.4748] [INFO] Номенклатуры успешно получены
[2022-08-21 16:58:44.8176] [INFO] Получение всех номенклатур
[2022-08-21 16:58:44.8176] [INFO] Номенклатуры успешно получены
[2022-08-21 16:59:37.1829] [INFO] Обновление токена
[2022-08-21 16:59:38.1267] [INFO] Токен обновлен
[2022-08-21 16:59:38.8982] [INFO] Получение всех заказов
[2022-08-21 16:59:38.9502] [INFO] Заказы успешно получены
[2022-08-21 17:00:22.7337] [INFO] Обновление токена
[2022-08-21 17:00:23.7900] [INFO] Токен обновлен
[2022-08-21 17:00:24.6228] [INFO] Получение всех заказов
[2022-08-21 17:00:24.6817] [INFO] Заказы успешно получены
[2022-08-21 17:00:29.1407] [INFO] Получение всех заказов
[2022-08-21 17:00:29.1447] [INFO] Заказы успешно получены
[2022-08-21 17:00:32.1781] [INFO] Получение всех номенклатур
[2022-08-21 17:00:32.2961] [INFO] Номенклатуры успешно получены
[2022-08-21 17:00:36.7270] [INFO] Получение всех номенклатур
[2022-08-21 17:00:36.7450] [INFO] Номенклатуры успешно получены
[2022-08-21 17:06:11.1626] [INFO] Обновление токена
[2022-08-21 17:06:12.1883] [INFO] Токен обновлен
[2022-08-21 17:06:12.9433] [INFO] Получение всех заказов
[2022-08-21 17:06:12.9923] [INFO] Заказы успешно получены
[2022-08-21 17:06:23.3851] [INFO] Получение всех заказов
[2022-08-21 17:06:23.3851] [INFO] Заказы успешно получены
[2022-08-21 17:06:24.7029] [INFO] Получение всех номенклатур
[2022-08-21 17:06:24.7819] [INFO] Номенклатуры успешно получены
[2022-08-21 17:06:52.4803] [INFO] Получение всех номенклатур
[2022-08-21 17:06:52.4913] [INFO] Номенклатуры успешно получены
[2022-08-21 17:08:08.7894] [INFO] Обновление токена
[2022-08-21 17:08:10.5647] [INFO] Токен обновлен
[2022-08-21 17:08:11.9297] [INFO] Получение всех заказов
[2022-08-21 17:08:12.0307] [INFO] Заказы успешно получены
[2022-08-21 17:08:17.9018] [INFO] Получение всех номенклатур
[2022-08-21 17:08:17.9798] [INFO] Номенклатуры успешно получены
[2022-08-21 17:09:18.8791] [INFO] Обновление токена
[2022-08-21 17:09:19.9312] [INFO] Токен обновлен
[2022-08-21 17:09:20.8272] [INFO] Получение всех заказов
[2022-08-21 17:09:20.8822] [INFO] Заказы успешно получены
[2022-08-21 17:09:23.8446] [INFO] Получение всех номенклатур
[2022-08-21 17:09:23.9216] [INFO] Номенклатуры успешно получены
[2022-08-21 17:09:30.0923] [INFO] Получение всех номенклатур
[2022-08-21 17:09:30.0993] [INFO] Номенклатуры успешно получены
[2022-08-21 17:10:04.7173] [INFO] Обновление токена
[2022-08-21 17:10:05.9582] [INFO] Токен обновлен
[2022-08-21 17:10:06.8612] [INFO] Получение всех заказов
[2022-08-21 17:10:06.9252] [INFO] Заказы успешно получены
[2022-08-21 17:10:08.8234] [INFO] Получение всех номенклатур
[2022-08-21 17:10:08.9134] [INFO] Номенклатуры успешно получены
[2022-08-21 17:10:10.9751] [INFO] Получение всех номенклатур
[2022-08-21 17:10:10.9751] [INFO] Номенклатуры успешно получены
[2022-08-21 17:15:31.6033] [INFO] Обновление токена
[2022-08-21 17:15:32.5659] [INFO] Токен обновлен
[2022-08-21 17:15:33.3629] [INFO] Получение всех заказов
[2022-08-21 17:15:33.4159] [INFO] Заказы успешно получены
[2022-08-21 17:15:36.7570] [INFO] Получение всех номенклатур
[2022-08-21 17:15:36.8260] [INFO] Номенклатуры успешно получены
[2022-08-21 17:15:40.6973] [INFO] Получение всех номенклатур
[2022-08-21 17:15:40.6973] [INFO] Номенклатуры успешно получены
[2022-08-21 17:16:47.9754] [INFO] Обновление токена
[2022-08-21 17:16:48.8807] [INFO] Токен обновлен
[2022-08-21 17:16:49.6737] [INFO] Получение всех заказов
[2022-08-21 17:16:49.7230] [INFO] Заказы успешно получены
[2022-08-21 17:16:52.0178] [INFO] Получение всех номенклатур
[2022-08-21 17:16:52.1088] [INFO] Номенклатуры успешно получены
[2022-08-21 17:16:53.6512] [INFO] Получение всех номенклатур
[2022-08-21 17:16:53.6512] [INFO] Номенклатуры успешно получены
[2022-08-21 17:17:05.5168] [INFO] Получение всех номенклатур
[2022-08-21 17:17:05.5258] [INFO] Номенклатуры успешно получены
[2022-08-21 17:17:06.9346] [INFO] Получение всех номенклатур
[2022-08-21 17:17:06.9406] [INFO] Номенклатуры успешно получены
[2022-08-21 17:17:14.9278] [INFO] Получение всех номенклатур
[2022-08-21 17:17:14.9278] [INFO] Номенклатуры успешно получены
[2022-08-21 17:17:16.9966] [INFO] Получение всех номенклатур
[2022-08-21 17:17:17.0076] [INFO] Номенклатуры успешно получены
[2022-08-21 17:23:25.8750] [INFO] Обновление токена
[2022-08-21 17:23:27.4070] [INFO] Токен обновлен
[2022-08-21 17:23:28.9324] [INFO] Получение всех заказов
[2022-08-21 17:23:29.0564] [INFO] Заказы успешно получены
[2022-08-21 17:23:30.1424] [INFO] Получение всех заказов
[2022-08-21 17:23:30.1464] [INFO] Заказы успешно получены
[2022-08-21 17:23:34.2829] [INFO] Получение всех номенклатур
[2022-08-21 17:23:34.3689] [INFO] Номенклатуры успешно получены
[2022-08-21 17:23:35.5084] [INFO] Получение всех номенклатур
[2022-08-21 17:23:35.5084] [INFO] Номенклатуры успешно получены
[2022-08-21 17:26:48.3067] [INFO] Обновление токена
[2022-08-21 17:26:49.9217] [INFO] Токен обновлен
[2022-08-21 17:26:51.4439] [INFO] Получение всех заказов
[2022-08-21 17:26:51.5729] [INFO] Заказы успешно получены
[2022-08-21 17:26:53.0835] [INFO] Получение всех номенклатур
[2022-08-21 17:26:53.1595] [INFO] Номенклатуры успешно получены
[2022-08-21 17:26:54.3828] [INFO] Получение всех номенклатур
[2022-08-21 17:26:54.3958] [INFO] Номенклатуры успешно получены
[2022-08-21 17:26:55.5800] [INFO] Получение всех номенклатур
[2022-08-21 17:26:55.5900] [INFO] Номенклатуры успешно получены
[2022-08-21 17:28:18.2224] [INFO] Обновление токена
[2022-08-21 17:28:20.4534] [INFO] Токен обновлен
[2022-08-21 17:28:21.9845] [INFO] Получение всех заказов
[2022-08-21 17:28:22.0855] [INFO] Заказы успешно получены
[2022-08-21 17:28:28.8235] [INFO] Получение всех номенклатур
[2022-08-21 17:28:28.9925] [INFO] Номенклатуры успешно получены
[2022-08-21 17:28:29.0555] [INFO] Получение всех заказов
[2022-08-21 17:28:29.1155] [INFO] Заказы успешно получены
[2022-08-21 17:28:31.2405] [INFO] Получение всех номенклатур
[2022-08-21 17:28:31.2606] [INFO] Номенклатуры успешно получены
[2022-08-21 17:28:48.5662] [INFO] Получение всех номенклатур
[2022-08-21 17:28:48.5812] [INFO] Номенклатуры успешно получены
[2022-08-21 17:28:50.0326] [INFO] Получение всех номенклатур
[2022-08-21 17:28:50.0396] [INFO] Номенклатуры успешно получены
[2022-08-21 17:28:51.9144] [INFO] Получение всех номенклатур
[2022-08-21 17:28:51.9264] [INFO] Номенклатуры успешно получены
[2022-08-21 17:29:40.9614] [INFO] Обновление токена
[2022-08-21 17:29:43.8854] [INFO] Токен обновлен
[2022-08-21 17:29:45.2124] [INFO] Получение всех заказов
[2022-08-21 17:29:45.3184] [INFO] Заказы успешно получены
[2022-08-21 17:29:54.3872] [INFO] Получение всех номенклатур
[2022-08-21 17:29:54.5262] [INFO] Номенклатуры успешно получены
[2022-08-21 17:29:55.5977] [INFO] Получение всех номенклатур
[2022-08-21 17:29:55.5977] [INFO] Номенклатуры успешно получены
[2022-08-21 17:29:57.2467] [INFO] Получение всех номенклатур
[2022-08-21 17:29:57.2557] [INFO] Номенклатуры успешно получены
[2022-08-21 17:31:38.5007] [INFO] Обновление токена
[2022-08-21 17:31:39.6513] [INFO] Токен обновлен
[2022-08-21 17:31:40.8533] [INFO] Получение всех заказов
[2022-08-21 17:31:40.9583] [INFO] Заказы успешно получены
[2022-08-21 17:31:46.0129] [INFO] Получение всех номенклатур
[2022-08-21 17:31:46.0899] [INFO] Номенклатуры успешно получены
[2022-08-21 17:31:47.3466] [INFO] Получение всех номенклатур
[2022-08-21 17:31:47.3666] [INFO] Номенклатуры успешно получены
[2022-08-21 17:31:49.6904] [INFO] Получение всех номенклатур
[2022-08-21 17:31:49.7104] [INFO] Номенклатуры успешно получены
[2022-08-21 17:31:52.2605] [INFO] Получение всех номенклатур
[2022-08-21 17:31:52.2605] [INFO] Номенклатуры успешно получены
[2022-08-21 17:31:57.3477] [INFO] Получение всех номенклатур
[2022-08-21 17:31:57.3477] [INFO] Номенклатуры успешно получены
[2022-08-21 17:55:53.9830] [INFO] Обновление токена
[2022-08-21 17:55:55.6470] [ERROR] Ошибка -------> Не найдена сессия пользователя
[2022-08-21 17:56:15.1435] [INFO] Обновление токена
[2022-08-21 17:56:15.8911] [ERROR] Ошибка -------> Не найдена сессия пользователя
[2022-08-21 17:56:25.8461] [INFO] Авторизация
[2022-08-21 17:56:26.3481] [INFO] Токен получен
[2022-08-21 17:56:26.9526] [INFO] Получение всех заказов
[2022-08-21 17:56:27.0176] [INFO] Заказы успешно получены
[2022-08-21 17:56:27.4585] [INFO] Получение всех номенклатур
[2022-08-21 17:56:27.4785] [INFO] Номенклатуры успешно получены
[2022-08-21 17:56:27.8339] [INFO] Получение всех этапов
[2022-08-21 17:56:27.8339] [INFO] Все этапы успешно получены
[2022-08-21 17:56:31.4283] [INFO] Добавление этапа
[2022-08-21 17:56:31.4783] [INFO] Добавлено успешно
[2022-08-21 17:56:31.5043] [INFO] Получение всех этапов
[2022-08-21 17:56:31.5043] [INFO] Все этапы успешно получены
[2022-08-21 17:56:32.8091] [INFO] Получение всех номенклатур
[2022-08-21 17:56:32.8091] [INFO] Номенклатуры успешно получены
[2022-08-21 17:56:40.4661] [INFO] Получение всех этапов
[2022-08-21 17:56:40.4721] [INFO] Все этапы успешно получены
[2022-08-21 17:56:43.3834] [INFO] Добавление номенклатуры
[2022-08-21 17:56:43.4464] [INFO] Добавлено успешно
[2022-08-21 17:56:43.4614] [INFO] Получение всех номенклатур
[2022-08-21 17:56:43.4864] [INFO] Номенклатуры успешно получены
[2022-08-21 17:56:45.5596] [INFO] Получение всех заказов
[2022-08-21 17:56:45.5596] [INFO] Заказы успешно получены
[2022-08-21 17:56:47.8395] [INFO] Получение всех номенклатур
[2022-08-21 17:56:47.8395] [INFO] Номенклатуры успешно получены
[2022-08-21 17:59:27.7471] [INFO] Обновление токена
[2022-08-21 17:59:28.4587] [ERROR] Ошибка -------> Не найдена сессия пользователя
[2022-08-21 17:59:49.0100] [INFO] Обновление токена
[2022-08-21 17:59:49.7015] [ERROR] Ошибка -------> Не найдена сессия пользователя
[2022-08-21 18:00:00.1610] [INFO] Авторизация
[2022-08-21 18:00:00.6850] [INFO] Токен получен
[2022-08-21 18:00:01.3045] [INFO] Получение всех заказов
[2022-08-21 18:00:01.3535] [INFO] Заказы успешно получены
[2022-08-21 18:00:01.8345] [INFO] Получение всех этапов
[2022-08-21 18:00:01.8345] [INFO] Все этапы успешно получены
[2022-08-21 18:00:05.2219] [INFO] Добавление этапа
[2022-08-21 18:00:05.2599] [INFO] Добавлено успешно
[2022-08-21 18:00:05.2799] [INFO] Получение всех этапов
[2022-08-21 18:00:05.2799] [INFO] Все этапы успешно получены
[2022-08-21 18:00:05.8444] [INFO] Получение всех номенклатур
[2022-08-21 18:00:05.8654] [INFO] Номенклатуры успешно получены
[2022-08-21 18:00:13.7260] [INFO] Получение всех этапов
[2022-08-21 18:00:13.7390] [INFO] Все этапы успешно получены
[2022-08-21 18:00:15.7396] [INFO] Добавление номенклатуры
[2022-08-21 18:00:15.8266] [INFO] Добавлено успешно
[2022-08-21 18:00:15.8416] [INFO] Получение всех номенклатур
[2022-08-21 18:00:15.8666] [INFO] Номенклатуры успешно получены
[2022-08-21 18:00:17.3591] [INFO] Получение всех заказов
[2022-08-21 18:00:17.3751] [INFO] Заказы успешно получены
[2022-08-21 18:00:19.3513] [INFO] Получение всех номенклатур
[2022-08-21 18:00:19.3653] [INFO] Номенклатуры успешно получены
[2022-08-21 18:01:05.8029] [INFO] Обновление токена
[2022-08-21 18:01:06.9398] [INFO] Токен обновлен
[2022-08-21 18:01:07.8448] [INFO] Получение всех заказов
[2022-08-21 18:01:07.9268] [INFO] Заказы успешно получены
[2022-08-21 18:01:09.3215] [INFO] Получение всех номенклатур
[2022-08-21 18:01:09.4025] [INFO] Номенклатуры успешно получены
[2022-08-21 18:01:21.2282] [INFO] Получение всех заказов
[2022-08-21 18:01:21.2282] [INFO] Заказы успешно получены
[2022-08-21 18:01:22.3153] [INFO] Получение всех номенклатур
[2022-08-21 18:01:22.3243] [INFO] Номенклатуры успешно получены
[2022-08-21 18:01:32.9202] [INFO] Получение всех этапов
[2022-08-21 18:01:32.9412] [INFO] Все этапы успешно получены
[2022-08-21 18:01:34.8615] [INFO] Добавление номенклатуры
[2022-08-21 18:01:34.9605] [INFO] Добавлено успешно
[2022-08-21 18:01:34.9835] [INFO] Получение всех номенклатур
[2022-08-21 18:01:34.9925] [INFO] Номенклатуры успешно получены
[2022-08-21 18:01:41.7042] [INFO] Получение всех заказов
[2022-08-21 18:01:41.7162] [INFO] Заказы успешно получены
[2022-08-21 18:01:43.8069] [INFO] Получение всех номенклатур
[2022-08-21 18:01:43.8069] [INFO] Номенклатуры успешно получены
[2022-08-21 18:01:47.3892] [INFO] Получение всех заказов
[2022-08-21 18:01:47.3942] [INFO] Заказы успешно получены
[2022-08-21 18:01:48.9001] [INFO] Получение всех номенклатур
[2022-08-21 18:01:48.9001] [INFO] Номенклатуры успешно получены
[2022-08-21 18:01:54.4556] [INFO] Получение всех номенклатур
[2022-08-21 18:01:54.4716] [INFO] Номенклатуры успешно получены
[2022-08-21 18:02:35.5239] [INFO] Обновление токена
[2022-08-21 18:02:37.8619] [INFO] Токен обновлен
[2022-08-21 18:02:39.9669] [INFO] Получение всех заказов
[2022-08-21 18:02:40.0929] [INFO] Заказы успешно получены
[2022-08-21 18:04:06.8245] [INFO] Получение всех номенклатур
[2022-08-21 18:04:06.8955] [INFO] Номенклатуры успешно получены
[2022-08-21 18:04:08.2130] [INFO] Получение всех номенклатур
[2022-08-21 18:04:08.2130] [INFO] Номенклатуры успешно получены
