[2022-09-13 13:04:30.7942] [INFO] Обновление токена
[2022-09-13 13:04:32.3708] [ERROR] Ошибка -------> An exception has been raised that is likely due to a transient failure. Consider enabling transient error resiliency by adding 'EnableRetryOnFailure()' to the 'UseSqlServer' call.
[2022-09-13 13:05:24.8892] [INFO] Обновление токена
[2022-09-13 13:05:26.5132] [ERROR] Ошибка -------> Не найдена сессия пользователя
[2022-09-13 13:05:35.4719] [INFO] Авторизация
[2022-09-13 13:05:35.7865] [ERROR] Ошибка -------> Превышено количество сессий
[2022-09-13 17:02:55.1487] [INFO] Обновление токена
[2022-09-13 17:02:56.7936] [ERROR] Ошибка -------> Не найдена сессия пользователя
[2022-09-13 17:03:21.6503] [INFO] Обновление токена
[2022-09-13 17:03:24.0294] [ERROR] Ошибка -------> Не найдена сессия пользователя
[2022-09-13 17:03:28.3158] [INFO] Авторизация
[2022-09-13 17:03:28.7761] [INFO] Токен получен
[2022-09-13 17:03:29.3113] [INFO] Получение всех заказов
[2022-09-13 17:03:29.4011] [INFO] Заказы успешно получены
[2022-09-13 17:03:41.5477] [INFO] Изменение заказа
[2022-09-13 17:03:41.7128] [INFO] Изменено успешно
[2022-09-13 17:03:41.7198] [INFO] Получение всех заказов
[2022-09-13 17:03:41.7198] [INFO] Заказы успешно получены
[2022-09-13 17:51:05.9756] [INFO] Обновление токена
[2022-09-13 17:51:08.3497] [ERROR] Ошибка -------> Не найдена сессия пользователя
[2022-09-13 17:51:14.8706] [INFO] Авторизация
[2022-09-13 17:51:15.3286] [INFO] Токен получен
[2022-09-13 17:52:16.8579] [INFO] Обновление токена
[2022-09-13 17:52:19.4927] [INFO] Токен обновлен
[2022-09-13 17:52:20.1320] [INFO] Получение настроек
[2022-09-13 17:52:20.1320] [INFO] Получение всех заказов
[2022-09-13 17:52:20.1479] [INFO] Настройки успешно получены
[2022-09-13 17:52:20.1779] [INFO] Заказы успешно получены
[2022-09-13 17:53:00.6910] [INFO] Обновление токена
[2022-09-13 17:53:03.3793] [INFO] Токен обновлен
[2022-09-13 17:53:03.9730] [INFO] Получение всех заказов
[2022-09-13 17:53:03.9730] [INFO] Получение настроек
[2022-09-13 17:53:03.9880] [INFO] Настройки успешно получены
[2022-09-13 17:53:04.0219] [INFO] Заказы успешно получены
[2022-09-13 17:54:09.8386] [INFO] Обновление токена
[2022-09-13 17:54:12.5024] [INFO] Токен обновлен
[2022-09-13 17:54:13.1141] [INFO] Получение всех заказов
[2022-09-13 17:54:13.1141] [INFO] Получение настроек
[2022-09-13 17:54:13.1311] [INFO] Настройки успешно получены
[2022-09-13 17:54:13.1630] [INFO] Заказы успешно получены
[2022-09-13 18:09:27.1937] [INFO] Обновление токена
[2022-09-13 18:09:29.8353] [INFO] Токен обновлен
[2022-09-13 18:09:30.5111] [INFO] Получение настроек
[2022-09-13 18:09:30.5121] [INFO] Получение всех заказов
[2022-09-13 18:09:30.5300] [INFO] Настройки успешно получены
[2022-09-13 18:09:30.5599] [INFO] Заказы успешно получены
[2022-09-13 18:20:44.4777] [INFO] Обновление токена
[2022-09-13 18:20:46.3434] [INFO] Токен обновлен
[2022-09-13 18:20:46.9630] [INFO] Получение всех заказов
[2022-09-13 18:20:46.9630] [INFO] Получение настроек
[2022-09-13 18:20:46.9779] [INFO] Настройки успешно получены
[2022-09-13 18:20:47.0096] [INFO] Заказы успешно получены
[2022-09-13 18:20:50.2043] [INFO] Получение всех заказов
[2022-09-13 18:20:50.2043] [INFO] Изменение настройки
[2022-09-13 18:20:50.2043] [INFO] Заказы успешно получены
[2022-09-13 18:20:50.2212] [INFO] Изменено успешно
[2022-09-13 18:20:53.8757] [INFO] Изменение настройки
[2022-09-13 18:20:53.8757] [INFO] Изменено успешно
[2022-09-13 18:20:53.8757] [INFO] Получение всех заказов
[2022-09-13 18:20:53.8757] [INFO] Заказы успешно получены
[2022-09-13 18:21:08.2935] [INFO] Обновление токена
[2022-09-13 18:21:10.9106] [INFO] Токен обновлен
[2022-09-13 18:21:11.5363] [INFO] Получение настроек
[2022-09-13 18:21:11.5363] [INFO] Получение всех заказов
[2022-09-13 18:21:11.5523] [INFO] Настройки успешно получены
[2022-09-13 18:21:11.5832] [INFO] Заказы успешно получены
[2022-09-13 18:21:44.1161] [INFO] Обновление токена
[2022-09-13 18:21:46.7258] [INFO] Токен обновлен
[2022-09-13 18:21:47.3871] [INFO] Получение настроек
[2022-09-13 18:21:47.3871] [INFO] Получение всех заказов
[2022-09-13 18:21:47.4030] [INFO] Настройки успешно получены
[2022-09-13 18:21:47.4359] [INFO] Заказы успешно получены
[2022-09-13 18:21:51.9676] [INFO] Изменение настройки
[2022-09-13 18:21:51.9676] [INFO] Получение всех заказов
[2022-09-13 18:21:51.9836] [INFO] Заказы успешно получены
[2022-09-13 18:21:51.9836] [INFO] Изменено успешно
[2022-09-13 18:21:54.9086] [INFO] Получение всех этапов
[2022-09-13 18:21:54.9186] [INFO] Все этапы успешно получены
[2022-09-13 18:21:59.9116] [INFO] Добавление этапа
[2022-09-13 18:21:59.9685] [INFO] Добавлено успешно
[2022-09-13 18:21:59.9685] [INFO] Получение всех этапов
[2022-09-13 18:21:59.9685] [INFO] Все этапы успешно получены
[2022-09-13 18:22:01.4403] [INFO] Получение всех номенклатур
[2022-09-13 18:22:01.4592] [INFO] Номенклатуры успешно получены
[2022-09-13 18:22:10.9697] [INFO] Получение всех этапов
[2022-09-13 18:22:10.9697] [INFO] Все этапы успешно получены
[2022-09-13 18:22:14.7442] [INFO] Добавление номенклатуры
[2022-09-13 18:22:14.7861] [INFO] Добавлено успешно
[2022-09-13 18:22:14.7941] [INFO] Получение всех номенклатур
[2022-09-13 18:22:14.7941] [INFO] Номенклатуры успешно получены
[2022-09-13 18:22:16.3169] [INFO] Получение всех заказов
[2022-09-13 18:22:16.3249] [INFO] Заказы успешно получены
[2022-09-13 18:22:21.0595] [INFO] Получение всех номенклатур
[2022-09-13 18:22:21.0595] [INFO] Номенклатуры успешно получены
[2022-09-13 18:22:27.2116] [INFO] Добавление заказа
[2022-09-13 18:22:27.2967] [INFO] Добавлено успешно
[2022-09-13 18:22:27.2967] [INFO] Получение всех заказов
[2022-09-13 18:22:27.3166] [INFO] Заказы успешно получены
[2022-09-13 18:22:38.5565] [INFO] Получение всех этапов
[2022-09-13 18:22:38.5585] [INFO] Все этапы успешно получены
[2022-09-13 18:22:41.8898] [INFO] Изменение этапа
[2022-09-13 18:22:41.9078] [INFO] Изменено успешно
[2022-09-13 18:22:41.9078] [INFO] Получение всех этапов
[2022-09-13 18:22:41.9078] [INFO] Все этапы успешно получены
[2022-09-13 18:22:42.3828] [INFO] Получение всех заказов
[2022-09-13 18:22:42.3828] [INFO] Заказы успешно получены
[2022-09-13 18:22:44.2445] [INFO] Изменение заказа
[2022-09-13 18:22:44.3202] [INFO] Изменено успешно
[2022-09-13 18:22:44.3262] [INFO] Получение всех заказов
[2022-09-13 18:22:44.3262] [INFO] Заказы успешно получены
[2022-09-13 18:22:48.5910] [INFO] Изменение заказа
[2022-09-13 18:22:48.5910] [INFO] Изменено успешно
[2022-09-13 18:22:48.6119] [INFO] Получение всех заказов
[2022-09-13 18:22:48.6119] [INFO] Заказы успешно получены
[2022-09-13 18:22:54.7755] [INFO] Получение всех заказов
[2022-09-13 18:22:54.7835] [INFO] Изменение настройки
[2022-09-13 18:22:54.7835] [INFO] Изменено успешно
[2022-09-13 18:22:54.7835] [INFO] Заказы успешно получены
[2022-09-13 18:23:00.6297] [INFO] Изменение настройки
[2022-09-13 18:23:00.6297] [INFO] Получение всех заказов
[2022-09-13 18:23:00.6297] [INFO] Изменено успешно
[2022-09-13 18:23:00.6456] [INFO] Заказы успешно получены
[2022-09-13 18:23:04.8352] [INFO] Получение всех этапов
[2022-09-13 18:23:04.8352] [INFO] Все этапы успешно получены
[2022-09-13 18:23:05.6817] [INFO] Получение всех номенклатур
[2022-09-13 18:23:05.6847] [INFO] Номенклатуры успешно получены
[2022-09-13 18:23:06.7606] [INFO] Получение всех заказов
[2022-09-13 18:23:06.7616] [INFO] Заказы успешно получены
[2022-09-13 18:23:11.0546] [INFO] Изменение заказа
[2022-09-13 18:23:11.0805] [INFO] Изменено успешно
[2022-09-13 18:23:11.0805] [INFO] Получение всех заказов
[2022-09-13 18:23:11.0805] [INFO] Заказы успешно получены
[2022-09-13 18:23:19.9445] [INFO] Изменение заказа
[2022-09-13 18:23:19.9545] [INFO] Изменено успешно
[2022-09-13 18:23:19.9545] [INFO] Получение всех заказов
[2022-09-13 18:23:19.9545] [INFO] Заказы успешно получены
[2022-09-13 18:23:32.8088] [INFO] Изменение заказа
[2022-09-13 18:23:32.8088] [INFO] Изменено успешно
[2022-09-13 18:23:32.8268] [INFO] Получение всех заказов
[2022-09-13 18:23:32.8268] [INFO] Заказы успешно получены
[2022-09-13 18:23:39.8373] [INFO] Изменение настройки
[2022-09-13 18:23:39.8642] [INFO] Изменено успешно
[2022-09-13 18:23:39.8642] [INFO] Получение всех заказов
[2022-09-13 18:23:39.8642] [INFO] Заказы успешно получены
