[2022-09-11 11:38:32.6518] [INFO] Авторизация
[2022-09-11 11:38:36.3437] [INFO] Токен получен
[2022-09-11 11:55:22.8007] [INFO] Авторизация
[2022-09-11 11:55:24.7482] [INFO] Токен получен
[2022-09-11 11:55:26.8434] [INFO] Авторизация
[2022-09-11 11:55:26.8992] [INFO] Токен получен
[2022-09-11 11:58:18.7263] [INFO] Авторизация
[2022-09-11 11:58:18.8270] [ERROR] Ошибка -------> Превышено количество сессий
[2022-09-11 12:00:02.4217] [INFO] Авторизация
[2022-09-11 12:00:02.4596] [INFO] Токен получен
[2022-09-11 12:01:07.3625] [INFO] Авторизация
[2022-09-11 12:01:07.4009] [INFO] Токен получен
[2022-09-11 12:01:07.8836] [INFO] Получение всех заказов
[2022-09-11 12:01:07.9385] [INFO] Заказы успешно получены
[2022-09-11 12:01:09.5407] [INFO] Получение всех номенклатур
[2022-09-11 12:01:09.5596] [INFO] Номенклатуры успешно получены
[2022-09-11 12:01:09.9101] [INFO] Получение всех этапов
[2022-09-11 12:01:09.9101] [INFO] Все этапы успешно получены
[2022-09-11 12:01:10.1993] [INFO] Получение всех номенклатур
[2022-09-11 12:01:10.1993] [INFO] Номенклатуры успешно получены
[2022-09-11 12:01:10.5616] [INFO] Получение всех заказов
[2022-09-11 12:01:10.5616] [INFO] Заказы успешно получены
[2022-09-11 12:01:10.8712] [INFO] Получение всех номенклатур
[2022-09-11 12:01:10.8712] [INFO] Номенклатуры успешно получены
[2022-09-11 12:01:11.1924] [INFO] Получение всех этапов
[2022-09-11 12:01:11.1924] [INFO] Все этапы успешно получены
[2022-09-11 12:01:11.7861] [INFO] Получение всех заказов
[2022-09-11 12:01:11.7861] [INFO] Заказы успешно получены
[2022-09-11 12:01:12.1090] [INFO] Получение всех номенклатур
[2022-09-11 12:01:12.1090] [INFO] Номенклатуры успешно получены
[2022-09-11 12:01:20.4772] [INFO] Получение всех этапов
[2022-09-11 12:01:20.4772] [INFO] Все этапы успешно получены
[2022-09-11 12:01:20.7863] [INFO] Получение всех номенклатур
[2022-09-11 12:01:20.7863] [INFO] Номенклатуры успешно получены
[2022-09-11 12:01:21.3579] [INFO] Получение всех заказов
[2022-09-11 12:01:21.3579] [INFO] Заказы успешно получены
[2022-09-11 12:01:21.7462] [INFO] Получение всех номенклатур
[2022-09-11 12:01:21.7462] [INFO] Номенклатуры успешно получены
[2022-09-11 12:01:22.0964] [INFO] Получение всех этапов
[2022-09-11 12:01:22.0964] [INFO] Все этапы успешно получены
[2022-09-11 12:01:22.4806] [INFO] Получение всех номенклатур
[2022-09-11 12:01:22.4806] [INFO] Номенклатуры успешно получены
[2022-09-11 12:01:22.7287] [INFO] Получение всех заказов
[2022-09-11 12:01:22.7287] [INFO] Заказы успешно получены
[2022-09-11 12:01:23.4182] [INFO] Получение всех этапов
[2022-09-11 12:01:23.4182] [INFO] Все этапы успешно получены
[2022-09-11 12:01:29.5882] [INFO] Добавление этапа
[2022-09-11 12:01:29.6092] [INFO] Добавлено успешно
[2022-09-11 12:01:29.6092] [INFO] Получение всех этапов
[2022-09-11 12:01:29.6092] [INFO] Все этапы успешно получены
[2022-09-11 12:01:34.2840] [INFO] Добавление этапа
[2022-09-11 12:01:34.2840] [INFO] Добавлено успешно
[2022-09-11 12:01:34.2948] [INFO] Получение всех этапов
[2022-09-11 12:01:34.2948] [INFO] Все этапы успешно получены
[2022-09-11 12:01:35.9148] [INFO] Получение всех номенклатур
[2022-09-11 12:01:35.9148] [INFO] Номенклатуры успешно получены
[2022-09-11 12:02:23.3499] [INFO] Получение всех этапов
[2022-09-11 12:02:23.3499] [INFO] Все этапы успешно получены
[2022-09-11 12:02:25.2571] [INFO] Получение всех этапов
[2022-09-11 12:02:25.2571] [INFO] Все этапы успешно получены
[2022-09-11 12:02:39.6592] [INFO] Добавление номенклатуры
[2022-09-11 12:02:39.6961] [INFO] Добавлено успешно
[2022-09-11 12:02:39.7030] [INFO] Получение всех номенклатур
[2022-09-11 12:02:39.7170] [INFO] Номенклатуры успешно получены
[2022-09-11 12:02:40.5781] [INFO] Получение всех этапов
[2022-09-11 12:02:40.5781] [INFO] Все этапы успешно получены
[2022-09-11 12:02:45.7648] [INFO] Получение всех номенклатур
[2022-09-11 12:02:45.7648] [INFO] Номенклатуры успешно получены
[2022-09-11 12:02:49.5861] [INFO] Получение всех заказов
[2022-09-11 12:02:49.5861] [INFO] Заказы успешно получены
[2022-09-11 12:02:57.1770] [INFO] Получение всех номенклатур
[2022-09-11 12:02:57.1770] [INFO] Номенклатуры успешно получены
[2022-09-11 12:04:51.9793] [INFO] Получение всех этапов
[2022-09-11 12:04:51.9793] [INFO] Все этапы успешно получены
[2022-09-11 12:04:52.3930] [INFO] Получение всех номенклатур
[2022-09-11 12:04:52.3930] [INFO] Номенклатуры успешно получены
[2022-09-11 12:04:56.8528] [INFO] Получение всех заказов
[2022-09-11 12:04:56.8528] [INFO] Заказы успешно получены
[2022-09-11 12:12:33.9821] [INFO] Получение всех заказов
[2022-09-11 12:12:33.9821] [INFO] Заказы успешно получены
[2022-09-11 12:12:38.1974] [INFO] Получение всех номенклатур
[2022-09-11 12:12:38.2024] [INFO] Номенклатуры успешно получены
[2022-09-11 12:13:42.4524] [INFO] Добавление заказа
[2022-09-11 12:13:42.5327] [INFO] Добавлено успешно
[2022-09-11 12:13:42.5327] [INFO] Получение всех заказов
[2022-09-11 12:13:42.5536] [INFO] Заказы успешно получены
[2022-09-11 12:13:59.0682] [INFO] Изменение заказа
[2022-09-11 12:13:59.1400] [INFO] Изменено успешно
[2022-09-11 12:13:59.1400] [INFO] Получение всех заказов
[2022-09-11 12:13:59.1400] [INFO] Заказы успешно получены
[2022-09-11 12:14:07.4042] [INFO] Изменение заказа
[2022-09-11 12:14:07.4042] [INFO] Изменено успешно
[2022-09-11 12:14:07.4231] [INFO] Получение всех заказов
[2022-09-11 12:14:07.4231] [INFO] Заказы успешно получены
[2022-09-11 12:14:31.3287] [INFO] Изменение заказа
[2022-09-11 12:16:02.9790] [INFO] Изменено успешно
[2022-09-11 12:16:02.9919] [INFO] Получение всех заказов
[2022-09-11 12:16:02.9919] [INFO] Заказы успешно получены
[2022-09-11 12:27:43.6740] [INFO] Обновление токена
[2022-09-11 12:27:45.6992] [INFO] Токен обновлен
[2022-09-11 12:27:46.2836] [INFO] Получение всех заказов
[2022-09-11 12:27:46.3754] [INFO] Заказы успешно получены
[2022-09-11 12:27:51.3038] [INFO] Изменение заказа
[2022-09-11 12:27:51.4859] [INFO] Изменено успешно
[2022-09-11 12:27:51.4859] [INFO] Получение всех заказов
[2022-09-11 12:27:51.4859] [INFO] Заказы успешно получены
[2022-09-11 12:28:09.1497] [INFO] Изменение заказа
[2022-09-11 12:28:09.1647] [INFO] Изменено успешно
[2022-09-11 12:28:09.1716] [INFO] Получение всех заказов
[2022-09-11 12:28:09.1716] [INFO] Заказы успешно получены
[2022-09-11 12:36:20.6808] [INFO] Обновление токена
[2022-09-11 12:36:22.5106] [INFO] Токен обновлен
[2022-09-11 12:36:23.1048] [INFO] Получение всех заказов
[2022-09-11 12:36:23.1956] [INFO] Заказы успешно получены
[2022-09-11 12:36:30.2690] [INFO] Изменение заказа
[2022-09-11 12:36:30.4525] [INFO] Изменено успешно
[2022-09-11 12:36:30.4525] [INFO] Получение всех заказов
[2022-09-11 12:36:30.4525] [INFO] Заказы успешно получены
[2022-09-11 12:36:42.0227] [INFO] Изменение заказа
[2022-09-11 12:36:42.0417] [INFO] Изменено успешно
[2022-09-11 12:36:42.0486] [INFO] Получение всех заказов
[2022-09-11 12:36:42.0486] [INFO] Заказы успешно получены
[2022-09-11 12:36:48.4722] [INFO] Изменение заказа
[2022-09-11 12:36:48.4861] [INFO] Изменено успешно
[2022-09-11 12:36:48.4861] [INFO] Получение всех заказов
[2022-09-11 12:36:48.4861] [INFO] Заказы успешно получены
[2022-09-11 12:36:53.1920] [INFO] Изменение заказа
[2022-09-11 12:36:53.2094] [INFO] Изменено успешно
[2022-09-11 12:36:53.2164] [INFO] Получение всех заказов
[2022-09-11 12:36:53.2164] [INFO] Заказы успешно получены
[2022-09-11 12:36:56.3535] [INFO] Изменение заказа
[2022-09-11 12:36:56.3665] [INFO] Изменено успешно
[2022-09-11 12:36:56.3735] [INFO] Получение всех заказов
[2022-09-11 12:36:56.3735] [INFO] Заказы успешно получены
[2022-09-11 12:37:04.1233] [INFO] Получение всех номенклатур
[2022-09-11 12:37:04.1467] [INFO] Номенклатуры успешно получены
[2022-09-11 12:37:24.4266] [INFO] Изменение заказа
[2022-09-11 12:37:24.4625] [INFO] Изменено успешно
[2022-09-11 12:37:24.4695] [INFO] Получение всех заказов
[2022-09-11 12:37:24.4695] [INFO] Заказы успешно получены
[2022-09-11 12:37:29.9957] [INFO] Изменение заказа
[2022-09-11 12:37:30.0226] [INFO] Изменено успешно
[2022-09-11 12:37:30.0296] [INFO] Получение всех заказов
[2022-09-11 12:37:30.0296] [INFO] Заказы успешно получены
[2022-09-11 12:37:49.7810] [INFO] Изменение заказа
[2022-09-11 12:37:49.8009] [INFO] Изменено успешно
[2022-09-11 12:37:49.8009] [INFO] Получение всех заказов
[2022-09-11 12:37:49.8119] [INFO] Заказы успешно получены
[2022-09-11 12:38:14.1795] [INFO] Изменение заказа
[2022-09-11 12:38:14.2263] [INFO] Изменено успешно
[2022-09-11 12:38:14.2353] [INFO] Получение всех заказов
[2022-09-11 12:38:14.2353] [INFO] Заказы успешно получены
[2022-09-11 12:38:29.5289] [INFO] Изменение заказа
[2022-09-11 12:38:29.5598] [INFO] Изменено успешно
[2022-09-11 12:38:29.5678] [INFO] Получение всех заказов
[2022-09-11 12:38:29.5678] [INFO] Заказы успешно получены
[2022-09-11 12:39:18.1371] [INFO] Изменение заказа
[2022-09-11 12:39:18.1540] [INFO] Изменено успешно
[2022-09-11 12:39:18.1540] [INFO] Получение всех заказов
[2022-09-11 12:39:18.1540] [INFO] Заказы успешно получены
[2022-09-11 13:02:35.9307] [INFO] Обновление токена
[2022-09-11 13:02:38.7140] [ERROR] Ошибка -------> Не найдена сессия пользователя
[2022-09-11 13:02:46.9760] [INFO] Авторизация
[2022-09-11 13:02:47.4073] [ERROR] Ошибка -------> Превышено количество сессий
[2022-09-11 13:02:49.7048] [INFO] Авторизация
[2022-09-11 13:02:49.8629] [ERROR] Ошибка -------> Превышено количество сессий
[2022-09-11 13:03:15.3299] [INFO] Авторизация
[2022-09-11 13:03:15.5603] [INFO] Токен получен
[2022-09-11 13:03:16.2090] [INFO] Получение всех заказов
[2022-09-11 13:03:16.3287] [INFO] Заказы успешно получены
[2022-09-11 13:03:20.8512] [INFO] Получение всех номенклатур
[2022-09-11 13:03:20.8831] [INFO] Номенклатуры успешно получены
[2022-09-11 13:03:21.2559] [INFO] Получение всех этапов
[2022-09-11 13:03:21.2678] [INFO] Все этапы успешно получены
[2022-09-11 13:03:21.5095] [INFO] Получение всех номенклатур
[2022-09-11 13:03:21.5095] [INFO] Номенклатуры успешно получены
[2022-09-11 13:03:21.8124] [INFO] Получение всех заказов
[2022-09-11 13:03:21.8124] [INFO] Заказы успешно получены
[2022-09-11 13:03:22.4367] [INFO] Получение всех заказов
[2022-09-11 13:03:22.4367] [INFO] Заказы успешно получены
[2022-09-11 13:03:24.3728] [INFO] Изменение заказа
[2022-09-11 13:03:24.5357] [INFO] Изменено успешно
[2022-09-11 13:03:24.5546] [INFO] Получение всех заказов
[2022-09-11 13:03:24.5546] [INFO] Заказы успешно получены
[2022-09-11 13:04:10.5846] [INFO] Получение всех номенклатур
[2022-09-11 13:04:10.5916] [INFO] Номенклатуры успешно получены
[2022-09-11 13:04:10.9181] [INFO] Получение всех заказов
[2022-09-11 13:04:10.9321] [INFO] Заказы успешно получены
[2022-09-11 13:05:14.4153] [INFO] Получение всех номенклатур
[2022-09-11 13:05:14.4203] [INFO] Номенклатуры успешно получены
[2022-09-11 13:05:14.9115] [INFO] Получение всех заказов
[2022-09-11 13:05:14.9234] [INFO] Заказы успешно получены
[2022-09-11 13:06:03.0263] [INFO] Получение всех заказов
[2022-09-11 13:06:03.0293] [INFO] Заказы успешно получены
[2022-09-11 13:06:47.8664] [INFO] Обновление токена
[2022-09-11 13:06:51.6444] [INFO] Токен обновлен
[2022-09-11 13:07:04.0605] [INFO] Получение всех заказов
[2022-09-11 13:07:04.2047] [INFO] Заказы успешно получены
[2022-09-11 13:08:05.4084] [INFO] Изменение заказа
[2022-09-11 13:08:05.6527] [INFO] Изменено успешно
[2022-09-11 13:08:05.6647] [INFO] Получение всех заказов
[2022-09-11 13:08:05.6767] [INFO] Заказы успешно получены
[2022-09-11 13:09:52.9890] [INFO] Обновление токена
[2022-09-11 13:09:57.0161] [INFO] Токен обновлен
[2022-09-11 13:09:58.0208] [INFO] Получение всех заказов
[2022-09-11 13:10:29.6961] [INFO] Заказы успешно получены
[2022-09-11 13:10:38.2707] [INFO] Получение всех номенклатур
[2022-09-11 13:10:38.3196] [INFO] Номенклатуры успешно получены
[2022-09-11 13:10:38.6371] [INFO] Получение всех заказов
[2022-09-11 13:11:21.3799] [INFO] Заказы успешно получены
[2022-09-11 13:11:49.9105] [INFO] Обновление токена
[2022-09-11 13:11:53.8091] [INFO] Токен обновлен
[2022-09-11 13:11:55.1894] [INFO] Получение всех заказов
[2022-09-11 13:11:55.3410] [INFO] Заказы успешно получены
[2022-09-11 13:14:21.7468] [INFO] Обновление токена
[2022-09-11 13:14:25.2300] [INFO] Токен обновлен
[2022-09-11 13:14:26.5253] [INFO] Получение всех заказов
[2022-09-11 13:14:26.6957] [INFO] Заказы успешно получены
[2022-09-11 13:14:39.5187] [INFO] Удаление заказа
[2022-09-11 13:14:39.6788] [INFO] Удалено успешно
[2022-09-11 13:14:39.6947] [INFO] Получение всех заказов
[2022-09-11 13:14:39.6947] [INFO] Заказы успешно получены
[2022-09-11 13:14:41.5679] [INFO] Удаление заказа
[2022-09-11 13:14:41.5809] [INFO] Удалено успешно
[2022-09-11 13:14:41.6158] [INFO] Получение всех заказов
[2022-09-11 13:14:41.6158] [INFO] Заказы успешно получены
[2022-09-11 13:14:44.0420] [INFO] Удаление заказа
[2022-09-11 13:14:44.0500] [INFO] Удалено успешно
[2022-09-11 13:14:44.0729] [INFO] Получение всех заказов
[2022-09-11 13:14:44.0789] [INFO] Заказы успешно получены
[2022-09-11 13:14:47.0458] [INFO] Удаление заказа
[2022-09-11 13:14:47.0697] [INFO] Удалено успешно
[2022-09-11 13:14:47.1346] [INFO] Получение всех заказов
[2022-09-11 13:14:47.1386] [INFO] Заказы успешно получены
[2022-09-11 13:14:48.7397] [INFO] Удаление заказа
[2022-09-11 13:14:48.7616] [INFO] Удалено успешно
[2022-09-11 13:14:48.7816] [INFO] Получение всех заказов
[2022-09-11 13:14:48.7816] [INFO] Заказы успешно получены
[2022-09-11 13:14:56.5689] [INFO] Изменение заказа
[2022-09-11 13:14:56.7683] [INFO] Изменено успешно
[2022-09-11 13:14:56.7683] [INFO] Получение всех заказов
[2022-09-11 13:14:56.7793] [INFO] Заказы успешно получены
[2022-09-11 13:15:08.7188] [INFO] Изменение заказа
[2022-09-11 13:15:08.7827] [INFO] Изменено успешно
[2022-09-11 13:15:08.7827] [INFO] Получение всех заказов
[2022-09-11 13:15:08.8106] [INFO] Заказы успешно получены
[2022-09-11 13:15:11.0160] [INFO] Получение всех номенклатур
[2022-09-11 13:15:11.0410] [INFO] Номенклатуры успешно получены
[2022-09-11 13:15:12.9581] [INFO] Получение всех этапов
[2022-09-11 13:15:12.9720] [INFO] Все этапы успешно получены
[2022-09-11 13:15:13.2957] [INFO] Получение всех номенклатур
[2022-09-11 13:15:13.2957] [INFO] Номенклатуры успешно получены
[2022-09-11 13:15:13.5799] [INFO] Получение всех заказов
[2022-09-11 13:15:13.5799] [INFO] Заказы успешно получены
[2022-09-11 13:15:13.8772] [INFO] Получение всех этапов
[2022-09-11 13:15:13.8772] [INFO] Все этапы успешно получены
