[2022-08-22 00:30:32.2905] [INFO] Обновление токена
[2022-08-22 00:30:33.4093] [INFO] Токен обновлен
[2022-08-22 00:30:34.2863] [INFO] Получение всех заказов
[2022-08-22 00:30:34.3454] [INFO] Заказы успешно получены
[2022-08-22 00:30:35.8612] [INFO] Получение всех этапов
[2022-08-22 00:30:35.8862] [INFO] Все этапы успешно получены
[2022-08-22 00:31:01.2309] [INFO] Получение всех номенклатур
[2022-08-22 00:31:01.2889] [INFO] Номенклатуры успешно получены
[2022-08-22 00:31:03.6199] [INFO] Получение всех этапов
[2022-08-22 00:31:03.6199] [INFO] Все этапы успешно получены
[2022-08-22 00:31:05.5044] [INFO] Получение всех заказов
[2022-08-22 00:31:05.5044] [INFO] Заказы успешно получены
[2022-08-22 00:31:07.0654] [INFO] Получение всех номенклатур
[2022-08-22 00:31:07.0734] [INFO] Номенклатуры успешно получены
[2022-08-22 00:32:06.3170] [INFO] Обновление токена
[2022-08-22 00:32:07.3260] [INFO] Токен обновлен
[2022-08-22 00:32:08.2125] [INFO] Получение всех заказов
[2022-08-22 00:32:08.2985] [INFO] Заказы успешно получены
[2022-08-22 00:32:56.7743] [INFO] Получение всех этапов
[2022-08-22 00:32:56.8044] [INFO] Все этапы успешно получены
[2022-08-22 00:32:59.1060] [INFO] Получение всех номенклатур
[2022-08-22 00:32:59.1530] [INFO] Номенклатуры успешно получены
[2022-08-22 00:32:59.3670] [INFO] Получение всех заказов
[2022-08-22 00:32:59.3870] [INFO] Заказы успешно получены
[2022-08-22 00:33:46.3401] [INFO] Получение всех номенклатур
[2022-08-22 00:33:46.3501] [INFO] Номенклатуры успешно получены
[2022-08-22 00:33:50.3171] [INFO] Получение всех номенклатур
[2022-08-22 00:33:50.3171] [INFO] Номенклатуры успешно получены
[2022-08-22 00:34:01.0923] [INFO] Получение всех номенклатур
[2022-08-22 00:34:01.0923] [INFO] Номенклатуры успешно получены
[2022-08-22 00:34:08.9627] [INFO] Получение всех заказов
[2022-08-22 00:34:08.9767] [INFO] Заказы успешно получены
[2022-08-22 00:34:10.1814] [INFO] Получение всех номенклатур
[2022-08-22 00:34:10.1814] [INFO] Номенклатуры успешно получены
[2022-08-22 00:34:11.9258] [INFO] Получение всех номенклатур
[2022-08-22 00:34:11.9258] [INFO] Номенклатуры успешно получены
[2022-08-22 00:35:31.8797] [INFO] Получение всех заказов
[2022-08-22 00:35:31.8797] [INFO] Заказы успешно получены
[2022-08-22 00:35:32.1807] [INFO] Получение всех номенклатур
[2022-08-22 00:35:32.1807] [INFO] Номенклатуры успешно получены
[2022-08-22 00:35:32.4281] [INFO] Получение всех заказов
[2022-08-22 00:35:32.4281] [INFO] Заказы успешно получены
[2022-08-22 00:35:52.3151] [INFO] Получение всех номенклатур
[2022-08-22 00:35:52.3241] [INFO] Номенклатуры успешно получены
[2022-08-22 00:36:26.6743] [INFO] Добавление номенклатуры
[2022-08-22 00:36:26.7883] [INFO] Добавлено успешно
[2022-08-22 00:36:26.8083] [INFO] Получение всех номенклатур
[2022-08-22 00:36:26.8083] [INFO] Номенклатуры успешно получены
[2022-08-22 00:36:32.0809] [INFO] Изменение номенклатуры
[2022-08-22 00:36:32.1739] [INFO] Изменено успешно
[2022-08-22 00:36:32.1899] [INFO] Получение всех номенклатур
[2022-08-22 00:36:32.1949] [INFO] Номенклатуры успешно получены
[2022-08-22 00:37:40.8241] [INFO] Получение всех заказов
[2022-08-22 00:37:40.8381] [INFO] Заказы успешно получены
[2022-08-22 00:37:44.0731] [INFO] Получение всех номенклатур
[2022-08-22 00:37:44.0731] [INFO] Номенклатуры успешно получены
[2022-08-22 00:37:54.8538] [INFO] Получение всех номенклатур
[2022-08-22 00:37:54.8718] [INFO] Номенклатуры успешно получены
[2022-08-22 00:37:55.0758] [INFO] Получение всех заказов
[2022-08-22 00:37:55.0908] [INFO] Заказы успешно получены
[2022-08-22 00:37:58.9631] [INFO] Получение всех этапов
[2022-08-22 00:37:58.9631] [INFO] Все этапы успешно получены
[2022-08-22 00:38:01.5369] [INFO] Получение всех номенклатур
[2022-08-22 00:38:01.5369] [INFO] Номенклатуры успешно получены
[2022-08-22 00:38:03.1580] [INFO] Получение всех заказов
[2022-08-22 00:38:03.1730] [INFO] Заказы успешно получены
[2022-08-22 00:38:12.4310] [INFO] Получение всех номенклатур
[2022-08-22 00:38:12.4310] [INFO] Номенклатуры успешно получены
[2022-08-22 00:38:19.3560] [INFO] Добавление заказа
[2022-08-22 00:38:19.4470] [INFO] Добавлено успешно
[2022-08-22 00:38:19.4620] [INFO] Получение всех заказов
[2022-08-22 00:38:19.4810] [INFO] Заказы успешно получены
[2022-08-22 00:38:21.9804] [INFO] Получение всех номенклатур
[2022-08-22 00:38:21.9804] [INFO] Номенклатуры успешно получены
[2022-08-22 00:38:27.4538] [INFO] Добавление заказа
[2022-08-22 00:38:27.4758] [INFO] Добавлено успешно
[2022-08-22 00:38:27.4918] [INFO] Получение всех заказов
[2022-08-22 00:38:27.4918] [INFO] Заказы успешно получены
[2022-08-22 00:38:44.5824] [INFO] Получение всех номенклатур
[2022-08-22 00:38:44.5824] [INFO] Номенклатуры успешно получены
[2022-08-22 00:38:52.8548] [INFO] Добавление заказа
[2022-08-22 00:38:52.8778] [INFO] Добавлено успешно
[2022-08-22 00:38:52.9018] [INFO] Получение всех заказов
[2022-08-22 00:38:52.9018] [INFO] Заказы успешно получены
[2022-08-22 00:39:18.1379] [INFO] Получение всех этапов
[2022-08-22 00:39:18.1449] [INFO] Все этапы успешно получены
[2022-08-22 00:39:23.7578] [INFO] Добавление этапа
[2022-08-22 00:39:23.7818] [INFO] Добавлено успешно
[2022-08-22 00:39:23.8098] [INFO] Получение всех этапов
[2022-08-22 00:39:23.8098] [INFO] Все этапы успешно получены
[2022-08-22 00:39:26.7096] [INFO] Добавление этапа
[2022-08-22 00:39:26.7096] [INFO] Добавлено успешно
[2022-08-22 00:39:26.7356] [INFO] Получение всех этапов
[2022-08-22 00:39:26.7406] [INFO] Все этапы успешно получены
[2022-08-22 00:39:29.2155] [INFO] Изменение этапа
[2022-08-22 00:39:29.2695] [INFO] Изменено успешно
[2022-08-22 00:39:32.9285] [INFO] Изменение этапа
[2022-08-22 00:39:32.9285] [INFO] Изменено успешно
[2022-08-22 00:39:34.2525] [INFO] Изменение этапа
[2022-08-22 00:39:34.2635] [INFO] Изменено успешно
[2022-08-22 00:39:36.6450] [INFO] Изменение этапа
[2022-08-22 00:39:36.6450] [INFO] Изменено успешно
[2022-08-22 00:41:14.6394] [INFO] Получение всех этапов
[2022-08-22 00:41:14.6394] [INFO] Все этапы успешно получены
[2022-08-22 00:56:02.4812] [INFO] Обновление токена
[2022-08-22 00:56:04.7518] [INFO] Токен обновлен
[2022-08-22 00:56:06.2953] [INFO] Получение всех заказов
[2022-08-22 00:56:06.4723] [INFO] Заказы успешно получены
[2022-08-22 00:56:06.6423] [INFO] Получение всех заказов
[2022-08-22 00:56:06.6493] [INFO] Заказы успешно получены
[2022-08-22 00:56:07.9673] [INFO] Получение всех номенклатур
[2022-08-22 00:56:08.0853] [INFO] Номенклатуры успешно получены
[2022-08-22 00:56:08.2903] [INFO] Получение всех номенклатур
[2022-08-22 00:56:08.2903] [INFO] Номенклатуры успешно получены
[2022-08-22 00:56:08.6721] [INFO] Получение всех этапов
[2022-08-22 00:56:08.6951] [INFO] Все этапы успешно получены
[2022-08-22 00:56:21.9979] [INFO] Получение всех номенклатур
[2022-08-22 00:56:22.0029] [INFO] Номенклатуры успешно получены
[2022-08-22 00:57:20.0534] [INFO] Обновление токена
[2022-08-22 00:57:22.0614] [INFO] Токен обновлен
[2022-08-22 00:57:24.2033] [INFO] Получение всех этапов
[2022-08-22 00:57:24.2033] [INFO] Получение всех заказов
[2022-08-22 00:57:24.2543] [INFO] Все этапы успешно получены
[2022-08-22 00:57:24.3843] [INFO] Заказы успешно получены
[2022-08-22 00:57:32.8788] [INFO] Получение всех этапов
[2022-08-22 00:57:32.8788] [INFO] Все этапы успешно получены
[2022-08-22 00:57:41.7237] [INFO] Изменение этапа
[2022-08-22 00:57:41.8117] [INFO] Изменено успешно
[2022-08-22 00:57:41.8747] [INFO] Получение всех этапов
[2022-08-22 00:57:41.8817] [INFO] Все этапы успешно получены
[2022-08-22 00:57:48.7356] [INFO] Изменение этапа
[2022-08-22 00:57:48.7456] [INFO] Изменено успешно
[2022-08-22 00:57:48.7686] [INFO] Получение всех этапов
[2022-08-22 00:57:48.7686] [INFO] Все этапы успешно получены
[2022-08-22 00:57:51.5649] [INFO] Получение всех заказов
[2022-08-22 00:57:51.5849] [INFO] Заказы успешно получены
[2022-08-22 00:57:52.5551] [INFO] Получение всех этапов
[2022-08-22 00:57:52.5551] [INFO] Все этапы успешно получены
[2022-08-22 00:57:59.0999] [INFO] Изменение этапа
[2022-08-22 00:57:59.0999] [INFO] Изменено успешно
[2022-08-22 00:57:59.1429] [INFO] Получение всех этапов
[2022-08-22 00:57:59.1479] [INFO] Все этапы успешно получены
[2022-08-22 00:58:02.3377] [INFO] Изменение этапа
[2022-08-22 00:58:02.3627] [INFO] Изменено успешно
[2022-08-22 00:58:02.3817] [INFO] Получение всех этапов
[2022-08-22 00:58:02.3817] [INFO] Все этапы успешно получены
[2022-08-22 00:58:06.0216] [INFO] Изменение этапа
[2022-08-22 00:58:06.0216] [INFO] Изменено успешно
[2022-08-22 00:58:06.0726] [INFO] Получение всех этапов
[2022-08-22 00:58:06.0726] [INFO] Все этапы успешно получены
[2022-08-22 00:58:09.0116] [INFO] Изменение этапа
[2022-08-22 00:58:09.0266] [INFO] Изменено успешно
[2022-08-22 00:58:09.0496] [INFO] Получение всех этапов
[2022-08-22 00:58:09.0546] [INFO] Все этапы успешно получены
[2022-08-22 00:58:11.3607] [INFO] Изменение этапа
[2022-08-22 00:58:11.3787] [INFO] Изменено успешно
[2022-08-22 00:58:11.4077] [INFO] Получение всех этапов
[2022-08-22 00:58:11.4127] [INFO] Все этапы успешно получены
[2022-08-22 00:58:13.9867] [INFO] Изменение этапа
[2022-08-22 00:58:13.9987] [INFO] Изменено успешно
[2022-08-22 00:58:14.0217] [INFO] Получение всех этапов
[2022-08-22 00:58:14.0217] [INFO] Все этапы успешно получены
[2022-08-22 00:58:15.3677] [INFO] Получение всех этапов
[2022-08-22 00:58:15.4827] [INFO] Все этапы успешно получены
[2022-08-22 00:59:27.5399] [INFO] Обновление токена
[2022-08-22 00:59:28.6129] [INFO] Токен обновлен
[2022-08-22 00:59:29.6059] [INFO] Получение всех заказов
[2022-08-22 00:59:29.7568] [INFO] Заказы успешно получены
[2022-08-22 00:59:30.5499] [INFO] Получение всех этапов
[2022-08-22 00:59:30.5729] [INFO] Все этапы успешно получены
[2022-08-22 00:59:31.1909] [INFO] Получение всех номенклатур
[2022-08-22 00:59:31.2259] [INFO] Номенклатуры успешно получены
[2022-08-22 00:59:31.7468] [INFO] Получение всех заказов
[2022-08-22 00:59:31.7468] [INFO] Заказы успешно получены
[2022-08-22 00:59:32.9465] [INFO] Получение всех номенклатур
[2022-08-22 00:59:32.9465] [INFO] Номенклатуры успешно получены
[2022-08-22 00:59:33.3935] [INFO] Получение всех этапов
[2022-08-22 00:59:33.3985] [INFO] Все этапы успешно получены
[2022-08-22 00:59:33.9065] [INFO] Получение всех номенклатур
[2022-08-22 00:59:33.9105] [INFO] Номенклатуры успешно получены
[2022-08-22 00:59:35.2435] [INFO] Получение всех этапов
[2022-08-22 00:59:35.2435] [INFO] Все этапы успешно получены
[2022-08-22 00:59:35.9685] [INFO] Получение всех номенклатур
[2022-08-22 00:59:35.9745] [INFO] Номенклатуры успешно получены
[2022-08-22 00:59:36.4270] [INFO] Получение всех этапов
[2022-08-22 00:59:36.4270] [INFO] Все этапы успешно получены
[2022-08-22 00:59:36.9030] [INFO] Получение всех заказов
[2022-08-22 00:59:36.9030] [INFO] Заказы успешно получены
[2022-08-22 00:59:37.9157] [INFO] Получение всех этапов
[2022-08-22 00:59:37.9157] [INFO] Все этапы успешно получены
[2022-08-22 00:59:38.3787] [INFO] Получение всех этапов
[2022-08-22 00:59:38.3787] [INFO] Все этапы успешно получены
[2022-08-22 00:59:38.9090] [INFO] Получение всех номенклатур
[2022-08-22 00:59:38.9140] [INFO] Номенклатуры успешно получены
[2022-08-22 00:59:39.3359] [INFO] Получение всех этапов
[2022-08-22 00:59:39.3359] [INFO] Все этапы успешно получены
[2022-08-22 00:59:39.8043] [INFO] Получение всех номенклатур
[2022-08-22 00:59:39.8043] [INFO] Номенклатуры успешно получены
[2022-08-22 00:59:40.2430] [INFO] Получение всех этапов
[2022-08-22 00:59:40.2430] [INFO] Все этапы успешно получены
[2022-08-22 00:59:40.4897] [INFO] Получение всех номенклатур
[2022-08-22 00:59:40.4897] [INFO] Номенклатуры успешно получены
[2022-08-22 00:59:40.6884] [INFO] Получение всех номенклатур
[2022-08-22 00:59:40.6924] [INFO] Номенклатуры успешно получены
[2022-08-22 00:59:40.8740] [INFO] Получение всех номенклатур
[2022-08-22 00:59:40.8810] [INFO] Номенклатуры успешно получены
[2022-08-22 00:59:41.0140] [INFO] Получение всех номенклатур
[2022-08-22 00:59:41.0140] [INFO] Номенклатуры успешно получены
[2022-08-22 00:59:41.1645] [INFO] Получение всех номенклатур
[2022-08-22 00:59:41.1645] [INFO] Номенклатуры успешно получены
[2022-08-22 00:59:41.3246] [INFO] Получение всех номенклатур
[2022-08-22 00:59:41.3246] [INFO] Номенклатуры успешно получены
[2022-08-22 00:59:41.4808] [INFO] Получение всех номенклатур
[2022-08-22 00:59:41.4808] [INFO] Номенклатуры успешно получены
[2022-08-22 00:59:41.6093] [INFO] Получение всех номенклатур
[2022-08-22 00:59:41.6133] [INFO] Номенклатуры успешно получены
[2022-08-22 00:59:44.3026] [INFO] Получение всех номенклатур
[2022-08-22 00:59:44.3026] [INFO] Номенклатуры успешно получены
[2022-08-22 00:59:44.7992] [INFO] Получение всех номенклатур
[2022-08-22 00:59:44.8042] [INFO] Номенклатуры успешно получены
[2022-08-22 00:59:45.2287] [INFO] Получение всех номенклатур
[2022-08-22 00:59:45.2287] [INFO] Номенклатуры успешно получены
[2022-08-22 00:59:45.4463] [INFO] Получение всех номенклатур
[2022-08-22 00:59:45.4463] [INFO] Номенклатуры успешно получены
[2022-08-22 00:59:45.6786] [INFO] Получение всех номенклатур
[2022-08-22 00:59:45.6786] [INFO] Номенклатуры успешно получены
[2022-08-22 00:59:45.8633] [INFO] Получение всех номенклатур
[2022-08-22 00:59:45.8633] [INFO] Номенклатуры успешно получены
[2022-08-22 00:59:46.0403] [INFO] Получение всех номенклатур
[2022-08-22 00:59:46.0403] [INFO] Номенклатуры успешно получены
[2022-08-22 00:59:46.2169] [INFO] Получение всех номенклатур
[2022-08-22 00:59:46.2169] [INFO] Номенклатуры успешно получены
[2022-08-22 00:59:46.3756] [INFO] Получение всех номенклатур
[2022-08-22 00:59:46.3805] [INFO] Номенклатуры успешно получены
[2022-08-22 00:59:46.5896] [INFO] Получение всех номенклатур
[2022-08-22 00:59:46.5896] [INFO] Номенклатуры успешно получены
[2022-08-22 00:59:52.3677] [INFO] Получение всех номенклатур
[2022-08-22 00:59:52.3677] [INFO] Номенклатуры успешно получены
[2022-08-22 00:59:52.9986] [INFO] Получение всех номенклатур
[2022-08-22 00:59:53.0176] [INFO] Номенклатуры успешно получены
[2022-08-22 00:59:53.1806] [INFO] Получение всех номенклатур
[2022-08-22 00:59:53.1916] [INFO] Номенклатуры успешно получены
[2022-08-22 00:59:53.3616] [INFO] Получение всех номенклатур
[2022-08-22 00:59:53.3706] [INFO] Номенклатуры успешно получены
[2022-08-22 00:59:53.5166] [INFO] Получение всех номенклатур
[2022-08-22 00:59:53.5246] [INFO] Номенклатуры успешно получены
[2022-08-22 00:59:57.6099] [INFO] Получение всех заказов
[2022-08-22 00:59:57.6233] [INFO] Заказы успешно получены
[2022-08-22 00:59:58.8467] [INFO] Получение всех номенклатур
[2022-08-22 00:59:58.8467] [INFO] Номенклатуры успешно получены
[2022-08-22 01:00:07.9084] [INFO] Получение всех номенклатур
[2022-08-22 01:00:07.9184] [INFO] Номенклатуры успешно получены
[2022-08-22 01:05:00.7997] [INFO] Обновление токена
[2022-08-22 01:05:02.8497] [INFO] Токен обновлен
[2022-08-22 01:05:04.1467] [INFO] Получение всех заказов
[2022-08-22 01:05:04.3187] [INFO] Заказы успешно получены
[2022-08-22 01:05:04.5487] [INFO] Получение всех номенклатур
[2022-08-22 01:05:04.6097] [INFO] Номенклатуры успешно получены
[2022-08-22 01:05:04.9757] [INFO] Получение всех этапов
[2022-08-22 01:05:04.9977] [INFO] Все этапы успешно получены
[2022-08-22 01:05:18.9206] [INFO] Добавление этапа
[2022-08-22 01:05:19.0406] [INFO] Добавлено успешно
[2022-08-22 01:05:19.0836] [INFO] Получение всех этапов
[2022-08-22 01:05:19.0836] [INFO] Все этапы успешно получены
[2022-08-22 01:05:21.7114] [INFO] Получение всех номенклатур
[2022-08-22 01:05:21.7284] [INFO] Номенклатуры успешно получены
[2022-08-22 01:05:56.7744] [INFO] Обновление токена
[2022-08-22 01:05:58.0093] [INFO] Токен обновлен
[2022-08-22 01:05:59.2404] [INFO] Получение всех заказов
[2022-08-22 01:05:59.3724] [INFO] Заказы успешно получены
[2022-08-22 01:06:04.0178] [INFO] Получение всех номенклатур
[2022-08-22 01:06:04.0858] [INFO] Номенклатуры успешно получены
[2022-08-22 01:06:23.0813] [INFO] Получение всех номенклатур
[2022-08-22 01:06:23.1493] [INFO] Номенклатуры успешно получены
[2022-08-22 01:08:51.1233] [INFO] Обновление токена
[2022-08-22 01:08:53.7672] [INFO] Токен обновлен
[2022-08-22 01:08:55.6272] [INFO] Получение всех заказов
[2022-08-22 01:08:55.9052] [INFO] Заказы успешно получены
[2022-08-22 01:09:00.7381] [INFO] Получение всех заказов
[2022-08-22 01:09:00.7381] [INFO] Заказы успешно получены
[2022-08-22 01:09:01.8470] [INFO] Получение всех номенклатур
[2022-08-22 01:09:01.9030] [INFO] Номенклатуры успешно получены
[2022-08-22 01:11:25.7609] [INFO] Обновление токена
[2022-08-22 01:11:26.9826] [INFO] Токен обновлен
[2022-08-22 01:11:28.5146] [INFO] Получение всех заказов
[2022-08-22 01:11:28.6796] [INFO] Заказы успешно получены
[2022-08-22 01:11:47.7250] [INFO] Получение всех номенклатур
[2022-08-22 01:11:47.8160] [INFO] Номенклатуры успешно получены
[2022-08-22 01:15:51.9030] [INFO] Обновление токена
[2022-08-22 01:15:53.0068] [INFO] Токен обновлен
[2022-08-22 01:15:54.3767] [INFO] Получение всех заказов
[2022-08-22 01:15:54.5137] [INFO] Заказы успешно получены
[2022-08-22 01:22:34.1563] [INFO] Обновление токена
[2022-08-22 01:22:35.4928] [INFO] Токен обновлен
[2022-08-22 01:22:36.6788] [INFO] Получение всех заказов
[2022-08-22 01:22:37.0338] [ERROR] Ошибка -------> Недопустимое имя столбца "AllWeight".
[2022-08-22 01:22:37.0608] [INFO] Получение всех номенклатур
[2022-08-22 01:22:46.1136] [INFO] Номенклатуры успешно получены
[2022-08-22 01:24:02.0850] [INFO] Обновление токена
[2022-08-22 01:24:03.8030] [ERROR] Ошибка -------> Не найдена сессия пользователя
[2022-08-22 01:24:26.3209] [INFO] Обновление токена
[2022-08-22 01:24:27.2805] [ERROR] Ошибка -------> Не найдена сессия пользователя
[2022-08-22 01:24:38.5366] [INFO] Авторизация
[2022-08-22 01:24:39.2267] [INFO] Токен получен
[2022-08-22 01:24:39.9516] [INFO] Получение всех заказов
[2022-08-22 01:24:40.0216] [INFO] Заказы успешно получены
[2022-08-22 01:24:41.2202] [INFO] Получение всех заказов
[2022-08-22 01:24:41.2262] [INFO] Заказы успешно получены
[2022-08-22 01:24:41.8834] [INFO] Получение всех номенклатур
[2022-08-22 01:24:41.9074] [INFO] Номенклатуры успешно получены
[2022-08-22 01:24:42.2740] [INFO] Получение всех этапов
[2022-08-22 01:24:42.2910] [INFO] Все этапы успешно получены
[2022-08-22 01:24:51.7336] [INFO] Добавление этапа
[2022-08-22 01:24:51.7836] [INFO] Добавлено успешно
[2022-08-22 01:24:51.8096] [INFO] Получение всех этапов
[2022-08-22 01:24:51.8096] [INFO] Все этапы успешно получены
[2022-08-22 01:24:57.7178] [INFO] Добавление этапа
[2022-08-22 01:24:57.7378] [INFO] Добавлено успешно
[2022-08-22 01:24:57.7628] [INFO] Получение всех этапов
[2022-08-22 01:24:57.7728] [INFO] Все этапы успешно получены
[2022-08-22 01:25:01.8629] [INFO] Изменение этапа
[2022-08-22 01:25:01.8989] [INFO] Изменено успешно
[2022-08-22 01:25:01.9239] [INFO] Получение всех этапов
[2022-08-22 01:25:01.9369] [INFO] Все этапы успешно получены
[2022-08-22 01:25:07.0315] [INFO] Изменение этапа
[2022-08-22 01:25:07.2345] [INFO] Изменено успешно
[2022-08-22 01:25:07.2865] [INFO] Получение всех этапов
[2022-08-22 01:25:07.2865] [INFO] Все этапы успешно получены
[2022-08-22 01:25:24.9180] [INFO] Удаление этапа
[2022-08-22 01:25:24.9920] [INFO] Удалено успешно
[2022-08-22 01:25:25.0370] [INFO] Получение всех этапов
[2022-08-22 01:25:25.0370] [INFO] Все этапы успешно получены
[2022-08-22 01:25:26.8660] [INFO] Удаление этапа
[2022-08-22 01:25:26.9100] [INFO] Удалено успешно
[2022-08-22 01:25:26.9800] [INFO] Получение всех этапов
[2022-08-22 01:25:26.9880] [INFO] Все этапы успешно получены
[2022-08-22 01:25:30.0511] [INFO] Добавление этапа
[2022-08-22 01:25:30.0511] [INFO] Добавлено успешно
[2022-08-22 01:25:30.0811] [INFO] Получение всех этапов
[2022-08-22 01:25:30.0811] [INFO] Все этапы успешно получены
[2022-08-22 01:25:33.8447] [INFO] Добавление этапа
[2022-08-22 01:25:33.8557] [INFO] Добавлено успешно
[2022-08-22 01:25:33.8747] [INFO] Получение всех этапов
[2022-08-22 01:25:33.8797] [INFO] Все этапы успешно получены
[2022-08-22 01:25:48.1914] [INFO] Удаление этапа
[2022-08-22 01:25:48.2064] [INFO] Удалено успешно
[2022-08-22 01:25:48.2534] [INFO] Получение всех этапов
[2022-08-22 01:25:48.2534] [INFO] Все этапы успешно получены
[2022-08-22 01:25:49.8451] [INFO] Удаление этапа
[2022-08-22 01:25:49.8621] [INFO] Удалено успешно
[2022-08-22 01:25:49.8931] [INFO] Получение всех этапов
[2022-08-22 01:25:49.9001] [INFO] Все этапы успешно получены
[2022-08-22 01:25:53.5926] [INFO] Добавление этапа
[2022-08-22 01:25:53.6036] [INFO] Добавлено успешно
[2022-08-22 01:25:53.6276] [INFO] Получение всех этапов
[2022-08-22 01:25:53.6316] [INFO] Все этапы успешно получены
[2022-08-22 01:26:55.8117] [INFO] Обновление токена
[2022-08-22 01:26:56.8405] [INFO] Токен обновлен
[2022-08-22 01:26:57.7446] [INFO] Получение всех заказов
[2022-08-22 01:26:57.8006] [INFO] Заказы успешно получены
[2022-08-22 01:26:58.7061] [INFO] Получение всех этапов
[2022-08-22 01:26:58.7294] [INFO] Все этапы успешно получены
[2022-08-22 01:27:23.0854] [INFO] Изменение этапа
[2022-08-22 01:27:23.1763] [INFO] Изменено успешно
[2022-08-22 01:27:23.9543] [INFO] Получение всех этапов
[2022-08-22 01:27:23.9613] [INFO] Все этапы успешно получены
[2022-08-22 01:29:14.7785] [INFO] Обновление токена
[2022-08-22 01:29:16.5525] [INFO] Токен обновлен
[2022-08-22 01:29:17.9775] [INFO] Получение всех заказов
[2022-08-22 01:29:18.0605] [INFO] Заказы успешно получены
[2022-08-22 01:29:27.0825] [INFO] Получение всех этапов
[2022-08-22 01:29:27.1045] [INFO] Все этапы успешно получены
[2022-08-22 01:29:32.5667] [INFO] Добавление этапа
[2022-08-22 01:29:32.6867] [INFO] Добавлено успешно
[2022-08-22 01:29:32.7057] [INFO] Получение всех этапов
[2022-08-22 01:29:32.7097] [INFO] Все этапы успешно получены
[2022-08-22 01:29:41.4845] [INFO] Получение всех номенклатур
[2022-08-22 01:29:41.5275] [INFO] Номенклатуры успешно получены
[2022-08-22 01:30:02.4433] [INFO] Обновление токена
[2022-08-22 01:30:04.0363] [INFO] Токен обновлен
[2022-08-22 01:30:05.0548] [INFO] Получение всех заказов
[2022-08-22 01:30:05.1188] [INFO] Заказы успешно получены
[2022-08-22 01:30:09.8771] [INFO] Получение всех номенклатур
[2022-08-22 01:30:09.9011] [INFO] Номенклатуры успешно получены
[2022-08-22 01:30:10.3083] [INFO] Получение всех этапов
[2022-08-22 01:30:10.3333] [INFO] Все этапы успешно получены
[2022-08-22 01:30:10.6716] [INFO] Получение всех этапов
[2022-08-22 01:30:10.6756] [INFO] Все этапы успешно получены
[2022-08-22 01:30:10.8621] [INFO] Получение всех этапов
[2022-08-22 01:30:10.8721] [INFO] Все этапы успешно получены
[2022-08-22 01:30:11.3095] [INFO] Получение всех номенклатур
[2022-08-22 01:30:11.3095] [INFO] Номенклатуры успешно получены
[2022-08-22 01:30:23.5143] [INFO] Получение всех этапов
[2022-08-22 01:30:23.5213] [INFO] Все этапы успешно получены
[2022-08-22 01:30:26.2324] [INFO] Добавление номенклатуры
[2022-08-22 01:30:26.3814] [INFO] Добавлено успешно
[2022-08-22 01:30:26.3994] [INFO] Получение всех номенклатур
[2022-08-22 01:30:26.4134] [INFO] Номенклатуры успешно получены
[2022-08-22 01:30:30.6476] [INFO] Получение всех этапов
[2022-08-22 01:30:30.6476] [INFO] Все этапы успешно получены
[2022-08-22 01:30:35.5903] [INFO] Получение всех заказов
[2022-08-22 01:30:35.6273] [INFO] Заказы успешно получены
[2022-08-22 01:30:37.0433] [INFO] Получение всех номенклатур
[2022-08-22 01:30:37.0544] [INFO] Номенклатуры успешно получены
[2022-08-22 01:30:37.6983] [INFO] Получение всех заказов
[2022-08-22 01:30:37.7123] [INFO] Заказы успешно получены
[2022-08-22 01:30:39.7503] [INFO] Получение всех номенклатур
[2022-08-22 01:30:39.7793] [INFO] Номенклатуры успешно получены
[2022-08-22 01:30:55.8138] [INFO] Получение всех номенклатур
[2022-08-22 01:30:55.8198] [INFO] Номенклатуры успешно получены
[2022-08-22 01:32:02.9094] [INFO] Обновление токена
[2022-08-22 01:32:04.9054] [INFO] Токен обновлен
[2022-08-22 01:32:06.7794] [INFO] Получение всех заказов
[2022-08-22 01:32:07.0264] [INFO] Заказы успешно получены
[2022-08-22 01:32:15.1773] [INFO] Получение всех номенклатур
[2022-08-22 01:32:15.3433] [INFO] Номенклатуры успешно получены
[2022-08-22 01:33:47.0762] [INFO] Обновление токена
[2022-08-22 01:33:51.1642] [INFO] Токен обновлен
[2022-08-22 01:33:53.6202] [INFO] Получение всех заказов
[2022-08-22 01:33:53.8492] [INFO] Заказы успешно получены
[2022-08-22 01:34:02.1972] [INFO] Получение всех номенклатур
[2022-08-22 01:34:02.3392] [INFO] Номенклатуры успешно получены
[2022-08-22 01:34:14.2844] [INFO] Добавление заказа
[2022-08-22 01:34:14.6964] [INFO] Добавлено успешно
[2022-08-22 01:34:14.7894] [INFO] Получение всех заказов
[2022-08-22 01:34:14.8674] [INFO] Заказы успешно получены
[2022-08-22 01:36:14.2286] [INFO] Обновление токена
[2022-08-22 01:36:15.2246] [ERROR] Ошибка -------> Не найдена сессия пользователя
[2022-08-22 01:36:33.9979] [INFO] Обновление токена
[2022-08-22 01:36:35.3109] [ERROR] Ошибка -------> Не найдена сессия пользователя
[2022-08-22 01:36:57.4354] [INFO] Авторизация
[2022-08-22 01:36:58.0294] [INFO] Токен получен
[2022-08-22 01:36:58.8344] [INFO] Получение всех заказов
[2022-08-22 01:36:58.8914] [INFO] Заказы успешно получены
[2022-08-22 01:37:01.7820] [INFO] Получение всех этапов
[2022-08-22 01:37:01.7980] [INFO] Все этапы успешно получены
[2022-08-22 01:37:09.4406] [INFO] Добавление этапа
[2022-08-22 01:37:09.4916] [INFO] Добавлено успешно
[2022-08-22 01:37:09.5266] [INFO] Получение всех этапов
[2022-08-22 01:37:09.5266] [INFO] Все этапы успешно получены
[2022-08-22 01:37:10.6137] [INFO] Получение всех номенклатур
[2022-08-22 01:37:10.6437] [INFO] Номенклатуры успешно получены
[2022-08-22 01:37:20.2966] [INFO] Получение всех этапов
[2022-08-22 01:37:20.3046] [INFO] Все этапы успешно получены
[2022-08-22 01:37:23.5573] [INFO] Добавление номенклатуры
[2022-08-22 01:37:23.6353] [INFO] Добавлено успешно
[2022-08-22 01:37:23.6503] [INFO] Получение всех номенклатур
[2022-08-22 01:37:23.6683] [INFO] Номенклатуры успешно получены
[2022-08-22 01:37:25.4781] [INFO] Получение всех заказов
[2022-08-22 01:37:25.4905] [INFO] Заказы успешно получены
[2022-08-22 01:37:26.9258] [INFO] Получение всех номенклатур
[2022-08-22 01:37:26.9258] [INFO] Номенклатуры успешно получены
[2022-08-22 01:37:48.9219] [INFO] Получение всех номенклатур
[2022-08-22 01:37:48.9289] [INFO] Номенклатуры успешно получены
[2022-08-22 01:37:52.9196] [INFO] Изменение номенклатуры
[2022-08-22 01:37:53.0176] [INFO] Изменено успешно
[2022-08-22 01:37:53.0336] [INFO] Получение всех номенклатур
[2022-08-22 01:37:53.0386] [INFO] Номенклатуры успешно получены
[2022-08-22 01:37:54.1803] [INFO] Получение всех заказов
[2022-08-22 01:37:54.1933] [INFO] Заказы успешно получены
[2022-08-22 01:37:55.7194] [INFO] Получение всех номенклатур
[2022-08-22 01:37:55.7254] [INFO] Номенклатуры успешно получены
[2022-08-22 01:38:09.4171] [INFO] Получение всех номенклатур
[2022-08-22 01:38:09.4301] [INFO] Номенклатуры успешно получены
[2022-08-22 01:38:23.4269] [INFO] Получение всех номенклатур
[2022-08-22 01:38:23.4639] [INFO] Номенклатуры успешно получены
[2022-08-22 01:39:20.3170] [INFO] Обновление токена
[2022-08-22 01:39:22.0747] [INFO] Токен обновлен
[2022-08-22 01:39:23.7437] [INFO] Получение всех заказов
[2022-08-22 01:39:23.8507] [INFO] Заказы успешно получены
[2022-08-22 01:39:38.1698] [INFO] Получение всех номенклатур
[2022-08-22 01:39:38.2518] [INFO] Номенклатуры успешно получены
[2022-08-22 01:39:38.6288] [INFO] Получение всех этапов
[2022-08-22 01:39:38.6598] [INFO] Все этапы успешно получены
[2022-08-22 01:39:39.0258] [INFO] Получение всех номенклатур
[2022-08-22 01:39:39.0258] [INFO] Номенклатуры успешно получены
[2022-08-22 01:39:39.5098] [INFO] Получение всех заказов
[2022-08-22 01:39:39.5098] [INFO] Заказы успешно получены
[2022-08-22 01:39:40.1628] [INFO] Получение всех номенклатур
[2022-08-22 01:39:40.1628] [INFO] Номенклатуры успешно получены
[2022-08-22 01:39:41.0098] [INFO] Получение всех заказов
[2022-08-22 01:39:41.0098] [INFO] Заказы успешно получены
[2022-08-22 01:39:41.9988] [INFO] Получение всех номенклатур
[2022-08-22 01:39:42.0058] [INFO] Номенклатуры успешно получены
[2022-08-22 01:39:42.6188] [INFO] Получение всех номенклатур
[2022-08-22 01:39:42.6188] [INFO] Номенклатуры успешно получены
[2022-08-22 01:39:43.3228] [INFO] Получение всех номенклатур
[2022-08-22 01:39:43.3228] [INFO] Номенклатуры успешно получены
[2022-08-22 01:39:43.8228] [INFO] Получение всех заказов
[2022-08-22 01:39:43.8228] [INFO] Заказы успешно получены
[2022-08-22 01:39:47.2005] [INFO] Получение всех номенклатур
[2022-08-22 01:39:47.2185] [INFO] Номенклатуры успешно получены
[2022-08-22 01:40:08.1231] [INFO] Добавление заказа
[2022-08-22 01:40:08.3751] [INFO] Добавлено успешно
[2022-08-22 01:40:08.3981] [INFO] Получение всех заказов
[2022-08-22 01:40:08.4201] [INFO] Заказы успешно получены
[2022-08-22 01:40:57.8051] [INFO] Обновление токена
[2022-08-22 01:40:59.5679] [INFO] Токен обновлен
[2022-08-22 01:41:01.0599] [INFO] Получение всех заказов
[2022-08-22 01:41:01.3029] [INFO] Заказы успешно получены
[2022-08-22 01:41:24.0127] [INFO] Изменение заказа
[2022-08-22 01:41:24.2317] [INFO] Изменено успешно
[2022-08-22 01:41:24.2507] [INFO] Получение всех заказов
[2022-08-22 01:41:24.2547] [INFO] Заказы успешно получены
[2022-08-22 01:41:32.6622] [INFO] Получение всех номенклатур
[2022-08-22 01:41:32.7232] [INFO] Номенклатуры успешно получены
[2022-08-22 01:41:38.9808] [INFO] Добавление заказа
[2022-08-22 01:43:15.9826] [INFO] Обновление токена
[2022-08-22 01:43:17.2726] [INFO] Токен обновлен
[2022-08-22 01:43:18.8316] [INFO] Получение всех заказов
[2022-08-22 01:43:19.0226] [INFO] Заказы успешно получены
[2022-08-22 01:43:23.3354] [INFO] Удаление заказа
[2022-08-22 01:43:23.5064] [INFO] Удалено успешно
[2022-08-22 01:43:23.5934] [INFO] Получение всех заказов
[2022-08-22 01:43:23.6104] [INFO] Заказы успешно получены
[2022-08-22 01:43:29.8223] [INFO] Получение всех номенклатур
[2022-08-22 01:43:29.9373] [INFO] Номенклатуры успешно получены
[2022-08-22 01:45:11.6371] [INFO] Добавление заказа
[2022-08-22 01:45:11.7681] [INFO] Добавлено успешно
[2022-08-22 01:45:11.7851] [INFO] Получение всех заказов
[2022-08-22 01:45:11.8011] [INFO] Заказы успешно получены
[2022-08-22 01:46:22.7060] [INFO] Обновление токена
[2022-08-22 01:46:24.3600] [INFO] Токен обновлен
[2022-08-22 01:46:25.1870] [INFO] Получение всех заказов
[2022-08-22 01:46:25.2940] [INFO] Заказы успешно получены
[2022-08-22 01:46:32.4048] [INFO] Получение всех заказов
[2022-08-22 01:46:32.4099] [INFO] Заказы успешно получены
[2022-08-22 01:46:37.7641] [INFO] Получение всех номенклатур
[2022-08-22 01:46:37.8171] [INFO] Номенклатуры успешно получены
[2022-08-22 01:46:46.3389] [INFO] Получение всех заказов
[2022-08-22 01:46:46.3389] [INFO] Заказы успешно получены
[2022-08-22 01:46:47.9709] [INFO] Получение всех номенклатур
[2022-08-22 01:46:47.9779] [INFO] Номенклатуры успешно получены
[2022-08-22 01:46:50.8666] [INFO] Получение всех номенклатур
[2022-08-22 01:46:50.8666] [INFO] Номенклатуры успешно получены
[2022-08-22 01:46:55.5634] [INFO] Добавление заказа
[2022-08-22 01:46:55.6884] [INFO] Добавлено успешно
[2022-08-22 01:46:55.7074] [INFO] Получение всех заказов
[2022-08-22 01:46:55.7074] [INFO] Заказы успешно получены
[2022-08-22 01:47:10.3246] [INFO] Получение всех заказов
[2022-08-22 01:47:10.3466] [INFO] Заказы успешно получены
[2022-08-22 01:47:10.6781] [INFO] Получение всех номенклатур
[2022-08-22 01:47:10.6921] [INFO] Номенклатуры успешно получены
[2022-08-22 01:47:10.9711] [INFO] Получение всех заказов
[2022-08-22 01:47:10.9781] [INFO] Заказы успешно получены
[2022-08-22 01:47:13.5691] [INFO] Получение всех номенклатур
[2022-08-22 01:47:13.6211] [INFO] Номенклатуры успешно получены
[2022-08-22 01:47:24.4966] [INFO] Добавление заказа
[2022-08-22 01:47:24.5296] [INFO] Добавлено успешно
[2022-08-22 01:47:24.5486] [INFO] Получение всех заказов
[2022-08-22 01:47:24.5536] [INFO] Заказы успешно получены
[2022-08-22 01:50:29.9737] [INFO] Обновление токена
[2022-08-22 01:50:32.0217] [INFO] Токен обновлен
[2022-08-22 01:50:33.2477] [INFO] Получение всех заказов
[2022-08-22 01:50:33.4557] [INFO] Заказы успешно получены
[2022-08-22 01:50:54.0457] [INFO] Получение всех заказов
[2022-08-22 01:50:54.0617] [INFO] Заказы успешно получены
[2022-08-22 01:50:56.2198] [INFO] Получение всех номенклатур
[2022-08-22 01:50:56.3478] [INFO] Номенклатуры успешно получены
[2022-08-22 01:57:35.1100] [INFO] Обновление токена
[2022-08-22 01:57:36.0480] [ERROR] Ошибка -------> Не найдена сессия пользователя
[2022-08-22 01:58:00.9298] [INFO] Обновление токена
[2022-08-22 01:58:02.6938] [ERROR] Ошибка -------> Не найдена сессия пользователя
[2022-08-22 01:58:14.5519] [INFO] Авторизация
[2022-08-22 01:58:15.6358] [INFO] Токен получен
[2022-08-22 01:58:17.0218] [INFO] Получение всех заказов
[2022-08-22 01:58:17.1138] [INFO] Получение всех этапов
[2022-08-22 01:58:17.1408] [INFO] Все этапы успешно получены
[2022-08-22 01:58:17.1408] [INFO] Заказы успешно получены
[2022-08-22 01:58:20.3755] [INFO] Добавление этапа
[2022-08-22 01:58:20.4365] [INFO] Добавлено успешно
[2022-08-22 01:58:20.4685] [INFO] Получение всех этапов
[2022-08-22 01:58:20.4755] [INFO] Все этапы успешно получены
[2022-08-22 01:58:23.9056] [INFO] Получение всех номенклатур
[2022-08-22 01:58:23.9476] [INFO] Номенклатуры успешно получены
[2022-08-22 01:58:31.3094] [INFO] Получение всех этапов
[2022-08-22 01:58:31.3224] [INFO] Все этапы успешно получены
[2022-08-22 01:58:33.2554] [INFO] Добавление номенклатуры
[2022-08-22 01:58:33.3184] [INFO] Добавлено успешно
[2022-08-22 01:58:33.3354] [INFO] Получение всех номенклатур
[2022-08-22 01:58:33.3564] [INFO] Номенклатуры успешно получены
[2022-08-22 01:58:34.3156] [INFO] Получение всех заказов
[2022-08-22 01:58:34.3156] [INFO] Заказы успешно получены
[2022-08-22 01:58:35.8984] [INFO] Получение всех номенклатур
[2022-08-22 01:58:35.8984] [INFO] Номенклатуры успешно получены
[2022-08-22 01:59:05.0822] [INFO] Добавление заказа
[2022-08-22 01:59:05.1992] [INFO] Добавлено успешно
[2022-08-22 01:59:05.2142] [INFO] Получение всех заказов
[2022-08-22 01:59:05.2332] [INFO] Заказы успешно получены
[2022-08-22 01:59:06.8829] [INFO] Получение всех заказов
[2022-08-22 01:59:06.8829] [INFO] Заказы успешно получены
[2022-08-22 02:19:39.3112] [INFO] Обновление токена
[2022-08-22 02:19:42.1160] [INFO] Токен обновлен
[2022-08-22 02:19:43.9409] [INFO] Получение всех заказов
[2022-08-22 02:19:44.2049] [INFO] Заказы успешно получены
[2022-08-22 02:19:44.2209] [INFO] Получение всех номенклатур
[2022-08-22 02:19:44.2929] [INFO] Номенклатуры успешно получены
[2022-08-22 02:19:44.8929] [INFO] Получение всех заказов
[2022-08-22 02:19:44.9169] [INFO] Заказы успешно получены
[2022-08-22 02:19:46.1711] [INFO] Получение всех номенклатур
[2022-08-22 02:19:46.1871] [INFO] Номенклатуры успешно получены
[2022-08-22 04:48:28.2527] [INFO] Обновление токена
[2022-08-22 04:48:31.0856] [INFO] Токен обновлен
[2022-08-22 04:48:32.7048] [INFO] Получение всех заказов
[2022-08-22 04:48:32.7063] [INFO] Получение всех номенклатур
[2022-08-22 04:48:32.9308] [INFO] Номенклатуры успешно получены
[2022-08-22 04:48:32.9578] [INFO] Заказы успешно получены
[2022-08-22 04:48:34.3659] [INFO] Получение всех этапов
[2022-08-22 04:48:34.3895] [INFO] Все этапы успешно получены
[2022-08-22 04:48:36.3922] [INFO] Получение всех заказов
[2022-08-22 04:48:36.4351] [INFO] Заказы успешно получены
[2022-08-22 04:48:37.6572] [INFO] Получение всех номенклатур
[2022-08-22 04:48:37.6802] [INFO] Номенклатуры успешно получены
[2022-08-22 04:49:52.2455] [INFO] Обновление токена
[2022-08-22 04:49:55.1592] [INFO] Токен обновлен
[2022-08-22 04:49:56.9584] [INFO] Получение всех заказов
[2022-08-22 04:49:57.2295] [INFO] Заказы успешно получены
[2022-08-22 04:49:58.4295] [INFO] Получение всех номенклатур
[2022-08-22 04:49:58.4923] [INFO] Номенклатуры успешно получены
[2022-08-22 04:50:14.1140] [INFO] Получение всех номенклатур
[2022-08-22 04:50:14.1353] [INFO] Номенклатуры успешно получены
[2022-08-22 04:50:17.9705] [INFO] Получение всех номенклатур
[2022-08-22 04:50:17.9936] [INFO] Номенклатуры успешно получены
[2022-08-22 04:50:48.5680] [INFO] Обновление токена
[2022-08-22 04:50:50.1094] [INFO] Токен обновлен
[2022-08-22 04:50:51.5860] [INFO] Получение всех заказов
[2022-08-22 04:50:51.7775] [INFO] Заказы успешно получены
[2022-08-22 04:50:53.9514] [INFO] Получение всех номенклатур
[2022-08-22 04:50:54.0084] [INFO] Номенклатуры успешно получены
[2022-08-22 04:51:00.8803] [INFO] Получение всех этапов
[2022-08-22 04:51:00.8992] [INFO] Все этапы успешно получены
[2022-08-22 04:51:03.5935] [INFO] Добавление номенклатуры
[2022-08-22 04:51:03.7955] [INFO] Добавлено успешно
[2022-08-22 04:51:03.8713] [INFO] Получение всех номенклатур
[2022-08-22 04:51:03.8844] [INFO] Номенклатуры успешно получены
[2022-08-22 04:51:04.4077] [INFO] Получение всех заказов
[2022-08-22 04:51:04.4243] [INFO] Заказы успешно получены
[2022-08-22 04:51:06.3128] [INFO] Получение всех номенклатур
[2022-08-22 04:51:06.3257] [INFO] Номенклатуры успешно получены
[2022-08-22 04:55:32.9973] [INFO] Обновление токена
[2022-08-22 04:55:35.6583] [INFO] Токен обновлен
[2022-08-22 04:55:37.1424] [INFO] Получение всех заказов
[2022-08-22 04:55:37.3502] [INFO] Заказы успешно получены
[2022-08-22 04:55:37.5591] [INFO] Получение всех заказов
[2022-08-22 04:55:37.5591] [INFO] Заказы успешно получены
[2022-08-22 04:55:39.2528] [INFO] Получение всех номенклатур
[2022-08-22 04:55:39.3293] [INFO] Номенклатуры успешно получены
[2022-08-22 04:56:26.8889] [INFO] Получение всех номенклатур
[2022-08-22 04:56:26.9020] [INFO] Номенклатуры успешно получены
[2022-08-22 04:56:30.2482] [INFO] Получение всех заказов
[2022-08-22 04:56:30.2734] [INFO] Заказы успешно получены
[2022-08-22 04:56:32.2262] [INFO] Получение всех номенклатур
[2022-08-22 04:56:32.2428] [INFO] Номенклатуры успешно получены
[2022-08-22 11:51:12.5052] [INFO] Обновление токена
[2022-08-22 11:51:14.0183] [INFO] Токен обновлен
[2022-08-22 11:51:15.4234] [INFO] Получение всех заказов
[2022-08-22 11:51:15.5754] [INFO] Заказы успешно получены
[2022-08-22 11:51:19.7606] [INFO] Получение всех заказов
[2022-08-22 11:51:19.8066] [INFO] Заказы успешно получены
[2022-08-22 11:51:21.4043] [INFO] Получение всех номенклатур
[2022-08-22 11:51:21.4563] [INFO] Номенклатуры успешно получены
[2022-08-22 11:54:54.9968] [INFO] Обновление токена
[2022-08-22 11:54:55.8638] [ERROR] Ошибка -------> Не найдена сессия пользователя
[2022-08-22 11:55:10.8111] [INFO] Обновление токена
[2022-08-22 11:55:11.5631] [ERROR] Ошибка -------> Не найдена сессия пользователя
[2022-08-22 11:55:39.7677] [INFO] Авторизация
[2022-08-22 11:55:40.4427] [INFO] Токен получен
[2022-08-22 11:55:41.1861] [INFO] Получение всех заказов
[2022-08-22 11:55:41.2531] [INFO] Заказы успешно получены
[2022-08-22 11:55:41.7711] [INFO] Получение всех заказов
[2022-08-22 11:55:41.7861] [INFO] Заказы успешно получены
[2022-08-22 11:55:42.2177] [INFO] Получение всех номенклатур
[2022-08-22 11:55:42.2537] [INFO] Номенклатуры успешно получены
[2022-08-22 11:55:42.7436] [INFO] Получение всех этапов
[2022-08-22 11:55:42.7646] [INFO] Все этапы успешно получены
[2022-08-22 11:55:43.0506] [INFO] Получение всех номенклатур
[2022-08-22 11:55:43.0506] [INFO] Номенклатуры успешно получены
[2022-08-22 11:55:43.3929] [INFO] Получение всех номенклатур
[2022-08-22 11:55:43.3979] [INFO] Номенклатуры успешно получены
[2022-08-22 11:55:43.8159] [INFO] Получение всех заказов
[2022-08-22 11:55:43.8339] [INFO] Заказы успешно получены
[2022-08-22 11:55:44.4358] [INFO] Получение всех этапов
[2022-08-22 11:55:44.4408] [INFO] Все этапы успешно получены
[2022-08-22 11:55:47.7634] [INFO] Добавление этапа
[2022-08-22 11:55:47.8704] [INFO] Добавлено успешно
[2022-08-22 11:55:47.8904] [INFO] Получение всех этапов
[2022-08-22 11:55:47.8944] [INFO] Все этапы успешно получены
[2022-08-22 11:55:48.5967] [INFO] Получение всех номенклатур
[2022-08-22 11:55:48.5967] [INFO] Номенклатуры успешно получены
[2022-08-22 11:55:54.8240] [INFO] Получение всех этапов
[2022-08-22 11:55:54.8240] [INFO] Все этапы успешно получены
[2022-08-22 11:55:57.4438] [INFO] Добавление номенклатуры
[2022-08-22 11:55:57.6632] [INFO] Добавлено успешно
[2022-08-22 11:55:57.7072] [INFO] Получение всех номенклатур
[2022-08-22 11:55:57.7602] [INFO] Номенклатуры успешно получены
[2022-08-22 11:55:58.5697] [INFO] Получение всех заказов
[2022-08-22 11:55:58.5817] [INFO] Заказы успешно получены
[2022-08-22 11:56:02.7209] [INFO] Получение всех номенклатур
[2022-08-22 11:56:02.7359] [INFO] Номенклатуры успешно получены
[2022-08-22 11:56:41.3985] [INFO] Получение всех номенклатур
[2022-08-22 11:56:41.4145] [INFO] Номенклатуры успешно получены
[2022-08-22 11:56:54.7067] [INFO] Получение всех номенклатур
[2022-08-22 11:56:54.7067] [INFO] Номенклатуры успешно получены
[2022-08-22 11:57:48.7149] [INFO] Обновление токена
[2022-08-22 11:57:50.1451] [INFO] Токен обновлен
[2022-08-22 11:57:51.1341] [INFO] Получение всех заказов
[2022-08-22 11:57:51.2161] [INFO] Заказы успешно получены
[2022-08-22 11:57:51.7241] [INFO] Получение всех номенклатур
[2022-08-22 11:57:51.7921] [INFO] Номенклатуры успешно получены
[2022-08-22 11:57:52.0945] [INFO] Получение всех заказов
[2022-08-22 11:57:52.1125] [INFO] Заказы успешно получены
[2022-08-22 11:57:53.8036] [INFO] Получение всех номенклатур
[2022-08-22 11:57:53.8166] [INFO] Номенклатуры успешно получены
[2022-08-22 11:59:23.9369] [INFO] Обновление токена
[2022-08-22 11:59:26.0529] [INFO] Токен обновлен
[2022-08-22 11:59:27.3489] [INFO] Получение всех заказов
[2022-08-22 11:59:27.4309] [INFO] Заказы успешно получены
[2022-08-22 11:59:27.7349] [INFO] Получение всех заказов
[2022-08-22 11:59:27.7549] [INFO] Заказы успешно получены
[2022-08-22 11:59:29.6315] [INFO] Получение всех номенклатур
[2022-08-22 11:59:29.7215] [INFO] Номенклатуры успешно получены
[2022-08-22 12:00:22.6658] [INFO] Обновление токена
[2022-08-22 12:00:23.7241] [INFO] Токен обновлен
[2022-08-22 12:00:24.7021] [INFO] Получение всех заказов
[2022-08-22 12:00:24.7761] [INFO] Заказы успешно получены
[2022-08-22 12:00:30.0517] [INFO] Получение всех заказов
[2022-08-22 12:00:30.0517] [INFO] Заказы успешно получены
[2022-08-22 12:00:31.4212] [INFO] Получение всех номенклатур
[2022-08-22 12:00:31.4962] [INFO] Номенклатуры успешно получены
[2022-08-22 12:00:36.0263] [INFO] Получение всех номенклатур
[2022-08-22 12:00:36.0263] [INFO] Номенклатуры успешно получены
[2022-08-22 12:00:36.7536] [INFO] Получение всех заказов
[2022-08-22 12:00:36.7706] [INFO] Заказы успешно получены
[2022-08-22 12:00:38.0192] [INFO] Получение всех номенклатур
[2022-08-22 12:00:38.0192] [INFO] Номенклатуры успешно получены
[2022-08-22 12:01:34.7894] [INFO] Обновление токена
[2022-08-22 12:01:35.7754] [INFO] Токен обновлен
[2022-08-22 12:01:36.5244] [INFO] Получение всех заказов
[2022-08-22 12:01:36.5744] [INFO] Заказы успешно получены
[2022-08-22 12:01:38.1010] [INFO] Получение всех заказов
[2022-08-22 12:01:38.1010] [INFO] Заказы успешно получены
[2022-08-22 12:01:39.5142] [INFO] Получение всех номенклатур
[2022-08-22 12:01:39.5982] [INFO] Номенклатуры успешно получены
[2022-08-22 12:02:22.0021] [INFO] Получение всех номенклатур
[2022-08-22 12:02:22.0081] [INFO] Номенклатуры успешно получены
[2022-08-22 12:03:12.5448] [INFO] Обновление токена
[2022-08-22 12:03:13.5647] [INFO] Токен обновлен
[2022-08-22 12:03:14.6657] [INFO] Получение всех заказов
[2022-08-22 12:03:14.7467] [INFO] Заказы успешно получены
[2022-08-22 12:03:19.7476] [INFO] Получение всех номенклатур
[2022-08-22 12:03:19.8346] [INFO] Номенклатуры успешно получены
[2022-08-22 12:03:28.3235] [INFO] Добавление заказа
[2022-08-22 12:03:28.4604] [INFO] Добавлено успешно
[2022-08-22 12:03:28.4774] [INFO] Получение всех заказов
[2022-08-22 12:03:28.4944] [INFO] Заказы успешно получены
[2022-08-22 12:06:17.5728] [INFO] Обновление токена
[2022-08-22 12:06:19.1148] [ERROR] Ошибка -------> Не найдена сессия пользователя
[2022-08-22 12:06:32.3944] [INFO] Обновление токена
[2022-08-22 12:06:33.1833] [ERROR] Ошибка -------> Не найдена сессия пользователя
[2022-08-22 12:06:42.1783] [INFO] Авторизация
[2022-08-22 12:06:42.6723] [INFO] Токен получен
[2022-08-22 12:06:43.2703] [INFO] Получение всех заказов
[2022-08-22 12:06:43.3303] [INFO] Заказы успешно получены
[2022-08-22 12:06:44.9516] [INFO] Получение всех этапов
[2022-08-22 12:06:44.9636] [INFO] Все этапы успешно получены
[2022-08-22 12:06:48.4659] [INFO] Добавление этапа
[2022-08-22 12:06:48.5009] [INFO] Добавлено успешно
[2022-08-22 12:06:48.5219] [INFO] Получение всех этапов
[2022-08-22 12:06:48.5219] [INFO] Все этапы успешно получены
[2022-08-22 12:06:49.1431] [INFO] Получение всех номенклатур
[2022-08-22 12:06:49.1651] [INFO] Номенклатуры успешно получены
[2022-08-22 12:06:56.7169] [INFO] Получение всех этапов
[2022-08-22 12:06:56.7229] [INFO] Все этапы успешно получены
[2022-08-22 12:06:58.4448] [INFO] Добавление номенклатуры
[2022-08-22 12:06:58.4996] [INFO] Добавлено успешно
[2022-08-22 12:06:58.5336] [INFO] Получение всех номенклатур
[2022-08-22 12:06:58.5556] [INFO] Номенклатуры успешно получены
[2022-08-22 12:06:59.5540] [INFO] Получение всех номенклатур
[2022-08-22 12:06:59.5540] [INFO] Номенклатуры успешно получены
[2022-08-22 12:06:59.8504] [INFO] Получение всех заказов
[2022-08-22 12:06:59.8624] [INFO] Заказы успешно получены
[2022-08-22 12:07:01.0550] [INFO] Получение всех номенклатур
[2022-08-22 12:07:01.0550] [INFO] Номенклатуры успешно получены
[2022-08-22 12:07:27.2140] [INFO] Добавление заказа
[2022-08-22 12:07:27.3340] [INFO] Добавлено успешно
[2022-08-22 12:07:27.3500] [INFO] Получение всех заказов
[2022-08-22 12:07:27.3690] [INFO] Заказы успешно получены
[2022-08-22 12:08:39.0919] [INFO] Обновление токена
[2022-08-22 12:08:40.1810] [INFO] Токен обновлен
[2022-08-22 12:08:40.9719] [INFO] Получение всех заказов
[2022-08-22 12:08:41.0741] [INFO] Заказы успешно получены
[2022-08-22 12:08:45.5291] [INFO] Получение всех номенклатур
[2022-08-22 12:08:45.5881] [INFO] Номенклатуры успешно получены
[2022-08-22 12:08:57.9909] [INFO] Добавление заказа
[2022-08-22 12:08:58.1099] [INFO] Добавлено успешно
[2022-08-22 12:08:58.1259] [INFO] Получение всех заказов
[2022-08-22 12:08:58.1299] [INFO] Заказы успешно получены
[2022-08-22 12:18:23.0485] [INFO] Обновление токена
[2022-08-22 12:18:24.8825] [INFO] Токен обновлен
[2022-08-22 12:18:26.8704] [INFO] Получение всех заказов
[2022-08-22 12:18:26.8704] [INFO] Получение всех заказов
[2022-08-22 12:18:27.0544] [INFO] Заказы успешно получены
[2022-08-22 12:18:27.0544] [INFO] Заказы успешно получены
[2022-08-22 12:18:28.4045] [INFO] Получение всех номенклатур
[2022-08-22 12:18:28.4515] [INFO] Номенклатуры успешно получены
[2022-08-22 12:18:28.8215] [INFO] Получение всех этапов
[2022-08-22 12:18:28.8445] [INFO] Все этапы успешно получены
[2022-08-22 12:18:29.1165] [INFO] Получение всех номенклатур
[2022-08-22 12:18:29.1355] [INFO] Номенклатуры успешно получены
[2022-08-22 12:18:29.4625] [INFO] Получение всех заказов
[2022-08-22 12:18:29.4805] [INFO] Заказы успешно получены
[2022-08-22 12:18:37.1207] [INFO] Изменение заказа
[2022-08-22 12:18:37.3092] [INFO] Изменено успешно
[2022-08-22 12:18:37.3282] [INFO] Получение всех заказов
[2022-08-22 12:18:37.3422] [INFO] Заказы успешно получены
[2022-08-22 12:18:40.7536] [INFO] Получение всех номенклатур
[2022-08-22 12:18:40.7536] [INFO] Номенклатуры успешно получены
[2022-08-22 12:18:45.9273] [INFO] Получение всех этапов
[2022-08-22 12:18:45.9273] [INFO] Все этапы успешно получены
[2022-08-22 18:37:40.7973] [INFO] Обновление токена
[2022-08-22 18:37:41.3972] [ERROR] Ошибка -------> Не найдена сессия пользователя
[2022-08-22 18:38:16.1005] [INFO] Обновление токена
[2022-08-22 18:38:16.6778] [ERROR] Ошибка -------> Не найдена сессия пользователя
[2022-08-22 18:38:55.8475] [INFO] Обновление токена
[2022-08-22 18:38:56.4226] [ERROR] Ошибка -------> Не найдена сессия пользователя
[2022-08-22 18:39:25.5750] [INFO] Обновление токена
[2022-08-22 18:39:26.1420] [ERROR] Ошибка -------> Не найдена сессия пользователя
[2022-08-22 18:39:31.5680] [INFO] Авторизация
[2022-08-22 18:39:31.9959] [INFO] Токен получен
[2022-08-22 18:39:32.4906] [INFO] Получение всех заказов
[2022-08-22 18:39:32.5395] [INFO] Заказы успешно получены
[2022-08-22 18:39:33.5388] [INFO] Получение всех этапов
[2022-08-22 18:39:33.5497] [INFO] Все этапы успешно получены
[2022-08-22 18:39:38.7746] [INFO] Добавление этапа
[2022-08-22 18:39:38.7975] [INFO] Добавлено успешно
[2022-08-22 18:39:38.8105] [INFO] Получение всех этапов
[2022-08-22 18:39:38.8105] [INFO] Все этапы успешно получены
[2022-08-22 18:39:42.6220] [INFO] Добавление этапа
[2022-08-22 18:39:42.6299] [INFO] Добавлено успешно
[2022-08-22 18:39:42.6429] [INFO] Получение всех этапов
[2022-08-22 18:39:42.6429] [INFO] Все этапы успешно получены
[2022-08-22 18:39:43.7463] [INFO] Получение всех номенклатур
[2022-08-22 18:39:43.7653] [INFO] Номенклатуры успешно получены
[2022-08-22 18:39:56.5146] [INFO] Получение всех этапов
[2022-08-22 18:39:56.5146] [INFO] Все этапы успешно получены
[2022-08-22 18:39:58.1783] [INFO] Получение всех этапов
[2022-08-22 18:39:58.1783] [INFO] Все этапы успешно получены
[2022-08-22 18:40:05.8534] [INFO] Добавление номенклатуры
[2022-08-22 18:40:05.8963] [INFO] Добавлено успешно
[2022-08-22 18:40:05.9063] [INFO] Получение всех номенклатур
[2022-08-22 18:40:05.9203] [INFO] Номенклатуры успешно получены
[2022-08-22 18:40:07.7109] [INFO] Получение всех заказов
[2022-08-22 18:40:07.7109] [INFO] Заказы успешно получены
[2022-08-22 18:40:09.1402] [INFO] Получение всех номенклатур
[2022-08-22 18:40:09.1402] [INFO] Номенклатуры успешно получены
[2022-08-22 18:40:47.0363] [INFO] Добавление заказа
[2022-08-22 18:40:47.1181] [INFO] Добавлено успешно
[2022-08-22 18:40:47.1291] [INFO] Получение всех заказов
[2022-08-22 18:40:47.1411] [INFO] Заказы успешно получены
[2022-08-22 18:41:11.1493] [INFO] Изменение заказа
[2022-08-22 18:41:11.2231] [INFO] Изменено успешно
[2022-08-22 18:41:11.2340] [INFO] Получение всех заказов
[2022-08-22 18:41:11.2340] [INFO] Заказы успешно получены
[2022-08-22 18:41:20.3393] [INFO] Получение всех номенклатур
[2022-08-22 18:41:20.3423] [INFO] Номенклатуры успешно получены
[2022-08-22 18:41:26.0231] [INFO] Добавление номенклатуры
[2022-08-22 18:41:26.0321] [INFO] Добавлено успешно
[2022-08-22 18:41:26.0321] [INFO] Получение всех номенклатур
[2022-08-22 18:41:26.0450] [INFO] Номенклатуры успешно получены
[2022-08-22 18:41:28.5265] [INFO] Получение всех заказов
[2022-08-22 18:41:28.5305] [INFO] Заказы успешно получены
[2022-08-22 18:41:29.2699] [INFO] Получение всех номенклатур
[2022-08-22 18:41:29.2699] [INFO] Номенклатуры успешно получены
[2022-08-22 18:41:30.0805] [INFO] Получение всех номенклатур
[2022-08-22 18:41:30.0805] [INFO] Номенклатуры успешно получены
[2022-08-22 18:41:30.4010] [INFO] Получение всех этапов
[2022-08-22 18:41:30.4040] [INFO] Все этапы успешно получены
[2022-08-22 18:50:31.9147] [INFO] Обновление токена
[2022-08-22 18:50:32.7748] [INFO] Токен обновлен
[2022-08-22 18:50:33.3691] [INFO] Получение всех заказов
[2022-08-22 18:50:33.4559] [INFO] Заказы успешно получены
[2022-08-22 18:51:20.1766] [INFO] Получение всех номенклатур
[2022-08-22 18:51:20.2056] [INFO] Номенклатуры успешно получены
[2022-08-22 18:54:35.2672] [INFO] Обновление токена
[2022-08-22 18:54:36.1020] [INFO] Токен обновлен
[2022-08-22 18:54:36.7143] [INFO] Получение всех заказов
[2022-08-22 18:54:36.8051] [INFO] Заказы успешно получены
