[2022-09-02 00:35:22.2286] [INFO] Обновление токена
[2022-09-02 00:35:25.6233] [INFO] Токен обновлен
[2022-09-02 00:35:26.7843] [INFO] Получение всех заказов
[2022-09-02 00:35:26.8653] [INFO] Заказы успешно получены
[2022-09-02 00:35:27.0313] [INFO] Получение всех номенклатур
[2022-09-02 00:35:27.0803] [INFO] Номенклатуры успешно получены
[2022-09-02 00:35:27.4053] [INFO] Получение всех этапов
[2022-09-02 00:35:27.4393] [INFO] Все этапы успешно получены
[2022-09-02 00:35:27.8024] [INFO] Получение всех номенклатур
[2022-09-02 00:35:27.8024] [INFO] Номенклатуры успешно получены
[2022-09-02 00:35:28.1994] [INFO] Получение всех этапов
[2022-09-02 00:35:28.1994] [INFO] Все этапы успешно получены
[2022-09-02 00:35:28.5184] [INFO] Получение всех номенклатур
[2022-09-02 00:35:28.5184] [INFO] Номенклатуры успешно получены
[2022-09-02 00:35:28.7974] [INFO] Получение всех номенклатур
[2022-09-02 00:35:28.7974] [INFO] Номенклатуры успешно получены
[2022-09-02 00:35:29.5389] [INFO] Получение всех заказов
[2022-09-02 00:35:29.5409] [INFO] Заказы успешно получены
[2022-09-02 00:35:29.9437] [INFO] Получение всех номенклатур
[2022-09-02 00:35:29.9467] [INFO] Номенклатуры успешно получены
[2022-09-02 00:35:30.3698] [INFO] Получение всех этапов
[2022-09-02 00:35:30.3698] [INFO] Все этапы успешно получены
[2022-09-02 00:35:30.8288] [INFO] Получение всех номенклатур
[2022-09-02 00:35:30.8288] [INFO] Номенклатуры успешно получены
[2022-09-02 00:35:31.4308] [INFO] Получение всех заказов
[2022-09-02 00:35:31.4308] [INFO] Заказы успешно получены
[2022-09-02 00:35:31.8774] [INFO] Получение всех номенклатур
[2022-09-02 00:35:31.8774] [INFO] Номенклатуры успешно получены
[2022-09-02 00:35:32.2544] [INFO] Получение всех этапов
[2022-09-02 00:35:32.2544] [INFO] Все этапы успешно получены
[2022-09-02 00:35:35.4101] [INFO] Изменение этапа
[2022-09-02 00:35:35.4901] [INFO] Изменено успешно
[2022-09-02 00:35:35.5081] [INFO] Получение всех этапов
[2022-09-02 00:35:35.5111] [INFO] Все этапы успешно получены
[2022-09-02 00:35:36.5288] [INFO] Получение всех номенклатур
[2022-09-02 00:35:36.5288] [INFO] Номенклатуры успешно получены
[2022-09-02 00:35:50.7664] [INFO] Получение всех этапов
[2022-09-02 00:35:50.7664] [INFO] Все этапы успешно получены
[2022-09-02 00:35:53.9416] [INFO] Добавление номенклатуры
[2022-09-02 00:35:54.0536] [INFO] Добавлено успешно
[2022-09-02 00:35:54.0636] [INFO] Получение всех номенклатур
[2022-09-02 00:35:54.0876] [INFO] Номенклатуры успешно получены
[2022-09-02 00:36:01.0974] [INFO] Получение всех заказов
[2022-09-02 00:36:01.1194] [INFO] Заказы успешно получены
[2022-09-02 00:36:05.6265] [INFO] Получение всех номенклатур
[2022-09-02 00:36:05.6415] [INFO] Номенклатуры успешно получены
[2022-09-02 00:36:19.3592] [INFO] Добавление заказа
[2022-09-02 00:36:19.6962] [ERROR] Ошибка -------> Индекс за пределами диапазона. Индекс должен быть положительным числом, а его размер не должен превышать размер коллекции.
Имя параметра: index
[2022-09-02 00:36:30.2236] [INFO] Получение всех заказов
[2022-09-02 00:36:30.2586] [INFO] Заказы успешно получены
[2022-09-02 00:37:20.3086] [INFO] Изменение заказа
[2022-09-02 00:37:20.6346] [ERROR] Ошибка -------> Индекс за пределами диапазона. Индекс должен быть положительным числом, а его размер не должен превышать размер коллекции.
Имя параметра: index
[2022-09-02 00:37:34.2596] [INFO] Изменение заказа
[2022-09-02 00:37:34.3986] [ERROR] Ошибка -------> Индекс за пределами диапазона. Индекс должен быть положительным числом, а его размер не должен превышать размер коллекции.
Имя параметра: index
[2022-09-02 00:37:52.1463] [INFO] Получение всех заказов
[2022-09-02 00:37:52.1643] [INFO] Заказы успешно получены
[2022-09-02 00:42:48.4761] [INFO] Обновление токена
[2022-09-02 00:42:54.5803] [INFO] Токен обновлен
[2022-09-02 00:42:56.0799] [INFO] Получение всех заказов
[2022-09-02 00:42:56.1649] [INFO] Заказы успешно получены
[2022-09-02 00:43:08.1421] [INFO] Изменение заказа
[2022-09-02 00:43:08.2161] [INFO] Изменено успешно
[2022-09-02 00:43:08.2301] [INFO] Получение всех заказов
[2022-09-02 00:43:08.2301] [INFO] Заказы успешно получены
[2022-09-02 00:43:12.5311] [INFO] Получение всех номенклатур
[2022-09-02 00:43:12.6881] [INFO] Номенклатуры успешно получены
[2022-09-02 00:44:31.3467] [INFO] Изменение заказа
[2022-09-02 00:44:31.6597] [ERROR] Ошибка -------> Индекс за пределами диапазона. Индекс должен быть положительным числом, а его размер не должен превышать размер коллекции.
Имя параметра: index
[2022-09-02 01:19:16.6926] [INFO] Обновление токена
[2022-09-02 01:19:20.0776] [INFO] Токен обновлен
[2022-09-02 01:19:20.8998] [INFO] Получение всех заказов
[2022-09-02 01:19:20.9698] [INFO] Заказы успешно получены
[2022-09-02 01:19:30.3069] [INFO] Получение всех заказов
[2022-09-02 01:19:30.3069] [INFO] Заказы успешно получены
[2022-09-02 01:19:31.9156] [INFO] Получение всех номенклатур
[2022-09-02 01:19:32.0366] [INFO] Номенклатуры успешно получены
[2022-09-02 01:19:36.7756] [INFO] Изменение заказа
[2022-09-02 12:40:08.7903] [INFO] Обновление токена
[2022-09-02 12:40:13.4916] [INFO] Токен обновлен
[2022-09-02 12:40:14.3766] [INFO] Получение всех заказов
[2022-09-02 12:40:14.4356] [INFO] Заказы успешно получены
[2022-09-02 12:40:18.2478] [INFO] Получение всех номенклатур
[2022-09-02 12:40:18.3448] [INFO] Номенклатуры успешно получены
[2022-09-02 12:40:24.1918] [INFO] Изменение заказа
[2022-09-02 12:41:12.1114] [ERROR] Ошибка -------> Индекс за пределами диапазона. Индекс должен быть положительным числом, а его размер не должен превышать размер коллекции.
Имя параметра: index
[2022-09-02 12:43:25.2686] [INFO] Обновление токена
[2022-09-02 12:43:27.6408] [INFO] Токен обновлен
[2022-09-02 12:43:28.5288] [INFO] Получение всех заказов
[2022-09-02 12:43:28.5928] [INFO] Заказы успешно получены
[2022-09-02 12:43:32.3668] [INFO] Получение всех заказов
[2022-09-02 12:43:32.3688] [INFO] Заказы успешно получены
[2022-09-02 12:43:32.9448] [INFO] Получение всех номенклатур
[2022-09-02 12:43:33.0008] [INFO] Номенклатуры успешно получены
[2022-09-02 12:43:33.2478] [INFO] Получение всех заказов
[2022-09-02 12:43:33.2478] [INFO] Заказы успешно получены
[2022-09-02 12:43:34.9866] [INFO] Получение всех номенклатур
[2022-09-02 12:43:34.9866] [INFO] Номенклатуры успешно получены
[2022-09-02 12:43:39.6756] [INFO] Изменение заказа
[2022-09-02 12:43:41.9740] [INFO] Изменено успешно
[2022-09-02 12:43:41.9950] [INFO] Получение всех заказов
[2022-09-02 12:43:41.9950] [INFO] Заказы успешно получены
[2022-09-02 12:43:51.4443] [INFO] Получение всех этапов
[2022-09-02 12:43:51.4573] [INFO] Все этапы успешно получены
[2022-09-02 12:43:56.9809] [INFO] Добавление этапа
[2022-09-02 12:43:57.0158] [INFO] Добавлено успешно
[2022-09-02 12:43:57.0269] [INFO] Получение всех этапов
[2022-09-02 12:43:57.0269] [INFO] Все этапы успешно получены
[2022-09-02 12:43:58.9119] [INFO] Получение всех номенклатур
[2022-09-02 12:43:58.9119] [INFO] Номенклатуры успешно получены
[2022-09-02 12:44:06.5344] [INFO] Получение всех номенклатур
[2022-09-02 12:44:06.5344] [INFO] Номенклатуры успешно получены
[2022-09-02 12:44:06.9674] [INFO] Получение всех заказов
[2022-09-02 12:44:06.9674] [INFO] Заказы успешно получены
[2022-09-02 12:44:07.6950] [INFO] Получение всех номенклатур
[2022-09-02 12:44:07.6970] [INFO] Номенклатуры успешно получены
[2022-09-02 12:44:08.4400] [INFO] Получение всех заказов
[2022-09-02 12:44:08.4400] [INFO] Заказы успешно получены
[2022-09-02 12:44:09.9956] [INFO] Получение всех номенклатур
[2022-09-02 12:44:09.9956] [INFO] Номенклатуры успешно получены
[2022-09-02 12:44:17.7306] [INFO] Получение всех этапов
[2022-09-02 12:44:17.7306] [INFO] Все этапы успешно получены
[2022-09-02 12:44:21.0509] [INFO] Добавление номенклатуры
[2022-09-02 12:44:21.0959] [INFO] Добавлено успешно
[2022-09-02 12:44:21.1109] [INFO] Получение всех номенклатур
[2022-09-02 12:44:21.1209] [INFO] Номенклатуры успешно получены
[2022-09-02 12:44:28.0847] [INFO] Получение всех номенклатур
[2022-09-02 12:44:28.0887] [INFO] Номенклатуры успешно получены
[2022-09-02 12:44:28.5507] [INFO] Получение всех заказов
[2022-09-02 12:44:28.5797] [INFO] Заказы успешно получены
[2022-09-02 12:44:32.8127] [INFO] Получение всех заказов
[2022-09-02 12:44:32.8127] [INFO] Заказы успешно получены
[2022-09-02 12:44:35.9528] [INFO] Получение всех номенклатур
[2022-09-02 12:44:35.9528] [INFO] Номенклатуры успешно получены
[2022-09-02 12:44:40.0414] [INFO] Добавление заказа
[2022-09-02 12:44:41.6049] [INFO] Добавлено успешно
[2022-09-02 12:44:41.6049] [INFO] Получение всех заказов
[2022-09-02 12:44:41.6189] [INFO] Заказы успешно получены
[2022-09-02 12:44:56.7472] [INFO] Получение всех этапов
[2022-09-02 12:44:56.7472] [INFO] Все этапы успешно получены
[2022-09-02 12:44:57.5222] [INFO] Получение всех номенклатур
[2022-09-02 12:44:57.5242] [INFO] Номенклатуры успешно получены
[2022-09-02 12:44:58.8122] [INFO] Получение всех этапов
[2022-09-02 12:44:58.8122] [INFO] Все этапы успешно получены
[2022-09-02 12:45:00.0970] [INFO] Получение всех номенклатур
[2022-09-02 12:45:00.0970] [INFO] Номенклатуры успешно получены
[2022-09-02 12:45:08.3470] [INFO] Получение всех этапов
[2022-09-02 12:45:08.3470] [INFO] Все этапы успешно получены
[2022-09-02 12:45:11.9142] [INFO] Получение всех этапов
[2022-09-02 12:45:11.9172] [INFO] Все этапы успешно получены
[2022-09-02 12:45:15.7026] [INFO] Получение всех этапов
[2022-09-02 12:45:15.7026] [INFO] Все этапы успешно получены
[2022-09-02 12:45:20.3508] [INFO] Добавление номенклатуры
[2022-09-02 12:45:20.3678] [INFO] Добавлено успешно
[2022-09-02 12:45:20.3678] [INFO] Получение всех номенклатур
[2022-09-02 12:45:20.3678] [INFO] Номенклатуры успешно получены
[2022-09-02 12:45:22.1346] [INFO] Получение всех заказов
[2022-09-02 12:45:22.1506] [INFO] Заказы успешно получены
[2022-09-02 12:45:23.3397] [INFO] Получение всех номенклатур
[2022-09-02 12:45:23.3397] [INFO] Номенклатуры успешно получены
[2022-09-02 12:45:33.2991] [INFO] Добавление заказа
[2022-09-02 12:45:35.0110] [INFO] Добавлено успешно
[2022-09-02 12:45:35.0110] [INFO] Получение всех заказов
[2022-09-02 12:45:35.0330] [INFO] Заказы успешно получены
[2022-09-02 15:08:29.0281] [INFO] Обновление токена
[2022-09-02 15:13:20.6177] [INFO] Обновление токена
[2022-09-02 15:13:22.7993] [ERROR] Ошибка -------> Не найдена сессия пользователя
[2022-09-02 15:13:29.1599] [INFO] Авторизация
[2022-09-02 15:13:29.8529] [INFO] Токен получен
[2022-09-02 15:13:30.6286] [INFO] Получение всех заказов
[2022-09-02 15:13:30.7066] [INFO] Заказы успешно получены
[2022-09-02 15:13:31.1466] [INFO] Получение всех этапов
[2022-09-02 15:13:31.1596] [INFO] Все этапы успешно получены
[2022-09-02 15:13:35.4756] [INFO] Добавление этапа
[2022-09-02 15:13:35.5495] [INFO] Добавлено успешно
[2022-09-02 15:13:35.5655] [INFO] Получение всех этапов
[2022-09-02 15:13:35.5655] [INFO] Все этапы успешно получены
[2022-09-02 15:13:37.4884] [INFO] Получение всех номенклатур
[2022-09-02 15:13:37.5294] [INFO] Номенклатуры успешно получены
[2022-09-02 15:13:42.8685] [INFO] Получение всех этапов
[2022-09-02 15:13:42.8685] [INFO] Все этапы успешно получены
[2022-09-02 15:13:44.8525] [INFO] Добавление номенклатуры
[2022-09-02 15:13:44.9185] [INFO] Добавлено успешно
[2022-09-02 15:13:44.9185] [INFO] Получение всех номенклатур
[2022-09-02 15:13:44.9475] [INFO] Номенклатуры успешно получены
[2022-09-02 15:13:45.8785] [INFO] Получение всех заказов
[2022-09-02 15:13:45.8915] [INFO] Заказы успешно получены
[2022-09-02 15:13:49.7386] [INFO] Получение всех номенклатур
[2022-09-02 15:13:49.7386] [INFO] Номенклатуры успешно получены
[2022-09-02 15:14:58.4567] [INFO] Получение всех номенклатур
[2022-09-02 15:14:58.4667] [INFO] Номенклатуры успешно получены
[2022-09-02 15:16:42.2948] [INFO] Получение всех номенклатур
[2022-09-02 15:16:42.3088] [INFO] Номенклатуры успешно получены
[2022-09-02 15:18:30.0154] [INFO] Получение всех заказов
[2022-09-02 15:18:30.0424] [INFO] Заказы успешно получены
[2022-09-02 15:18:31.1004] [INFO] Получение всех номенклатур
[2022-09-02 15:18:31.1153] [INFO] Номенклатуры успешно получены
[2022-09-02 15:18:31.4924] [INFO] Получение всех заказов
[2022-09-02 15:18:31.5234] [INFO] Заказы успешно получены
[2022-09-02 15:39:54.8371] [INFO] Обновление токена
[2022-09-02 15:40:01.3894] [INFO] Токен обновлен
[2022-09-02 15:40:03.3464] [INFO] Получение всех заказов
[2022-09-02 15:40:03.4944] [INFO] Заказы успешно получены
[2022-09-02 15:40:18.8079] [INFO] Получение всех этапов
[2022-09-02 15:40:18.8669] [INFO] Все этапы успешно получены
[2022-09-02 15:40:19.3029] [INFO] Получение всех номенклатур
[2022-09-02 15:40:19.3909] [INFO] Номенклатуры успешно получены
[2022-09-02 15:40:20.1009] [INFO] Получение всех заказов
[2022-09-02 15:40:20.1069] [INFO] Заказы успешно получены
[2022-09-02 15:40:27.3231] [INFO] Получение всех номенклатур
[2022-09-02 15:40:27.3531] [INFO] Номенклатуры успешно получены
[2022-09-02 15:40:32.3869] [INFO] Добавление заказа
[2022-09-02 15:41:15.8643] [INFO] Добавлено успешно
[2022-09-02 15:41:15.9043] [INFO] Получение всех заказов
[2022-09-02 15:41:15.9333] [INFO] Заказы успешно получены
[2022-09-02 16:12:22.1153] [INFO] Обновление токена
[2022-09-02 16:12:26.8953] [INFO] Токен обновлен
[2022-09-02 16:12:29.1384] [INFO] Получение всех заказов
[2022-09-02 16:12:29.4853] [INFO] Заказы успешно получены
[2022-09-02 16:12:38.4557] [INFO] Получение всех номенклатур
[2022-09-02 16:12:38.5257] [INFO] Номенклатуры успешно получены
[2022-09-02 16:12:38.8507] [INFO] Получение всех заказов
[2022-09-02 16:12:38.8557] [INFO] Заказы успешно получены
[2022-09-02 16:12:43.7448] [INFO] Изменение заказа
[2022-09-02 16:12:52.9005] [INFO] Изменено успешно
[2022-09-02 16:12:52.9005] [INFO] Получение всех заказов
[2022-09-02 16:12:52.9165] [INFO] Заказы успешно получены
[2022-09-02 16:16:24.0500] [INFO] Обновление токена
[2022-09-02 16:16:28.4193] [INFO] Токен обновлен
[2022-09-02 16:16:30.1743] [INFO] Получение всех заказов
[2022-09-02 16:16:30.1743] [INFO] Получение всех заказов
[2022-09-02 16:16:30.4283] [INFO] Заказы успешно получены
[2022-09-02 16:16:30.4283] [INFO] Заказы успешно получены
[2022-09-02 16:16:30.7883] [INFO] Получение всех номенклатур
[2022-09-02 16:16:30.8323] [INFO] Номенклатуры успешно получены
[2022-09-02 16:16:31.2263] [INFO] Получение всех заказов
[2022-09-02 16:16:31.2353] [INFO] Заказы успешно получены
[2022-09-02 16:16:32.0029] [INFO] Получение всех номенклатур
[2022-09-02 16:16:32.0029] [INFO] Номенклатуры успешно получены
[2022-09-02 16:16:32.5161] [INFO] Получение всех этапов
[2022-09-02 16:16:32.5511] [INFO] Все этапы успешно получены
[2022-09-02 16:16:33.3111] [INFO] Получение всех заказов
[2022-09-02 16:16:33.3111] [INFO] Заказы успешно получены
[2022-09-02 16:16:55.0111] [INFO] Изменение заказа
[2022-09-02 16:16:55.2610] [INFO] Изменено успешно
[2022-09-02 16:16:55.2800] [INFO] Получение всех заказов
[2022-09-02 16:16:55.2990] [INFO] Заказы успешно получены
[2022-09-02 21:15:39.1779] [INFO] Обновление токена
[2022-09-02 21:15:42.5509] [ERROR] Ошибка -------> Не найдена сессия пользователя
[2022-09-02 21:15:51.3471] [INFO] Авторизация
[2022-09-02 21:15:51.9461] [INFO] Токен получен
[2022-09-02 21:15:52.7881] [INFO] Получение всех заказов
[2022-09-02 21:15:52.8591] [INFO] Заказы успешно получены
[2022-09-02 21:15:53.2491] [INFO] Получение всех номенклатур
[2022-09-02 21:15:53.2791] [INFO] Номенклатуры успешно получены
[2022-09-02 21:15:53.7768] [INFO] Получение всех заказов
[2022-09-02 21:15:53.7768] [INFO] Заказы успешно получены
[2022-09-02 21:15:54.1588] [INFO] Получение всех номенклатур
[2022-09-02 21:15:54.1588] [INFO] Номенклатуры успешно получены
[2022-09-02 21:15:54.6018] [INFO] Получение всех этапов
[2022-09-02 21:15:54.6198] [INFO] Все этапы успешно получены
[2022-09-02 21:15:54.9328] [INFO] Получение всех номенклатур
[2022-09-02 21:15:54.9328] [INFO] Номенклатуры успешно получены
[2022-09-02 21:15:55.2649] [INFO] Получение всех заказов
[2022-09-02 21:15:55.2649] [INFO] Заказы успешно получены
[2022-09-02 21:15:55.6569] [INFO] Получение всех заказов
[2022-09-02 21:15:55.6569] [INFO] Заказы успешно получены
[2022-09-02 21:15:56.0129] [INFO] Получение всех этапов
[2022-09-02 21:15:56.0129] [INFO] Все этапы успешно получены
[2022-09-02 21:15:59.8869] [INFO] Добавление этапа
[2022-09-02 21:15:59.9279] [INFO] Добавлено успешно
[2022-09-02 21:15:59.9439] [INFO] Получение всех этапов
[2022-09-02 21:15:59.9479] [INFO] Все этапы успешно получены
[2022-09-02 21:16:00.8459] [INFO] Получение всех номенклатур
[2022-09-02 21:16:00.8459] [INFO] Номенклатуры успешно получены
[2022-09-02 21:16:11.3556] [INFO] Получение всех этапов
[2022-09-02 21:16:11.3556] [INFO] Все этапы успешно получены
[2022-09-02 21:16:13.8661] [INFO] Добавление номенклатуры
[2022-09-02 21:16:13.9911] [INFO] Добавлено успешно
[2022-09-02 21:16:14.0061] [INFO] Получение всех номенклатур
[2022-09-02 21:16:14.0361] [INFO] Номенклатуры успешно получены
[2022-09-02 21:16:15.8401] [INFO] Получение всех заказов
[2022-09-02 21:16:15.8701] [INFO] Заказы успешно получены
[2022-09-02 21:16:21.0377] [INFO] Получение всех номенклатур
[2022-09-02 21:16:21.0407] [INFO] Номенклатуры успешно получены
[2022-09-02 21:16:32.6099] [INFO] Получение всех номенклатур
[2022-09-02 21:16:32.6199] [INFO] Номенклатуры успешно получены
[2022-09-02 21:16:40.5319] [INFO] Получение всех номенклатур
[2022-09-02 21:16:40.5319] [INFO] Номенклатуры успешно получены
[2022-09-02 21:16:42.6149] [INFO] Добавление заказа
[2022-09-02 21:16:42.8719] [INFO] Добавлено успешно
[2022-09-02 21:16:42.8919] [INFO] Получение всех заказов
[2022-09-02 21:16:42.9349] [INFO] Заказы успешно получены
[2022-09-02 21:59:13.8353] [INFO] Обновление токена
[2022-09-02 21:59:19.3053] [INFO] Токен обновлен
[2022-09-02 21:59:20.7393] [INFO] Получение всех заказов
[2022-09-02 21:59:20.9633] [INFO] Заказы успешно получены
[2022-09-02 22:22:41.8589] [INFO] Обновление токена
[2022-09-02 22:22:45.4748] [INFO] Токен обновлен
[2022-09-02 22:22:46.3538] [INFO] Получение всех заказов
[2022-09-02 22:22:46.4728] [INFO] Заказы успешно получены
[2022-09-02 22:24:15.9191] [INFO] Обновление токена
[2022-09-02 22:24:20.1797] [INFO] Токен обновлен
[2022-09-02 22:24:21.2046] [INFO] Получение всех заказов
[2022-09-02 22:24:21.3256] [INFO] Заказы успешно получены
[2022-09-02 22:25:23.1091] [INFO] Обновление токена
[2022-09-02 22:25:29.6491] [INFO] Токен обновлен
[2022-09-02 22:25:30.6710] [INFO] Получение всех заказов
[2022-09-02 22:25:30.8051] [INFO] Заказы успешно получены
[2022-09-02 23:40:53.3388] [INFO] Обновление токена
[2022-09-02 23:40:56.1912] [INFO] Токен обновлен
[2022-09-02 23:40:57.3707] [INFO] Получение всех заказов
[2022-09-02 23:40:57.5357] [INFO] Заказы успешно получены
[2022-09-02 23:40:58.0591] [INFO] Получение всех заказов
[2022-09-02 23:40:58.0591] [INFO] Заказы успешно получены
[2022-09-02 23:40:58.5241] [INFO] Получение всех номенклатур
[2022-09-02 23:40:58.5671] [INFO] Номенклатуры успешно получены
[2022-09-02 23:40:59.1591] [INFO] Получение всех заказов
[2022-09-02 23:40:59.1591] [INFO] Заказы успешно получены
[2022-09-02 23:43:19.8672] [INFO] Получение всех номенклатур
[2022-09-02 23:43:19.8762] [INFO] Номенклатуры успешно получены
[2022-09-02 23:43:20.2442] [INFO] Получение всех заказов
[2022-09-02 23:43:20.2692] [INFO] Заказы успешно получены
[2022-09-02 23:45:04.3967] [INFO] Обновление токена
[2022-09-02 23:45:09.1952] [INFO] Токен обновлен
[2022-09-02 23:45:10.7702] [INFO] Получение всех заказов
[2022-09-02 23:45:10.9422] [INFO] Заказы успешно получены
[2022-09-02 23:45:29.8082] [INFO] Получение всех заказов
[2022-09-02 23:45:29.8392] [INFO] Заказы успешно получены
[2022-09-02 23:45:30.1662] [INFO] Получение всех номенклатур
[2022-09-02 23:45:30.2492] [INFO] Номенклатуры успешно получены
[2022-09-02 23:45:30.4992] [INFO] Получение всех заказов
[2022-09-02 23:45:30.5282] [INFO] Заказы успешно получены
[2022-09-02 23:46:40.4586] [INFO] Обновление токена
[2022-09-02 23:46:49.8469] [INFO] Токен обновлен
[2022-09-02 23:46:52.7189] [INFO] Получение всех заказов
[2022-09-02 23:46:53.2269] [INFO] Заказы успешно получены
[2022-09-02 23:47:56.7236] [INFO] Обновление токена
[2022-09-02 23:48:05.2506] [INFO] Токен обновлен
[2022-09-02 23:48:07.6286] [INFO] Получение всех заказов
[2022-09-02 23:48:07.9696] [INFO] Заказы успешно получены
