[2023-06-13 23:53:58.4731] [INFO] Обновление токена
[2023-06-13 23:53:59.3414] [INFO] Токен обновлен
[2023-06-13 23:54:00.3854] [INFO] Получение настроек
[2023-06-13 23:54:00.3854] [INFO] Получение всех заказов
[2023-06-13 23:54:00.4120] [INFO] Настройки успешно получены
[2023-06-13 23:54:00.5026] [INFO] Заказы успешно получены
[2023-06-13 23:54:05.5025] [INFO] Получение всех этапов
[2023-06-13 23:54:05.5361] [INFO] Все этапы успешно получены
[2023-06-13 23:54:26.9692] [INFO] Получение всех этапов
[2023-06-13 23:54:26.9692] [INFO] Все этапы успешно получены
[2023-06-13 23:54:31.1933] [INFO] Получение всех этапов
[2023-06-13 23:54:31.1933] [INFO] Все этапы успешно получены
[2023-06-13 23:54:33.3282] [INFO] Получение всех номенклатур
[2023-06-13 23:54:33.3661] [INFO] Номенклатуры успешно получены
[2023-06-13 23:54:35.9492] [INFO] Получение всех номенклатур
[2023-06-13 23:54:35.9492] [INFO] Номенклатуры успешно получены
[2023-06-13 23:54:36.8054] [INFO] Получение всех номенклатур
[2023-06-13 23:54:36.8054] [INFO] Номенклатуры успешно получены
[2023-06-13 23:54:37.1032] [INFO] Получение всех заказов
[2023-06-13 23:54:37.1157] [INFO] Заказы успешно получены
[2023-06-13 23:54:39.6157] [INFO] Получение всех заказов
[2023-06-13 23:54:39.6157] [INFO] Заказы успешно получены
[2023-06-13 23:54:43.7710] [INFO] Получение всех заказов
[2023-06-13 23:54:43.8267] [INFO] Заказы успешно получены
[2023-06-13 23:54:44.2082] [INFO] Получение всех номенклатур
[2023-06-13 23:54:44.2156] [INFO] Номенклатуры успешно получены
[2023-06-13 23:54:44.8432] [INFO] Получение всех этапов
[2023-06-13 23:54:44.8432] [INFO] Все этапы успешно получены
