[2023-05-26 23:47:25.2867] [INFO] Обновление токена
[2023-05-26 23:47:26.3946] [ERROR] Ошибка -------> Не найдена сессия пользователя
[2023-05-26 23:47:43.4134] [INFO] Авторизация
[2023-05-26 23:47:43.7252] [INFO] Токен получен
[2023-05-26 23:47:44.6570] [INFO] Получение настроек
[2023-05-26 23:47:44.6570] [INFO] Получение всех заказов
[2023-05-26 23:47:44.6760] [INFO] Настройки успешно получены
[2023-05-26 23:47:44.7530] [INFO] Заказы успешно получены
[2023-05-26 23:47:50.5639] [INFO] Получение всех этапов
[2023-05-26 23:47:50.5909] [INFO] Все этапы успешно получены
[2023-05-26 23:47:54.9284] [INFO] Добавление этапа
[2023-05-26 23:47:54.9634] [INFO] Добавлено успешно
[2023-05-26 23:47:54.9794] [INFO] Получение всех этапов
[2023-05-26 23:47:54.9794] [INFO] Все этапы успешно получены
[2023-05-26 23:47:55.9068] [INFO] Получение всех номенклатур
[2023-05-26 23:47:55.9529] [INFO] Номенклатуры успешно получены
[2023-05-26 23:48:00.3689] [INFO] Добавление номенклатуры
[2023-05-26 23:48:00.4149] [INFO] Добавлено успешно
[2023-05-26 23:48:00.4369] [INFO] Получение всех номенклатур
[2023-05-26 23:48:00.4509] [INFO] Номенклатуры успешно получены
[2023-05-26 23:48:01.4047] [INFO] Получение всех заказов
[2023-05-26 23:48:01.4247] [INFO] Заказы успешно получены
[2023-05-26 23:48:05.2312] [INFO] Добавление заказа
[2023-05-26 23:48:05.3252] [INFO] Добавлено успешно
[2023-05-26 23:48:05.3572] [INFO] Получение всех заказов
[2023-05-26 23:48:05.3762] [INFO] Заказы успешно получены
[2023-05-26 23:48:11.5862] [INFO] Добавление заказа
[2023-05-26 23:48:11.6052] [INFO] Добавлено успешно
[2023-05-26 23:48:11.6222] [INFO] Получение всех заказов
[2023-05-26 23:48:11.6422] [INFO] Заказы успешно получены
[2023-05-26 23:48:16.3921] [INFO] Получение всех заказов
[2023-05-26 23:48:16.4089] [INFO] Заказы успешно получены
[2023-05-26 23:48:17.5613] [INFO] Получение всех заказов
[2023-05-26 23:48:17.5803] [INFO] Заказы успешно получены
[2023-05-26 23:48:22.8831] [INFO] Получение всех заказов
[2023-05-26 23:48:22.8831] [INFO] Заказы успешно получены
[2023-05-26 23:48:26.5280] [INFO] Получение всех заказов
[2023-05-26 23:48:26.5520] [INFO] Заказы успешно получены
[2023-05-26 23:48:29.7132] [INFO] Получение всех заказов
[2023-05-26 23:48:29.7252] [INFO] Заказы успешно получены
[2023-05-26 23:48:36.6382] [INFO] Получение всех заказов
[2023-05-26 23:48:36.6502] [INFO] Заказы успешно получены
[2023-05-26 23:48:40.7802] [INFO] Получение всех заказов
[2023-05-26 23:48:40.8061] [INFO] Заказы успешно получены
[2023-05-26 23:48:42.3615] [INFO] Получение всех номенклатур
[2023-05-26 23:48:42.3925] [INFO] Номенклатуры успешно получены
[2023-05-26 23:48:42.8053] [INFO] Получение всех заказов
[2023-05-26 23:48:42.8383] [INFO] Заказы успешно получены
[2023-05-26 23:48:43.2308] [INFO] Получение всех номенклатур
[2023-05-26 23:48:43.2308] [INFO] Номенклатуры успешно получены
[2023-05-26 23:48:43.6389] [INFO] Получение всех заказов
[2023-05-26 23:48:43.6529] [INFO] Заказы успешно получены
[2023-05-26 23:48:44.8381] [INFO] Получение всех номенклатур
[2023-05-26 23:48:44.8381] [INFO] Получение всех этапов
[2023-05-26 23:48:44.8511] [INFO] Все этапы успешно получены
[2023-05-26 23:48:44.8511] [INFO] Номенклатуры успешно получены
[2023-05-26 23:48:45.2421] [INFO] Получение всех номенклатур
[2023-05-26 23:48:45.3271] [INFO] Номенклатуры успешно получены
[2023-05-26 23:48:45.6268] [INFO] Получение всех заказов
[2023-05-26 23:48:45.6806] [INFO] Заказы успешно получены
