[2022-08-11 16:35:22.9517] [INFO] Загрузка формы авторизации
[2022-08-11 16:35:23.1607] [INFO] Загрузка токенов
[2022-08-11 16:35:23.2667] [INFO] Токен успешно обновлен
[2022-08-11 16:35:23.2667] [INFO] Автоматическая авторизация
[2022-08-11 16:35:47.0406] [INFO] Пользователь авторизован
[2022-08-11 16:35:47.0406] [INFO] Загрузка главной формы
[2022-08-11 16:35:47.1416] [INFO] Загружено главня форма
[2022-08-11 16:35:47.1416] [INFO] Получение данных
[2022-08-11 16:35:47.1536] [INFO] Загрузка заказов
[2022-08-11 16:35:47.1646] [INFO] Заказыы успешно загружены
[2022-08-11 16:35:47.1646] [INFO] Успешное получение данных
[2022-08-11 16:35:47.1931] [INFO] Закрываем окно авторизации
[2022-08-11 16:36:38.6171] [INFO] Открыто диалоговое окно для добавление заказа
[2022-08-11 16:36:38.6491] [INFO] Открыто диалоговое окно заказа
[2022-08-11 16:36:38.6491] [INFO] Данные успешно получены
[2022-08-11 16:36:44.2548] [INFO] Добвыление номенклатуры
[2022-08-11 16:36:44.2978] [INFO] Загрузка номенклатуры
[2022-08-11 16:36:44.3478] [INFO] Номенклатуры успешно загружены
[2022-08-11 16:36:45.0278] [INFO] Закрытые диалогового окно выбора номенклатуры
[2022-08-11 16:36:45.0498] [INFO] Номенклатура успешно добавлено
[2022-08-11 16:36:48.5138] [INFO] Добавление заказ в БД
[2022-08-11 16:36:48.5138] [INFO] Закрытые диалогового окна заказа
[2022-08-11 16:36:48.5245] [INFO] Добавление заказа
[2022-08-11 16:36:48.7105] [INFO] Заказ успешно добавлено
[2022-08-11 16:36:48.7105] [INFO] Обновление заказа
[2022-08-11 16:36:48.7325] [INFO] Заказ успешно обновлен
[2022-08-11 16:37:11.4743] [INFO] Закрытые главной формы
