[2022-08-29 16:24:10.9063] [INFO] Загрузка формы авторизации
[2022-08-29 16:24:10.9687] [INFO] Загрузка токенов
[2022-08-29 16:24:11.0983] [INFO] Токен успешно обновлен
[2022-08-29 16:24:11.0983] [INFO] Автоматическая авторизация
[2022-08-29 16:24:22.4383] [INFO] Пользователь авторизован
[2022-08-29 16:24:22.4383] [INFO] Загрузка главной формы
[2022-08-29 16:24:22.4951] [INFO] Загружено главня форма
[2022-08-29 16:24:22.4951] [INFO] Получение данных
[2022-08-29 16:24:22.4951] [INFO] Загрузка заказов
[2022-08-29 16:24:22.4951] [INFO] Заказыы успешно загружены
[2022-08-29 16:24:22.4951] [INFO] Успешное получение данных
[2022-08-29 16:24:22.5101] [INFO] Закрываем окно авторизации
[2022-08-29 16:24:27.1787] [INFO] Открыто диалоговое окно для изменение номенклатуры
[2022-08-29 16:24:27.2002] [INFO] Открыто диалоговое окно номенклатуры
[2022-08-29 16:24:33.0718] [INFO] Зактрытые диалогового окна номенклатуры
[2022-08-29 16:24:33.0718] [INFO] Диалоговое окно номенклатуры закрыто
[2022-08-29 16:24:33.0718] [INFO] Изменение номенклатуры
[2022-08-29 16:24:33.2144] [INFO] Номенклатура успешно изменен
[2022-08-29 16:24:33.2144] [INFO] Обновление номенклатуры
[2022-08-29 16:24:33.2244] [INFO] Номенклатура успешно обновлен
[2022-08-29 16:24:40.1062] [INFO] Открыто диалоговое окно для изменение номенклатуры
[2022-08-29 16:24:40.1182] [INFO] Открыто диалоговое окно номенклатуры
[2022-08-29 16:24:50.9711] [INFO] Открыто диалоговое окно для изменение номенклатуры
[2022-08-29 16:24:50.9811] [INFO] Открыто диалоговое окно номенклатуры
[2022-08-29 16:25:07.0263] [INFO] Открыто диалоговое окно для изменение номенклатуры
[2022-08-29 16:25:07.0362] [INFO] Открыто диалоговое окно номенклатуры
[2022-08-29 16:25:08.5931] [INFO] Зактрытые диалогового окна номенклатуры
[2022-08-29 16:25:08.5931] [INFO] Диалоговое окно номенклатуры закрыто
[2022-08-29 16:25:08.5931] [INFO] Изменение номенклатуры
[2022-08-29 16:25:08.6300] [INFO] Номенклатура успешно изменен
[2022-08-29 16:25:08.6300] [INFO] Обновление номенклатуры
[2022-08-29 16:25:08.6300] [INFO] Номенклатура успешно обновлен
[2022-08-29 16:25:09.7431] [INFO] Открыто диалоговое окно для изменение номенклатуры
[2022-08-29 16:25:09.7551] [INFO] Открыто диалоговое окно номенклатуры
[2022-08-29 16:25:17.6855] [INFO] Зактрытые диалогового окна номенклатуры
[2022-08-29 16:25:17.7192] [ERROR] Ошибка -------> Входная строка имела неверный формат.
[2022-08-29 16:25:21.9974] [INFO] Зактрытые диалогового окна номенклатуры
[2022-08-29 16:25:21.9974] [INFO] Диалоговое окно номенклатуры закрыто
[2022-08-29 16:25:21.9974] [INFO] Изменение номенклатуры
[2022-08-29 16:25:22.0163] [INFO] Номенклатура успешно изменен
[2022-08-29 16:25:22.0163] [INFO] Обновление номенклатуры
[2022-08-29 16:25:22.0273] [INFO] Номенклатура успешно обновлен
[2022-08-29 16:25:23.0581] [INFO] Открыто диалоговое окно для изменение номенклатуры
[2022-08-29 16:25:23.0750] [INFO] Открыто диалоговое окно номенклатуры
[2022-08-29 16:28:48.0414] [INFO] Закрытые главной формы
[2022-08-29 16:32:27.2372] [INFO] Загрузка формы авторизации
[2022-08-29 16:32:27.2920] [INFO] Загрузка токенов
[2022-08-29 16:32:27.3220] [INFO] Токен успешно обновлен
[2022-08-29 16:32:27.3220] [INFO] Автоматическая авторизация
[2022-08-29 16:32:33.4583] [INFO] Пользователь авторизован
[2022-08-29 16:32:33.4583] [INFO] Загрузка главной формы
[2022-08-29 16:32:33.4952] [INFO] Загружено главня форма
[2022-08-29 16:32:33.4952] [INFO] Получение данных
[2022-08-29 16:32:33.4952] [INFO] Загрузка заказов
[2022-08-29 16:32:33.4952] [INFO] Заказыы успешно загружены
[2022-08-29 16:32:33.4952] [INFO] Успешное получение данных
[2022-08-29 16:32:33.5181] [INFO] Закрываем окно авторизации
