[2022-09-02 00:35:02.8840] [INFO] Загрузка формы авторизации
[2022-09-02 00:35:03.0270] [INFO] Загрузка токенов
[2022-09-02 00:35:03.3290] [INFO] Токен успешно обновлен
[2022-09-02 00:35:03.3290] [INFO] Автоматическая авторизация
[2022-09-02 00:35:25.9053] [INFO] Пользователь авторизован
[2022-09-02 00:35:25.9053] [INFO] Загрузка главной формы
[2022-09-02 00:35:26.0183] [INFO] Загружено главня форма
[2022-09-02 00:35:26.0183] [INFO] Получение данных
[2022-09-02 00:35:26.0253] [INFO] Загрузка заказов
[2022-09-02 00:35:26.0253] [INFO] Заказыы успешно загружены
[2022-09-02 00:35:26.0253] [INFO] Успешное получение данных
[2022-09-02 00:35:26.0933] [INFO] Закрываем окно авторизации
[2022-09-02 00:35:33.3351] [INFO] Открыто диалоговое окно для изменение этапа
[2022-09-02 00:35:33.3781] [INFO] Открыто диалоговое окно этапа
[2022-09-02 00:35:35.3351] [INFO] Закрытые диалогового окно этапа
[2022-09-02 00:35:35.3451] [INFO] Изменение этапа
[2022-09-02 00:35:35.4931] [INFO] Этап успешно изменен
[2022-09-02 00:35:35.4931] [INFO] Обновление этапа
[2022-09-02 00:35:35.5151] [INFO] Этап успешно обновлен
[2022-09-02 00:35:37.3978] [INFO] Открыто диалоговое окно для добавление номенклатуры
[2022-09-02 00:35:37.4549] [INFO] Открыто диалоговое окно номенклатуры
[2022-09-02 00:35:50.6922] [INFO] Добавление этапа
[2022-09-02 00:35:50.7414] [INFO] Открыто диалоговое окно этапов
[2022-09-02 00:35:51.7274] [INFO] Закрытые диалогового окна
[2022-09-02 00:35:51.7274] [INFO] Этап успешно добавлен
[2022-09-02 00:35:53.8846] [INFO] Зактрытые диалогового окна номенклатуры
[2022-09-02 00:35:53.8846] [INFO] Диалоговое окно номенклатуры закрыто
[2022-09-02 00:35:53.8846] [INFO] Добавление номенклатуры
[2022-09-02 00:35:54.0546] [INFO] Номеклатура успешно добавлено
[2022-09-02 00:35:54.0546] [INFO] Обновление номенклатуры
[2022-09-02 00:35:54.1036] [INFO] Номенклатура успешно обновлен
[2022-09-02 00:36:01.6124] [INFO] Открыто диалоговое окно для добавление заказа
[2022-09-02 00:36:01.6467] [INFO] Открыто диалоговое окно заказа
[2022-09-02 00:36:01.6517] [INFO] Данные успешно получены
[2022-09-02 00:36:05.5721] [INFO] Добвыление номенклатуры
[2022-09-02 00:36:05.6035] [INFO] Загрузка номенклатуры
[2022-09-02 00:36:05.6525] [INFO] Номенклатуры успешно загружены
[2022-09-02 00:36:07.3551] [INFO] Закрытые диалогового окно выбора номенклатуры
[2022-09-02 00:36:07.3731] [INFO] Номенклатура успешно добавлено
[2022-09-02 00:36:10.5199] [INFO] Добавление заказ в БД
[2022-09-02 00:36:10.5199] [INFO] Закрытые диалогового окна заказа
[2022-09-02 00:36:10.5299] [INFO] Добавление заказа
[2022-09-02 00:36:19.8032] [ERROR] Ошибка -------> Индекс за пределами диапазона. Индекс должен быть положительным числом, а его размер не должен превышать размер коллекции.
Имя параметра: index
[2022-09-02 00:36:31.9999] [INFO] Открыто диалоговое окно для изменение заказа
[2022-09-02 00:36:32.0180] [INFO] Открыто диалоговое окно заказа
[2022-09-02 00:36:32.0289] [INFO] Данные успешно получены
[2022-09-02 00:36:36.4491] [INFO] Добавление заказ в БД
[2022-09-02 00:36:36.4491] [INFO] Закрытые диалогового окна заказа
[2022-09-02 00:36:36.4491] [INFO] Изменение заказа
[2022-09-02 00:37:20.7726] [ERROR] Ошибка -------> Индекс за пределами диапазона. Индекс должен быть положительным числом, а его размер не должен превышать размер коллекции.
Имя параметра: index
[2022-09-02 00:37:24.1650] [INFO] Открыто диалоговое окно для изменение заказа
[2022-09-02 00:37:24.1820] [INFO] Открыто диалоговое окно заказа
[2022-09-02 00:37:24.1820] [INFO] Данные успешно получены
[2022-09-02 00:37:25.5732] [INFO] Добавление заказ в БД
[2022-09-02 00:37:25.5732] [INFO] Закрытые диалогового окна заказа
[2022-09-02 00:37:25.5732] [INFO] Изменение заказа
[2022-09-02 00:37:49.1328] [ERROR] Ошибка -------> Индекс за пределами диапазона. Индекс должен быть положительным числом, а его размер не должен превышать размер коллекции.
Имя параметра: index
[2022-09-02 00:37:52.9848] [INFO] Открыто диалоговое окно для добавление заказа
[2022-09-02 00:37:53.0038] [INFO] Открыто диалоговое окно заказа
[2022-09-02 00:37:53.0038] [INFO] Данные успешно получены
[2022-09-02 00:37:55.0098] [INFO] Закрытые главной формы
[2022-09-02 00:42:40.1361] [INFO] Загрузка формы авторизации
[2022-09-02 00:42:40.4121] [INFO] Загрузка токенов
[2022-09-02 00:42:40.4961] [INFO] Токен успешно обновлен
[2022-09-02 00:42:40.4961] [INFO] Автоматическая авторизация
[2022-09-02 00:42:54.9523] [INFO] Пользователь авторизован
[2022-09-02 00:42:54.9523] [INFO] Загрузка главной формы
[2022-09-02 00:42:55.0653] [INFO] Загружено главня форма
[2022-09-02 00:42:55.0653] [INFO] Получение данных
[2022-09-02 00:42:55.0843] [INFO] Загрузка заказов
[2022-09-02 00:42:55.0943] [INFO] Заказыы успешно загружены
[2022-09-02 00:42:55.0943] [INFO] Успешное получение данных
[2022-09-02 00:42:55.1123] [INFO] Закрываем окно авторизации
[2022-09-02 00:43:02.8110] [INFO] Открыто диалоговое окно для изменение заказа
[2022-09-02 00:43:02.8467] [INFO] Открыто диалоговое окно заказа
[2022-09-02 00:43:02.8467] [INFO] Данные успешно получены
[2022-09-02 00:43:04.3298] [INFO] Добавление заказ в БД
[2022-09-02 00:43:04.3298] [INFO] Закрытые диалогового окна заказа
[2022-09-02 00:43:04.3387] [INFO] Изменение заказа
[2022-09-02 00:43:08.2181] [INFO] Заказ успешно изменен
[2022-09-02 00:43:08.2181] [INFO] Обновление заказа
[2022-09-02 00:43:08.2351] [INFO] Заказ успешно обновлен
[2022-09-02 00:43:10.9115] [INFO] Открыто диалоговое окно для изменение заказа
[2022-09-02 00:43:10.9276] [INFO] Открыто диалоговое окно заказа
[2022-09-02 00:43:10.9276] [INFO] Данные успешно получены
[2022-09-02 00:43:12.4795] [INFO] Добвыление номенклатуры
[2022-09-02 00:43:12.5151] [INFO] Загрузка номенклатуры
[2022-09-02 00:43:12.7291] [INFO] Номенклатуры успешно загружены
[2022-09-02 00:43:13.4321] [INFO] Закрытые диалогового окно выбора номенклатуры
[2022-09-02 00:43:13.4321] [INFO] Номенклатура успешно добавлено
[2022-09-02 00:43:17.4570] [INFO] Добавление заказ в БД
[2022-09-02 00:43:17.4570] [INFO] Закрытые диалогового окна заказа
[2022-09-02 00:43:17.4640] [INFO] Изменение заказа
[2022-09-02 01:19:11.0566] [INFO] Загрузка формы авторизации
[2022-09-02 01:19:11.2216] [INFO] Загрузка токенов
[2022-09-02 01:19:11.2876] [INFO] Токен успешно обновлен
[2022-09-02 01:19:11.2876] [INFO] Автоматическая авторизация
[2022-09-02 01:19:20.2728] [INFO] Пользователь авторизован
[2022-09-02 01:19:20.2728] [INFO] Загрузка главной формы
[2022-09-02 01:19:20.3298] [INFO] Загружено главня форма
[2022-09-02 01:19:20.3298] [INFO] Получение данных
[2022-09-02 01:19:20.3408] [INFO] Загрузка заказов
[2022-09-02 01:19:20.3408] [INFO] Заказыы успешно загружены
[2022-09-02 01:19:20.3408] [INFO] Успешное получение данных
[2022-09-02 01:19:20.3598] [INFO] Закрываем окно авторизации
[2022-09-02 01:19:31.0043] [INFO] Открыто диалоговое окно для изменение заказа
[2022-09-02 01:19:31.0423] [INFO] Открыто диалоговое окно заказа
[2022-09-02 01:19:31.0423] [INFO] Данные успешно получены
[2022-09-02 01:19:31.8536] [INFO] Добвыление номенклатуры
[2022-09-02 01:19:31.8976] [INFO] Загрузка номенклатуры
[2022-09-02 01:19:32.1066] [INFO] Номенклатуры успешно загружены
[2022-09-02 01:19:32.5036] [INFO] Закрытые диалогового окно выбора номенклатуры
[2022-09-02 01:19:32.5256] [INFO] Номенклатура успешно добавлено
[2022-09-02 01:19:36.6486] [INFO] Добавление заказ в БД
[2022-09-02 01:19:36.6496] [INFO] Закрытые диалогового окна заказа
[2022-09-02 01:19:36.6496] [INFO] Изменение заказа
[2022-09-02 12:40:01.6848] [INFO] Загрузка формы авторизации
[2022-09-02 12:40:01.8519] [INFO] Загрузка токенов
[2022-09-02 12:40:02.1379] [INFO] Токен успешно обновлен
[2022-09-02 12:40:02.1379] [INFO] Автоматическая авторизация
[2022-09-02 12:40:13.7196] [INFO] Пользователь авторизован
[2022-09-02 12:40:13.7196] [INFO] Загрузка главной формы
[2022-09-02 12:40:13.7996] [INFO] Загружено главня форма
[2022-09-02 12:40:13.7996] [INFO] Получение данных
[2022-09-02 12:40:13.8116] [INFO] Загрузка заказов
[2022-09-02 12:40:13.8116] [INFO] Заказыы успешно загружены
[2022-09-02 12:40:13.8116] [INFO] Успешное получение данных
[2022-09-02 12:40:13.8396] [INFO] Закрываем окно авторизации
[2022-09-02 12:40:17.1808] [INFO] Открыто диалоговое окно для изменение заказа
[2022-09-02 12:40:17.2148] [INFO] Открыто диалоговое окно заказа
[2022-09-02 12:40:17.2148] [INFO] Данные успешно получены
[2022-09-02 12:40:18.1928] [INFO] Добвыление номенклатуры
[2022-09-02 12:40:18.2268] [INFO] Загрузка номенклатуры
[2022-09-02 12:40:18.3688] [INFO] Номенклатуры успешно загружены
[2022-09-02 12:40:18.9743] [INFO] Закрытые диалогового окно выбора номенклатуры
[2022-09-02 12:40:18.9923] [INFO] Номенклатура успешно добавлено
[2022-09-02 12:40:24.0508] [INFO] Добавление заказ в БД
[2022-09-02 12:40:24.0508] [INFO] Закрытые диалогового окна заказа
[2022-09-02 12:40:24.0608] [INFO] Изменение заказа
[2022-09-02 12:41:12.2704] [ERROR] Ошибка -------> Индекс за пределами диапазона. Индекс должен быть положительным числом, а его размер не должен превышать размер коллекции.
Имя параметра: index
[2022-09-02 12:43:04.8992] [INFO] Загрузка формы авторизации
[2022-09-02 12:43:05.0314] [INFO] Загрузка токенов
[2022-09-02 12:43:05.2334] [INFO] Токен успешно обновлен
[2022-09-02 12:43:05.2334] [INFO] Автоматическая авторизация
[2022-09-02 12:43:27.8738] [INFO] Пользователь авторизован
[2022-09-02 12:43:27.8738] [INFO] Загрузка главной формы
[2022-09-02 12:43:27.9288] [INFO] Загружено главня форма
[2022-09-02 12:43:27.9288] [INFO] Получение данных
[2022-09-02 12:43:27.9328] [INFO] Загрузка заказов
[2022-09-02 12:43:27.9328] [INFO] Заказыы успешно загружены
[2022-09-02 12:43:27.9328] [INFO] Успешное получение данных
[2022-09-02 12:43:27.9627] [INFO] Закрываем окно авторизации
[2022-09-02 12:43:33.9238] [INFO] Открыто диалоговое окно для изменение заказа
[2022-09-02 12:43:33.9598] [INFO] Открыто диалоговое окно заказа
[2022-09-02 12:43:33.9619] [INFO] Данные успешно получены
[2022-09-02 12:43:34.9516] [INFO] Добвыление номенклатуры
[2022-09-02 12:43:34.9726] [INFO] Загрузка номенклатуры
[2022-09-02 12:43:35.0356] [INFO] Номенклатуры успешно загружены
[2022-09-02 12:43:35.5628] [INFO] Закрытые диалогового окно выбора номенклатуры
[2022-09-02 12:43:35.5908] [INFO] Номенклатура успешно добавлено
[2022-09-02 12:43:39.5479] [INFO] Добавление заказ в БД
[2022-09-02 12:43:39.5479] [INFO] Закрытые диалогового окна заказа
[2022-09-02 12:43:39.5579] [INFO] Изменение заказа
[2022-09-02 12:43:41.9780] [INFO] Заказ успешно изменен
[2022-09-02 12:43:41.9780] [INFO] Обновление заказа
[2022-09-02 12:43:42.0150] [INFO] Заказ успешно обновлен
[2022-09-02 12:43:47.1351] [INFO] Открыто диалоговое окно для изменение заказа
[2022-09-02 12:43:47.1531] [INFO] Открыто диалоговое окно заказа
[2022-09-02 12:43:47.1531] [INFO] Данные успешно получены
[2022-09-02 12:43:52.2347] [INFO] Открыто диалоговое окно для добавление этапа
[2022-09-02 12:43:52.2547] [INFO] Открыто диалоговое окно этапа
[2022-09-02 12:43:56.9538] [INFO] Закрытые диалогового окно этапа
[2022-09-02 12:43:56.9658] [INFO] Добавление этапа
[2022-09-02 12:43:57.0178] [INFO] Этап успешно добавлено
[2022-09-02 12:43:57.0178] [INFO] Обновление этапа
[2022-09-02 12:43:57.0318] [INFO] Этап успешно обновлен
[2022-09-02 12:43:59.8684] [INFO] Открыто диалоговое окно для изменение номенклатуры
[2022-09-02 12:43:59.8974] [INFO] Открыто диалоговое окно номенклатуры
[2022-09-02 12:44:10.3899] [INFO] Открыто диалоговое окно для добавление номенклатуры
[2022-09-02 12:44:10.4069] [INFO] Открыто диалоговое окно номенклатуры
[2022-09-02 12:44:17.6926] [INFO] Добавление этапа
[2022-09-02 12:44:17.7126] [INFO] Открыто диалоговое окно этапов
[2022-09-02 12:44:19.1387] [INFO] Закрытые диалогового окна
[2022-09-02 12:44:19.1387] [INFO] Этап успешно добавлен
[2022-09-02 12:44:20.9769] [INFO] Зактрытые диалогового окна номенклатуры
[2022-09-02 12:44:20.9779] [INFO] Диалоговое окно номенклатуры закрыто
[2022-09-02 12:44:20.9779] [INFO] Добавление номенклатуры
[2022-09-02 12:44:21.0969] [INFO] Номеклатура успешно добавлено
[2022-09-02 12:44:21.0969] [INFO] Обновление номенклатуры
[2022-09-02 12:44:21.1259] [INFO] Номенклатура успешно обновлен
[2022-09-02 12:44:23.7414] [INFO] Открыто диалоговое окно для изменение номенклатуры
[2022-09-02 12:44:23.7624] [INFO] Открыто диалоговое окно номенклатуры
[2022-09-02 12:44:25.7767] [INFO] Открыто диалоговое окно для изменение номенклатуры
[2022-09-02 12:44:25.8087] [INFO] Открыто диалоговое окно номенклатуры
[2022-09-02 12:44:29.6157] [INFO] Открыто диалоговое окно для изменение заказа
[2022-09-02 12:44:29.6507] [INFO] Открыто диалоговое окно заказа
[2022-09-02 12:44:29.6507] [INFO] Данные успешно получены
[2022-09-02 12:44:33.3287] [INFO] Открыто диалоговое окно для добавление заказа
[2022-09-02 12:44:33.3557] [INFO] Открыто диалоговое окно заказа
[2022-09-02 12:44:33.3557] [INFO] Данные успешно получены
[2022-09-02 12:44:35.9258] [INFO] Добвыление номенклатуры
[2022-09-02 12:44:35.9428] [INFO] Загрузка номенклатуры
[2022-09-02 12:44:36.0008] [INFO] Номенклатуры успешно загружены
[2022-09-02 12:44:37.4768] [INFO] Закрытые диалогового окно выбора номенклатуры
[2022-09-02 12:44:37.4918] [INFO] Номенклатура успешно добавлено
[2022-09-02 12:44:40.0164] [INFO] Добавление заказ в БД
[2022-09-02 12:44:40.0164] [INFO] Закрытые диалогового окна заказа
[2022-09-02 12:44:40.0244] [INFO] Добавление заказа
[2022-09-02 12:44:41.6059] [INFO] Заказ успешно добавлено
[2022-09-02 12:44:41.6059] [INFO] Обновление заказа
[2022-09-02 12:44:41.6219] [INFO] Заказ успешно обновлен
[2022-09-02 12:44:49.0301] [INFO] Открыто диалоговое окно для изменение заказа
[2022-09-02 12:44:49.0451] [INFO] Открыто диалоговое окно заказа
[2022-09-02 12:44:49.0451] [INFO] Данные успешно получены
[2022-09-02 12:44:51.5064] [INFO] Открыто диалоговое окно для изменение заказа
[2022-09-02 12:44:51.5274] [INFO] Открыто диалоговое окно заказа
[2022-09-02 12:44:51.5274] [INFO] Данные успешно получены
[2022-09-02 12:44:53.3964] [INFO] Открыто диалоговое окно для изменение заказа
[2022-09-02 12:44:53.4264] [INFO] Открыто диалоговое окно заказа
[2022-09-02 12:44:53.4334] [INFO] Данные успешно получены
[2022-09-02 12:45:00.6838] [INFO] Открыто диалоговое окно для добавление номенклатуры
[2022-09-02 12:45:00.7058] [INFO] Открыто диалоговое окно номенклатуры
[2022-09-02 12:45:08.2990] [INFO] Добавление этапа
[2022-09-02 12:45:08.3320] [INFO] Открыто диалоговое окно этапов
[2022-09-02 12:45:10.1012] [INFO] Закрытые диалогового окна
[2022-09-02 12:45:10.1132] [INFO] Этап успешно добавлен
[2022-09-02 12:45:11.8752] [INFO] Добавление этапа
[2022-09-02 12:45:11.8952] [INFO] Открыто диалоговое окно этапов
[2022-09-02 12:45:13.4052] [INFO] Закрытые диалогового окна
[2022-09-02 12:45:13.4232] [INFO] Этап успешно добавлен
[2022-09-02 12:45:15.6666] [INFO] Добавление этапа
[2022-09-02 12:45:15.6886] [INFO] Открыто диалоговое окно этапов
[2022-09-02 12:45:17.2948] [INFO] Закрытые диалогового окна
[2022-09-02 12:45:17.2948] [INFO] Этап успешно добавлен
[2022-09-02 12:45:20.3259] [INFO] Зактрытые диалогового окна номенклатуры
[2022-09-02 12:45:20.3259] [INFO] Диалоговое окно номенклатуры закрыто
[2022-09-02 12:45:20.3378] [INFO] Добавление номенклатуры
[2022-09-02 12:45:20.3688] [INFO] Номеклатура успешно добавлено
[2022-09-02 12:45:20.3688] [INFO] Обновление номенклатуры
[2022-09-02 12:45:20.3848] [INFO] Номенклатура успешно обновлен
[2022-09-02 12:45:22.5837] [INFO] Открыто диалоговое окно для добавление заказа
[2022-09-02 12:45:22.6007] [INFO] Открыто диалоговое окно заказа
[2022-09-02 12:45:22.6027] [INFO] Данные успешно получены
[2022-09-02 12:45:23.3027] [INFO] Добвыление номенклатуры
[2022-09-02 12:45:23.3257] [INFO] Загрузка номенклатуры
[2022-09-02 12:45:23.4017] [INFO] Номенклатуры успешно загружены
[2022-09-02 12:45:25.0077] [INFO] Закрытые диалогового окно выбора номенклатуры
[2022-09-02 12:45:25.0287] [INFO] Номенклатура успешно добавлено
[2022-09-02 12:45:33.2771] [INFO] Добавление заказ в БД
[2022-09-02 12:45:33.2771] [INFO] Закрытые диалогового окна заказа
[2022-09-02 12:45:33.2771] [INFO] Добавление заказа
[2022-09-02 12:45:35.0130] [INFO] Заказ успешно добавлено
[2022-09-02 12:45:35.0130] [INFO] Обновление заказа
[2022-09-02 12:45:35.0370] [INFO] Заказ успешно обновлен
[2022-09-02 12:45:41.2505] [INFO] Открыто диалоговое окно для изменение заказа
[2022-09-02 12:45:41.2766] [ERROR] Ошибка -------> Вы не выбрали запись
[2022-09-02 12:45:42.6239] [INFO] Открыто диалоговое окно для изменение заказа
[2022-09-02 12:45:42.6429] [INFO] Открыто диалоговое окно заказа
[2022-09-02 12:45:42.6519] [INFO] Данные успешно получены
[2022-09-02 12:45:44.3625] [INFO] Закрытые главной формы
[2022-09-02 15:08:10.3041] [INFO] Загрузка формы авторизации
[2022-09-02 15:08:10.5511] [INFO] Загрузка токенов
[2022-09-02 15:08:11.1038] [INFO] Токен успешно обновлен
[2022-09-02 15:08:11.1038] [INFO] Автоматическая авторизация
[2022-09-02 15:13:04.2149] [INFO] Загрузка формы авторизации
[2022-09-02 15:13:04.4139] [INFO] Загрузка токенов
[2022-09-02 15:13:05.0199] [INFO] Токен успешно обновлен
[2022-09-02 15:13:05.0199] [INFO] Автоматическая авторизация
[2022-09-02 15:13:23.1693] [ERROR] Ошибка -------> Не найдена сессия пользователя
[2022-09-02 15:13:23.2703] [ERROR] Ошибка -------> Не найдена сессия пользователя
[2022-09-02 15:13:29.1169] [INFO] Авторизация пользователя
[2022-09-02 15:13:29.9626] [INFO] Сохранение данных
[2022-09-02 15:13:29.9626] [INFO] Данные успешно сохранены
[2022-09-02 15:13:30.0606] [INFO] Загружено главня форма
[2022-09-02 15:13:30.0606] [INFO] Получение данных
[2022-09-02 15:13:30.0606] [INFO] Загрузка заказов
[2022-09-02 15:13:30.0606] [INFO] Заказыы успешно загружены
[2022-09-02 15:13:30.0716] [INFO] Успешное получение данных
[2022-09-02 15:13:31.9706] [INFO] Открыто диалоговое окно для добавление этапа
[2022-09-02 15:13:32.0006] [INFO] Открыто диалоговое окно этапа
[2022-09-02 15:13:35.4066] [INFO] Закрытые диалогового окно этапа
[2022-09-02 15:13:35.4196] [INFO] Добавление этапа
[2022-09-02 15:13:35.5515] [INFO] Этап успешно добавлено
[2022-09-02 15:13:35.5515] [INFO] Обновление этапа
[2022-09-02 15:13:35.6365] [INFO] Этап успешно обновлен
[2022-09-02 15:13:38.0884] [INFO] Открыто диалоговое окно для добавление номенклатуры
[2022-09-02 15:13:38.1250] [INFO] Открыто диалоговое окно номенклатуры
[2022-09-02 15:13:42.8005] [INFO] Добавление этапа
[2022-09-02 15:13:42.8375] [INFO] Открыто диалоговое окно этапов
[2022-09-02 15:13:43.3595] [INFO] Закрытые диалогового окна
[2022-09-02 15:13:43.3715] [INFO] Этап успешно добавлен
[2022-09-02 15:13:44.7185] [INFO] Зактрытые диалогового окна номенклатуры
[2022-09-02 15:13:44.7185] [INFO] Диалоговое окно номенклатуры закрыто
[2022-09-02 15:13:44.7395] [INFO] Добавление номенклатуры
[2022-09-02 15:13:44.9195] [INFO] Номеклатура успешно добавлено
[2022-09-02 15:13:44.9195] [INFO] Обновление номенклатуры
[2022-09-02 15:13:44.9678] [INFO] Номенклатура успешно обновлен
[2022-09-02 15:13:46.6599] [INFO] Открыто диалоговое окно для добавление заказа
[2022-09-02 15:13:46.6909] [INFO] Открыто диалоговое окно заказа
[2022-09-02 15:13:46.6909] [INFO] Данные успешно получены
[2022-09-02 15:13:49.6806] [INFO] Добвыление номенклатуры
[2022-09-02 15:13:49.7076] [INFO] Загрузка номенклатуры
[2022-09-02 15:13:49.7926] [INFO] Номенклатуры успешно загружены
[2022-09-02 15:13:50.5226] [INFO] Закрытые диалогового окно выбора номенклатуры
[2022-09-02 15:13:50.5376] [INFO] Номенклатура успешно добавлено
[2022-09-02 15:14:51.9515] [INFO] Открыто диалоговое окно для добавление заказа
[2022-09-02 15:14:51.9905] [INFO] Открыто диалоговое окно заказа
[2022-09-02 15:14:54.6837] [INFO] Данные успешно получены
[2022-09-02 15:14:58.3887] [INFO] Добвыление номенклатуры
[2022-09-02 15:14:58.4107] [INFO] Загрузка номенклатуры
[2022-09-02 15:14:58.4767] [INFO] Номенклатуры успешно загружены
[2022-09-02 15:14:59.5837] [INFO] Закрытые диалогового окно выбора номенклатуры
[2022-09-02 15:16:20.2683] [INFO] Номенклатура успешно добавлено
[2022-09-02 15:16:42.2448] [INFO] Добвыление номенклатуры
[2022-09-02 15:16:42.2618] [INFO] Загрузка номенклатуры
[2022-09-02 15:16:42.3268] [INFO] Номенклатуры успешно загружены
[2022-09-02 15:16:43.0412] [INFO] Закрытые диалогового окно выбора номенклатуры
[2022-09-02 15:16:43.0612] [INFO] Номенклатура успешно добавлено
[2022-09-02 15:17:01.4306] [INFO] Открыто диалоговое окно для добавление заказа
[2022-09-02 15:17:29.9941] [INFO] Открыто диалоговое окно заказа
[2022-09-02 15:18:00.5384] [INFO] Данные успешно получены
[2022-09-02 15:18:29.9663] [INFO] Обновление заказа
[2022-09-02 15:18:30.0484] [INFO] Заказ успешно обновлен
[2022-09-02 15:18:32.7684] [INFO] Закрытые главной формы
[2022-09-02 15:39:29.2494] [INFO] Загрузка формы авторизации
[2022-09-02 15:39:29.4644] [INFO] Загрузка токенов
[2022-09-02 15:39:29.8854] [INFO] Токен успешно обновлен
[2022-09-02 15:39:29.8854] [INFO] Автоматическая авторизация
[2022-09-02 15:40:01.9774] [INFO] Пользователь авторизован
[2022-09-02 15:40:01.9774] [INFO] Загрузка главной формы
[2022-09-02 15:40:02.1644] [INFO] Загружено главня форма
[2022-09-02 15:40:02.1644] [INFO] Получение данных
[2022-09-02 15:40:02.1764] [INFO] Загрузка заказов
[2022-09-02 15:40:02.1964] [INFO] Заказыы успешно загружены
[2022-09-02 15:40:02.1964] [INFO] Успешное получение данных
[2022-09-02 15:40:02.2404] [INFO] Закрываем окно авторизации
[2022-09-02 15:40:20.5436] [INFO] Открыто диалоговое окно для добавление заказа
[2022-09-02 15:40:20.6216] [INFO] Открыто диалоговое окно заказа
[2022-09-02 15:40:20.6216] [INFO] Данные успешно получены
[2022-09-02 15:40:27.1846] [INFO] Добвыление номенклатуры
[2022-09-02 15:40:27.2801] [INFO] Загрузка номенклатуры
[2022-09-02 15:40:27.3691] [INFO] Номенклатуры успешно загружены
[2022-09-02 15:40:28.1721] [INFO] Закрытые диалогового окно выбора номенклатуры
[2022-09-02 15:40:28.1951] [INFO] Номенклатура успешно добавлено
[2022-09-02 15:40:32.2559] [INFO] Добавление заказ в БД
[2022-09-02 15:40:32.2559] [INFO] Закрытые диалогового окна заказа
[2022-09-02 15:40:32.2729] [INFO] Добавление заказа
[2022-09-02 15:41:15.8673] [INFO] Заказ успешно добавлено
[2022-09-02 15:41:15.8743] [INFO] Обновление заказа
[2022-09-02 15:41:15.9633] [INFO] Заказ успешно обновлен
[2022-09-02 15:41:18.5643] [INFO] Открыто диалоговое окно для изменение заказа
[2022-09-02 15:41:18.6073] [INFO] Открыто диалоговое окно заказа
[2022-09-02 15:41:18.6073] [INFO] Данные успешно получены
[2022-09-02 15:41:23.6188] [INFO] Закрытые главной формы
[2022-09-02 16:12:03.2271] [INFO] Загрузка формы авторизации
[2022-09-02 16:12:03.4841] [INFO] Загрузка токенов
[2022-09-02 16:12:03.8395] [INFO] Токен успешно обновлен
[2022-09-02 16:12:03.8395] [INFO] Автоматическая авторизация
[2022-09-02 16:12:27.3484] [INFO] Пользователь авторизован
[2022-09-02 16:12:27.3484] [INFO] Загрузка главной формы
[2022-09-02 16:12:27.4944] [INFO] Загружено главня форма
[2022-09-02 16:12:27.4944] [INFO] Получение данных
[2022-09-02 16:12:27.4944] [INFO] Загрузка заказов
[2022-09-02 16:12:27.5153] [INFO] Заказыы успешно загружены
[2022-09-02 16:12:27.5153] [INFO] Успешное получение данных
[2022-09-02 16:12:27.5854] [INFO] Закрываем окно авторизации
[2022-09-02 16:12:39.9062] [INFO] Открыто диалоговое окно для изменение заказа
[2022-09-02 16:12:39.9842] [INFO] Открыто диалоговое окно заказа
[2022-09-02 16:12:40.0047] [INFO] Данные успешно получены
[2022-09-02 16:12:43.6428] [INFO] Добавление заказ в БД
[2022-09-02 16:12:43.6428] [INFO] Закрытые диалогового окна заказа
[2022-09-02 16:12:43.6428] [INFO] Изменение заказа
[2022-09-02 16:12:52.9014] [INFO] Заказ успешно изменен
[2022-09-02 16:12:52.9014] [INFO] Обновление заказа
[2022-09-02 16:12:52.9214] [INFO] Заказ успешно обновлен
[2022-09-02 16:12:57.7706] [INFO] Закрытые главной формы
[2022-09-02 16:16:03.9624] [INFO] Загрузка формы авторизации
[2022-09-02 16:16:04.2074] [INFO] Загрузка токенов
[2022-09-02 16:16:04.6664] [INFO] Токен успешно обновлен
[2022-09-02 16:16:04.6664] [INFO] Автоматическая авторизация
[2022-09-02 16:16:28.7073] [INFO] Пользователь авторизован
[2022-09-02 16:16:28.7073] [INFO] Загрузка главной формы
[2022-09-02 16:16:28.8243] [INFO] Загружено главня форма
[2022-09-02 16:16:28.8243] [INFO] Получение данных
[2022-09-02 16:16:28.8243] [INFO] Загрузка заказов
[2022-09-02 16:16:28.8403] [INFO] Заказыы успешно загружены
[2022-09-02 16:16:28.8403] [INFO] Успешное получение данных
[2022-09-02 16:16:28.8713] [INFO] Закрываем окно авторизации
[2022-09-02 16:16:34.5481] [INFO] Открыто диалоговое окно для изменение заказа
[2022-09-02 16:16:34.6041] [INFO] Открыто диалоговое окно заказа
[2022-09-02 16:16:34.6211] [INFO] Данные успешно получены
[2022-09-02 16:16:48.7058] [INFO] Открыто диалоговое окно для изменение заказа
[2022-09-02 16:16:48.7358] [INFO] Открыто диалоговое окно заказа
[2022-09-02 16:16:48.7528] [INFO] Данные успешно получены
[2022-09-02 16:16:54.7540] [INFO] Добавление заказ в БД
[2022-09-02 16:16:54.7540] [INFO] Закрытые диалогового окна заказа
[2022-09-02 16:16:54.7690] [INFO] Изменение заказа
[2022-09-02 16:16:55.2640] [INFO] Заказ успешно изменен
[2022-09-02 16:16:55.2640] [INFO] Обновление заказа
[2022-09-02 16:16:55.3020] [INFO] Заказ успешно обновлен
[2022-09-02 16:16:57.5750] [INFO] Закрытые главной формы
[2022-09-02 21:14:50.0039] [INFO] Загрузка формы авторизации
[2022-09-02 21:14:50.1579] [INFO] Загрузка токенов
[2022-09-02 21:14:50.5869] [INFO] Токен успешно обновлен
[2022-09-02 21:14:50.5869] [INFO] Автоматическая авторизация
[2022-09-02 21:15:24.0347] [INFO] Загрузка формы авторизации
[2022-09-02 21:15:24.2727] [INFO] Загрузка токенов
[2022-09-02 21:15:24.3407] [INFO] Токен успешно обновлен
[2022-09-02 21:15:24.3407] [INFO] Автоматическая авторизация
[2022-09-02 21:15:42.9604] [ERROR] Ошибка -------> Не найдена сессия пользователя
[2022-09-02 21:15:43.1104] [ERROR] Ошибка -------> Не найдена сессия пользователя
[2022-09-02 21:15:51.3251] [INFO] Авторизация пользователя
[2022-09-02 21:15:52.0461] [INFO] Сохранение данных
[2022-09-02 21:15:52.0461] [INFO] Данные успешно сохранены
[2022-09-02 21:15:52.1601] [INFO] Загружено главня форма
[2022-09-02 21:15:52.1601] [INFO] Получение данных
[2022-09-02 21:15:52.1601] [INFO] Загрузка заказов
[2022-09-02 21:15:52.1701] [INFO] Заказыы успешно загружены
[2022-09-02 21:15:52.1701] [INFO] Успешное получение данных
[2022-09-02 21:15:56.3503] [INFO] Открыто диалоговое окно для добавление этапа
[2022-09-02 21:15:56.3873] [INFO] Открыто диалоговое окно этапа
[2022-09-02 21:15:59.8339] [INFO] Закрытые диалогового окно этапа
[2022-09-02 21:15:59.8499] [INFO] Добавление этапа
[2022-09-02 21:15:59.9299] [INFO] Этап успешно добавлено
[2022-09-02 21:15:59.9319] [INFO] Обновление этапа
[2022-09-02 21:15:59.9959] [INFO] Этап успешно обновлен
[2022-09-02 21:16:01.2849] [INFO] Открыто диалоговое окно для добавление номенклатуры
[2022-09-02 21:16:01.3529] [INFO] Открыто диалоговое окно номенклатуры
[2022-09-02 21:16:11.2816] [INFO] Добавление этапа
[2022-09-02 21:16:11.3266] [INFO] Открыто диалоговое окно этапов
[2022-09-02 21:16:11.8746] [INFO] Закрытые диалогового окна
[2022-09-02 21:16:11.8906] [INFO] Этап успешно добавлен
[2022-09-02 21:16:13.7231] [INFO] Зактрытые диалогового окна номенклатуры
[2022-09-02 21:16:13.7231] [INFO] Диалоговое окно номенклатуры закрыто
[2022-09-02 21:16:13.7401] [INFO] Добавление номенклатуры
[2022-09-02 21:16:13.9931] [INFO] Номеклатура успешно добавлено
[2022-09-02 21:16:13.9931] [INFO] Обновление номенклатуры
[2022-09-02 21:16:14.0621] [INFO] Номенклатура успешно обновлен
[2022-09-02 21:16:16.3311] [INFO] Открыто диалоговое окно для добавление заказа
[2022-09-02 21:16:16.4171] [INFO] Открыто диалоговое окно заказа
[2022-09-02 21:16:16.4171] [INFO] Данные успешно получены
[2022-09-02 21:16:20.9837] [INFO] Добвыление номенклатуры
[2022-09-02 21:16:21.0247] [INFO] Загрузка номенклатуры
[2022-09-02 21:16:21.0697] [INFO] Номенклатуры успешно загружены
[2022-09-02 21:16:22.0828] [INFO] Закрытые диалогового окно выбора номенклатуры
[2022-09-02 21:16:22.1078] [INFO] Номенклатура успешно добавлено
[2022-09-02 21:16:26.1469] [ERROR] Ошибка -------> Заданное приведение является недопустимым.
[2022-09-02 21:16:29.0639] [INFO] Открыто диалоговое окно для добавление заказа
[2022-09-02 21:16:29.1179] [INFO] Открыто диалоговое окно заказа
[2022-09-02 21:16:29.1179] [INFO] Данные успешно получены
[2022-09-02 21:16:32.5160] [INFO] Добвыление номенклатуры
[2022-09-02 21:16:32.5619] [INFO] Загрузка номенклатуры
[2022-09-02 21:16:32.6699] [INFO] Номенклатуры успешно загружены
[2022-09-02 21:16:33.4229] [INFO] Закрытые диалогового окно выбора номенклатуры
[2022-09-02 21:16:33.4489] [INFO] Номенклатура успешно добавлено
[2022-09-02 21:16:40.4549] [INFO] Добвыление номенклатуры
[2022-09-02 21:16:40.5089] [INFO] Загрузка номенклатуры
[2022-09-02 21:16:40.6029] [INFO] Номенклатуры успешно загружены
[2022-09-02 21:16:42.5029] [INFO] Добавление заказ в БД
[2022-09-02 21:16:42.5029] [INFO] Закрытые диалогового окна заказа
[2022-09-02 21:16:42.5219] [INFO] Добавление заказа
[2022-09-02 21:16:42.8739] [INFO] Заказ успешно добавлено
[2022-09-02 21:16:42.8739] [INFO] Обновление заказа
[2022-09-02 21:16:42.9689] [INFO] Заказ успешно обновлен
[2022-09-02 21:17:12.1568] [INFO] Закрытые главной формы
[2022-09-02 21:59:06.1502] [INFO] Загрузка формы авторизации
[2022-09-02 21:59:06.4132] [INFO] Загрузка токенов
[2022-09-02 21:59:06.4912] [INFO] Токен успешно обновлен
[2022-09-02 21:59:06.4912] [INFO] Автоматическая авторизация
[2022-09-02 21:59:19.6693] [INFO] Пользователь авторизован
[2022-09-02 21:59:19.6693] [INFO] Загрузка главной формы
[2022-09-02 21:59:19.8553] [INFO] Загружено главня форма
[2022-09-02 21:59:19.8553] [INFO] Получение данных
[2022-09-02 21:59:19.8553] [INFO] Загрузка заказов
[2022-09-02 21:59:19.8733] [INFO] Заказыы успешно загружены
[2022-09-02 21:59:19.8733] [INFO] Успешное получение данных
[2022-09-02 21:59:19.9093] [INFO] Закрываем окно авторизации
[2022-09-02 21:59:24.9994] [INFO] Открыто диалоговое окно для изменение заказа
[2022-09-02 21:59:25.0483] [INFO] Открыто диалоговое окно заказа
[2022-09-02 21:59:25.0633] [INFO] Данные успешно получены
[2022-09-02 21:59:32.3354] [ERROR] Ошибка -------> Заданное приведение является недопустимым.
[2022-09-02 21:59:34.0042] [INFO] Открыто диалоговое окно для изменение заказа
[2022-09-02 21:59:34.0272] [INFO] Открыто диалоговое окно заказа
[2022-09-02 21:59:34.0272] [INFO] Данные успешно получены
[2022-09-02 21:59:36.5172] [ERROR] Ошибка -------> Заданное приведение является недопустимым.
[2022-09-02 22:00:08.1366] [INFO] Открыто диалоговое окно для изменение заказа
[2022-09-02 22:00:08.1636] [INFO] Открыто диалоговое окно заказа
[2022-09-02 22:00:08.1716] [INFO] Данные успешно получены
[2022-09-02 22:00:10.3176] [ERROR] Ошибка -------> Заданное приведение является недопустимым.
[2022-09-02 22:22:37.2773] [INFO] Загрузка формы авторизации
[2022-09-02 22:22:37.3823] [INFO] Загрузка токенов
[2022-09-02 22:22:37.4233] [INFO] Токен успешно обновлен
[2022-09-02 22:22:37.4233] [INFO] Автоматическая авторизация
[2022-09-02 22:22:45.6708] [INFO] Пользователь авторизован
[2022-09-02 22:22:45.6708] [INFO] Загрузка главной формы
[2022-09-02 22:22:45.7468] [INFO] Загружено главня форма
[2022-09-02 22:22:45.7468] [INFO] Получение данных
[2022-09-02 22:22:45.7468] [INFO] Загрузка заказов
[2022-09-02 22:22:45.7468] [INFO] Заказыы успешно загружены
[2022-09-02 22:22:45.7588] [INFO] Успешное получение данных
[2022-09-02 22:22:45.7898] [INFO] Закрываем окно авторизации
[2022-09-02 22:22:47.4959] [INFO] Закрытые главной формы
[2022-09-02 22:24:07.6858] [INFO] Загрузка формы авторизации
[2022-09-02 22:24:07.8828] [INFO] Загрузка токенов
[2022-09-02 22:24:07.9528] [INFO] Токен успешно обновлен
[2022-09-02 22:24:07.9528] [INFO] Автоматическая авторизация
[2022-09-02 22:24:20.3846] [INFO] Пользователь авторизован
[2022-09-02 22:24:20.3846] [INFO] Загрузка главной формы
[2022-09-02 22:24:20.4686] [INFO] Загружено главня форма
[2022-09-02 22:24:20.4686] [INFO] Получение данных
[2022-09-02 22:24:20.4686] [INFO] Загрузка заказов
[2022-09-02 22:24:20.4816] [INFO] Заказыы успешно загружены
[2022-09-02 22:24:20.4816] [INFO] Успешное получение данных
[2022-09-02 22:24:20.5216] [INFO] Закрываем окно авторизации
[2022-09-02 22:24:23.6311] [INFO] Открыто диалоговое окно для изменение заказа
[2022-09-02 22:24:26.1656] [ERROR] Ошибка -------> Индекс за пределами диапазона. Индекс должен быть положительным числом, а его размер не должен превышать размер коллекции.
Имя параметра: index
[2022-09-02 22:24:29.8106] [INFO] Открыто диалоговое окно для изменение заказа
[2022-09-02 22:24:31.3482] [ERROR] Ошибка -------> Индекс за пределами диапазона. Индекс должен быть положительным числом, а его размер не должен превышать размер коллекции.
Имя параметра: index
[2022-09-02 22:24:44.2117] [INFO] Открыто диалоговое окно для изменение заказа
[2022-09-02 22:25:17.4223] [INFO] Загрузка формы авторизации
[2022-09-02 22:25:17.6243] [INFO] Загрузка токенов
[2022-09-02 22:25:17.6823] [INFO] Токен успешно обновлен
[2022-09-02 22:25:17.6823] [INFO] Автоматическая авторизация
[2022-09-02 22:25:29.9310] [INFO] Пользователь авторизован
[2022-09-02 22:25:29.9310] [INFO] Загрузка главной формы
[2022-09-02 22:25:30.0150] [INFO] Загружено главня форма
[2022-09-02 22:25:30.0150] [INFO] Получение данных
[2022-09-02 22:25:30.0150] [INFO] Загрузка заказов
[2022-09-02 22:25:30.0261] [INFO] Заказыы успешно загружены
[2022-09-02 22:25:30.0261] [INFO] Успешное получение данных
[2022-09-02 22:25:30.0451] [INFO] Закрываем окно авторизации
[2022-09-02 22:25:52.0772] [INFO] Открыто диалоговое окно для изменение заказа
[2022-09-02 22:25:52.1052] [INFO] Открыто диалоговое окно заказа
[2022-09-02 22:25:52.1052] [INFO] Данные успешно получены
[2022-09-02 22:25:54.3317] [INFO] Открыто диалоговое окно для изменение заказа
[2022-09-02 22:25:54.3526] [INFO] Открыто диалоговое окно заказа
[2022-09-02 22:25:54.3526] [INFO] Данные успешно получены
[2022-09-02 22:25:58.6949] [INFO] Открыто диалоговое окно для изменение заказа
[2022-09-02 22:25:58.7179] [INFO] Открыто диалоговое окно заказа
[2022-09-02 22:25:58.7179] [INFO] Данные успешно получены
[2022-09-02 22:26:04.7334] [ERROR] Ошибка -------> Входная строка имела неверный формат.
[2022-09-02 22:26:08.1506] [INFO] Открыто диалоговое окно для изменение заказа
[2022-09-02 22:26:08.1696] [INFO] Открыто диалоговое окно заказа
[2022-09-02 22:26:08.1836] [INFO] Данные успешно получены
[2022-09-02 22:26:13.4844] [INFO] Открыто диалоговое окно для изменение заказа
[2022-09-02 22:26:13.5074] [INFO] Открыто диалоговое окно заказа
[2022-09-02 22:26:13.5174] [INFO] Данные успешно получены
[2022-09-02 22:26:15.2076] [ERROR] Ошибка -------> Входная строка имела неверный формат.
[2022-09-02 22:26:18.8590] [INFO] Открыто диалоговое окно для изменение заказа
[2022-09-02 22:26:18.8770] [INFO] Открыто диалоговое окно заказа
[2022-09-02 22:26:18.8870] [INFO] Данные успешно получены
[2022-09-02 22:26:21.5703] [INFO] Открыто диалоговое окно для изменение заказа
[2022-09-02 22:26:21.6013] [INFO] Открыто диалоговое окно заказа
[2022-09-02 22:26:21.6193] [INFO] Данные успешно получены
[2022-09-02 22:26:23.9503] [ERROR] Ошибка -------> Входная строка имела неверный формат.
[2022-09-02 22:26:26.0013] [INFO] Закрытые главной формы
[2022-09-02 23:40:18.6291] [INFO] Загрузка формы авторизации
[2022-09-02 23:40:18.7261] [INFO] Загрузка токенов
[2022-09-02 23:40:19.1713] [INFO] Токен успешно обновлен
[2022-09-02 23:40:19.1713] [INFO] Автоматическая авторизация
[2022-09-02 23:40:56.4632] [INFO] Пользователь авторизован
[2022-09-02 23:40:56.4632] [INFO] Загрузка главной формы
[2022-09-02 23:40:56.5932] [INFO] Загружено главня форма
[2022-09-02 23:40:56.5932] [INFO] Получение данных
[2022-09-02 23:40:56.5932] [INFO] Загрузка заказов
[2022-09-02 23:40:56.6112] [INFO] Заказыы успешно загружены
[2022-09-02 23:40:56.6112] [INFO] Успешное получение данных
[2022-09-02 23:40:56.6301] [INFO] Закрываем окно авторизации
[2022-09-02 23:41:00.0291] [INFO] Открыто диалоговое окно для изменение заказа
[2022-09-02 23:41:00.0751] [INFO] Открыто диалоговое окно заказа
[2022-09-02 23:41:00.0751] [INFO] Данные успешно получены
[2022-09-02 23:43:20.9472] [INFO] Открыто диалоговое окно для изменение заказа
[2022-09-02 23:43:20.9742] [INFO] Открыто диалоговое окно заказа
[2022-09-02 23:43:20.9832] [INFO] Данные успешно получены
[2022-09-02 23:44:40.4198] [INFO] Загрузка формы авторизации
[2022-09-02 23:44:40.6601] [INFO] Загрузка токенов
[2022-09-02 23:44:41.1701] [INFO] Токен успешно обновлен
[2022-09-02 23:44:41.1701] [INFO] Автоматическая авторизация
[2022-09-02 23:45:09.6192] [INFO] Пользователь авторизован
[2022-09-02 23:45:09.6192] [INFO] Загрузка главной формы
[2022-09-02 23:45:09.8162] [INFO] Загружено главня форма
[2022-09-02 23:45:09.8162] [INFO] Получение данных
[2022-09-02 23:45:09.8282] [INFO] Загрузка заказов
[2022-09-02 23:45:09.8512] [INFO] Заказыы успешно загружены
[2022-09-02 23:45:09.8542] [INFO] Успешное получение данных
[2022-09-02 23:45:09.8972] [INFO] Закрываем окно авторизации
[2022-09-02 23:45:14.4158] [INFO] Открыто диалоговое окно для изменение заказа
[2022-09-02 23:45:14.4618] [INFO] Открыто диалоговое окно заказа
[2022-09-02 23:45:14.4618] [INFO] Данные успешно получены
[2022-09-02 23:45:26.0092] [ERROR] Ошибка -------> Входная строка имела неверный формат.
[2022-09-02 23:45:31.5372] [INFO] Открыто диалоговое окно для изменение заказа
[2022-09-02 23:45:31.5752] [INFO] Открыто диалоговое окно заказа
[2022-09-02 23:45:31.5882] [INFO] Данные успешно получены
[2022-09-02 23:45:39.8856] [INFO] Закрытые главной формы
[2022-09-02 23:46:28.0173] [INFO] Загрузка формы авторизации
[2022-09-02 23:46:28.2293] [INFO] Загрузка токенов
[2022-09-02 23:46:28.3083] [INFO] Токен успешно обновлен
[2022-09-02 23:46:28.3083] [INFO] Автоматическая авторизация
[2022-09-02 23:46:50.5099] [INFO] Пользователь авторизован
[2022-09-02 23:46:50.5099] [INFO] Загрузка главной формы
[2022-09-02 23:46:50.7219] [INFO] Загружено главня форма
[2022-09-02 23:46:50.7219] [INFO] Получение данных
[2022-09-02 23:46:50.7429] [INFO] Загрузка заказов
[2022-09-02 23:46:50.7429] [INFO] Заказыы успешно загружены
[2022-09-02 23:46:50.7629] [INFO] Успешное получение данных
[2022-09-02 23:46:50.8678] [INFO] Закрываем окно авторизации
[2022-09-02 23:46:55.1589] [INFO] Открыто диалоговое окно для изменение заказа
[2022-09-02 23:46:55.2439] [INFO] Открыто диалоговое окно заказа
[2022-09-02 23:46:55.2629] [INFO] Данные успешно получены
[2022-09-02 23:47:02.2794] [ERROR] Ошибка -------> Входная строка имела неверный формат.
[2022-09-02 23:47:06.8485] [INFO] Открыто диалоговое окно для изменение заказа
[2022-09-02 23:47:06.9035] [INFO] Открыто диалоговое окно заказа
[2022-09-02 23:47:06.9175] [INFO] Данные успешно получены
[2022-09-02 23:47:11.0945] [INFO] Закрытые главной формы
[2022-09-02 23:47:45.8096] [INFO] Загрузка формы авторизации
[2022-09-02 23:47:46.0906] [INFO] Загрузка токенов
[2022-09-02 23:47:46.1656] [INFO] Токен успешно обновлен
[2022-09-02 23:47:46.1656] [INFO] Автоматическая авторизация
[2022-09-02 23:48:05.8056] [INFO] Пользователь авторизован
[2022-09-02 23:48:05.8056] [INFO] Загрузка главной формы
[2022-09-02 23:48:06.0076] [INFO] Загружено главня форма
[2022-09-02 23:48:06.0076] [INFO] Получение данных
[2022-09-02 23:48:06.0176] [INFO] Загрузка заказов
[2022-09-02 23:48:06.0316] [INFO] Заказыы успешно загружены
[2022-09-02 23:48:06.0396] [INFO] Успешное получение данных
[2022-09-02 23:48:06.0626] [INFO] Закрываем окно авторизации
[2022-09-02 23:48:11.0986] [INFO] Открыто диалоговое окно для изменение заказа
[2022-09-02 23:48:11.1676] [INFO] Открыто диалоговое окно заказа
[2022-09-02 23:48:11.1866] [INFO] Данные успешно получены
[2022-09-02 23:48:20.6030] [INFO] Закрытые главной формы
