[2022-08-27 22:03:06.4596] [INFO] Загрузка формы авторизации
[2022-08-27 22:03:06.4985] [INFO] Загрузка токенов
[2022-08-27 22:03:06.7060] [INFO] Токен успешно обновлен
[2022-08-27 22:03:06.7060] [INFO] Автоматическая авторизация
[2022-08-27 22:03:22.3967] [INFO] Пользователь авторизован
[2022-08-27 22:03:22.3967] [INFO] Загрузка главной формы
[2022-08-27 22:03:22.4427] [INFO] Загружено главня форма
[2022-08-27 22:03:22.4427] [INFO] Получение данных
[2022-08-27 22:03:22.4469] [INFO] Загрузка заказов
[2022-08-27 22:03:22.4469] [INFO] Заказыы успешно загружены
[2022-08-27 22:03:22.4469] [INFO] Успешное получение данных
[2022-08-27 22:03:22.4469] [INFO] Закрываем окно авторизации
[2022-08-27 22:03:24.9654] [INFO] Открыто диалоговое окно для изменение заказа
[2022-08-27 22:03:24.9817] [INFO] Открыто диалоговое окно заказа
[2022-08-27 22:03:24.9817] [INFO] Данные успешно получены
[2022-08-27 22:05:14.5079] [INFO] Открыто диалоговое окно для изменение заказа
[2022-08-27 22:05:14.5169] [INFO] Открыто диалоговое окно заказа
[2022-08-27 22:05:14.5169] [INFO] Данные успешно получены
[2022-08-27 22:07:30.7365] [INFO] Загрузка формы авторизации
[2022-08-27 22:07:30.7734] [INFO] Загрузка токенов
[2022-08-27 22:07:30.8013] [INFO] Токен успешно обновлен
[2022-08-27 22:07:30.8013] [INFO] Автоматическая авторизация
[2022-08-27 22:07:36.3930] [INFO] Пользователь авторизован
[2022-08-27 22:07:36.3930] [INFO] Загрузка главной формы
[2022-08-27 22:07:36.4279] [INFO] Загружено главня форма
[2022-08-27 22:07:36.4279] [INFO] Получение данных
[2022-08-27 22:07:36.4309] [INFO] Загрузка заказов
[2022-08-27 22:07:36.4309] [INFO] Заказыы успешно загружены
[2022-08-27 22:07:36.4309] [INFO] Успешное получение данных
[2022-08-27 22:07:36.4478] [INFO] Закрываем окно авторизации
[2022-08-27 22:07:37.8610] [INFO] Открыто диалоговое окно для изменение заказа
[2022-08-27 22:07:37.8952] [ERROR] Ошибка -------> Индекс за пределами диапазона. Индекс должен быть положительным числом, а его размер не должен превышать размер коллекции.
Имя параметра: index
[2022-08-27 22:07:40.5016] [INFO] Открыто диалоговое окно для изменение заказа
[2022-08-27 22:07:40.5096] [ERROR] Ошибка -------> Индекс за пределами диапазона. Индекс должен быть положительным числом, а его размер не должен превышать размер коллекции.
Имя параметра: index
[2022-08-27 22:07:48.2778] [INFO] Открыто диалоговое окно для изменение заказа
[2022-08-27 22:07:56.2117] [ERROR] Ошибка -------> Индекс за пределами диапазона. Индекс должен быть положительным числом, а его размер не должен превышать размер коллекции.
Имя параметра: index
[2022-08-27 22:08:11.5275] [INFO] Открыто диалоговое окно для изменение заказа
[2022-08-27 22:08:28.7337] [ERROR] Ошибка -------> Индекс за пределами диапазона. Индекс должен быть положительным числом, а его размер не должен превышать размер коллекции.
Имя параметра: index
[2022-08-27 22:08:51.7734] [INFO] Открыто диалоговое окно для изменение заказа
[2022-08-27 22:08:51.7874] [INFO] Открыто диалоговое окно заказа
[2022-08-27 22:08:51.7924] [INFO] Данные успешно получены
[2022-08-27 22:09:51.7420] [INFO] Загрузка формы авторизации
[2022-08-27 22:09:51.7899] [INFO] Загрузка токенов
[2022-08-27 22:09:51.8188] [INFO] Токен успешно обновлен
[2022-08-27 22:09:51.8188] [INFO] Автоматическая авторизация
[2022-08-27 22:09:57.3645] [INFO] Пользователь авторизован
[2022-08-27 22:09:57.3645] [INFO] Загрузка главной формы
[2022-08-27 22:09:57.4014] [INFO] Загружено главня форма
[2022-08-27 22:09:57.4014] [INFO] Получение данных
[2022-08-27 22:09:57.4014] [INFO] Загрузка заказов
[2022-08-27 22:09:57.4014] [INFO] Заказыы успешно загружены
[2022-08-27 22:09:57.4014] [INFO] Успешное получение данных
[2022-08-27 22:09:57.4213] [INFO] Закрываем окно авторизации
[2022-08-27 22:09:59.5365] [INFO] Открыто диалоговое окно для изменение заказа
[2022-08-27 22:09:59.5543] [INFO] Открыто диалоговое окно заказа
[2022-08-27 22:09:59.5584] [INFO] Данные успешно получены
[2022-08-27 22:12:02.0509] [INFO] Загрузка формы авторизации
[2022-08-27 22:12:02.0878] [INFO] Загрузка токенов
[2022-08-27 22:12:02.1127] [INFO] Токен успешно обновлен
[2022-08-27 22:12:02.1127] [INFO] Автоматическая авторизация
[2022-08-27 22:12:07.6398] [INFO] Пользователь авторизован
[2022-08-27 22:12:07.6398] [INFO] Загрузка главной формы
[2022-08-27 22:12:07.6806] [INFO] Загружено главня форма
[2022-08-27 22:12:07.6806] [INFO] Получение данных
[2022-08-27 22:12:07.6806] [INFO] Загрузка заказов
[2022-08-27 22:12:07.6806] [INFO] Заказыы успешно загружены
[2022-08-27 22:12:07.6806] [INFO] Успешное получение данных
[2022-08-27 22:12:07.7036] [INFO] Закрываем окно авторизации
[2022-08-27 22:12:09.5162] [INFO] Открыто диалоговое окно для изменение заказа
[2022-08-27 22:12:09.5344] [INFO] Открыто диалоговое окно заказа
[2022-08-27 22:12:09.5344] [INFO] Данные успешно получены
[2022-08-27 22:15:03.3478] [INFO] Загрузка формы авторизации
[2022-08-27 22:15:03.3867] [INFO] Загрузка токенов
[2022-08-27 22:15:03.4116] [INFO] Токен успешно обновлен
[2022-08-27 22:15:03.4116] [INFO] Автоматическая авторизация
[2022-08-27 22:15:08.9428] [INFO] Пользователь авторизован
[2022-08-27 22:15:08.9428] [INFO] Загрузка главной формы
[2022-08-27 22:15:08.9787] [INFO] Загружено главня форма
[2022-08-27 22:15:08.9787] [INFO] Получение данных
[2022-08-27 22:15:08.9787] [INFO] Загрузка заказов
[2022-08-27 22:15:08.9787] [INFO] Заказыы успешно загружены
[2022-08-27 22:15:08.9787] [INFO] Успешное получение данных
[2022-08-27 22:15:08.9986] [INFO] Закрываем окно авторизации
[2022-08-27 22:15:11.0627] [INFO] Открыто диалоговое окно для изменение заказа
[2022-08-27 22:15:11.0797] [INFO] Открыто диалоговое окно заказа
[2022-08-27 22:15:11.0797] [INFO] Данные успешно получены
[2022-08-27 22:19:11.9142] [INFO] Открыто диалоговое окно для изменение заказа
[2022-08-27 22:19:11.9232] [INFO] Открыто диалоговое окно заказа
[2022-08-27 22:19:11.9232] [INFO] Данные успешно получены
[2022-08-27 22:20:07.1651] [INFO] Открыто диалоговое окно для изменение заказа
[2022-08-27 22:20:07.1651] [INFO] Открыто диалоговое окно заказа
[2022-08-27 22:20:07.1651] [INFO] Данные успешно получены
[2022-08-27 22:21:27.3321] [INFO] Открыто диалоговое окно для изменение заказа
[2022-08-27 22:21:27.3401] [INFO] Открыто диалоговое окно заказа
[2022-08-27 22:21:27.3401] [INFO] Данные успешно получены
[2022-08-27 22:22:43.3988] [INFO] Открыто диалоговое окно для изменение заказа
[2022-08-27 22:22:43.4088] [INFO] Открыто диалоговое окно заказа
[2022-08-27 22:22:43.4088] [INFO] Данные успешно получены
[2022-08-27 22:23:33.9061] [INFO] Открыто диалоговое окно для изменение номенклатуры
[2022-08-27 22:23:33.9230] [INFO] Открыто диалоговое окно номенклатуры
[2022-08-27 22:25:25.6498] [INFO] Загрузка формы авторизации
[2022-08-27 22:25:25.6907] [INFO] Загрузка токенов
[2022-08-27 22:25:25.7177] [INFO] Токен успешно обновлен
[2022-08-27 22:25:25.7177] [INFO] Автоматическая авторизация
[2022-08-27 22:25:31.2947] [INFO] Пользователь авторизован
[2022-08-27 22:25:31.2947] [INFO] Загрузка главной формы
[2022-08-27 22:25:31.3306] [INFO] Загружено главня форма
[2022-08-27 22:25:31.3306] [INFO] Получение данных
[2022-08-27 22:25:31.3306] [INFO] Загрузка заказов
[2022-08-27 22:25:31.3366] [INFO] Заказыы успешно загружены
[2022-08-27 22:25:31.3366] [INFO] Успешное получение данных
[2022-08-27 22:25:31.3366] [INFO] Закрываем окно авторизации
[2022-08-27 22:25:34.4792] [INFO] Открыто диалоговое окно для изменение номенклатуры
[2022-08-27 22:25:34.4972] [INFO] Открыто диалоговое окно номенклатуры
[2022-08-27 22:25:44.1455] [INFO] Зактрытые диалогового окна номенклатуры
[2022-08-27 22:25:44.1455] [INFO] Диалоговое окно номенклатуры закрыто
[2022-08-27 22:25:44.1504] [INFO] Изменение номенклатуры
[2022-08-27 22:25:44.2789] [INFO] Номенклатура успешно изменен
[2022-08-27 22:25:44.2789] [INFO] Обновление номенклатуры
[2022-08-27 22:25:44.2789] [INFO] Номенклатура успешно обновлен
[2022-08-27 22:25:45.8539] [INFO] Открыто диалоговое окно для изменение номенклатуры
[2022-08-27 22:25:45.8539] [INFO] Открыто диалоговое окно номенклатуры
