[2022-09-11 11:37:38.4381] [INFO] Загрузка формы авторизации
[2022-09-11 11:37:38.7798] [INFO] Загрузка токенов
[2022-09-11 11:37:39.4061] [ERROR] Ошибка -------> Знак "<", шестнадцатеричное значение 0x3C, не может стоять в начале имени., строка 3, позиция 2.
[2022-09-11 11:38:05.0832] [INFO] Загрузка формы авторизации
[2022-09-11 11:38:05.1625] [INFO] Загрузка токенов
[2022-09-11 11:38:05.2204] [ERROR] Ошибка -------> Знак "<", шестнадцатеричное значение 0x3C, не может стоять в начале имени., строка 3, позиция 2.
[2022-09-11 11:38:24.9394] [INFO] Загрузка формы авторизации
[2022-09-11 11:38:25.0394] [INFO] Загрузка токенов
[2022-09-11 11:38:25.1072] [ERROR] Ошибка -------> Знак "<", шестнадцатеричное значение 0x3C, не может стоять в начале имени., строка 3, позиция 2.
[2022-09-11 11:38:30.8989] [INFO] Авторизация пользователя
[2022-09-11 11:38:36.6250] [ERROR] Ошибка -------> Знак "<", шестнадцатеричное значение 0x3C, не может стоять в начале имени., строка 3, позиция 2.
[2022-09-11 11:39:20.2633] [INFO] Загрузка формы авторизации
[2022-09-11 11:39:20.3381] [INFO] Загрузка токенов
[2022-09-11 11:39:20.3969] [ERROR] Ошибка -------> Знак "<", шестнадцатеричное значение 0x3C, не может стоять в начале имени., строка 3, позиция 2.
[2022-09-11 11:55:07.5255] [INFO] Загрузка формы авторизации
[2022-09-11 11:55:07.5724] [INFO] Загрузка токенов
[2022-09-11 11:55:07.8222] [ERROR] Ошибка -------> Знак "<", шестнадцатеричное значение 0x3C, не может стоять в начале имени., строка 3, позиция 2.
[2022-09-11 11:55:21.9055] [INFO] Авторизация пользователя
[2022-09-11 11:55:24.9059] [ERROR] Ошибка -------> Знак "<", шестнадцатеричное значение 0x3C, не может стоять в начале имени., строка 3, позиция 2.
[2022-09-11 11:55:26.8384] [INFO] Авторизация пользователя
[2022-09-11 11:55:26.9271] [ERROR] Ошибка -------> Знак "<", шестнадцатеричное значение 0x3C, не может стоять в начале имени., строка 3, позиция 2.
[2022-09-11 11:57:26.2841] [INFO] Авторизация пользователя
[2022-09-11 11:58:49.6587] [ERROR] Ошибка -------> Превышено количество сессий
[2022-09-11 11:59:53.5280] [INFO] Авторизация пользователя
[2022-09-11 12:00:22.3481] [ERROR] Ошибка -------> Знак "<", шестнадцатеричное значение 0x3C, не может стоять в начале имени., строка 3, позиция 2.
[2022-09-11 12:01:02.0293] [INFO] Авторизация пользователя
[2022-09-11 12:01:07.4238] [INFO] Сохранение данных
[2022-09-11 12:01:07.4468] [INFO] Данные успешно сохранены
[2022-09-11 12:01:07.5056] [INFO] Загружено главня форма
[2022-09-11 12:01:07.5056] [INFO] Получение данных
[2022-09-11 12:01:07.5056] [INFO] Загрузка заказов
[2022-09-11 12:01:07.5056] [INFO] Успешное получение данных
[2022-09-11 12:01:07.9636] [INFO] Заказыы успешно загружены
[2022-09-11 12:01:23.8313] [INFO] Открыто диалоговое окно для добавление этапа
[2022-09-11 12:01:23.8472] [INFO] Открыто диалоговое окно этапа
[2022-09-11 12:01:29.5623] [INFO] Закрытые диалогового окно этапа
[2022-09-11 12:01:29.5623] [INFO] Добавление этапа
[2022-09-11 12:01:29.6102] [INFO] Этап успешно добавлено
[2022-09-11 12:01:29.6102] [INFO] Обновление этапа
[2022-09-11 12:01:29.6311] [INFO] Этап успешно обновлен
[2022-09-11 12:01:30.5884] [INFO] Открыто диалоговое окно для добавление этапа
[2022-09-11 12:01:30.5964] [INFO] Открыто диалоговое окно этапа
[2022-09-11 12:01:34.2730] [INFO] Закрытые диалогового окно этапа
[2022-09-11 12:01:34.2730] [INFO] Добавление этапа
[2022-09-11 12:01:34.2898] [INFO] Этап успешно добавлено
[2022-09-11 12:01:34.2898] [INFO] Обновление этапа
[2022-09-11 12:01:34.2978] [INFO] Этап успешно обновлен
[2022-09-11 12:01:36.6629] [INFO] Открыто диалоговое окно для добавление номенклатуры
[2022-09-11 12:01:36.6818] [INFO] Открыто диалоговое окно номенклатуры
[2022-09-11 12:02:23.3200] [INFO] Добавление этапа
[2022-09-11 12:02:23.3389] [INFO] Открыто диалоговое окно этапов
[2022-09-11 12:02:24.5825] [INFO] Закрытые диалогового окна
[2022-09-11 12:02:24.5825] [INFO] Этап успешно добавлен
[2022-09-11 12:02:25.2422] [INFO] Добавление этапа
[2022-09-11 12:02:25.2491] [INFO] Открыто диалоговое окно этапов
[2022-09-11 12:02:26.4309] [INFO] Закрытые диалогового окна
[2022-09-11 12:02:26.4359] [INFO] Этап успешно добавлен
[2022-09-11 12:02:39.6143] [INFO] Зактрытые диалогового окна номенклатуры
[2022-09-11 12:02:39.6143] [INFO] Диалоговое окно номенклатуры закрыто
[2022-09-11 12:02:39.6143] [INFO] Добавление номенклатуры
[2022-09-11 12:02:39.6971] [INFO] Номеклатура успешно добавлено
[2022-09-11 12:02:39.6971] [INFO] Обновление номенклатуры
[2022-09-11 12:02:39.7270] [INFO] Номенклатура успешно обновлен
[2022-09-11 12:02:41.3793] [INFO] Открыто диалоговое окно для изменение этапа
[2022-09-11 12:02:41.3793] [INFO] Открыто диалоговое окно этапа
[2022-09-11 12:02:43.1550] [INFO] Открыто диалоговое окно для изменение этапа
[2022-09-11 12:02:43.1550] [INFO] Открыто диалоговое окно этапа
[2022-09-11 12:02:51.3427] [INFO] Открыто диалоговое окно для добавление заказа
[2022-09-11 12:02:51.3617] [INFO] Открыто диалоговое окно заказа
[2022-09-11 12:02:51.3617] [INFO] Данные успешно получены
[2022-09-11 12:02:57.1576] [INFO] Добвыление номенклатуры
[2022-09-11 12:02:57.1576] [INFO] Загрузка номенклатуры
[2022-09-11 12:02:57.1830] [INFO] Номенклатуры успешно загружены
[2022-09-11 12:02:58.6044] [INFO] Закрытые диалогового окно выбора номенклатуры
[2022-09-11 12:02:58.6114] [INFO] Номенклатура успешно добавлено
[2022-09-11 12:04:53.4161] [INFO] Открыто диалоговое окно для изменение номенклатуры
[2022-09-11 12:04:53.4251] [INFO] Открыто диалоговое окно номенклатуры
[2022-09-11 12:12:34.3222] [INFO] Открыто диалоговое окно для добавление заказа
[2022-09-11 12:12:34.3421] [INFO] Открыто диалоговое окно заказа
[2022-09-11 12:12:34.3421] [INFO] Данные успешно получены
[2022-09-11 12:12:38.1815] [INFO] Добвыление номенклатуры
[2022-09-11 12:12:38.1894] [INFO] Загрузка номенклатуры
[2022-09-11 12:12:38.2044] [INFO] Номенклатуры успешно загружены
[2022-09-11 12:12:39.7337] [INFO] Закрытые диалогового окно выбора номенклатуры
[2022-09-11 12:12:39.7337] [INFO] Номенклатура успешно добавлено
[2022-09-11 12:13:42.4155] [INFO] Добавление заказ в БД
[2022-09-11 12:13:42.4155] [INFO] Закрытые диалогового окна заказа
[2022-09-11 12:13:42.4205] [INFO] Добавление заказа
[2022-09-11 12:13:42.5337] [INFO] Заказ успешно добавлено
[2022-09-11 12:13:42.5337] [INFO] Обновление заказа
[2022-09-11 12:13:42.5686] [INFO] Заказ успешно обновлен
[2022-09-11 12:13:51.0382] [INFO] Открыто диалоговое окно для изменение заказа
[2022-09-11 12:13:51.0472] [INFO] Открыто диалоговое окно заказа
[2022-09-11 12:13:51.0472] [INFO] Данные успешно получены
[2022-09-11 12:13:59.0522] [INFO] Добавление заказ в БД
[2022-09-11 12:13:59.0522] [INFO] Закрытые диалогового окна заказа
[2022-09-11 12:13:59.0522] [INFO] Изменение заказа
[2022-09-11 12:13:59.1410] [INFO] Заказ успешно изменен
[2022-09-11 12:13:59.1410] [INFO] Обновление заказа
[2022-09-11 12:13:59.1410] [INFO] Заказ успешно обновлен
[2022-09-11 12:14:01.2226] [INFO] Открыто диалоговое окно для изменение заказа
[2022-09-11 12:14:01.2326] [INFO] Открыто диалоговое окно заказа
[2022-09-11 12:14:01.2326] [INFO] Данные успешно получены
[2022-09-11 12:14:07.3932] [INFO] Добавление заказ в БД
[2022-09-11 12:14:07.3932] [INFO] Закрытые диалогового окна заказа
[2022-09-11 12:14:07.3932] [INFO] Изменение заказа
[2022-09-11 12:14:07.4171] [INFO] Заказ успешно изменен
[2022-09-11 12:14:07.4171] [INFO] Обновление заказа
[2022-09-11 12:14:07.4261] [INFO] Заказ успешно обновлен
[2022-09-11 12:14:28.1369] [INFO] Открыто диалоговое окно для изменение заказа
[2022-09-11 12:14:28.1478] [ERROR] Ошибка -------> Вы не выбрали запись
[2022-09-11 12:14:30.0753] [INFO] Открыто диалоговое окно для изменение заказа
[2022-09-11 12:14:30.0842] [INFO] Открыто диалоговое окно заказа
[2022-09-11 12:14:30.0842] [INFO] Данные успешно получены
[2022-09-11 12:14:31.3168] [INFO] Добавление заказ в БД
[2022-09-11 12:14:31.3168] [INFO] Закрытые диалогового окна заказа
[2022-09-11 12:14:31.3168] [INFO] Изменение заказа
[2022-09-11 12:16:02.9810] [INFO] Заказ успешно изменен
[2022-09-11 12:16:02.9810] [INFO] Обновление заказа
[2022-09-11 12:16:02.9949] [INFO] Заказ успешно обновлен
[2022-09-11 12:27:34.5823] [INFO] Загрузка формы авторизации
[2022-09-11 12:27:34.6351] [INFO] Загрузка токенов
[2022-09-11 12:27:34.8276] [INFO] Токен успешно обновлен
[2022-09-11 12:27:34.8276] [INFO] Автоматическая авторизация
[2022-09-11 12:27:45.8244] [INFO] Пользователь авторизован
[2022-09-11 12:27:45.8244] [INFO] Загрузка главной формы
[2022-09-11 12:27:45.8573] [INFO] Загружено главня форма
[2022-09-11 12:27:45.8573] [INFO] Получение данных
[2022-09-11 12:27:45.8573] [INFO] Загрузка заказов
[2022-09-11 12:27:45.8573] [INFO] Успешное получение данных
[2022-09-11 12:27:45.8573] [INFO] Закрываем окно авторизации
[2022-09-11 12:27:46.4352] [INFO] Заказыы успешно загружены
[2022-09-11 12:27:48.4505] [INFO] Открыто диалоговое окно для изменение заказа
[2022-09-11 12:27:48.4695] [INFO] Открыто диалоговое окно заказа
[2022-09-11 12:27:48.4695] [INFO] Данные успешно получены
[2022-09-11 12:27:51.2559] [INFO] Добавление заказ в БД
[2022-09-11 12:27:51.2559] [INFO] Закрытые диалогового окна заказа
[2022-09-11 12:27:51.2559] [INFO] Изменение заказа
[2022-09-11 12:27:51.4869] [INFO] Заказ успешно изменен
[2022-09-11 12:27:51.4869] [INFO] Обновление заказа
[2022-09-11 12:27:51.4869] [INFO] Заказ успешно обновлен
[2022-09-11 12:27:54.0872] [INFO] Открыто диалоговое окно для изменение заказа
[2022-09-11 12:27:54.0971] [INFO] Открыто диалоговое окно заказа
[2022-09-11 12:27:54.0971] [INFO] Данные успешно получены
[2022-09-11 12:28:09.1337] [INFO] Добавление заказ в БД
[2022-09-11 12:28:09.1337] [INFO] Закрытые диалогового окна заказа
[2022-09-11 12:28:09.1337] [INFO] Изменение заказа
[2022-09-11 12:28:09.1657] [INFO] Заказ успешно изменен
[2022-09-11 12:28:09.1657] [INFO] Обновление заказа
[2022-09-11 12:28:09.1746] [INFO] Заказ успешно обновлен
[2022-09-11 12:32:00.8061] [INFO] Открыто диалоговое окно для изменение заказа
[2022-09-11 12:32:00.8161] [INFO] Открыто диалоговое окно заказа
[2022-09-11 12:32:00.8161] [INFO] Данные успешно получены
[2022-09-11 12:32:51.7380] [INFO] Открыто диалоговое окно для изменение заказа
[2022-09-11 12:32:51.7500] [INFO] Открыто диалоговое окно заказа
[2022-09-11 12:32:51.7500] [INFO] Данные успешно получены
[2022-09-11 12:36:13.9048] [INFO] Загрузка формы авторизации
[2022-09-11 12:36:13.9597] [INFO] Загрузка токенов
[2022-09-11 12:36:14.2170] [INFO] Токен успешно обновлен
[2022-09-11 12:36:14.2170] [INFO] Автоматическая авторизация
[2022-09-11 12:36:22.6403] [INFO] Пользователь авторизован
[2022-09-11 12:36:22.6403] [INFO] Загрузка главной формы
[2022-09-11 12:36:22.6762] [INFO] Загружено главня форма
[2022-09-11 12:36:22.6762] [INFO] Получение данных
[2022-09-11 12:36:22.6762] [INFO] Загрузка заказов
[2022-09-11 12:36:22.6762] [INFO] Успешное получение данных
[2022-09-11 12:36:22.6941] [INFO] Закрываем окно авторизации
[2022-09-11 12:36:23.2548] [INFO] Заказыы успешно загружены
[2022-09-11 12:36:25.2518] [INFO] Открыто диалоговое окно для изменение заказа
[2022-09-11 12:36:25.2708] [INFO] Открыто диалоговое окно заказа
[2022-09-11 12:36:25.2708] [INFO] Данные успешно получены
[2022-09-11 12:36:30.2171] [INFO] Добавление заказ в БД
[2022-09-11 12:36:30.2171] [INFO] Закрытые диалогового окна заказа
[2022-09-11 12:36:30.2171] [INFO] Изменение заказа
[2022-09-11 12:36:30.4535] [INFO] Заказ успешно изменен
[2022-09-11 12:36:30.4535] [INFO] Обновление заказа
[2022-09-11 12:36:30.4535] [INFO] Заказ успешно обновлен
[2022-09-11 12:36:32.6697] [INFO] Открыто диалоговое окно для изменение заказа
[2022-09-11 12:36:32.6697] [INFO] Открыто диалоговое окно заказа
[2022-09-11 12:36:32.6697] [INFO] Данные успешно получены
[2022-09-11 12:36:42.0107] [INFO] Добавление заказ в БД
[2022-09-11 12:36:42.0107] [INFO] Закрытые диалогового окна заказа
[2022-09-11 12:36:42.0157] [INFO] Изменение заказа
[2022-09-11 12:36:42.0427] [INFO] Заказ успешно изменен
[2022-09-11 12:36:42.0427] [INFO] Обновление заказа
[2022-09-11 12:36:42.0516] [INFO] Заказ успешно обновлен
[2022-09-11 12:36:43.9379] [INFO] Открыто диалоговое окно для изменение заказа
[2022-09-11 12:36:43.9379] [INFO] Открыто диалоговое окно заказа
[2022-09-11 12:36:43.9519] [INFO] Данные успешно получены
[2022-09-11 12:36:48.4592] [INFO] Добавление заказ в БД
[2022-09-11 12:36:48.4592] [INFO] Закрытые диалогового окна заказа
[2022-09-11 12:36:48.4592] [INFO] Изменение заказа
[2022-09-11 12:36:48.4871] [INFO] Заказ успешно изменен
[2022-09-11 12:36:48.4871] [INFO] Обновление заказа
[2022-09-11 12:36:48.4871] [INFO] Заказ успешно обновлен
[2022-09-11 12:36:50.1876] [INFO] Открыто диалоговое окно для изменение заказа
[2022-09-11 12:36:50.1876] [INFO] Открыто диалоговое окно заказа
[2022-09-11 12:36:50.1876] [INFO] Данные успешно получены
[2022-09-11 12:36:53.1790] [INFO] Добавление заказ в БД
[2022-09-11 12:36:53.1790] [INFO] Закрытые диалогового окна заказа
[2022-09-11 12:36:53.1790] [INFO] Изменение заказа
[2022-09-11 12:36:53.2104] [INFO] Заказ успешно изменен
[2022-09-11 12:36:53.2104] [INFO] Обновление заказа
[2022-09-11 12:36:53.2194] [INFO] Заказ успешно обновлен
[2022-09-11 12:36:54.2618] [INFO] Открыто диалоговое окно для изменение заказа
[2022-09-11 12:36:54.2717] [INFO] Открыто диалоговое окно заказа
[2022-09-11 12:36:54.2717] [INFO] Данные успешно получены
[2022-09-11 12:36:56.3426] [INFO] Добавление заказ в БД
[2022-09-11 12:36:56.3426] [INFO] Закрытые диалогового окна заказа
[2022-09-11 12:36:56.3426] [INFO] Изменение заказа
[2022-09-11 12:36:56.3675] [INFO] Заказ успешно изменен
[2022-09-11 12:36:56.3675] [INFO] Обновление заказа
[2022-09-11 12:36:56.3765] [INFO] Заказ успешно обновлен
[2022-09-11 12:36:57.8654] [INFO] Открыто диалоговое окно для изменение заказа
[2022-09-11 12:36:57.8794] [INFO] Открыто диалоговое окно заказа
[2022-09-11 12:36:57.8794] [INFO] Данные успешно получены
[2022-09-11 12:37:02.5917] [INFO] Открыто диалоговое окно для изменение заказа
[2022-09-11 12:37:02.5917] [INFO] Открыто диалоговое окно заказа
[2022-09-11 12:37:02.5917] [INFO] Данные успешно получены
[2022-09-11 12:37:04.0993] [INFO] Добвыление номенклатуры
[2022-09-11 12:37:04.1123] [INFO] Загрузка номенклатуры
[2022-09-11 12:37:04.1557] [INFO] Номенклатуры успешно загружены
[2022-09-11 12:37:04.7450] [INFO] Закрытые диалогового окно выбора номенклатуры
[2022-09-11 12:37:04.7530] [INFO] Номенклатура успешно добавлено
[2022-09-11 12:37:24.4067] [INFO] Добавление заказ в БД
[2022-09-11 12:37:24.4067] [INFO] Закрытые диалогового окна заказа
[2022-09-11 12:37:24.4067] [INFO] Изменение заказа
[2022-09-11 12:37:24.4645] [INFO] Заказ успешно изменен
[2022-09-11 12:37:24.4645] [INFO] Обновление заказа
[2022-09-11 12:37:24.4805] [INFO] Заказ успешно обновлен
[2022-09-11 12:37:26.3402] [INFO] Открыто диалоговое окно для изменение заказа
[2022-09-11 12:37:26.3492] [INFO] Открыто диалоговое окно заказа
[2022-09-11 12:37:26.3492] [INFO] Данные успешно получены
[2022-09-11 12:37:29.9847] [INFO] Добавление заказ в БД
[2022-09-11 12:37:29.9847] [INFO] Закрытые диалогового окна заказа
[2022-09-11 12:37:29.9847] [INFO] Изменение заказа
[2022-09-11 12:37:30.0236] [INFO] Заказ успешно изменен
[2022-09-11 12:37:30.0236] [INFO] Обновление заказа
[2022-09-11 12:37:30.0326] [INFO] Заказ успешно обновлен
[2022-09-11 12:37:32.2380] [INFO] Открыто диалоговое окно для изменение заказа
[2022-09-11 12:37:32.2380] [INFO] Открыто диалоговое окно заказа
[2022-09-11 12:37:32.2500] [INFO] Данные успешно получены
[2022-09-11 12:37:49.7675] [INFO] Добавление заказ в БД
[2022-09-11 12:37:49.7675] [INFO] Закрытые диалогового окна заказа
[2022-09-11 12:37:49.7675] [INFO] Изменение заказа
[2022-09-11 12:37:49.8039] [INFO] Заказ успешно изменен
[2022-09-11 12:37:49.8039] [INFO] Обновление заказа
[2022-09-11 12:37:49.8139] [INFO] Заказ успешно обновлен
[2022-09-11 12:37:52.2937] [INFO] Открыто диалоговое окно для изменение заказа
[2022-09-11 12:37:52.3046] [INFO] Открыто диалоговое окно заказа
[2022-09-11 12:37:52.3046] [INFO] Данные успешно получены
[2022-09-11 12:38:14.1570] [INFO] Добавление заказ в БД
[2022-09-11 12:38:14.1570] [INFO] Закрытые диалогового окна заказа
[2022-09-11 12:38:14.1570] [INFO] Изменение заказа
[2022-09-11 12:38:14.2273] [INFO] Заказ успешно изменен
[2022-09-11 12:38:14.2273] [INFO] Обновление заказа
[2022-09-11 12:38:14.2463] [INFO] Заказ успешно обновлен
[2022-09-11 12:38:15.8918] [INFO] Открыто диалоговое окно для изменение заказа
[2022-09-11 12:38:15.8918] [INFO] Открыто диалоговое окно заказа
[2022-09-11 12:38:15.9048] [INFO] Данные успешно получены
[2022-09-11 12:38:29.5130] [INFO] Добавление заказ в БД
[2022-09-11 12:38:29.5139] [INFO] Закрытые диалогового окна заказа
[2022-09-11 12:38:29.5139] [INFO] Изменение заказа
[2022-09-11 12:38:29.5618] [INFO] Заказ успешно изменен
[2022-09-11 12:38:29.5618] [INFO] Обновление заказа
[2022-09-11 12:38:29.5618] [INFO] Заказ успешно обновлен
[2022-09-11 12:38:30.7176] [INFO] Открыто диалоговое окно для изменение заказа
[2022-09-11 12:38:30.7176] [INFO] Открыто диалоговое окно заказа
[2022-09-11 12:38:30.7176] [INFO] Данные успешно получены
[2022-09-11 12:39:18.0822] [INFO] Добавление заказ в БД
[2022-09-11 12:39:18.0822] [INFO] Закрытые диалогового окна заказа
[2022-09-11 12:39:18.0822] [INFO] Изменение заказа
[2022-09-11 12:39:18.1560] [INFO] Заказ успешно изменен
[2022-09-11 12:39:18.1560] [INFO] Обновление заказа
[2022-09-11 12:39:18.1560] [INFO] Заказ успешно обновлен
[2022-09-11 13:02:21.9421] [INFO] Загрузка формы авторизации
[2022-09-11 13:02:22.0279] [INFO] Загрузка токенов
[2022-09-11 13:02:22.3487] [INFO] Токен успешно обновлен
[2022-09-11 13:02:22.3487] [INFO] Автоматическая авторизация
[2022-09-11 13:02:38.9906] [ERROR] Ошибка -------> Не найдена сессия пользователя
[2022-09-11 13:02:39.0544] [ERROR] Ошибка -------> Не найдена сессия пользователя
[2022-09-11 13:02:46.9481] [INFO] Авторизация пользователя
[2022-09-11 13:02:47.4971] [ERROR] Ошибка -------> Превышено количество сессий
[2022-09-11 13:02:49.6978] [INFO] Авторизация пользователя
[2022-09-11 13:02:49.9437] [ERROR] Ошибка -------> Превышено количество сессий
[2022-09-11 13:03:15.3189] [INFO] Авторизация пользователя
[2022-09-11 13:03:15.6421] [INFO] Сохранение данных
[2022-09-11 13:03:15.6421] [INFO] Данные успешно сохранены
[2022-09-11 13:03:15.7169] [INFO] Загружено главня форма
[2022-09-11 13:03:15.7169] [INFO] Получение данных
[2022-09-11 13:03:15.7169] [INFO] Загрузка заказов
[2022-09-11 13:03:15.7169] [INFO] Успешное получение данных
[2022-09-11 13:03:16.4115] [INFO] Заказыы успешно загружены
[2022-09-11 13:03:23.2125] [INFO] Открыто диалоговое окно для изменение заказа
[2022-09-11 13:03:23.2494] [INFO] Открыто диалоговое окно заказа
[2022-09-11 13:03:23.2494] [INFO] Данные успешно получены
[2022-09-11 13:03:24.3011] [INFO] Добавление заказ в БД
[2022-09-11 13:03:24.3011] [INFO] Закрытые диалогового окна заказа
[2022-09-11 13:03:24.3011] [INFO] Изменение заказа
[2022-09-11 13:03:24.5367] [INFO] Заказ успешно изменен
[2022-09-11 13:03:24.5367] [INFO] Обновление заказа
[2022-09-11 13:03:24.5596] [INFO] Заказ успешно обновлен
[2022-09-11 13:05:57.2799] [INFO] Обновление заказа
[2022-09-11 13:06:33.2345] [INFO] Заказ успешно обновлен
[2022-09-11 13:06:42.9085] [INFO] Загрузка формы авторизации
[2022-09-11 13:06:43.0406] [INFO] Загрузка токенов
[2022-09-11 13:06:43.0985] [INFO] Токен успешно обновлен
[2022-09-11 13:06:43.0985] [INFO] Автоматическая авторизация
[2022-09-11 13:06:51.8987] [INFO] Пользователь авторизован
[2022-09-11 13:06:51.8987] [INFO] Загрузка главной формы
[2022-09-11 13:06:51.9765] [INFO] Загружено главня форма
[2022-09-11 13:06:51.9765] [INFO] Получение данных
[2022-09-11 13:06:51.9765] [INFO] Загрузка заказов
[2022-09-11 13:07:03.2426] [INFO] Успешное получение данных
[2022-09-11 13:07:03.2655] [INFO] Закрываем окно авторизации
[2022-09-11 13:07:04.3074] [INFO] Заказыы успешно загружены
[2022-09-11 13:07:54.6835] [INFO] Открыто диалоговое окно для изменение заказа
[2022-09-11 13:07:54.7015] [ERROR] Ошибка -------> Вы не выбрали запись
[2022-09-11 13:07:55.9928] [INFO] Открыто диалоговое окно для изменение заказа
[2022-09-11 13:07:55.9997] [ERROR] Ошибка -------> Вы не выбрали запись
[2022-09-11 13:07:57.6754] [INFO] Открыто диалоговое окно для изменение заказа
[2022-09-11 13:07:57.7003] [INFO] Открыто диалоговое окно заказа
[2022-09-11 13:07:57.7073] [INFO] Данные успешно получены
[2022-09-11 13:08:05.2957] [INFO] Добавление заказ в БД
[2022-09-11 13:08:05.2957] [INFO] Закрытые диалогового окна заказа
[2022-09-11 13:08:05.2957] [INFO] Изменение заказа
[2022-09-11 13:08:05.6547] [INFO] Заказ успешно изменен
[2022-09-11 13:08:05.6547] [INFO] Обновление заказа
[2022-09-11 13:08:05.6797] [INFO] Заказ успешно обновлен
[2022-09-11 13:08:07.3023] [INFO] Закрытые главной формы
[2022-09-11 13:09:47.2007] [INFO] Загрузка формы авторизации
[2022-09-11 13:09:47.2775] [INFO] Загрузка токенов
[2022-09-11 13:09:47.4152] [INFO] Токен успешно обновлен
[2022-09-11 13:09:47.4152] [INFO] Автоматическая авторизация
[2022-09-11 13:09:57.2370] [INFO] Пользователь авторизован
[2022-09-11 13:09:57.2370] [INFO] Загрузка главной формы
[2022-09-11 13:09:57.3038] [INFO] Загружено главня форма
[2022-09-11 13:09:57.3038] [INFO] Получение данных
[2022-09-11 13:09:57.3038] [INFO] Загрузка заказов
[2022-09-11 13:09:57.3148] [INFO] Успешное получение данных
[2022-09-11 13:09:57.3273] [INFO] Закрываем окно авторизации
[2022-09-11 13:10:29.8276] [INFO] Заказыы успешно загружены
[2022-09-11 13:11:44.6047] [INFO] Загрузка формы авторизации
[2022-09-11 13:11:44.7613] [INFO] Загрузка токенов
[2022-09-11 13:11:44.8181] [INFO] Токен успешно обновлен
[2022-09-11 13:11:44.8181] [INFO] Автоматическая авторизация
[2022-09-11 13:11:54.0545] [INFO] Пользователь авторизован
[2022-09-11 13:11:54.0545] [INFO] Загрузка главной формы
[2022-09-11 13:11:54.1552] [INFO] Загружено главня форма
[2022-09-11 13:11:54.1552] [INFO] Получение данных
[2022-09-11 13:11:54.1552] [INFO] Загрузка заказов
[2022-09-11 13:11:54.1721] [INFO] Успешное получение данных
[2022-09-11 13:11:54.1911] [INFO] Закрываем окно авторизации
[2022-09-11 13:14:07.1411] [INFO] Загрузка формы авторизации
[2022-09-11 13:14:07.2887] [INFO] Загрузка токенов
[2022-09-11 13:14:07.3525] [INFO] Токен успешно обновлен
[2022-09-11 13:14:07.3525] [INFO] Автоматическая авторизация
[2022-09-11 13:14:25.5804] [INFO] Пользователь авторизован
[2022-09-11 13:14:25.5804] [INFO] Загрузка главной формы
[2022-09-11 13:14:25.7220] [INFO] Загружено главня форма
[2022-09-11 13:14:25.7220] [INFO] Получение данных
[2022-09-11 13:14:25.7220] [INFO] Загрузка заказов
[2022-09-11 13:14:25.7409] [INFO] Успешное получение данных
[2022-09-11 13:14:25.7968] [INFO] Закрываем окно авторизации
[2022-09-11 13:14:32.8938] [INFO] Заказыы успешно загружены
[2022-09-11 13:14:38.8119] [INFO] Открыто диалоговое окно для удаление заказа
[2022-09-11 13:14:39.4359] [INFO] Удаление заказа
[2022-09-11 13:14:39.6798] [INFO] Заказ успешно удален
[2022-09-11 13:14:39.6798] [INFO] Обновление заказа
[2022-09-11 13:14:39.7037] [INFO] Заказ успешно обновлен
[2022-09-11 13:14:40.8718] [INFO] Открыто диалоговое окно для удаление заказа
[2022-09-11 13:14:41.5490] [INFO] Удаление заказа
[2022-09-11 13:14:41.5829] [INFO] Заказ успешно удален
[2022-09-11 13:14:41.5829] [INFO] Обновление заказа
[2022-09-11 13:14:41.6258] [INFO] Заказ успешно обновлен
[2022-09-11 13:14:43.3375] [INFO] Открыто диалоговое окно для удаление заказа
[2022-09-11 13:14:44.0320] [INFO] Удаление заказа
[2022-09-11 13:14:44.0520] [INFO] Заказ успешно удален
[2022-09-11 13:14:44.0520] [INFO] Обновление заказа
[2022-09-11 13:14:44.0859] [INFO] Заказ успешно обновлен
[2022-09-11 13:14:45.0623] [INFO] Открыто диалоговое окно для удаление заказа
[2022-09-11 13:14:47.0348] [INFO] Удаление заказа
[2022-09-11 13:14:47.0727] [INFO] Заказ успешно удален
[2022-09-11 13:14:47.0727] [INFO] Обновление заказа
[2022-09-11 13:14:47.1445] [INFO] Заказ успешно обновлен
[2022-09-11 13:14:48.0866] [INFO] Открыто диалоговое окно для удаление заказа
[2022-09-11 13:14:48.7317] [INFO] Удаление заказа
[2022-09-11 13:14:48.7666] [INFO] Заказ успешно удален
[2022-09-11 13:14:48.7666] [INFO] Обновление заказа
[2022-09-11 13:14:48.7895] [INFO] Заказ успешно обновлен
[2022-09-11 13:14:52.0293] [INFO] Открыто диалоговое окно для изменение заказа
[2022-09-11 13:14:52.0532] [INFO] Открыто диалоговое окно заказа
[2022-09-11 13:14:52.0672] [INFO] Данные успешно получены
[2022-09-11 13:14:56.5409] [INFO] Добавление заказ в БД
[2022-09-11 13:14:56.5409] [INFO] Закрытые диалогового окна заказа
[2022-09-11 13:14:56.5489] [INFO] Изменение заказа
[2022-09-11 13:14:56.7693] [INFO] Заказ успешно изменен
[2022-09-11 13:14:56.7693] [INFO] Обновление заказа
[2022-09-11 13:14:56.7813] [INFO] Заказ успешно обновлен
[2022-09-11 13:14:59.5830] [INFO] Открыто диалоговое окно для изменение заказа
[2022-09-11 13:14:59.6020] [INFO] Открыто диалоговое окно заказа
[2022-09-11 13:14:59.6100] [INFO] Данные успешно получены
[2022-09-11 13:15:08.6909] [INFO] Добавление заказ в БД
[2022-09-11 13:15:08.6909] [INFO] Закрытые диалогового окна заказа
[2022-09-11 13:15:08.6909] [INFO] Изменение заказа
[2022-09-11 13:15:08.7837] [INFO] Заказ успешно изменен
[2022-09-11 13:15:08.7837] [INFO] Обновление заказа
[2022-09-11 13:15:08.8126] [INFO] Заказ успешно обновлен
[2022-09-11 13:15:14.9923] [INFO] Закрытые главной формы
