[2022-08-24 13:07:14.2908] [INFO] Загрузка формы авторизации
[2022-08-24 13:07:14.3427] [INFO] Загрузка токенов
[2022-08-24 13:07:14.5042] [INFO] Токен успешно обновлен
[2022-08-24 13:07:14.5042] [INFO] Автоматическая авторизация
[2022-08-24 13:07:30.1293] [ERROR] Ошибка -------> Cannot open database "SZGC" requested by the login. The login failed.
Login failed for user 'DESKTOP-96G4TQ5\thedr'.
[2022-08-24 13:07:30.1581] [ERROR] Ошибка -------> Cannot open database "SZGC" requested by the login. The login failed.
Login failed for user 'DESKTOP-96G4TQ5\thedr'.
[2022-08-24 13:09:00.5634] [INFO] Загрузка формы авторизации
[2022-08-24 13:09:00.6262] [INFO] Загрузка токенов
[2022-08-24 13:09:00.6581] [INFO] Токен успешно обновлен
[2022-08-24 13:09:00.6581] [INFO] Автоматическая авторизация
[2022-08-24 13:09:09.0640] [ERROR] Ошибка -------> An exception has been raised that is likely due to a transient failure. Consider enabling transient error resiliency by adding 'EnableRetryOnFailure()' to the 'UseSqlServer' call.
[2022-08-24 13:09:09.1019] [ERROR] Ошибка -------> An exception has been raised that is likely due to a transient failure. Consider enabling transient error resiliency by adding 'EnableRetryOnFailure()' to the 'UseSqlServer' call.
[2022-08-24 13:11:03.7749] [INFO] Загрузка формы авторизации
[2022-08-24 13:11:03.8417] [INFO] Загрузка токенов
[2022-08-24 13:11:04.0402] [INFO] Токен успешно обновлен
[2022-08-24 13:11:04.0402] [INFO] Автоматическая авторизация
[2022-08-24 13:11:12.2941] [ERROR] Ошибка -------> Не найдена сессия пользователя
[2022-08-24 13:11:12.3290] [ERROR] Ошибка -------> Не найдена сессия пользователя
[2022-08-24 13:11:16.6978] [INFO] Авторизация пользователя
[2022-08-24 13:11:17.1795] [INFO] Сохранение данных
[2022-08-24 13:11:17.1795] [INFO] Данные успешно сохранены
[2022-08-24 13:11:17.2353] [INFO] Загружено главня форма
[2022-08-24 13:11:17.2353] [INFO] Получение данных
[2022-08-24 13:11:17.2353] [INFO] Загрузка заказов
[2022-08-24 13:11:17.2353] [INFO] Заказыы успешно загружены
[2022-08-24 13:11:17.2353] [INFO] Успешное получение данных
[2022-08-24 13:11:50.8030] [INFO] Открыто диалоговое окно для изменение номенклатуры
[2022-08-24 13:11:50.8170] [ERROR] Ошибка -------> Вы не выбрали запись
[2022-08-24 13:11:56.9548] [INFO] Открыто диалоговое окно для изменение номенклатуры
[2022-08-24 13:11:56.9548] [ERROR] Ошибка -------> Вы не выбрали запись
[2022-08-24 13:11:59.0529] [INFO] Открыто диалоговое окно для изменение номенклатуры
[2022-08-24 13:11:59.0529] [ERROR] Ошибка -------> Вы не выбрали запись
[2022-08-24 13:12:00.4395] [INFO] Открыто диалоговое окно для изменение номенклатуры
[2022-08-24 13:12:00.4395] [ERROR] Ошибка -------> Вы не выбрали запись
[2022-08-24 13:12:01.8350] [INFO] Открыто диалоговое окно для изменение номенклатуры
[2022-08-24 13:12:01.8350] [ERROR] Ошибка -------> Вы не выбрали запись
[2022-08-24 13:12:03.2656] [INFO] Открыто диалоговое окно для изменение номенклатуры
[2022-08-24 13:12:03.2656] [ERROR] Ошибка -------> Вы не выбрали запись
[2022-08-24 13:12:04.8490] [INFO] Открыто диалоговое окно для изменение номенклатуры
[2022-08-24 13:12:04.8490] [ERROR] Ошибка -------> Вы не выбрали запись
[2022-08-24 13:12:06.9212] [INFO] Открыто диалоговое окно для изменение номенклатуры
[2022-08-24 13:12:06.9212] [ERROR] Ошибка -------> Вы не выбрали запись
[2022-08-24 13:12:08.6494] [INFO] Открыто диалоговое окно для изменение номенклатуры
[2022-08-24 13:12:08.6494] [ERROR] Ошибка -------> Вы не выбрали запись
[2022-08-24 13:13:41.4368] [INFO] Открыто диалоговое окно для добавление этапа
[2022-08-24 13:13:41.4557] [INFO] Открыто диалоговое окно этапа
[2022-08-24 13:13:46.4717] [INFO] Закрытые диалогового окно этапа
[2022-08-24 13:13:46.4717] [INFO] Добавление этапа
[2022-08-24 13:13:46.5146] [INFO] Этап успешно добавлено
[2022-08-24 13:13:46.5155] [INFO] Обновление этапа
[2022-08-24 13:13:46.5355] [INFO] Этап успешно обновлен
[2022-08-24 13:13:47.4728] [INFO] Открыто диалоговое окно для изменение этапа
[2022-08-24 13:13:47.4728] [INFO] Открыто диалоговое окно этапа
[2022-08-24 13:15:03.8568] [INFO] Открыто диалоговое окно для добавление заказа
[2022-08-24 13:15:03.8762] [INFO] Открыто диалоговое окно заказа
[2022-08-24 13:15:03.8762] [INFO] Данные успешно получены
[2022-08-24 13:15:19.6595] [INFO] Открыто диалоговое окно для добавление номенклатуры
[2022-08-24 13:15:19.6814] [INFO] Открыто диалоговое окно номенклатуры
[2022-08-24 13:15:35.9946] [INFO] Зактрытые диалогового окна номенклатуры
[2022-08-24 13:15:36.0146] [ERROR] Ошибка -------> Входная строка имела неверный формат.
[2022-08-24 13:15:41.7446] [INFO] Зактрытые диалогового окна номенклатуры
[2022-08-24 13:15:41.7528] [ERROR] Ошибка -------> Входная строка имела неверный формат.
[2022-08-24 13:15:44.7168] [INFO] Зактрытые диалогового окна номенклатуры
[2022-08-24 13:15:44.7168] [INFO] Диалоговое окно номенклатуры закрыто
[2022-08-24 13:15:44.7217] [INFO] Добавление номенклатуры
[2022-08-24 13:15:44.7896] [INFO] Номеклатура успешно добавлено
[2022-08-24 13:15:44.7896] [INFO] Обновление номенклатуры
[2022-08-24 13:15:44.8125] [INFO] Номенклатура успешно обновлен
[2022-08-24 13:16:04.5564] [INFO] Открыто диалоговое окно для изменение номенклатуры
[2022-08-24 13:16:04.5654] [INFO] Открыто диалоговое окно номенклатуры
[2022-08-24 13:16:56.0528] [INFO] Открыто диалоговое окно для изменение номенклатуры
[2022-08-24 13:16:56.0688] [INFO] Открыто диалоговое окно номенклатуры
[2022-08-24 13:17:09.5017] [INFO] Открыто диалоговое окно для добавление заказа
[2022-08-24 13:17:09.5017] [INFO] Открыто диалоговое окно заказа
[2022-08-24 13:17:09.5017] [INFO] Данные успешно получены
[2022-08-24 13:17:15.6341] [INFO] Добвыление номенклатуры
[2022-08-24 13:17:15.6558] [INFO] Загрузка номенклатуры
[2022-08-24 13:17:15.6747] [INFO] Номенклатуры успешно загружены
[2022-08-24 13:17:16.5158] [INFO] Закрытые диалогового окно выбора номенклатуры
[2022-08-24 13:17:16.5158] [INFO] Номенклатура успешно добавлено
[2022-08-24 13:19:04.3701] [ERROR] Ошибка -------> Входная строка имела неверный формат.
[2022-08-24 13:19:10.7611] [INFO] Открыто диалоговое окно для добавление заказа
[2022-08-24 13:19:10.7701] [INFO] Открыто диалоговое окно заказа
[2022-08-24 13:19:10.7701] [INFO] Данные успешно получены
[2022-08-24 13:19:12.7950] [INFO] Добвыление номенклатуры
[2022-08-24 13:19:12.8020] [INFO] Загрузка номенклатуры
[2022-08-24 13:19:12.8229] [INFO] Номенклатуры успешно загружены
[2022-08-24 13:19:13.7058] [INFO] Закрытые диалогового окно выбора номенклатуры
[2022-08-24 13:19:13.7058] [INFO] Номенклатура успешно добавлено
[2022-08-24 13:19:18.9099] [ERROR] Ошибка -------> Входная строка имела неверный формат.
[2022-08-24 13:19:21.4889] [INFO] Открыто диалоговое окно для добавление заказа
[2022-08-24 13:19:21.4889] [INFO] Открыто диалоговое окно заказа
[2022-08-24 13:19:21.4889] [INFO] Данные успешно получены
[2022-08-24 13:19:25.7590] [INFO] Добвыление номенклатуры
[2022-08-24 13:19:25.7664] [INFO] Загрузка номенклатуры
[2022-08-24 13:19:25.7820] [INFO] Номенклатуры успешно загружены
[2022-08-24 13:19:26.5951] [INFO] Закрытые диалогового окно выбора номенклатуры
[2022-08-24 13:19:26.5951] [INFO] Номенклатура успешно добавлено
[2022-08-24 13:20:42.5824] [ERROR] Ошибка -------> Входная строка имела неверный формат.
[2022-08-24 13:20:50.0083] [INFO] Открыто диалоговое окно для добавление заказа
[2022-08-24 13:20:50.0182] [INFO] Открыто диалоговое окно заказа
[2022-08-24 13:20:50.0182] [INFO] Данные успешно получены
[2022-08-24 13:20:50.7532] [INFO] Добвыление номенклатуры
[2022-08-24 13:20:50.7532] [INFO] Загрузка номенклатуры
[2022-08-24 13:20:50.7831] [INFO] Номенклатуры успешно загружены
[2022-08-24 13:20:51.5752] [INFO] Закрытые диалогового окно выбора номенклатуры
[2022-08-24 13:20:51.5812] [INFO] Номенклатура успешно добавлено
[2022-08-24 13:20:58.5055] [ERROR] Ошибка -------> Входная строка имела неверный формат.
[2022-08-24 13:21:21.4487] [INFO] Открыто диалоговое окно для добавление заказа
[2022-08-24 13:21:21.4576] [INFO] Открыто диалоговое окно заказа
[2022-08-24 13:21:21.4576] [INFO] Данные успешно получены
[2022-08-24 13:21:22.4390] [INFO] Добвыление номенклатуры
[2022-08-24 13:21:22.4390] [INFO] Загрузка номенклатуры
[2022-08-24 13:21:22.4659] [INFO] Номенклатуры успешно загружены
[2022-08-24 13:21:27.3795] [INFO] Открыто диалоговое окно для добавление заказа
[2022-08-24 13:21:27.3905] [INFO] Открыто диалоговое окно заказа
[2022-08-24 13:21:27.3905] [INFO] Данные успешно получены
[2022-08-24 13:21:28.2715] [INFO] Добвыление номенклатуры
[2022-08-24 13:21:28.2715] [INFO] Загрузка номенклатуры
[2022-08-24 13:21:28.2945] [INFO] Номенклатуры успешно загружены
[2022-08-24 13:21:29.0368] [INFO] Закрытые диалогового окно выбора номенклатуры
[2022-08-24 13:21:29.0368] [INFO] Номенклатура успешно добавлено
[2022-08-24 13:22:09.4842] [INFO] Открыто диалоговое окно для изменение номенклатуры
[2022-08-24 13:22:09.4842] [INFO] Открыто диалоговое окно номенклатуры
[2022-08-24 13:22:12.3950] [INFO] Зактрытые диалогового окна номенклатуры
[2022-08-24 13:22:12.3950] [INFO] Диалоговое окно номенклатуры закрыто
[2022-08-24 13:22:12.3950] [INFO] Изменение номенклатуры
[2022-08-24 13:22:12.4449] [INFO] Номенклатура успешно изменен
[2022-08-24 13:22:12.4449] [INFO] Обновление номенклатуры
[2022-08-24 13:22:12.4539] [INFO] Номенклатура успешно обновлен
[2022-08-24 13:22:14.0672] [INFO] Открыто диалоговое окно для добавление заказа
[2022-08-24 13:22:14.0672] [INFO] Открыто диалоговое окно заказа
[2022-08-24 13:22:14.0772] [INFO] Данные успешно получены
[2022-08-24 13:22:14.6050] [INFO] Добвыление номенклатуры
[2022-08-24 13:22:14.6119] [INFO] Загрузка номенклатуры
[2022-08-24 13:22:14.6289] [INFO] Номенклатуры успешно загружены
[2022-08-24 13:22:15.4179] [INFO] Закрытые диалогового окно выбора номенклатуры
[2022-08-24 13:22:15.4239] [INFO] Номенклатура успешно добавлено
[2022-08-24 13:22:48.1040] [INFO] Открыто диалоговое окно для добавление заказа
[2022-08-24 13:22:48.1129] [INFO] Открыто диалоговое окно заказа
[2022-08-24 13:22:48.1129] [INFO] Данные успешно получены
[2022-08-24 13:22:50.1739] [INFO] Добвыление номенклатуры
[2022-08-24 13:22:50.1739] [INFO] Загрузка номенклатуры
[2022-08-24 13:22:50.2009] [INFO] Номенклатуры успешно загружены
[2022-08-24 13:22:50.8978] [INFO] Закрытые диалогового окно выбора номенклатуры
[2022-08-24 13:22:50.8978] [INFO] Номенклатура успешно добавлено
[2022-08-24 13:23:32.4151] [INFO] Загрузка формы авторизации
[2022-08-24 13:23:32.4969] [INFO] Загрузка токенов
[2022-08-24 13:23:32.5268] [INFO] Токен успешно обновлен
[2022-08-24 13:23:32.5268] [INFO] Автоматическая авторизация
[2022-08-24 13:23:38.0648] [INFO] Пользователь авторизован
[2022-08-24 13:23:38.0648] [INFO] Загрузка главной формы
[2022-08-24 13:23:38.0987] [INFO] Загружено главня форма
[2022-08-24 13:23:38.0987] [INFO] Получение данных
[2022-08-24 13:23:38.0987] [INFO] Загрузка заказов
[2022-08-24 13:23:38.0987] [INFO] Заказыы успешно загружены
[2022-08-24 13:23:38.0987] [INFO] Успешное получение данных
[2022-08-24 13:23:38.1196] [INFO] Закрываем окно авторизации
[2022-08-24 13:23:39.8299] [INFO] Открыто диалоговое окно для добавление заказа
[2022-08-24 13:23:39.8478] [INFO] Открыто диалоговое окно заказа
[2022-08-24 13:23:39.8478] [INFO] Данные успешно получены
[2022-08-24 13:23:40.9148] [INFO] Добвыление номенклатуры
[2022-08-24 13:23:40.9278] [INFO] Загрузка номенклатуры
[2022-08-24 13:23:40.9448] [INFO] Номенклатуры успешно загружены
[2022-08-24 13:23:41.7187] [INFO] Закрытые диалогового окно выбора номенклатуры
[2022-08-24 13:23:41.7187] [INFO] Номенклатура успешно добавлено
[2022-08-24 13:24:22.2847] [INFO] Загрузка формы авторизации
[2022-08-24 13:24:22.3934] [INFO] Загрузка токенов
[2022-08-24 13:24:22.4413] [INFO] Токен успешно обновлен
[2022-08-24 13:24:22.4413] [INFO] Автоматическая авторизация
[2022-08-24 13:24:28.6489] [INFO] Пользователь авторизован
[2022-08-24 13:24:28.6489] [INFO] Загрузка главной формы
[2022-08-24 13:24:28.6838] [INFO] Загружено главня форма
[2022-08-24 13:24:28.6838] [INFO] Получение данных
[2022-08-24 13:24:28.6868] [INFO] Загрузка заказов
[2022-08-24 13:24:28.6868] [INFO] Заказыы успешно загружены
[2022-08-24 13:24:28.6868] [INFO] Успешное получение данных
[2022-08-24 13:24:28.7047] [INFO] Закрываем окно авторизации
[2022-08-24 13:24:31.2157] [INFO] Открыто диалоговое окно для добавление заказа
[2022-08-24 13:24:31.2376] [INFO] Открыто диалоговое окно заказа
[2022-08-24 13:24:31.2376] [INFO] Данные успешно получены
[2022-08-24 13:24:31.9628] [INFO] Добвыление номенклатуры
[2022-08-24 13:24:31.9767] [INFO] Загрузка номенклатуры
[2022-08-24 13:24:32.0496] [INFO] Номенклатуры успешно загружены
[2022-08-24 13:24:32.6741] [INFO] Закрытые диалогового окно выбора номенклатуры
[2022-08-24 13:24:32.6741] [INFO] Номенклатура успешно добавлено
[2022-08-24 13:26:48.2505] [INFO] Открыто диалоговое окно для изменение номенклатуры
[2022-08-24 13:26:48.2727] [INFO] Открыто диалоговое окно номенклатуры
[2022-08-24 13:26:54.4579] [INFO] Зактрытые диалогового окна номенклатуры
[2022-08-24 13:26:54.4579] [INFO] Диалоговое окно номенклатуры закрыто
[2022-08-24 13:26:54.4579] [INFO] Изменение номенклатуры
[2022-08-24 13:26:54.5336] [INFO] Номенклатура успешно изменен
[2022-08-24 13:26:54.5336] [INFO] Обновление номенклатуры
[2022-08-24 13:26:54.5336] [INFO] Номенклатура успешно обновлен
[2022-08-24 13:26:56.2817] [INFO] Открыто диалоговое окно для добавление заказа
[2022-08-24 13:26:56.2817] [INFO] Открыто диалоговое окно заказа
[2022-08-24 13:26:56.2817] [INFO] Данные успешно получены
[2022-08-24 13:26:56.9588] [INFO] Добвыление номенклатуры
[2022-08-24 13:26:56.9688] [INFO] Загрузка номенклатуры
[2022-08-24 13:26:56.9848] [INFO] Номенклатуры успешно загружены
[2022-08-24 13:26:57.7303] [INFO] Закрытые диалогового окно выбора номенклатуры
[2022-08-24 13:26:57.7363] [INFO] Номенклатура успешно добавлено
[2022-08-24 13:27:13.2579] [INFO] Открыто диалоговое окно для добавление заказа
[2022-08-24 13:27:13.2689] [INFO] Открыто диалоговое окно заказа
[2022-08-24 13:27:13.2689] [INFO] Данные успешно получены
[2022-08-24 13:27:14.7140] [INFO] Добвыление номенклатуры
[2022-08-24 13:27:14.7300] [INFO] Загрузка номенклатуры
[2022-08-24 13:27:14.7489] [INFO] Номенклатуры успешно загружены
[2022-08-24 13:27:15.5529] [INFO] Закрытые диалогового окно выбора номенклатуры
[2022-08-24 13:27:15.5529] [INFO] Номенклатура успешно добавлено
[2022-08-24 13:27:39.1590] [INFO] Добвыление этапа
[2022-08-24 13:27:39.1750] [INFO] Загрузка этапа
[2022-08-24 13:27:39.1919] [INFO] Этапы успешно загружены
[2022-08-24 13:27:42.7273] [INFO] Закрытые диалогового окна выбора этапа
[2022-08-24 13:27:42.7273] [INFO] Этап успешно добавлен
[2022-08-24 13:27:51.3193] [ERROR] Ошибка -------> Заполните все поля корректно
[2022-08-24 13:27:54.3755] [INFO] Добавление заказ в БД
[2022-08-24 13:27:54.3755] [INFO] Закрытые диалогового окна заказа
[2022-08-24 13:27:54.3755] [INFO] Добавление заказа
[2022-08-24 13:27:54.6170] [ERROR] Ошибка -------> An error occurred while updating the entries. See the inner exception for details.
[2022-08-24 13:28:02.4081] [INFO] Открыто диалоговое окно для добавление заказа
[2022-08-24 13:28:02.4081] [INFO] Открыто диалоговое окно заказа
[2022-08-24 13:28:02.4081] [INFO] Данные успешно получены
[2022-08-24 13:28:07.0062] [INFO] Открыто диалоговое окно для добавление заказа
[2022-08-24 13:28:07.0152] [INFO] Открыто диалоговое окно заказа
[2022-08-24 13:28:07.0152] [INFO] Данные успешно получены
[2022-08-24 13:28:14.2093] [INFO] Открыто диалоговое окно для изменение номенклатуры
[2022-08-24 13:28:14.2223] [INFO] Открыто диалоговое окно номенклатуры
[2022-08-24 13:28:15.1931] [INFO] Добавление этапа
[2022-08-24 13:28:15.2071] [INFO] Открыто диалоговое окно этапов
[2022-08-24 13:28:15.9572] [INFO] Закрытые диалогового окна
[2022-08-24 13:28:15.9572] [INFO] Этап успешно добавлен
[2022-08-24 13:28:16.5119] [INFO] Зактрытые диалогового окна номенклатуры
[2022-08-24 13:28:16.5119] [INFO] Диалоговое окно номенклатуры закрыто
[2022-08-24 13:28:16.5159] [INFO] Изменение номенклатуры
[2022-08-24 13:28:16.5584] [INFO] Номенклатура успешно изменен
[2022-08-24 13:28:16.5584] [INFO] Обновление номенклатуры
[2022-08-24 13:28:16.5754] [INFO] Номенклатура успешно обновлен
[2022-08-24 13:28:18.2606] [INFO] Открыто диалоговое окно для добавление заказа
[2022-08-24 13:28:18.2716] [INFO] Открыто диалоговое окно заказа
[2022-08-24 13:28:18.2716] [INFO] Данные успешно получены
[2022-08-24 13:28:19.3828] [INFO] Добвыление номенклатуры
[2022-08-24 13:28:19.3906] [INFO] Загрузка номенклатуры
[2022-08-24 13:28:19.4076] [INFO] Номенклатуры успешно загружены
[2022-08-24 13:28:20.3745] [INFO] Закрытые диалогового окно выбора номенклатуры
[2022-08-24 13:28:20.3745] [INFO] Номенклатура успешно добавлено
[2022-08-24 13:28:29.9920] [ERROR] Ошибка -------> Заполните все поля корректно
[2022-08-24 13:28:32.6000] [INFO] Добавление заказ в БД
[2022-08-24 13:28:32.6000] [INFO] Закрытые диалогового окна заказа
[2022-08-24 13:28:32.6000] [INFO] Добавление заказа
[2022-08-24 13:28:32.7359] [ERROR] Ошибка -------> An error occurred while updating the entries. See the inner exception for details.
[2022-08-24 13:29:03.2761] [INFO] Открыто диалоговое окно для добавление заказа
[2022-08-24 13:29:03.2932] [INFO] Открыто диалоговое окно заказа
[2022-08-24 13:29:03.2932] [INFO] Данные успешно получены
[2022-08-24 13:29:05.4230] [INFO] Добвыление номенклатуры
[2022-08-24 13:29:05.4230] [INFO] Загрузка номенклатуры
[2022-08-24 13:29:05.4479] [INFO] Номенклатуры успешно загружены
[2022-08-24 13:29:06.3540] [INFO] Закрытые диалогового окно выбора номенклатуры
[2022-08-24 13:29:06.3600] [INFO] Номенклатура успешно добавлено
[2022-08-24 13:29:11.1124] [INFO] Добавление заказ в БД
[2022-08-24 13:29:11.1124] [INFO] Закрытые диалогового окна заказа
[2022-08-24 13:29:11.1124] [INFO] Добавление заказа
[2022-08-24 13:30:50.7616] [INFO] Загрузка формы авторизации
[2022-08-24 13:30:50.8154] [INFO] Загрузка токенов
[2022-08-24 13:30:50.8433] [INFO] Токен успешно обновлен
[2022-08-24 13:30:50.8433] [INFO] Автоматическая авторизация
[2022-08-24 13:30:56.4814] [INFO] Пользователь авторизован
[2022-08-24 13:30:56.4814] [INFO] Загрузка главной формы
[2022-08-24 13:30:56.5163] [INFO] Загружено главня форма
[2022-08-24 13:30:56.5163] [INFO] Получение данных
[2022-08-24 13:30:56.5163] [INFO] Загрузка заказов
[2022-08-24 13:30:56.5163] [INFO] Заказыы успешно загружены
[2022-08-24 13:30:56.5163] [INFO] Успешное получение данных
[2022-08-24 13:30:56.5372] [INFO] Закрываем окно авторизации
[2022-08-24 13:30:58.0239] [INFO] Открыто диалоговое окно для добавление заказа
[2022-08-24 13:30:58.0469] [INFO] Открыто диалоговое окно заказа
[2022-08-24 13:30:58.0469] [INFO] Данные успешно получены
[2022-08-24 13:30:58.9302] [INFO] Добвыление номенклатуры
[2022-08-24 13:30:58.9452] [INFO] Загрузка номенклатуры
[2022-08-24 13:30:59.0400] [INFO] Номенклатуры успешно загружены
[2022-08-24 13:30:59.9356] [INFO] Закрытые диалогового окно выбора номенклатуры
[2022-08-24 13:30:59.9426] [INFO] Номенклатура успешно добавлено
[2022-08-24 13:31:05.7610] [INFO] Добавление заказ в БД
[2022-08-24 13:31:05.7610] [INFO] Закрытые диалогового окна заказа
[2022-08-24 13:31:05.7650] [INFO] Добавление заказа
[2022-08-24 14:04:35.6754] [INFO] Загрузка формы авторизации
[2022-08-24 14:04:35.7253] [INFO] Загрузка токенов
[2022-08-24 14:04:35.9587] [INFO] Токен успешно обновлен
[2022-08-24 14:04:35.9587] [INFO] Автоматическая авторизация
[2022-08-24 14:04:46.3502] [ERROR] Ошибка -------> Не найдена сессия пользователя
[2022-08-24 14:04:46.3871] [ERROR] Ошибка -------> Не найдена сессия пользователя
[2022-08-24 14:04:55.2496] [INFO] Авторизация пользователя
[2022-08-24 14:04:55.7274] [INFO] Сохранение данных
[2022-08-24 14:04:55.7274] [INFO] Данные успешно сохранены
[2022-08-24 14:04:55.7740] [INFO] Загружено главня форма
[2022-08-24 14:04:55.7740] [INFO] Получение данных
[2022-08-24 14:04:55.7740] [INFO] Загрузка заказов
[2022-08-24 14:04:55.7740] [INFO] Заказыы успешно загружены
[2022-08-24 14:04:55.7810] [INFO] Успешное получение данных
[2022-08-24 14:04:57.5204] [INFO] Открыто диалоговое окно для добавление заказа
[2022-08-24 14:04:57.5404] [INFO] Открыто диалоговое окно заказа
[2022-08-24 14:04:57.5404] [INFO] Данные успешно получены
[2022-08-24 14:04:59.3196] [INFO] Добвыление номенклатуры
[2022-08-24 14:04:59.3375] [INFO] Загрузка номенклатуры
[2022-08-24 14:04:59.3794] [INFO] Номенклатуры успешно загружены
[2022-08-24 14:05:03.3467] [INFO] Открыто диалоговое окно для добавление этапа
[2022-08-24 14:05:03.3627] [INFO] Открыто диалоговое окно этапа
[2022-08-24 14:05:05.0850] [INFO] Закрытые диалогового окно этапа
[2022-08-24 14:05:05.0850] [INFO] Добавление этапа
[2022-08-24 14:05:05.1279] [INFO] Этап успешно добавлено
[2022-08-24 14:05:05.1279] [INFO] Обновление этапа
[2022-08-24 14:05:05.1478] [INFO] Этап успешно обновлен
[2022-08-24 14:05:06.0020] [INFO] Открыто диалоговое окно для добавление номенклатуры
[2022-08-24 14:05:06.0199] [INFO] Открыто диалоговое окно номенклатуры
[2022-08-24 14:05:17.4162] [INFO] Добавление этапа
[2022-08-24 14:05:17.4311] [INFO] Открыто диалоговое окно этапов
[2022-08-24 14:05:18.1477] [INFO] Закрытые диалогового окна
[2022-08-24 14:05:18.1477] [INFO] Этап успешно добавлен
[2022-08-24 14:05:18.5098] [INFO] Зактрытые диалогового окна номенклатуры
[2022-08-24 14:05:18.5098] [INFO] Диалоговое окно номенклатуры закрыто
[2022-08-24 14:05:18.5098] [INFO] Добавление номенклатуры
[2022-08-24 14:05:18.6165] [INFO] Номеклатура успешно добавлено
[2022-08-24 14:05:18.6165] [INFO] Обновление номенклатуры
[2022-08-24 14:05:18.6450] [INFO] Номенклатура успешно обновлен
[2022-08-24 14:05:21.2046] [INFO] Открыто диалоговое окно для добавление заказа
[2022-08-24 14:05:21.2046] [INFO] Открыто диалоговое окно заказа
[2022-08-24 14:05:21.2046] [INFO] Данные успешно получены
[2022-08-24 14:05:22.6325] [INFO] Добвыление номенклатуры
[2022-08-24 14:05:22.6404] [INFO] Загрузка номенклатуры
[2022-08-24 14:05:22.6594] [INFO] Номенклатуры успешно загружены
[2022-08-24 14:05:23.5758] [INFO] Закрытые диалогового окно выбора номенклатуры
[2022-08-24 14:05:23.5838] [INFO] Номенклатура успешно добавлено
[2022-08-24 14:05:35.3588] [INFO] Добавление заказ в БД
[2022-08-24 14:05:35.3588] [INFO] Закрытые диалогового окна заказа
[2022-08-24 14:05:35.3588] [INFO] Добавление заказа
[2022-08-24 14:05:45.5871] [INFO] Заказ успешно добавлено
[2022-08-24 14:05:45.5871] [INFO] Обновление заказа
[2022-08-24 14:05:45.6190] [INFO] Заказ успешно обновлен
[2022-08-24 14:05:49.7515] [INFO] Открыто диалоговое окно для изменение заказа
[2022-08-24 14:05:49.7515] [INFO] Открыто диалоговое окно заказа
[2022-08-24 14:05:49.7654] [INFO] Данные успешно получены
[2022-08-24 14:05:56.0153] [INFO] Добавление заказ в БД
[2022-08-24 14:05:56.0153] [INFO] Закрытые диалогового окна заказа
[2022-08-24 14:05:56.0153] [INFO] Изменение заказа
[2022-08-24 14:05:56.1070] [INFO] Заказ успешно изменен
[2022-08-24 14:05:56.1070] [INFO] Обновление заказа
[2022-08-24 14:05:56.1170] [INFO] Заказ успешно обновлен
[2022-08-24 14:05:58.8622] [INFO] Открыто диалоговое окно для изменение заказа
[2022-08-24 14:05:58.8622] [INFO] Открыто диалоговое окно заказа
[2022-08-24 14:05:58.8741] [INFO] Данные успешно получены
[2022-08-24 14:06:07.7483] [INFO] Добавление заказ в БД
[2022-08-24 14:06:07.7483] [INFO] Закрытые диалогового окна заказа
[2022-08-24 14:06:07.7523] [INFO] Изменение заказа
[2022-08-24 14:06:07.7732] [INFO] Заказ успешно изменен
[2022-08-24 14:06:07.7732] [INFO] Обновление заказа
[2022-08-24 14:06:07.7842] [INFO] Заказ успешно обновлен
[2022-08-24 14:06:10.1858] [INFO] Открыто диалоговое окно для изменение заказа
[2022-08-24 14:06:10.1957] [INFO] Открыто диалоговое окно заказа
[2022-08-24 14:06:10.1957] [INFO] Данные успешно получены
[2022-08-24 14:06:15.4926] [INFO] Добавление заказ в БД
[2022-08-24 14:06:15.4926] [INFO] Закрытые диалогового окна заказа
[2022-08-24 14:06:15.4926] [INFO] Изменение заказа
[2022-08-24 14:06:15.5146] [INFO] Заказ успешно изменен
[2022-08-24 14:06:15.5146] [INFO] Обновление заказа
[2022-08-24 14:06:15.5255] [INFO] Заказ успешно обновлен
[2022-08-24 14:06:16.7039] [INFO] Открыто диалоговое окно для изменение заказа
[2022-08-24 14:06:16.7039] [ERROR] Ошибка -------> Вы не выбрали запись
[2022-08-24 14:06:18.5177] [INFO] Открыто диалоговое окно для изменение заказа
[2022-08-24 14:06:18.5177] [INFO] Открыто диалоговое окно заказа
[2022-08-24 14:06:18.5303] [INFO] Данные успешно получены
[2022-08-24 14:06:22.7925] [INFO] Добавление заказ в БД
[2022-08-24 14:06:22.7925] [INFO] Закрытые диалогового окна заказа
[2022-08-24 14:06:22.7965] [INFO] Изменение заказа
[2022-08-24 14:06:22.9799] [ERROR] Ошибка -------> An error occurred while updating the entries. See the inner exception for details.
[2022-08-24 14:06:35.3561] [INFO] Открыто диалоговое окно для изменение заказа
[2022-08-24 14:06:35.3651] [INFO] Открыто диалоговое окно заказа
[2022-08-24 14:06:35.3651] [INFO] Данные успешно получены
[2022-08-24 14:06:39.7262] [INFO] Открыто диалоговое окно для изменение заказа
[2022-08-24 14:06:39.7352] [INFO] Открыто диалоговое окно заказа
[2022-08-24 14:06:39.7352] [INFO] Данные успешно получены
[2022-08-24 14:07:25.4452] [INFO] Открыто диалоговое окно для изменение заказа
[2022-08-24 14:07:25.4572] [INFO] Открыто диалоговое окно заказа
[2022-08-24 14:07:25.4572] [INFO] Данные успешно получены
[2022-08-24 14:07:35.8840] [INFO] Открыто диалоговое окно для изменение заказа
[2022-08-24 14:07:35.8949] [INFO] Открыто диалоговое окно заказа
[2022-08-24 14:07:35.8949] [INFO] Данные успешно получены
[2022-08-24 15:19:13.2695] [INFO] Загрузка формы авторизации
[2022-08-24 15:19:13.5005] [INFO] Загрузка токенов
[2022-08-24 15:19:14.0645] [INFO] Токен успешно обновлен
[2022-08-24 15:19:14.0645] [INFO] Автоматическая авторизация
[2022-08-24 15:23:04.5689] [INFO] Загрузка формы авторизации
[2022-08-24 15:23:04.7479] [INFO] Загрузка токенов
[2022-08-24 15:23:05.0209] [INFO] Токен успешно обновлен
[2022-08-24 15:23:05.0209] [INFO] Автоматическая авторизация
[2022-08-24 15:23:30.5910] [ERROR] Ошибка -------> Не найдена сессия пользователя
[2022-08-24 15:23:30.6549] [ERROR] Ошибка -------> Не найдена сессия пользователя
[2022-08-24 15:23:39.1977] [INFO] Авторизация пользователя
[2022-08-24 15:23:39.8646] [INFO] Сохранение данных
[2022-08-24 15:23:39.8646] [INFO] Данные успешно сохранены
[2022-08-24 15:23:39.9596] [INFO] Загружено главня форма
[2022-08-24 15:23:39.9596] [INFO] Получение данных
[2022-08-24 15:23:39.9596] [INFO] Загрузка заказов
[2022-08-24 15:23:39.9596] [INFO] Заказыы успешно загружены
[2022-08-24 15:23:39.9596] [INFO] Успешное получение данных
[2022-08-24 15:23:43.8207] [INFO] Открыто диалоговое окно для добавление этапа
[2022-08-24 15:23:43.8537] [INFO] Открыто диалоговое окно этапа
[2022-08-24 15:23:50.8456] [INFO] Закрытые диалогового окно этапа
[2022-08-24 15:23:50.8566] [INFO] Добавление этапа
[2022-08-24 15:23:50.9166] [INFO] Этап успешно добавлено
[2022-08-24 15:23:50.9166] [INFO] Обновление этапа
[2022-08-24 15:23:50.9766] [INFO] Этап успешно обновлен
[2022-08-24 15:23:52.5613] [INFO] Открыто диалоговое окно для добавление номенклатуры
[2022-08-24 15:23:52.6133] [INFO] Открыто диалоговое окно номенклатуры
[2022-08-24 15:24:08.1155] [INFO] Добавление этапа
[2022-08-24 15:24:08.1494] [INFO] Открыто диалоговое окно этапов
[2022-08-24 15:24:08.7664] [INFO] Закрытые диалогового окна
[2022-08-24 15:24:08.7883] [INFO] Этап успешно добавлен
[2022-08-24 15:24:11.1295] [INFO] Зактрытые диалогового окна номенклатуры
[2022-08-24 15:24:11.1295] [INFO] Диалоговое окно номенклатуры закрыто
[2022-08-24 15:24:11.1295] [INFO] Добавление номенклатуры
[2022-08-24 15:24:11.2755] [INFO] Номеклатура успешно добавлено
[2022-08-24 15:24:11.2755] [INFO] Обновление номенклатуры
[2022-08-24 15:24:11.3225] [INFO] Номенклатура успешно обновлен
[2022-08-24 15:24:13.9905] [INFO] Открыто диалоговое окно для добавление заказа
[2022-08-24 15:24:14.0205] [INFO] Открыто диалоговое окно заказа
[2022-08-24 15:24:14.0205] [INFO] Данные успешно получены
[2022-08-24 15:24:15.0056] [INFO] Добвыление номенклатуры
[2022-08-24 15:24:15.0456] [INFO] Загрузка номенклатуры
[2022-08-24 15:24:15.1026] [INFO] Номенклатуры успешно загружены
[2022-08-24 15:24:16.0997] [INFO] Закрытые диалогового окно выбора номенклатуры
[2022-08-24 15:24:16.1257] [INFO] Номенклатура успешно добавлено
[2022-08-24 15:24:23.3036] [INFO] Добавление заказ в БД
[2022-08-24 15:24:23.3036] [INFO] Закрытые диалогового окна заказа
[2022-08-24 15:24:23.3036] [INFO] Добавление заказа
[2022-08-24 15:24:23.4746] [INFO] Заказ успешно добавлено
[2022-08-24 15:24:23.4746] [INFO] Обновление заказа
[2022-08-24 15:24:23.5166] [INFO] Заказ успешно обновлен
[2022-08-24 15:24:25.7066] [INFO] Открыто диалоговое окно для изменение заказа
[2022-08-24 15:24:25.7236] [INFO] Открыто диалоговое окно заказа
[2022-08-24 15:24:25.7236] [INFO] Данные успешно получены
[2022-08-24 15:24:38.2411] [INFO] Добавление заказ в БД
[2022-08-24 15:24:38.2411] [INFO] Закрытые диалогового окна заказа
[2022-08-24 15:24:38.2551] [INFO] Изменение заказа
[2022-08-24 15:24:38.3951] [INFO] Заказ успешно изменен
[2022-08-24 15:24:38.3951] [INFO] Обновление заказа
[2022-08-24 15:24:38.4103] [INFO] Заказ успешно обновлен
[2022-08-24 15:24:40.4922] [INFO] Открыто диалоговое окно для изменение заказа
[2022-08-24 15:24:40.5076] [INFO] Открыто диалоговое окно заказа
[2022-08-24 15:24:40.5076] [INFO] Данные успешно получены
[2022-08-24 15:24:53.9561] [INFO] Добавление заказ в БД
[2022-08-24 15:24:53.9561] [INFO] Закрытые диалогового окна заказа
[2022-08-24 15:24:53.9671] [INFO] Изменение заказа
[2022-08-24 15:24:54.0121] [INFO] Заказ успешно изменен
[2022-08-24 15:24:54.0121] [INFO] Обновление заказа
[2022-08-24 15:24:54.0302] [INFO] Заказ успешно обновлен
[2022-08-24 15:24:55.7460] [INFO] Открыто диалоговое окно для изменение заказа
[2022-08-24 15:24:55.7700] [INFO] Открыто диалоговое окно заказа
[2022-08-24 15:24:55.7700] [INFO] Данные успешно получены
[2022-08-24 15:24:59.4400] [INFO] Добавление заказ в БД
[2022-08-24 15:24:59.4400] [INFO] Закрытые диалогового окна заказа
[2022-08-24 15:24:59.4490] [INFO] Изменение заказа
[2022-08-24 15:24:59.5320] [INFO] Заказ успешно изменен
[2022-08-24 15:24:59.5320] [INFO] Обновление заказа
[2022-08-24 15:24:59.5640] [INFO] Заказ успешно обновлен
[2022-08-24 15:25:01.0393] [INFO] Открыто диалоговое окно для изменение заказа
[2022-08-24 15:25:01.0601] [INFO] Открыто диалоговое окно заказа
[2022-08-24 15:25:01.0691] [INFO] Данные успешно получены
[2022-08-24 15:25:04.3104] [INFO] Добавление заказ в БД
[2022-08-24 15:25:04.3104] [INFO] Закрытые диалогового окна заказа
[2022-08-24 15:25:04.3224] [INFO] Изменение заказа
[2022-08-24 15:25:04.4214] [INFO] Заказ успешно изменен
[2022-08-24 15:25:04.4214] [INFO] Обновление заказа
[2022-08-24 15:25:04.4504] [INFO] Заказ успешно обновлен
[2022-08-24 15:25:05.7384] [INFO] Открыто диалоговое окно для изменение заказа
[2022-08-24 15:25:05.7631] [INFO] Открыто диалоговое окно заказа
[2022-08-24 15:25:05.7701] [INFO] Данные успешно получены
[2022-08-24 15:25:10.3214] [INFO] Добавление заказ в БД
[2022-08-24 15:25:10.3214] [INFO] Закрытые диалогового окна заказа
[2022-08-24 15:25:10.3324] [INFO] Изменение заказа
[2022-08-24 15:25:10.3964] [INFO] Заказ успешно изменен
[2022-08-24 15:25:10.3964] [INFO] Обновление заказа
[2022-08-24 15:25:10.4174] [INFO] Заказ успешно обновлен
[2022-08-24 15:25:17.1512] [INFO] Закрытые главной формы
[2022-08-24 21:17:06.7350] [INFO] Загрузка формы авторизации
[2022-08-24 21:17:06.7889] [INFO] Загрузка токенов
[2022-08-24 21:17:06.9153] [INFO] Токен успешно обновлен
[2022-08-24 21:17:06.9153] [INFO] Автоматическая авторизация
[2022-08-24 21:17:18.2489] [ERROR] Ошибка -------> Не найдена сессия пользователя
[2022-08-24 21:17:18.2878] [ERROR] Ошибка -------> Не найдена сессия пользователя
[2022-08-24 21:17:29.5664] [INFO] Авторизация пользователя
[2022-08-24 21:17:30.0753] [INFO] Сохранение данных
[2022-08-24 21:17:30.0793] [INFO] Данные успешно сохранены
[2022-08-24 21:17:30.1392] [INFO] Загружено главня форма
[2022-08-24 21:17:30.1392] [INFO] Получение данных
[2022-08-24 21:17:30.1422] [INFO] Загрузка заказов
[2022-08-24 21:17:30.1422] [INFO] Заказыы успешно загружены
[2022-08-24 21:17:30.1422] [INFO] Успешное получение данных
[2022-08-24 21:17:32.5926] [INFO] Открыто диалоговое окно для добавление этапа
[2022-08-24 21:17:32.6085] [INFO] Открыто диалоговое окно этапа
[2022-08-24 21:17:34.5118] [INFO] Закрытые диалогового окно этапа
[2022-08-24 21:17:34.5158] [INFO] Добавление этапа
[2022-08-24 21:17:34.5579] [INFO] Этап успешно добавлено
[2022-08-24 21:17:34.5579] [INFO] Обновление этапа
[2022-08-24 21:17:34.5809] [INFO] Этап успешно обновлен
[2022-08-24 21:17:47.9009] [INFO] Открыто диалоговое окно для добавление номенклатуры
[2022-08-24 21:17:47.9209] [INFO] Открыто диалоговое окно номенклатуры
[2022-08-24 21:18:01.0941] [INFO] Добавление этапа
[2022-08-24 21:18:01.0941] [INFO] Открыто диалоговое окно этапов
[2022-08-24 21:18:01.8634] [INFO] Закрытые диалогового окна
[2022-08-24 21:18:01.8634] [INFO] Этап успешно добавлен
[2022-08-24 21:18:04.6109] [INFO] Зактрытые диалогового окна номенклатуры
[2022-08-24 21:18:04.6109] [INFO] Диалоговое окно номенклатуры закрыто
[2022-08-24 21:18:04.6109] [INFO] Добавление номенклатуры
[2022-08-24 21:18:04.6937] [INFO] Номеклатура успешно добавлено
[2022-08-24 21:18:04.6937] [INFO] Обновление номенклатуры
[2022-08-24 21:18:04.7246] [INFO] Номенклатура успешно обновлен
[2022-08-24 21:18:06.7695] [INFO] Открыто диалоговое окно для добавление заказа
[2022-08-24 21:18:06.7874] [INFO] Открыто диалоговое окно заказа
[2022-08-24 21:18:06.7874] [INFO] Данные успешно получены
[2022-08-24 21:18:07.8751] [INFO] Добвыление номенклатуры
[2022-08-24 21:18:07.8751] [INFO] Загрузка номенклатуры
[2022-08-24 21:18:07.9100] [INFO] Номенклатуры успешно загружены
[2022-08-24 21:18:09.1768] [INFO] Закрытые диалогового окно выбора номенклатуры
[2022-08-24 21:18:09.1768] [INFO] Номенклатура успешно добавлено
[2022-08-24 21:18:43.0406] [INFO] Добавление заказ в БД
[2022-08-24 21:18:43.0406] [INFO] Закрытые диалогового окна заказа
[2022-08-24 21:18:43.0406] [INFO] Добавление заказа
[2022-08-24 21:18:43.1524] [INFO] Заказ успешно добавлено
[2022-08-24 21:18:43.1524] [INFO] Обновление заказа
[2022-08-24 21:18:43.1833] [INFO] Заказ успешно обновлен
[2022-08-24 21:18:49.1000] [INFO] Открыто диалоговое окно для изменение заказа
[2022-08-24 21:18:49.1100] [INFO] Открыто диалоговое окно заказа
[2022-08-24 21:18:49.1100] [INFO] Данные успешно получены
[2022-08-24 21:18:53.5005] [INFO] Добавление заказ в БД
[2022-08-24 21:18:53.5005] [INFO] Закрытые диалогового окна заказа
[2022-08-24 21:18:53.5005] [INFO] Изменение заказа
[2022-08-24 21:18:53.5993] [INFO] Заказ успешно изменен
[2022-08-24 21:18:53.5993] [INFO] Обновление заказа
[2022-08-24 21:18:53.6152] [INFO] Заказ успешно обновлен
[2022-08-24 21:18:57.6984] [INFO] Открыто диалоговое окно для изменение заказа
[2022-08-24 21:18:57.7153] [INFO] Открыто диалоговое окно заказа
[2022-08-24 21:18:57.7193] [INFO] Данные успешно получены
[2022-08-24 21:19:01.2693] [INFO] Добавление заказ в БД
[2022-08-24 21:19:01.2693] [INFO] Закрытые диалогового окна заказа
[2022-08-24 21:19:01.2693] [INFO] Изменение заказа
[2022-08-24 21:19:01.2922] [INFO] Заказ успешно изменен
[2022-08-24 21:19:01.2922] [INFO] Обновление заказа
[2022-08-24 21:19:01.3022] [INFO] Заказ успешно обновлен
[2022-08-24 21:19:03.7791] [INFO] Открыто диалоговое окно для изменение заказа
[2022-08-24 21:19:03.7921] [INFO] Открыто диалоговое окно заказа
[2022-08-24 21:19:03.7961] [INFO] Данные успешно получены
[2022-08-24 21:19:10.4193] [INFO] Добавление заказ в БД
[2022-08-24 21:19:10.4193] [INFO] Закрытые диалогового окна заказа
[2022-08-24 21:19:10.4223] [INFO] Изменение заказа
[2022-08-24 21:19:10.4413] [INFO] Заказ успешно изменен
[2022-08-24 21:19:10.4413] [INFO] Обновление заказа
[2022-08-24 21:19:10.4413] [INFO] Заказ успешно обновлен
[2022-08-24 21:20:10.2617] [INFO] Открыто диалоговое окно для изменение заказа
[2022-08-24 21:20:10.2727] [INFO] Открыто диалоговое окно заказа
[2022-08-24 21:20:10.2727] [INFO] Данные успешно получены
[2022-08-24 21:20:15.8777] [INFO] Открыто диалоговое окно для изменение заказа
[2022-08-24 21:20:15.8777] [INFO] Открыто диалоговое окно заказа
[2022-08-24 21:20:15.8926] [INFO] Данные успешно получены
[2022-08-24 21:20:37.2102] [INFO] Открыто диалоговое окно для изменение заказа
[2022-08-24 21:20:37.2213] [INFO] Открыто диалоговое окно заказа
[2022-08-24 21:20:37.2213] [INFO] Данные успешно получены
[2022-08-24 21:20:43.5211] [INFO] Добавление заказ в БД
[2022-08-24 21:20:43.5211] [INFO] Закрытые диалогового окна заказа
[2022-08-24 21:20:43.5211] [INFO] Изменение заказа
[2022-08-24 21:20:43.5640] [INFO] Заказ успешно изменен
[2022-08-24 21:20:43.5640] [INFO] Обновление заказа
[2022-08-24 21:20:43.5640] [INFO] Заказ успешно обновлен
[2022-08-24 21:20:44.8566] [INFO] Открыто диалоговое окно для изменение заказа
[2022-08-24 21:20:44.8676] [INFO] Открыто диалоговое окно заказа
[2022-08-24 21:20:44.8676] [INFO] Данные успешно получены
[2022-08-24 21:20:51.6035] [INFO] Добавление заказ в БД
[2022-08-24 21:20:51.6035] [INFO] Закрытые диалогового окна заказа
[2022-08-24 21:20:51.6094] [INFO] Изменение заказа
[2022-08-24 21:20:51.6274] [INFO] Заказ успешно изменен
[2022-08-24 21:20:51.6274] [INFO] Обновление заказа
[2022-08-24 21:20:51.6274] [INFO] Заказ успешно обновлен
[2022-08-24 21:20:53.2858] [INFO] Открыто диалоговое окно для изменение заказа
[2022-08-24 21:20:53.2968] [INFO] Открыто диалоговое окно заказа
[2022-08-24 21:20:53.2968] [INFO] Данные успешно получены
