[2022-09-13 13:04:20.2046] [INFO] Загрузка формы авторизации
[2022-09-13 13:04:20.2814] [INFO] Загрузка токенов
[2022-09-13 13:04:20.3373] [INFO] Токен успешно обновлен
[2022-09-13 13:04:20.3373] [INFO] Автоматическая авторизация
[2022-09-13 13:04:32.5522] [ERROR] Ошибка -------> An exception has been raised that is likely due to a transient failure. Consider enabling transient error resiliency by adding 'EnableRetryOnFailure()' to the 'UseSqlServer' call.
[2022-09-13 13:04:32.5967] [ERROR] Ошибка -------> An exception has been raised that is likely due to a transient failure. Consider enabling transient error resiliency by adding 'EnableRetryOnFailure()' to the 'UseSqlServer' call.
[2022-09-13 13:05:18.0764] [INFO] Загрузка формы авторизации
[2022-09-13 13:05:18.1413] [INFO] Загрузка токенов
[2022-09-13 13:05:18.1792] [INFO] Токен успешно обновлен
[2022-09-13 13:05:18.1792] [INFO] Автоматическая авторизация
[2022-09-13 13:05:26.6821] [ERROR] Ошибка -------> Не найдена сессия пользователя
[2022-09-13 13:05:26.7168] [ERROR] Ошибка -------> Не найдена сессия пользователя
[2022-09-13 13:05:35.4599] [INFO] Авторизация пользователя
[2022-09-13 13:05:35.8425] [ERROR] Ошибка -------> Превышено количество сессий
[2022-09-13 17:02:45.8839] [INFO] Загрузка формы авторизации
[2022-09-13 17:02:45.9357] [INFO] Загрузка токенов
[2022-09-13 17:02:46.2120] [INFO] Токен успешно обновлен
[2022-09-13 17:02:46.2120] [INFO] Автоматическая авторизация
[2022-09-13 17:02:56.9632] [ERROR] Ошибка -------> Не найдена сессия пользователя
[2022-09-13 17:02:57.0001] [ERROR] Ошибка -------> Не найдена сессия пользователя
[2022-09-13 17:03:18.6555] [INFO] Загрузка формы авторизации
[2022-09-13 17:03:18.6984] [INFO] Загрузка токенов
[2022-09-13 17:03:18.7243] [INFO] Токен успешно обновлен
[2022-09-13 17:03:18.7243] [INFO] Автоматическая авторизация
[2022-09-13 17:03:24.1979] [ERROR] Ошибка -------> Не найдена сессия пользователя
[2022-09-13 17:03:24.2349] [ERROR] Ошибка -------> Не найдена сессия пользователя
[2022-09-13 17:03:28.3028] [INFO] Авторизация пользователя
[2022-09-13 17:03:28.8339] [INFO] Сохранение данных
[2022-09-13 17:03:28.8339] [INFO] Данные успешно сохранены
[2022-09-13 17:03:28.9183] [INFO] Загружено главня форма
[2022-09-13 17:03:28.9183] [INFO] Получение данных
[2022-09-13 17:03:28.9183] [INFO] Загрузка заказов
[2022-09-13 17:03:28.9183] [INFO] Успешное получение данных
[2022-09-13 17:03:29.4619] [INFO] Заказыы успешно загружены
[2022-09-13 17:03:31.9597] [INFO] Открыто диалоговое окно для изменение заказа
[2022-09-13 17:03:31.9844] [INFO] Открыто диалоговое окно заказа
[2022-09-13 17:03:31.9844] [INFO] Данные успешно получены
[2022-09-13 17:03:41.5058] [INFO] Добавление заказ в БД
[2022-09-13 17:03:41.5058] [INFO] Закрытые диалогового окна заказа
[2022-09-13 17:03:41.5058] [INFO] Изменение заказа
[2022-09-13 17:03:41.7138] [INFO] Заказ успешно изменен
[2022-09-13 17:03:41.7148] [INFO] Обновление заказа
[2022-09-13 17:03:41.7148] [INFO] Заказ успешно обновлен
[2022-09-13 17:51:03.0271] [INFO] Загрузка формы авторизации
[2022-09-13 17:51:03.0770] [INFO] Загрузка токенов
[2022-09-13 17:51:03.2744] [INFO] Токен успешно обновлен
[2022-09-13 17:51:03.2744] [INFO] Автоматическая авторизация
[2022-09-13 17:51:08.5247] [ERROR] Ошибка -------> Не найдена сессия пользователя
[2022-09-13 17:51:08.5596] [ERROR] Ошибка -------> Не найдена сессия пользователя
[2022-09-13 17:51:14.8580] [INFO] Авторизация пользователя
[2022-09-13 17:51:15.3834] [INFO] Сохранение данных
[2022-09-13 17:51:15.3874] [INFO] Данные успешно сохранены
[2022-09-13 17:51:15.4054] [ERROR] Ошибка -------> Unable to resolve type: SZGC.Desktop.Presenters.Main.MainPresenter, service name: 
[2022-09-13 17:51:15.4054] [ERROR] Ошибка -------> Unable to resolve type: SZGC.Desktop.Presenters.Main.MainPresenter, service name: 
[2022-09-13 17:52:13.7680] [INFO] Загрузка формы авторизации
[2022-09-13 17:52:13.8339] [INFO] Загрузка токенов
[2022-09-13 17:52:13.8618] [INFO] Токен успешно обновлен
[2022-09-13 17:52:13.8618] [INFO] Автоматическая авторизация
[2022-09-13 17:52:19.6293] [INFO] Пользователь авторизован
[2022-09-13 17:52:19.6293] [INFO] Загрузка главной формы
[2022-09-13 17:52:19.6762] [INFO] Загружено главня форма
[2022-09-13 17:52:19.6762] [INFO] Получение данных
[2022-09-13 17:52:19.6832] [INFO] Загрузка заказов
[2022-09-13 17:52:19.6832] [INFO] Успешное получение данных
[2022-09-13 17:52:19.6991] [INFO] Закрываем окно авторизации
[2022-09-13 17:52:20.1848] [INFO] Заказыы успешно загружены
[2022-09-13 17:52:57.6990] [INFO] Загрузка формы авторизации
[2022-09-13 17:52:57.7957] [INFO] Загрузка токенов
[2022-09-13 17:52:57.8291] [INFO] Токен успешно обновлен
[2022-09-13 17:52:57.8291] [INFO] Автоматическая авторизация
[2022-09-13 17:53:03.5069] [INFO] Пользователь авторизован
[2022-09-13 17:53:03.5069] [INFO] Загрузка главной формы
[2022-09-13 17:53:03.5448] [INFO] Загружено главня форма
[2022-09-13 17:53:03.5448] [INFO] Получение данных
[2022-09-13 17:53:03.5448] [INFO] Загрузка заказов
[2022-09-13 17:53:03.5448] [INFO] Успешное получение данных
[2022-09-13 17:53:03.5621] [INFO] Закрываем окно авторизации
[2022-09-13 17:53:04.0289] [INFO] Заказыы успешно загружены
[2022-09-13 17:54:06.9223] [INFO] Загрузка формы авторизации
[2022-09-13 17:54:06.9757] [INFO] Загрузка токенов
[2022-09-13 17:54:07.0006] [INFO] Токен успешно обновлен
[2022-09-13 17:54:07.0006] [INFO] Автоматическая авторизация
[2022-09-13 17:54:12.6360] [INFO] Пользователь авторизован
[2022-09-13 17:54:12.6360] [INFO] Загрузка главной формы
[2022-09-13 17:54:12.6719] [INFO] Загружено главня форма
[2022-09-13 17:54:12.6719] [INFO] Получение данных
[2022-09-13 17:54:12.6719] [INFO] Загрузка заказов
[2022-09-13 17:54:12.6719] [INFO] Успешное получение данных
[2022-09-13 17:54:12.6939] [INFO] Закрываем окно авторизации
[2022-09-13 17:54:13.1710] [INFO] Заказыы успешно загружены
[2022-09-13 18:09:24.4065] [INFO] Загрузка формы авторизации
[2022-09-13 18:09:24.4694] [INFO] Загрузка токенов
[2022-09-13 18:09:24.4953] [INFO] Токен успешно обновлен
[2022-09-13 18:09:24.4953] [INFO] Автоматическая авторизация
[2022-09-13 18:09:29.9679] [INFO] Пользователь авторизован
[2022-09-13 18:09:29.9679] [INFO] Загрузка главной формы
[2022-09-13 18:09:30.0118] [INFO] Загружено главня форма
[2022-09-13 18:09:30.0118] [INFO] Получение данных
[2022-09-13 18:09:30.0118] [INFO] Загрузка заказов
[2022-09-13 18:09:30.0118] [INFO] Успешное получение данных
[2022-09-13 18:09:30.0348] [INFO] Закрываем окно авторизации
[2022-09-13 18:09:30.5689] [INFO] Заказыы успешно загружены
[2022-09-13 18:09:31.7607] [INFO] Открыто диалоговое окно изменения настроек
[2022-09-13 18:09:31.7772] [INFO] Открыто диалоговое окно настроек
[2022-09-13 18:20:35.4041] [INFO] Загрузка формы авторизации
[2022-09-13 18:20:35.4679] [INFO] Загрузка токенов
[2022-09-13 18:20:35.6733] [INFO] Токен успешно обновлен
[2022-09-13 18:20:35.6733] [INFO] Автоматическая авторизация
[2022-09-13 18:20:46.4721] [INFO] Пользователь авторизован
[2022-09-13 18:20:46.4721] [INFO] Загрузка главной формы
[2022-09-13 18:20:46.5190] [INFO] Загружено главня форма
[2022-09-13 18:20:46.5190] [INFO] Получение данных
[2022-09-13 18:20:46.5190] [INFO] Загрузка заказов
[2022-09-13 18:20:46.5269] [INFO] Успешное получение данных
[2022-09-13 18:20:46.5269] [INFO] Закрываем окно авторизации
[2022-09-13 18:20:47.0176] [INFO] Заказыы успешно загружены
[2022-09-13 18:20:48.1605] [INFO] Открыто диалоговое окно изменения настроек
[2022-09-13 18:20:48.1797] [INFO] Открыто диалоговое окно настроек
[2022-09-13 18:20:50.1896] [INFO] Сохранение настроек
[2022-09-13 18:20:50.1896] [INFO] Обновление заказа
[2022-09-13 18:20:50.2163] [INFO] Заказ успешно обновлен
[2022-09-13 18:20:51.8428] [INFO] Открыто диалоговое окно изменения настроек
[2022-09-13 18:20:51.8428] [INFO] Открыто диалоговое окно настроек
[2022-09-13 18:20:53.8687] [INFO] Сохранение настроек
[2022-09-13 18:20:53.8727] [INFO] Обновление заказа
[2022-09-13 18:20:53.8906] [INFO] Заказ успешно обновлен
[2022-09-13 18:21:05.0992] [INFO] Загрузка формы авторизации
[2022-09-13 18:21:05.1880] [INFO] Загрузка токенов
[2022-09-13 18:21:05.2279] [INFO] Токен успешно обновлен
[2022-09-13 18:21:05.2279] [INFO] Автоматическая авторизация
[2022-09-13 18:21:11.0463] [INFO] Пользователь авторизован
[2022-09-13 18:21:11.0463] [INFO] Загрузка главной формы
[2022-09-13 18:21:11.0892] [INFO] Загружено главня форма
[2022-09-13 18:21:11.0892] [INFO] Получение данных
[2022-09-13 18:21:11.0951] [INFO] Загрузка заказов
[2022-09-13 18:21:11.0951] [INFO] Успешное получение данных
[2022-09-13 18:21:11.1101] [INFO] Закрываем окно авторизации
[2022-09-13 18:21:11.5912] [INFO] Заказыы успешно загружены
[2022-09-13 18:21:12.6248] [INFO] Открыто диалоговое окно изменения настроек
[2022-09-13 18:21:12.6368] [INFO] Открыто диалоговое окно настроек
[2022-09-13 18:21:41.3061] [INFO] Загрузка формы авторизации
[2022-09-13 18:21:41.3589] [INFO] Загрузка токенов
[2022-09-13 18:21:41.3898] [INFO] Токен успешно обновлен
[2022-09-13 18:21:41.3898] [INFO] Автоматическая авторизация
[2022-09-13 18:21:46.8575] [INFO] Пользователь авторизован
[2022-09-13 18:21:46.8575] [INFO] Загрузка главной формы
[2022-09-13 18:21:46.8963] [INFO] Загружено главня форма
[2022-09-13 18:21:46.8963] [INFO] Получение данных
[2022-09-13 18:21:46.9034] [INFO] Загрузка заказов
[2022-09-13 18:21:46.9034] [INFO] Успешное получение данных
[2022-09-13 18:21:46.9183] [INFO] Закрываем окно авторизации
[2022-09-13 18:21:47.4439] [INFO] Заказыы успешно загружены
[2022-09-13 18:21:48.2229] [INFO] Открыто диалоговое окно изменения настроек
[2022-09-13 18:21:48.2399] [INFO] Открыто диалоговое окно настроек
[2022-09-13 18:21:50.3304] [INFO] Открыто диалоговое окно изменения настроек
[2022-09-13 18:21:50.3304] [INFO] Открыто диалоговое окно настроек
[2022-09-13 18:21:51.9517] [INFO] Сохранение настроек
[2022-09-13 18:21:51.9517] [INFO] Обновление заказа
[2022-09-13 18:21:51.9856] [INFO] Заказ успешно обновлен
[2022-09-13 18:21:53.2018] [INFO] Открыто диалоговое окно изменения настроек
[2022-09-13 18:21:53.2018] [INFO] Открыто диалоговое окно настроек
[2022-09-13 18:21:55.3917] [INFO] Открыто диалоговое окно для добавление этапа
[2022-09-13 18:21:55.4077] [INFO] Открыто диалоговое окно этапа
[2022-09-13 18:21:59.8877] [INFO] Закрытые диалогового окно этапа
[2022-09-13 18:21:59.8877] [INFO] Добавление этапа
[2022-09-13 18:21:59.9695] [INFO] Этап успешно добавлено
[2022-09-13 18:21:59.9695] [INFO] Обновление этапа
[2022-09-13 18:21:59.9874] [INFO] Этап успешно обновлен
[2022-09-13 18:22:02.1017] [INFO] Открыто диалоговое окно для добавление номенклатуры
[2022-09-13 18:22:02.1207] [INFO] Открыто диалоговое окно номенклатуры
[2022-09-13 18:22:10.9428] [INFO] Добавление этапа
[2022-09-13 18:22:10.9627] [INFO] Открыто диалоговое окно этапов
[2022-09-13 18:22:11.6795] [INFO] Закрытые диалогового окна
[2022-09-13 18:22:11.6841] [INFO] Этап успешно добавлен
[2022-09-13 18:22:14.7110] [INFO] Зактрытые диалогового окна номенклатуры
[2022-09-13 18:22:14.7110] [INFO] Диалоговое окно номенклатуры закрыто
[2022-09-13 18:22:14.7163] [INFO] Добавление номенклатуры
[2022-09-13 18:22:14.7881] [INFO] Номеклатура успешно добавлено
[2022-09-13 18:22:14.7881] [INFO] Обновление номенклатуры
[2022-09-13 18:22:14.8140] [INFO] Номенклатура успешно обновлен
[2022-09-13 18:22:18.2833] [INFO] Открыто диалоговое окно для добавление заказа
[2022-09-13 18:22:18.3025] [INFO] Открыто диалоговое окно заказа
[2022-09-13 18:22:18.3025] [INFO] Данные успешно получены
[2022-09-13 18:22:21.0385] [INFO] Добвыление номенклатуры
[2022-09-13 18:22:21.0535] [INFO] Загрузка номенклатуры
[2022-09-13 18:22:21.0744] [INFO] Номенклатуры успешно загружены
[2022-09-13 18:22:22.2939] [INFO] Закрытые диалогового окно выбора номенклатуры
[2022-09-13 18:22:22.2939] [INFO] Номенклатура успешно добавлено
[2022-09-13 18:22:27.1817] [INFO] Добавление заказ в БД
[2022-09-13 18:22:27.1817] [INFO] Закрытые диалогового окна заказа
[2022-09-13 18:22:27.1867] [INFO] Добавление заказа
[2022-09-13 18:22:27.2977] [INFO] Заказ успешно добавлено
[2022-09-13 18:22:27.2977] [INFO] Обновление заказа
[2022-09-13 18:22:27.3306] [INFO] Заказ успешно обновлен
[2022-09-13 18:22:32.2889] [INFO] Открыто диалоговое окно для изменение заказа
[2022-09-13 18:22:32.3036] [INFO] Открыто диалоговое окно заказа
[2022-09-13 18:22:32.3036] [INFO] Данные успешно получены
[2022-09-13 18:22:40.1857] [INFO] Открыто диалоговое окно для изменение этапа
[2022-09-13 18:22:40.2040] [INFO] Открыто диалоговое окно этапа
[2022-09-13 18:22:41.8768] [INFO] Закрытые диалогового окно этапа
[2022-09-13 18:22:41.8768] [INFO] Изменение этапа
[2022-09-13 18:22:41.9088] [INFO] Этап успешно изменен
[2022-09-13 18:22:41.9088] [INFO] Обновление этапа
[2022-09-13 18:22:41.9178] [INFO] Этап успешно обновлен
[2022-09-13 18:22:43.0375] [INFO] Открыто диалоговое окно для изменение заказа
[2022-09-13 18:22:43.0505] [INFO] Открыто диалоговое окно заказа
[2022-09-13 18:22:43.0505] [INFO] Данные успешно получены
[2022-09-13 18:22:44.2300] [INFO] Добавление заказ в БД
[2022-09-13 18:22:44.2300] [INFO] Закрытые диалогового окна заказа
[2022-09-13 18:22:44.2300] [INFO] Изменение заказа
[2022-09-13 18:22:44.3212] [INFO] Заказ успешно изменен
[2022-09-13 18:22:44.3212] [INFO] Обновление заказа
[2022-09-13 18:22:44.3292] [INFO] Заказ успешно обновлен
[2022-09-13 18:22:45.9537] [INFO] Открыто диалоговое окно для изменение заказа
[2022-09-13 18:22:45.9667] [INFO] Открыто диалоговое окно заказа
[2022-09-13 18:22:45.9667] [INFO] Данные успешно получены
[2022-09-13 18:22:48.5790] [INFO] Добавление заказ в БД
[2022-09-13 18:22:48.5790] [INFO] Закрытые диалогового окна заказа
[2022-09-13 18:22:48.5790] [INFO] Изменение заказа
[2022-09-13 18:22:48.6050] [INFO] Заказ успешно изменен
[2022-09-13 18:22:48.6050] [INFO] Обновление заказа
[2022-09-13 18:22:48.6050] [INFO] Заказ успешно обновлен
[2022-09-13 18:22:52.8074] [INFO] Открыто диалоговое окно изменения настроек
[2022-09-13 18:22:52.8146] [INFO] Открыто диалоговое окно настроек
[2022-09-13 18:22:54.7623] [INFO] Сохранение настроек
[2022-09-13 18:22:54.7623] [INFO] Обновление заказа
[2022-09-13 18:22:54.7975] [INFO] Заказ успешно обновлен
[2022-09-13 18:22:56.1185] [INFO] Открыто диалоговое окно изменения настроек
[2022-09-13 18:22:56.1265] [INFO] Открыто диалоговое окно настроек
[2022-09-13 18:23:00.6207] [INFO] Сохранение настроек
[2022-09-13 18:23:00.6207] [INFO] Обновление заказа
[2022-09-13 18:23:00.6496] [INFO] Заказ успешно обновлен
[2022-09-13 18:23:07.3677] [INFO] Открыто диалоговое окно для изменение заказа
[2022-09-13 18:23:07.3826] [INFO] Открыто диалоговое окно заказа
[2022-09-13 18:23:07.3866] [INFO] Данные успешно получены
[2022-09-13 18:23:11.0426] [INFO] Добавление заказ в БД
[2022-09-13 18:23:11.0426] [INFO] Закрытые диалогового окна заказа
[2022-09-13 18:23:11.0426] [INFO] Изменение заказа
[2022-09-13 18:23:11.0815] [INFO] Заказ успешно изменен
[2022-09-13 18:23:11.0815] [INFO] Обновление заказа
[2022-09-13 18:23:11.0915] [INFO] Заказ успешно обновлен
[2022-09-13 18:23:15.0393] [INFO] Открыто диалоговое окно для изменение заказа
[2022-09-13 18:23:15.0513] [INFO] Открыто диалоговое окно заказа
[2022-09-13 18:23:15.0513] [INFO] Данные успешно получены
[2022-09-13 18:23:19.9116] [INFO] Добавление заказ в БД
[2022-09-13 18:23:19.9116] [INFO] Закрытые диалогового окна заказа
[2022-09-13 18:23:19.9116] [INFO] Изменение заказа
[2022-09-13 18:23:19.9555] [INFO] Заказ успешно изменен
[2022-09-13 18:23:19.9555] [INFO] Обновление заказа
[2022-09-13 18:23:19.9645] [INFO] Заказ успешно обновлен
[2022-09-13 18:23:22.0337] [INFO] Открыто диалоговое окно для изменение заказа
[2022-09-13 18:23:22.0474] [INFO] Открыто диалоговое окно заказа
[2022-09-13 18:23:22.0474] [INFO] Данные успешно получены
[2022-09-13 18:23:32.7947] [INFO] Добавление заказ в БД
[2022-09-13 18:23:32.7947] [INFO] Закрытые диалогового окна заказа
[2022-09-13 18:23:32.7947] [INFO] Изменение заказа
[2022-09-13 18:23:32.8208] [INFO] Заказ успешно изменен
[2022-09-13 18:23:32.8208] [INFO] Обновление заказа
[2022-09-13 18:23:32.8308] [INFO] Заказ успешно обновлен
[2022-09-13 18:23:37.5444] [INFO] Открыто диалоговое окно изменения настроек
[2022-09-13 18:23:37.5444] [INFO] Открыто диалоговое окно настроек
[2022-09-13 18:23:39.8303] [INFO] Сохранение настроек
[2022-09-13 18:23:39.8303] [INFO] Обновление заказа
[2022-09-13 18:23:39.8762] [INFO] Заказ успешно обновлен
