[2022-08-20 16:45:06.3285] [INFO] Загрузка формы авторизации
[2022-08-20 16:45:06.4335] [INFO] Загрузка токенов
[2022-08-20 16:45:06.6825] [INFO] Токен успешно обновлен
[2022-08-20 16:45:06.6825] [INFO] Автоматическая авторизация
[2022-08-20 16:45:30.5836] [INFO] Загрузка формы авторизации
[2022-08-20 16:45:30.6796] [INFO] Загрузка токенов
[2022-08-20 16:45:30.7216] [INFO] Токен успешно обновлен
[2022-08-20 16:45:30.7216] [INFO] Автоматическая авторизация
[2022-08-20 16:46:16.0265] [INFO] Загрузка формы авторизации
[2022-08-20 16:46:16.1425] [INFO] Загрузка токенов
[2022-08-20 16:46:16.1995] [INFO] Токен успешно обновлен
[2022-08-20 16:46:16.1995] [INFO] Автоматическая авторизация
[2022-08-20 16:46:55.3032] [INFO] Загрузка формы авторизации
[2022-08-20 16:46:55.4142] [INFO] Загрузка токенов
[2022-08-20 16:46:55.4782] [INFO] Токен успешно обновлен
[2022-08-20 16:46:55.4782] [INFO] Автоматическая авторизация
[2022-08-20 16:47:07.6543] [ERROR] Ошибка -------> Ссылка на объект не указывает на экземпляр объекта.
[2022-08-20 16:47:07.7083] [ERROR] Ошибка -------> Ссылка на объект не указывает на экземпляр объекта.
[2022-08-20 16:47:14.7139] [INFO] Авторизация пользователя
[2022-08-20 16:47:15.4760] [INFO] Сохранение данных
[2022-08-20 16:47:15.4760] [INFO] Данные успешно сохранены
[2022-08-20 16:47:15.5630] [INFO] Загружено главня форма
[2022-08-20 16:47:15.5630] [INFO] Получение данных
[2022-08-20 16:47:15.5690] [INFO] Загрузка заказов
[2022-08-20 16:47:15.5690] [INFO] Заказыы успешно загружены
[2022-08-20 16:47:15.5690] [INFO] Успешное получение данных
[2022-08-20 16:47:25.6989] [INFO] Открыто диалоговое окно для добавление номенклатуры
[2022-08-20 16:47:25.7359] [INFO] Открыто диалоговое окно номенклатуры
[2022-08-20 16:47:28.7570] [INFO] Добавление этапа
[2022-08-20 16:47:28.7815] [INFO] Открыто диалоговое окно этапов
[2022-08-20 16:47:48.1518] [INFO] Закрытые главной формы
[2022-08-20 16:48:27.3449] [INFO] Загрузка формы авторизации
[2022-08-20 16:48:27.4659] [INFO] Загрузка токенов
[2022-08-20 16:48:27.5119] [INFO] Токен успешно обновлен
[2022-08-20 16:48:27.5119] [INFO] Автоматическая авторизация
[2022-08-20 16:48:37.6412] [INFO] Пользователь авторизован
[2022-08-20 16:48:37.6412] [INFO] Загрузка главной формы
[2022-08-20 16:48:37.7032] [INFO] Загружено главня форма
[2022-08-20 16:48:37.7032] [INFO] Получение данных
[2022-08-20 16:48:37.7132] [INFO] Загрузка заказов
[2022-08-20 16:48:37.7132] [INFO] Заказыы успешно загружены
[2022-08-20 16:48:37.7232] [INFO] Успешное получение данных
[2022-08-20 16:48:37.7232] [INFO] Закрываем окно авторизации
[2022-08-20 16:48:43.4898] [INFO] Открыто диалоговое окно для добавление номенклатуры
[2022-08-20 16:48:43.5207] [INFO] Открыто диалоговое окно номенклатуры
[2022-08-20 16:48:44.3587] [INFO] Добавление этапа
[2022-08-20 16:48:44.3817] [INFO] Открыто диалоговое окно этапов
[2022-08-20 16:48:51.2111] [INFO] Закрытые главной формы
[2022-08-20 17:30:55.6057] [INFO] Загрузка формы авторизации
[2022-08-20 17:30:55.7887] [INFO] Загрузка токенов
[2022-08-20 17:30:55.8597] [INFO] Токен успешно обновлен
[2022-08-20 17:30:55.8597] [INFO] Автоматическая авторизация
[2022-08-20 17:31:11.0360] [INFO] Пользователь авторизован
[2022-08-20 17:31:11.0360] [INFO] Загрузка главной формы
[2022-08-20 17:31:11.1290] [INFO] Загружено главня форма
[2022-08-20 17:31:11.1290] [INFO] Получение данных
[2022-08-20 17:31:11.1290] [INFO] Загрузка заказов
[2022-08-20 17:31:11.1440] [INFO] Заказыы успешно загружены
[2022-08-20 17:31:11.1440] [INFO] Успешное получение данных
[2022-08-20 17:31:11.1440] [INFO] Закрываем окно авторизации
[2022-08-20 17:31:14.7030] [INFO] Открыто диалоговое окно для добавление номенклатуры
[2022-08-20 17:31:14.7660] [INFO] Открыто диалоговое окно номенклатуры
[2022-08-20 17:31:16.5961] [ERROR] Ошибка -------> Индекс за пределами диапазона. Индекс должен быть положительным числом, а его размер не должен превышать размер коллекции.
Имя параметра: index
[2022-08-20 17:31:19.7577] [INFO] Открыто диалоговое окно для добавление этапа
[2022-08-20 17:31:19.7755] [INFO] Открыто диалоговое окно этапа
[2022-08-20 17:31:25.2083] [INFO] Открыто диалоговое окно для добавление этапа
[2022-08-20 17:31:25.2233] [INFO] Открыто диалоговое окно этапа
[2022-08-20 17:31:28.6483] [INFO] Закрытые диалогового окно этапа
[2022-08-20 17:31:28.6483] [INFO] Добавление этапа
[2022-08-20 17:31:28.7903] [INFO] Этап успешно добавлено
[2022-08-20 17:31:28.7903] [INFO] Обновление этапа
[2022-08-20 17:31:28.8343] [INFO] Этап успешно обновлен
[2022-08-20 17:31:30.0743] [INFO] Открыто диалоговое окно для добавление номенклатуры
[2022-08-20 17:31:30.0973] [INFO] Открыто диалоговое окно номенклатуры
[2022-08-20 17:31:41.3148] [INFO] Добавление этапа
[2022-08-20 17:31:41.3428] [INFO] Открыто диалоговое окно этапов
[2022-08-20 17:31:43.8051] [INFO] Закрытые диалогового окна
[2022-08-20 17:31:43.8051] [INFO] Этап успешно добавлен
[2022-08-20 17:31:44.9271] [INFO] Добавление этапа
[2022-08-20 17:31:44.9521] [INFO] Открыто диалоговое окно этапов
[2022-08-20 17:31:45.5631] [INFO] Закрытые диалогового окна
[2022-08-20 17:31:45.5771] [INFO] Этап успешно добавлен
[2022-08-20 17:31:52.4036] [INFO] Открыто диалоговое окно для добавление этапа
[2022-08-20 17:31:52.4176] [INFO] Открыто диалоговое окно этапа
[2022-08-20 17:31:56.8996] [INFO] Закрытые диалогового окно этапа
[2022-08-20 17:31:56.8996] [INFO] Добавление этапа
[2022-08-20 17:31:56.9526] [INFO] Этап успешно добавлено
[2022-08-20 17:31:56.9526] [INFO] Обновление этапа
[2022-08-20 17:31:56.9736] [INFO] Этап успешно обновлен
[2022-08-20 17:31:59.6909] [INFO] Открыто диалоговое окно для добавление номенклатуры
[2022-08-20 17:31:59.7136] [INFO] Открыто диалоговое окно номенклатуры
[2022-08-20 17:32:15.4059] [INFO] Добавление этапа
[2022-08-20 17:32:15.4219] [INFO] Открыто диалоговое окно этапов
[2022-08-20 17:32:17.0610] [INFO] Закрытые диалогового окна
[2022-08-20 17:32:17.0670] [INFO] Этап успешно добавлен
[2022-08-20 17:32:17.9101] [INFO] Добавление этапа
[2022-08-20 17:32:17.9272] [INFO] Открыто диалоговое окно этапов
[2022-08-20 17:32:19.0486] [INFO] Закрытые диалогового окна
[2022-08-20 17:32:19.0586] [INFO] Этап успешно добавлен
[2022-08-20 17:32:20.4326] [ERROR] Ошибка -------> Строки нельзя программным способом добавить в коллекцию строк DataGridView, если элемент управления привязан к данным.
[2022-08-20 17:32:26.9703] [INFO] Закрытые главной формы
[2022-08-20 17:33:29.7360] [INFO] Загрузка формы авторизации
[2022-08-20 17:33:29.8200] [INFO] Загрузка токенов
[2022-08-20 17:33:29.8630] [INFO] Токен успешно обновлен
[2022-08-20 17:33:29.8630] [INFO] Автоматическая авторизация
[2022-08-20 17:33:36.4890] [INFO] Пользователь авторизован
[2022-08-20 17:33:36.4890] [INFO] Загрузка главной формы
[2022-08-20 17:33:36.5500] [INFO] Загружено главня форма
[2022-08-20 17:33:36.5500] [INFO] Получение данных
[2022-08-20 17:33:36.5500] [INFO] Загрузка заказов
[2022-08-20 17:33:36.5500] [INFO] Заказыы успешно загружены
[2022-08-20 17:33:36.5500] [INFO] Успешное получение данных
[2022-08-20 17:33:36.5890] [INFO] Закрываем окно авторизации
[2022-08-20 17:33:46.1528] [INFO] Открыто диалоговое окно для добавление номенклатуры
[2022-08-20 17:33:46.1907] [INFO] Открыто диалоговое окно номенклатуры
[2022-08-20 17:33:47.2476] [INFO] Добавление этапа
[2022-08-20 17:33:47.2729] [INFO] Открыто диалоговое окно этапов
[2022-08-20 17:33:48.6032] [INFO] Закрытые диалогового окна
[2022-08-20 17:33:48.6032] [INFO] Этап успешно добавлен
[2022-08-20 17:33:49.1737] [INFO] Добавление этапа
[2022-08-20 17:33:49.1897] [INFO] Открыто диалоговое окно этапов
[2022-08-20 17:33:50.5460] [INFO] Закрытые диалогового окна
[2022-08-20 17:33:50.5540] [INFO] Этап успешно добавлен
[2022-08-20 17:33:51.9281] [ERROR] Ошибка -------> Строки нельзя программным способом добавить в коллекцию строк DataGridView, если элемент управления привязан к данным.
[2022-08-20 17:34:00.5114] [INFO] Закрытые главной формы
[2022-08-20 17:44:46.0180] [INFO] Загрузка формы авторизации
[2022-08-20 17:44:46.1560] [INFO] Загрузка токенов
[2022-08-20 17:44:46.2270] [INFO] Токен успешно обновлен
[2022-08-20 17:44:46.2270] [INFO] Автоматическая авторизация
[2022-08-20 17:44:57.5549] [INFO] Пользователь авторизован
[2022-08-20 17:44:57.5549] [INFO] Загрузка главной формы
[2022-08-20 17:44:57.6259] [INFO] Загружено главня форма
[2022-08-20 17:44:57.6259] [INFO] Получение данных
[2022-08-20 17:44:57.6329] [INFO] Загрузка заказов
[2022-08-20 17:44:57.6329] [INFO] Заказыы успешно загружены
[2022-08-20 17:44:57.6329] [INFO] Успешное получение данных
[2022-08-20 17:44:57.6609] [INFO] Закрываем окно авторизации
[2022-08-20 17:45:06.7528] [INFO] Открыто диалоговое окно для добавление номенклатуры
[2022-08-20 17:45:06.7858] [INFO] Открыто диалоговое окно номенклатуры
[2022-08-20 17:45:08.5030] [INFO] Добавление этапа
[2022-08-20 17:45:08.5358] [INFO] Открыто диалоговое окно этапов
[2022-08-20 17:45:09.5242] [INFO] Закрытые диалогового окна
[2022-08-20 17:45:09.5392] [INFO] Этап успешно добавлен
[2022-08-20 17:45:10.3445] [INFO] Добавление этапа
[2022-08-20 17:45:10.3630] [INFO] Открыто диалоговое окно этапов
[2022-08-20 17:45:11.3515] [INFO] Закрытые диалогового окна
[2022-08-20 17:45:11.3515] [INFO] Этап успешно добавлен
[2022-08-20 17:45:16.6528] [INFO] Добавление этапа
[2022-08-20 17:45:16.6705] [INFO] Открыто диалоговое окно этапов
[2022-08-20 17:45:18.0755] [INFO] Закрытые диалогового окна
[2022-08-20 17:45:18.0865] [INFO] Этап успешно добавлен
[2022-08-20 17:45:19.9056] [INFO] Добавление этапа
[2022-08-20 17:45:19.9291] [INFO] Открыто диалоговое окно этапов
[2022-08-20 17:45:20.9871] [INFO] Закрытые диалогового окна
[2022-08-20 17:45:20.9971] [INFO] Этап успешно добавлен
[2022-08-20 17:45:25.3763] [INFO] Закрытые главной формы
[2022-08-20 17:49:09.1079] [INFO] Загрузка формы авторизации
[2022-08-20 17:49:09.2289] [INFO] Загрузка токенов
[2022-08-20 17:49:09.2699] [INFO] Токен успешно обновлен
[2022-08-20 17:49:09.2699] [INFO] Автоматическая авторизация
[2022-08-20 17:49:18.3932] [INFO] Пользователь авторизован
[2022-08-20 17:49:18.3932] [INFO] Загрузка главной формы
[2022-08-20 17:49:18.4492] [INFO] Загружено главня форма
[2022-08-20 17:49:18.4492] [INFO] Получение данных
[2022-08-20 17:49:18.4563] [INFO] Загрузка заказов
[2022-08-20 17:49:18.4563] [INFO] Заказыы успешно загружены
[2022-08-20 17:49:18.4563] [INFO] Успешное получение данных
[2022-08-20 17:49:18.4772] [INFO] Закрываем окно авторизации
[2022-08-20 17:49:35.3413] [INFO] Открыто диалоговое окно для добавление номенклатуры
[2022-08-20 17:49:35.3973] [INFO] Открыто диалоговое окно номенклатуры
[2022-08-20 17:49:40.9015] [INFO] Добавление этапа
[2022-08-20 17:49:40.9382] [INFO] Открыто диалоговое окно этапов
[2022-08-20 17:49:42.3089] [INFO] Закрытые диалогового окна
[2022-08-20 17:49:42.3179] [INFO] Этап успешно добавлен
[2022-08-20 17:49:44.7312] [INFO] Добавление этапа
[2022-08-20 17:49:44.7452] [INFO] Открыто диалоговое окно этапов
[2022-08-20 17:49:46.0017] [INFO] Закрытые диалогового окна
[2022-08-20 17:49:46.0097] [INFO] Этап успешно добавлен
[2022-08-20 17:49:46.6994] [INFO] Добавление этапа
[2022-08-20 17:49:46.7135] [INFO] Открыто диалоговое окно этапов
[2022-08-20 17:49:47.6172] [INFO] Закрытые диалогового окна
[2022-08-20 17:49:47.6172] [INFO] Этап успешно добавлен
[2022-08-20 17:49:54.3522] [INFO] Закрытые главной формы
[2022-08-20 17:54:30.3989] [INFO] Загрузка формы авторизации
[2022-08-20 17:54:30.4889] [INFO] Загрузка токенов
[2022-08-20 17:54:30.5329] [INFO] Токен успешно обновлен
[2022-08-20 17:54:30.5329] [INFO] Автоматическая авторизация
[2022-08-20 17:54:36.4206] [INFO] Загрузка формы авторизации
[2022-08-20 17:54:36.4996] [INFO] Загрузка токенов
[2022-08-20 17:54:36.5356] [INFO] Токен успешно обновлен
[2022-08-20 17:54:36.5356] [INFO] Автоматическая авторизация
[2022-08-20 17:54:43.5903] [INFO] Пользователь авторизован
[2022-08-20 17:54:43.5903] [INFO] Загрузка главной формы
[2022-08-20 17:54:43.6327] [INFO] Загружено главня форма
[2022-08-20 17:54:43.6327] [INFO] Получение данных
[2022-08-20 17:54:43.6327] [INFO] Загрузка заказов
[2022-08-20 17:54:43.6327] [INFO] Заказыы успешно загружены
[2022-08-20 17:54:43.6438] [INFO] Успешное получение данных
[2022-08-20 17:54:43.6438] [INFO] Закрываем окно авторизации
[2022-08-20 17:54:46.2811] [INFO] Открыто диалоговое окно для добавление номенклатуры
[2022-08-20 17:54:46.3141] [INFO] Открыто диалоговое окно номенклатуры
[2022-08-20 17:54:47.9081] [INFO] Добавление этапа
[2022-08-20 17:54:47.9381] [INFO] Открыто диалоговое окно этапов
[2022-08-20 17:54:48.9751] [INFO] Закрытые диалогового окна
[2022-08-20 17:54:48.9901] [INFO] Этап успешно добавлен
[2022-08-20 17:54:50.6764] [INFO] Добавление этапа
[2022-08-20 17:54:50.6954] [INFO] Открыто диалоговое окно этапов
[2022-08-20 17:54:52.6494] [INFO] Закрытые диалогового окна
[2022-08-20 17:54:52.6494] [INFO] Этап успешно добавлен
[2022-08-20 17:54:53.5384] [INFO] Добавление этапа
[2022-08-20 17:54:53.5564] [INFO] Открыто диалоговое окно этапов
[2022-08-20 18:49:40.7619] [INFO] Загрузка формы авторизации
[2022-08-20 18:49:40.8428] [INFO] Загрузка токенов
[2022-08-20 18:49:40.9746] [INFO] Токен успешно обновлен
[2022-08-20 18:49:40.9746] [INFO] Автоматическая авторизация
[2022-08-20 18:49:55.3572] [INFO] Пользователь авторизован
[2022-08-20 18:49:55.3572] [INFO] Загрузка главной формы
[2022-08-20 18:49:55.4292] [INFO] Загружено главня форма
[2022-08-20 18:49:55.4292] [INFO] Получение данных
[2022-08-20 18:49:55.4292] [INFO] Загрузка заказов
[2022-08-20 18:49:55.4292] [INFO] Заказыы успешно загружены
[2022-08-20 18:49:55.4422] [INFO] Успешное получение данных
[2022-08-20 18:49:55.4582] [INFO] Закрываем окно авторизации
[2022-08-20 18:49:58.3832] [INFO] Открыто диалоговое окно для добавление номенклатуры
[2022-08-20 18:49:58.4214] [INFO] Открыто диалоговое окно номенклатуры
[2022-08-20 18:50:06.6814] [INFO] Добавление этапа
[2022-08-20 18:50:06.7044] [INFO] Открыто диалоговое окно этапов
[2022-08-20 18:50:07.4028] [INFO] Закрытые диалогового окна
[2022-08-20 18:50:07.4108] [INFO] Этап успешно добавлен
[2022-08-20 18:50:08.1098] [INFO] Зактрытые диалогового окна номенклатуры
[2022-08-20 18:50:08.1098] [INFO] Диалоговое окно номенклатуры закрыто
[2022-08-20 18:50:08.1228] [INFO] Добавление номенклатуры
[2022-08-20 18:50:08.3466] [INFO] Номеклатура успешно добавлено
[2022-08-20 18:50:08.3486] [INFO] Обновление номенклатуры
[2022-08-20 18:50:08.4006] [INFO] Номенклатура успешно обновлен
[2022-08-20 18:50:10.0428] [INFO] Открыто диалоговое окно для добавление номенклатуры
[2022-08-20 18:50:10.0658] [INFO] Открыто диалоговое окно номенклатуры
[2022-08-20 18:50:18.2296] [INFO] Добавление этапа
[2022-08-20 18:50:18.2417] [INFO] Открыто диалоговое окно этапов
[2022-08-20 18:50:19.5995] [INFO] Закрытые диалогового окна
[2022-08-20 18:50:19.5995] [INFO] Этап успешно добавлен
[2022-08-20 18:50:20.9828] [INFO] Зактрытые диалогового окна номенклатуры
[2022-08-20 18:50:20.9828] [INFO] Диалоговое окно номенклатуры закрыто
[2022-08-20 18:50:20.9958] [INFO] Добавление номенклатуры
[2022-08-20 18:50:21.0318] [INFO] Номеклатура успешно добавлено
[2022-08-20 18:50:21.0318] [INFO] Обновление номенклатуры
[2022-08-20 18:50:21.0548] [INFO] Номенклатура успешно обновлен
[2022-08-20 18:50:23.4324] [INFO] Открыто диалоговое окно для добавление заказа
[2022-08-20 18:50:23.4564] [INFO] Открыто диалоговое окно заказа
[2022-08-20 18:50:23.4564] [INFO] Данные успешно получены
[2022-08-20 18:50:24.7631] [INFO] Добвыление номенклатуры
[2022-08-20 18:50:24.7861] [INFO] Загрузка номенклатуры
[2022-08-20 18:50:24.8291] [INFO] Номенклатуры успешно загружены
[2022-08-20 19:18:14.7982] [INFO] Загрузка формы авторизации
[2022-08-20 19:18:14.8772] [INFO] Загрузка токенов
[2022-08-20 19:18:14.9092] [INFO] Токен успешно обновлен
[2022-08-20 19:18:14.9092] [INFO] Автоматическая авторизация
[2022-08-20 19:18:22.0123] [INFO] Пользователь авторизован
[2022-08-20 19:18:22.0123] [INFO] Загрузка главной формы
[2022-08-20 19:18:22.0683] [INFO] Загружено главня форма
[2022-08-20 19:18:22.0683] [INFO] Получение данных
[2022-08-20 19:18:22.0683] [INFO] Загрузка заказов
[2022-08-20 19:18:22.0683] [INFO] Заказыы успешно загружены
[2022-08-20 19:18:22.0683] [INFO] Успешное получение данных
[2022-08-20 19:18:22.0933] [INFO] Закрываем окно авторизации
[2022-08-20 19:18:35.3786] [INFO] Открыто диалоговое окно для добавление заказа
[2022-08-20 19:18:35.4159] [INFO] Открыто диалоговое окно заказа
[2022-08-20 19:18:35.4159] [INFO] Данные успешно получены
[2022-08-20 19:18:36.4442] [INFO] Добвыление номенклатуры
[2022-08-20 19:18:36.4747] [INFO] Загрузка номенклатуры
[2022-08-20 19:18:36.6065] [ERROR] Ошибка -------> Изменение коллекции элементов невозможно, если задано свойство DataSource.
[2022-08-20 19:18:42.4635] [INFO] Добвыление номенклатуры
[2022-08-20 19:18:42.4815] [INFO] Загрузка номенклатуры
[2022-08-20 19:18:42.5595] [ERROR] Ошибка -------> Изменение коллекции элементов невозможно, если задано свойство DataSource.
[2022-08-20 19:18:46.3339] [ERROR] Ошибка -------> Изменение коллекции элементов невозможно, если задано свойство DataSource.
[2022-08-20 19:18:48.1464] [INFO] Закрытые главной формы
[2022-08-20 19:26:09.1152] [INFO] Загрузка формы авторизации
[2022-08-20 19:26:09.2462] [INFO] Загрузка токенов
[2022-08-20 19:26:09.2972] [INFO] Токен успешно обновлен
[2022-08-20 19:26:09.2972] [INFO] Автоматическая авторизация
[2022-08-20 19:26:17.5135] [INFO] Пользователь авторизован
[2022-08-20 19:26:17.5135] [INFO] Загрузка главной формы
[2022-08-20 19:26:17.5615] [INFO] Загружено главня форма
[2022-08-20 19:26:17.5615] [INFO] Получение данных
[2022-08-20 19:26:17.5665] [INFO] Загрузка заказов
[2022-08-20 19:26:17.5665] [INFO] Заказыы успешно загружены
[2022-08-20 19:26:17.5665] [INFO] Успешное получение данных
[2022-08-20 19:26:17.5845] [INFO] Закрываем окно авторизации
[2022-08-20 19:27:46.4329] [INFO] Открыто диалоговое окно для добавление заказа
[2022-08-20 19:27:46.4612] [INFO] Открыто диалоговое окно заказа
[2022-08-20 19:27:46.4612] [INFO] Данные успешно получены
[2022-08-20 19:27:47.1681] [INFO] Добвыление номенклатуры
[2022-08-20 19:27:47.1951] [INFO] Загрузка номенклатуры
[2022-08-20 19:27:47.3441] [ERROR] Ошибка -------> Изменение коллекции элементов невозможно, если задано свойство DataSource.
[2022-08-20 19:27:53.7277] [ERROR] Ошибка -------> Изменение коллекции элементов невозможно, если задано свойство DataSource.
[2022-08-20 19:27:57.3249] [INFO] Закрытые главной формы
[2022-08-20 19:28:24.7123] [INFO] Загрузка формы авторизации
[2022-08-20 19:28:24.7863] [INFO] Загрузка токенов
[2022-08-20 19:28:24.8193] [INFO] Токен успешно обновлен
[2022-08-20 19:28:24.8193] [INFO] Автоматическая авторизация
[2022-08-20 19:28:31.6389] [INFO] Пользователь авторизован
[2022-08-20 19:28:31.6389] [INFO] Загрузка главной формы
[2022-08-20 19:28:31.6959] [INFO] Загружено главня форма
[2022-08-20 19:28:31.6959] [INFO] Получение данных
[2022-08-20 19:28:31.6959] [INFO] Загрузка заказов
[2022-08-20 19:28:31.6959] [INFO] Заказыы успешно загружены
[2022-08-20 19:28:31.6959] [INFO] Успешное получение данных
[2022-08-20 19:28:31.7459] [INFO] Закрываем окно авторизации
[2022-08-20 19:28:33.1323] [INFO] Открыто диалоговое окно для добавление заказа
[2022-08-20 19:28:33.1603] [INFO] Открыто диалоговое окно заказа
[2022-08-20 19:28:33.1603] [INFO] Данные успешно получены
[2022-08-20 19:28:33.9764] [INFO] Добвыление номенклатуры
[2022-08-20 19:28:34.0116] [INFO] Загрузка номенклатуры
[2022-08-20 19:28:34.2436] [ERROR] Ошибка -------> Список, к которому привязан данный перечислитель, был изменен. Перечислитель может использоваться, только если список не изменяется.
[2022-08-20 19:28:43.9616] [INFO] Закрытые главной формы
[2022-08-20 19:30:46.9381] [INFO] Загрузка формы авторизации
[2022-08-20 19:30:47.0151] [INFO] Загрузка токенов
[2022-08-20 19:30:47.0471] [INFO] Токен успешно обновлен
[2022-08-20 19:30:47.0471] [INFO] Автоматическая авторизация
[2022-08-20 19:30:54.1098] [INFO] Пользователь авторизован
[2022-08-20 19:30:54.1098] [INFO] Загрузка главной формы
[2022-08-20 19:30:54.1518] [INFO] Загружено главня форма
[2022-08-20 19:30:54.1518] [INFO] Получение данных
[2022-08-20 19:30:54.1518] [INFO] Загрузка заказов
[2022-08-20 19:30:54.1628] [INFO] Заказыы успешно загружены
[2022-08-20 19:30:54.1628] [INFO] Успешное получение данных
[2022-08-20 19:30:54.1628] [INFO] Закрываем окно авторизации
[2022-08-20 19:30:56.5933] [INFO] Открыто диалоговое окно для добавление заказа
[2022-08-20 19:30:56.6244] [INFO] Открыто диалоговое окно заказа
[2022-08-20 19:30:56.6244] [INFO] Данные успешно получены
[2022-08-20 19:30:57.2647] [INFO] Добвыление номенклатуры
[2022-08-20 19:30:57.2945] [INFO] Загрузка номенклатуры
[2022-08-20 19:31:15.0365] [INFO] Номенклатуры успешно загружены
[2022-08-20 19:31:18.0796] [ERROR] Ошибка -------> Изменение коллекции элементов невозможно, если задано свойство DataSource.
[2022-08-20 19:32:16.1256] [INFO] Закрытые главной формы
[2022-08-20 19:40:41.7846] [INFO] Загрузка формы авторизации
[2022-08-20 19:40:41.8786] [INFO] Загрузка токенов
[2022-08-20 19:40:41.9146] [INFO] Токен успешно обновлен
[2022-08-20 19:40:41.9146] [INFO] Автоматическая авторизация
[2022-08-20 19:40:49.2637] [INFO] Пользователь авторизован
[2022-08-20 19:40:49.2637] [INFO] Загрузка главной формы
[2022-08-20 19:40:49.3177] [INFO] Загружено главня форма
[2022-08-20 19:40:49.3177] [INFO] Получение данных
[2022-08-20 19:40:49.3177] [INFO] Загрузка заказов
[2022-08-20 19:40:49.3367] [INFO] Заказыы успешно загружены
[2022-08-20 19:40:49.3367] [INFO] Успешное получение данных
[2022-08-20 19:40:49.3577] [INFO] Закрываем окно авторизации
[2022-08-20 19:40:59.0188] [INFO] Закрытые главной формы
[2022-08-20 19:43:41.9064] [INFO] Загрузка формы авторизации
[2022-08-20 19:43:42.0064] [INFO] Загрузка токенов
[2022-08-20 19:43:42.0434] [INFO] Токен успешно обновлен
[2022-08-20 19:43:42.0434] [INFO] Автоматическая авторизация
[2022-08-20 19:43:50.5707] [INFO] Пользователь авторизован
[2022-08-20 19:43:50.5707] [INFO] Загрузка главной формы
[2022-08-20 19:43:50.6160] [INFO] Загружено главня форма
[2022-08-20 19:43:50.6160] [INFO] Получение данных
[2022-08-20 19:43:50.6160] [INFO] Загрузка заказов
[2022-08-20 19:43:50.6160] [INFO] Заказыы успешно загружены
[2022-08-20 19:43:50.6160] [INFO] Успешное получение данных
[2022-08-20 19:43:50.6380] [INFO] Закрываем окно авторизации
[2022-08-20 19:44:45.1390] [INFO] Закрытые главной формы
[2022-08-20 20:08:54.1435] [INFO] Загрузка формы авторизации
[2022-08-20 20:08:54.2465] [INFO] Загрузка токенов
[2022-08-20 20:08:54.2975] [INFO] Токен успешно обновлен
[2022-08-20 20:08:54.2975] [INFO] Автоматическая авторизация
[2022-08-20 20:09:03.8646] [INFO] Пользователь авторизован
[2022-08-20 20:09:03.8646] [INFO] Загрузка главной формы
[2022-08-20 20:09:03.9206] [INFO] Загружено главня форма
[2022-08-20 20:09:03.9206] [INFO] Получение данных
[2022-08-20 20:09:03.9286] [INFO] Загрузка заказов
[2022-08-20 20:09:03.9286] [INFO] Заказыы успешно загружены
[2022-08-20 20:09:03.9286] [INFO] Успешное получение данных
[2022-08-20 20:09:03.9446] [INFO] Закрываем окно авторизации
[2022-08-20 20:09:06.7432] [INFO] Открыто диалоговое окно для добавление заказа
[2022-08-20 20:09:06.7673] [INFO] Открыто диалоговое окно заказа
[2022-08-20 20:09:06.7693] [INFO] Данные успешно получены
[2022-08-20 20:09:22.7568] [INFO] Закрытые главной формы
[2022-08-20 21:09:46.4828] [INFO] Загрузка формы авторизации
[2022-08-20 21:09:46.5678] [INFO] Загрузка токенов
[2022-08-20 21:09:46.7289] [INFO] Токен успешно обновлен
[2022-08-20 21:09:46.7289] [INFO] Автоматическая авторизация
[2022-08-20 21:10:19.2166] [INFO] Загрузка формы авторизации
[2022-08-20 21:10:19.3016] [INFO] Загрузка токенов
[2022-08-20 21:10:19.3616] [INFO] Токен успешно обновлен
[2022-08-20 21:10:19.3616] [INFO] Автоматическая авторизация
[2022-08-20 21:10:32.7182] [INFO] Загрузка формы авторизации
[2022-08-20 21:10:32.8032] [INFO] Загрузка токенов
[2022-08-20 21:10:32.8582] [INFO] Токен успешно обновлен
[2022-08-20 21:10:32.8582] [INFO] Автоматическая авторизация
[2022-08-20 21:10:43.1347] [ERROR] Ошибка -------> Ссылка на объект не указывает на экземпляр объекта.
[2022-08-20 21:10:43.1867] [ERROR] Ошибка -------> Ссылка на объект не указывает на экземпляр объекта.
[2022-08-20 21:10:51.2524] [INFO] Авторизация пользователя
[2022-08-20 21:10:51.9114] [INFO] Сохранение данных
[2022-08-20 21:10:51.9114] [INFO] Данные успешно сохранены
[2022-08-20 21:10:51.9804] [INFO] Загружено главня форма
[2022-08-20 21:10:51.9804] [INFO] Получение данных
[2022-08-20 21:10:51.9804] [INFO] Загрузка заказов
[2022-08-20 21:10:51.9904] [INFO] Заказыы успешно загружены
[2022-08-20 21:10:51.9904] [INFO] Успешное получение данных
[2022-08-20 21:10:54.6583] [INFO] Открыто диалоговое окно для добавление этапа
[2022-08-20 21:10:54.6842] [INFO] Открыто диалоговое окно этапа
[2022-08-20 21:10:59.3286] [INFO] Закрытые диалогового окно этапа
[2022-08-20 21:10:59.3336] [INFO] Добавление этапа
[2022-08-20 21:10:59.4076] [INFO] Этап успешно добавлено
[2022-08-20 21:10:59.4128] [INFO] Обновление этапа
[2022-08-20 21:10:59.4637] [INFO] Этап успешно обновлен
[2022-08-20 21:11:00.6977] [INFO] Открыто диалоговое окно для добавление этапа
[2022-08-20 21:11:00.7077] [INFO] Открыто диалоговое окно этапа
[2022-08-20 21:11:03.6902] [INFO] Закрытые диалогового окно этапа
[2022-08-20 21:11:03.6955] [INFO] Добавление этапа
[2022-08-20 21:11:03.7615] [INFO] Этап успешно добавлено
[2022-08-20 21:11:03.7615] [INFO] Обновление этапа
[2022-08-20 21:11:03.7955] [INFO] Этап успешно обновлен
[2022-08-20 21:11:29.5741] [INFO] Загрузка формы авторизации
[2022-08-20 21:11:29.6881] [INFO] Загрузка токенов
[2022-08-20 21:11:29.7371] [INFO] Токен успешно обновлен
[2022-08-20 21:11:29.7371] [INFO] Автоматическая авторизация
[2022-08-20 21:11:37.6202] [INFO] Пользователь авторизован
[2022-08-20 21:11:37.6202] [INFO] Загрузка главной формы
[2022-08-20 21:11:37.6752] [INFO] Загружено главня форма
[2022-08-20 21:11:37.6752] [INFO] Получение данных
[2022-08-20 21:11:37.6752] [INFO] Загрузка заказов
[2022-08-20 21:11:37.6942] [INFO] Заказыы успешно загружены
[2022-08-20 21:11:37.6942] [INFO] Успешное получение данных
[2022-08-20 21:11:37.7092] [INFO] Закрываем окно авторизации
[2022-08-20 21:11:51.1581] [ERROR] Ошибка -------> Ссылка на объект не указывает на экземпляр объекта.
[2022-08-20 21:13:01.6430] [INFO] Загрузка формы авторизации
[2022-08-20 21:13:01.7260] [INFO] Загрузка токенов
[2022-08-20 21:13:01.7650] [INFO] Токен успешно обновлен
[2022-08-20 21:13:01.7650] [INFO] Автоматическая авторизация
[2022-08-20 21:13:26.7064] [INFO] Загрузка формы авторизации
[2022-08-20 21:13:26.7754] [INFO] Загрузка токенов
[2022-08-20 21:13:26.8084] [INFO] Токен успешно обновлен
[2022-08-20 21:13:26.8084] [INFO] Автоматическая авторизация
[2022-08-20 21:13:34.9641] [INFO] Пользователь авторизован
[2022-08-20 21:13:34.9641] [INFO] Загрузка главной формы
[2022-08-20 21:13:35.0071] [INFO] Загружено главня форма
[2022-08-20 21:13:35.0071] [INFO] Получение данных
[2022-08-20 21:13:35.0071] [INFO] Загрузка заказов
[2022-08-20 21:13:35.0071] [INFO] Заказыы успешно загружены
[2022-08-20 21:13:35.0071] [INFO] Успешное получение данных
[2022-08-20 21:13:35.0291] [INFO] Закрываем окно авторизации
[2022-08-20 21:13:41.9287] [ERROR] Ошибка -------> Этап с таким ID не существует
[2022-08-20 21:14:46.5358] [INFO] Загрузка формы авторизации
[2022-08-20 21:14:46.6328] [INFO] Загрузка токенов
[2022-08-20 21:14:46.6698] [INFO] Токен успешно обновлен
[2022-08-20 21:14:46.6698] [INFO] Автоматическая авторизация
[2022-08-20 21:14:54.8421] [INFO] Пользователь авторизован
[2022-08-20 21:14:54.8421] [INFO] Загрузка главной формы
[2022-08-20 21:14:54.9021] [INFO] Загружено главня форма
[2022-08-20 21:14:54.9021] [INFO] Получение данных
[2022-08-20 21:14:54.9141] [INFO] Загрузка заказов
[2022-08-20 21:14:54.9141] [INFO] Заказыы успешно загружены
[2022-08-20 21:14:54.9141] [INFO] Успешное получение данных
[2022-08-20 21:14:54.9601] [INFO] Закрываем окно авторизации
[2022-08-20 21:14:57.4338] [INFO] Открыто диалоговое окно для изменение этапа
[2022-08-20 21:14:57.4568] [INFO] Открыто диалоговое окно этапа
[2022-08-20 21:15:05.2437] [INFO] Закрытые диалогового окно этапа
[2022-08-20 21:19:06.7574] [INFO] Загрузка формы авторизации
[2022-08-20 21:19:06.8684] [INFO] Загрузка токенов
[2022-08-20 21:19:06.9084] [INFO] Токен успешно обновлен
[2022-08-20 21:19:06.9084] [INFO] Автоматическая авторизация
[2022-08-20 21:19:14.6273] [INFO] Пользователь авторизован
[2022-08-20 21:19:14.6273] [INFO] Загрузка главной формы
[2022-08-20 21:19:14.7143] [INFO] Загружено главня форма
[2022-08-20 21:19:14.7143] [INFO] Получение данных
[2022-08-20 21:19:14.7233] [INFO] Загрузка заказов
[2022-08-20 21:19:14.7233] [INFO] Заказыы успешно загружены
[2022-08-20 21:19:14.7233] [INFO] Успешное получение данных
[2022-08-20 21:19:14.7583] [INFO] Закрываем окно авторизации
[2022-08-20 21:19:18.5551] [ERROR] Ошибка -------> An error occurred while updating the entries. See the inner exception for details.
[2022-08-20 21:19:48.2765] [ERROR] Ошибка -------> An error occurred while updating the entries. See the inner exception for details.
[2022-08-20 22:08:35.8477] [INFO] Загрузка формы авторизации
[2022-08-20 22:08:35.9887] [INFO] Загрузка токенов
[2022-08-20 22:08:36.0297] [INFO] Токен успешно обновлен
[2022-08-20 22:08:36.0297] [INFO] Автоматическая авторизация
[2022-08-20 22:08:45.6046] [INFO] Пользователь авторизован
[2022-08-20 22:08:45.6046] [INFO] Загрузка главной формы
[2022-08-20 22:08:45.6616] [INFO] Загружено главня форма
[2022-08-20 22:08:45.6616] [INFO] Получение данных
[2022-08-20 22:08:45.6616] [INFO] Загрузка заказов
[2022-08-20 22:08:45.6786] [INFO] Заказыы успешно загружены
[2022-08-20 22:08:45.6786] [INFO] Успешное получение данных
[2022-08-20 22:08:45.6936] [INFO] Закрываем окно авторизации
[2022-08-20 22:09:06.6991] [ERROR] Ошибка -------> An error occurred while updating the entries. See the inner exception for details.
[2022-08-20 22:13:48.1350] [INFO] Загрузка формы авторизации
[2022-08-20 22:13:48.2720] [INFO] Загрузка токенов
[2022-08-20 22:13:48.3100] [INFO] Токен успешно обновлен
[2022-08-20 22:13:48.3100] [INFO] Автоматическая авторизация
[2022-08-20 22:13:56.5434] [INFO] Пользователь авторизован
[2022-08-20 22:13:56.5434] [INFO] Загрузка главной формы
[2022-08-20 22:13:56.5894] [INFO] Загружено главня форма
[2022-08-20 22:13:56.5894] [INFO] Получение данных
[2022-08-20 22:13:56.5894] [INFO] Загрузка заказов
[2022-08-20 22:13:56.5984] [INFO] Заказыы успешно загружены
[2022-08-20 22:13:56.5984] [INFO] Успешное получение данных
[2022-08-20 22:13:56.5984] [INFO] Закрываем окно авторизации
[2022-08-20 22:15:32.7451] [INFO] Открыто диалоговое окно для добавление заказа
[2022-08-20 22:15:32.7741] [INFO] Открыто диалоговое окно заказа
[2022-08-20 22:15:32.7741] [INFO] Данные успешно получены
[2022-08-20 22:15:33.5925] [INFO] Добвыление номенклатуры
[2022-08-20 22:15:33.6265] [INFO] Загрузка номенклатуры
[2022-08-20 22:15:33.6745] [INFO] Номенклатуры успешно загружены
[2022-08-20 22:15:35.2685] [ERROR] Ошибка -------> Изменение коллекции элементов невозможно, если задано свойство DataSource.
[2022-08-20 22:58:59.3891] [INFO] Загрузка формы авторизации
[2022-08-20 22:58:59.5541] [INFO] Загрузка токенов
[2022-08-20 22:58:59.6221] [INFO] Токен успешно обновлен
[2022-08-20 22:58:59.6221] [INFO] Автоматическая авторизация
[2022-08-20 22:59:09.7674] [INFO] Пользователь авторизован
[2022-08-20 22:59:09.7674] [INFO] Загрузка главной формы
[2022-08-20 22:59:09.8794] [INFO] Загружено главня форма
[2022-08-20 22:59:09.8794] [INFO] Получение данных
[2022-08-20 22:59:09.8954] [INFO] Загрузка заказов
[2022-08-20 22:59:09.8954] [INFO] Заказыы успешно загружены
[2022-08-20 22:59:09.8954] [INFO] Успешное получение данных
[2022-08-20 22:59:09.9494] [INFO] Закрываем окно авторизации
[2022-08-20 22:59:15.2247] [INFO] Открыто диалоговое окно для добавление заказа
[2022-08-20 22:59:15.2737] [INFO] Открыто диалоговое окно заказа
[2022-08-20 22:59:15.2737] [INFO] Данные успешно получены
[2022-08-20 22:59:16.0651] [INFO] Добвыление номенклатуры
[2022-08-20 22:59:16.0981] [INFO] Загрузка номенклатуры
[2022-08-20 22:59:16.1421] [INFO] Номенклатуры успешно загружены
[2022-08-20 22:59:24.0125] [INFO] Открыто диалоговое окно для добавление номенклатуры
[2022-08-20 22:59:24.0525] [INFO] Открыто диалоговое окно номенклатуры
[2022-08-20 22:59:37.3762] [INFO] Добавление этапа
[2022-08-20 22:59:37.3952] [INFO] Открыто диалоговое окно этапов
[2022-08-20 22:59:38.2344] [INFO] Закрытые диалогового окна
[2022-08-20 22:59:38.2564] [INFO] Этап успешно добавлен
[2022-08-20 22:59:40.2103] [INFO] Зактрытые диалогового окна номенклатуры
[2022-08-20 22:59:40.2103] [INFO] Диалоговое окно номенклатуры закрыто
[2022-08-20 22:59:40.2283] [INFO] Добавление номенклатуры
[2022-08-20 22:59:40.6243] [INFO] Номеклатура успешно добавлено
[2022-08-20 22:59:40.6243] [INFO] Обновление номенклатуры
[2022-08-20 22:59:40.6903] [INFO] Номенклатура успешно обновлен
[2022-08-20 22:59:42.1393] [INFO] Открыто диалоговое окно для добавление номенклатуры
[2022-08-20 22:59:42.1773] [INFO] Открыто диалоговое окно номенклатуры
[2022-08-20 22:59:52.3520] [INFO] Добавление этапа
[2022-08-20 22:59:52.3660] [INFO] Открыто диалоговое окно этапов
[2022-08-20 22:59:53.6270] [INFO] Закрытые диалогового окна
[2022-08-20 22:59:53.6340] [INFO] Этап успешно добавлен
[2022-08-20 22:59:55.9990] [INFO] Зактрытые диалогового окна номенклатуры
[2022-08-20 22:59:55.9990] [INFO] Диалоговое окно номенклатуры закрыто
[2022-08-20 22:59:56.0110] [INFO] Добавление номенклатуры
[2022-08-20 22:59:56.0881] [INFO] Номеклатура успешно добавлено
[2022-08-20 22:59:56.0881] [INFO] Обновление номенклатуры
[2022-08-20 22:59:56.1240] [INFO] Номенклатура успешно обновлен
[2022-08-20 22:59:57.9921] [INFO] Открыто диалоговое окно для добавление заказа
[2022-08-20 22:59:58.0081] [INFO] Открыто диалоговое окно заказа
[2022-08-20 22:59:58.0081] [INFO] Данные успешно получены
[2022-08-20 22:59:58.7160] [INFO] Добвыление номенклатуры
[2022-08-20 22:59:58.7330] [INFO] Загрузка номенклатуры
[2022-08-20 22:59:58.7820] [INFO] Номенклатуры успешно загружены
[2022-08-20 23:00:11.6012] [INFO] Закрытые главной формы
[2022-08-20 23:00:37.7355] [INFO] Загрузка формы авторизации
[2022-08-20 23:00:37.8585] [INFO] Загрузка токенов
[2022-08-20 23:00:54.4009] [INFO] Загрузка формы авторизации
[2022-08-20 23:00:54.5629] [INFO] Загрузка токенов
[2022-08-20 23:00:54.6229] [INFO] Токен успешно обновлен
[2022-08-20 23:00:54.6229] [INFO] Автоматическая авторизация
[2022-08-20 23:02:35.3025] [INFO] Загрузка формы авторизации
[2022-08-20 23:02:35.4635] [INFO] Загрузка токенов
[2022-08-20 23:02:35.5445] [INFO] Токен успешно обновлен
[2022-08-20 23:02:35.5445] [INFO] Автоматическая авторизация
[2022-08-20 23:02:49.1604] [INFO] Пользователь авторизован
[2022-08-20 23:02:49.1604] [INFO] Загрузка главной формы
[2022-08-20 23:02:49.2714] [INFO] Загружено главня форма
[2022-08-20 23:02:49.2714] [INFO] Получение данных
[2022-08-20 23:02:49.2904] [INFO] Загрузка заказов
[2022-08-20 23:02:49.3004] [INFO] Заказыы успешно загружены
[2022-08-20 23:02:49.3004] [INFO] Успешное получение данных
[2022-08-20 23:02:49.3334] [INFO] Закрываем окно авторизации
[2022-08-20 23:03:02.4415] [INFO] Открыто диалоговое окно для добавление заказа
[2022-08-20 23:03:02.5015] [INFO] Открыто диалоговое окно заказа
[2022-08-20 23:03:02.5055] [INFO] Данные успешно получены
[2022-08-20 23:03:03.2405] [INFO] Добвыление номенклатуры
[2022-08-20 23:03:03.2975] [INFO] Загрузка номенклатуры
[2022-08-20 23:03:03.5685] [INFO] Номенклатуры успешно загружены
[2022-08-20 23:03:14.4369] [INFO] Закрытые главной формы
[2022-08-20 23:05:39.5338] [INFO] Загрузка формы авторизации
[2022-08-20 23:05:39.6628] [INFO] Загрузка токенов
[2022-08-20 23:05:39.7078] [INFO] Токен успешно обновлен
[2022-08-20 23:05:39.7078] [INFO] Автоматическая авторизация
[2022-08-20 23:05:48.8737] [INFO] Пользователь авторизован
[2022-08-20 23:05:48.8737] [INFO] Загрузка главной формы
[2022-08-20 23:05:48.9727] [INFO] Загружено главня форма
[2022-08-20 23:05:48.9727] [INFO] Получение данных
[2022-08-20 23:05:48.9727] [INFO] Загрузка заказов
[2022-08-20 23:05:48.9897] [INFO] Заказыы успешно загружены
[2022-08-20 23:05:48.9897] [INFO] Успешное получение данных
[2022-08-20 23:05:49.0067] [INFO] Закрываем окно авторизации
[2022-08-20 23:05:58.7500] [INFO] Открыто диалоговое окно для добавление заказа
[2022-08-20 23:05:58.7735] [INFO] Открыто диалоговое окно заказа
[2022-08-20 23:05:58.7735] [INFO] Данные успешно получены
[2022-08-20 23:05:59.4656] [INFO] Добвыление номенклатуры
[2022-08-20 23:05:59.4906] [INFO] Загрузка номенклатуры
[2022-08-20 23:05:59.5267] [INFO] Номенклатуры успешно загружены
[2022-08-20 23:06:14.2738] [INFO] Закрытые главной формы
[2022-08-20 23:45:50.3691] [INFO] Загрузка формы авторизации
[2022-08-20 23:45:50.5201] [INFO] Загрузка токенов
[2022-08-20 23:45:50.8041] [INFO] Токен успешно обновлен
[2022-08-20 23:45:50.8041] [INFO] Автоматическая авторизация
[2022-08-20 23:46:20.5234] [INFO] Пользователь авторизован
[2022-08-20 23:46:20.5234] [INFO] Загрузка главной формы
[2022-08-20 23:46:20.6444] [INFO] Загружено главня форма
[2022-08-20 23:46:20.6444] [INFO] Получение данных
[2022-08-20 23:46:20.6444] [INFO] Загрузка заказов
[2022-08-20 23:46:20.6664] [INFO] Заказыы успешно загружены
[2022-08-20 23:46:20.6784] [INFO] Успешное получение данных
[2022-08-20 23:46:20.7104] [INFO] Закрываем окно авторизации
[2022-08-20 23:49:48.6846] [INFO] Загрузка формы авторизации
[2022-08-20 23:49:48.8476] [INFO] Загрузка токенов
[2022-08-20 23:49:48.9036] [INFO] Токен успешно обновлен
[2022-08-20 23:49:48.9036] [INFO] Автоматическая авторизация
[2022-08-20 23:49:59.4202] [INFO] Пользователь авторизован
[2022-08-20 23:49:59.4202] [INFO] Загрузка главной формы
[2022-08-20 23:49:59.5212] [INFO] Загружено главня форма
[2022-08-20 23:49:59.5212] [INFO] Получение данных
[2022-08-20 23:49:59.5372] [INFO] Загрузка заказов
[2022-08-20 23:49:59.5372] [INFO] Заказыы успешно загружены
[2022-08-20 23:49:59.5372] [INFO] Успешное получение данных
[2022-08-20 23:49:59.5732] [INFO] Закрываем окно авторизации
[2022-08-20 23:50:02.9012] [INFO] Обновление этапа
[2022-08-20 23:50:02.9472] [INFO] Этап успешно обновлен
[2022-08-20 23:50:10.9762] [INFO] Обновление этапа
[2022-08-20 23:50:11.0432] [INFO] Этап успешно обновлен
[2022-08-20 23:50:14.9650] [INFO] Обновление этапа
[2022-08-20 23:50:15.0020] [INFO] Этап успешно обновлен
[2022-08-20 23:50:18.4883] [INFO] Обновление этапа
[2022-08-20 23:50:18.5213] [INFO] Этап успешно обновлен
[2022-08-20 23:50:19.9903] [INFO] Открыто диалоговое окно для добавление этапа
[2022-08-20 23:50:20.0273] [INFO] Открыто диалоговое окно этапа
[2022-08-20 23:50:22.5016] [INFO] Закрытые диалогового окно этапа
[2022-08-20 23:50:22.5086] [INFO] Добавление этапа
[2022-08-20 23:50:22.6126] [INFO] Этап успешно добавлено
[2022-08-20 23:50:22.6126] [INFO] Обновление этапа
[2022-08-20 23:50:22.6456] [INFO] Этап успешно обновлен
[2022-08-20 23:50:24.2480] [INFO] Обновление этапа
[2022-08-20 23:50:24.3553] [INFO] Этап успешно обновлен
[2022-08-20 23:50:28.6843] [INFO] Обновление этапа
[2022-08-20 23:50:28.7223] [INFO] Этап успешно обновлен
[2022-08-20 23:50:32.4166] [INFO] Обновление этапа
[2022-08-20 23:50:32.4416] [INFO] Этап успешно обновлен
[2022-08-20 23:50:35.6417] [INFO] Обновление этапа
[2022-08-20 23:50:35.6657] [INFO] Этап успешно обновлен
[2022-08-20 23:50:37.0916] [INFO] Закрытые главной формы
[2022-08-20 23:51:20.5958] [INFO] Загрузка формы авторизации
[2022-08-20 23:51:20.7378] [INFO] Загрузка токенов
[2022-08-20 23:51:20.8008] [INFO] Токен успешно обновлен
[2022-08-20 23:51:20.8008] [INFO] Автоматическая авторизация
[2022-08-20 23:51:32.9508] [INFO] Пользователь авторизован
[2022-08-20 23:51:32.9508] [INFO] Загрузка главной формы
[2022-08-20 23:51:33.0378] [INFO] Загружено главня форма
[2022-08-20 23:51:33.0378] [INFO] Получение данных
[2022-08-20 23:51:33.0378] [INFO] Загрузка заказов
[2022-08-20 23:51:33.0518] [INFO] Заказыы успешно загружены
[2022-08-20 23:51:33.0518] [INFO] Успешное получение данных
[2022-08-20 23:51:33.0958] [INFO] Закрываем окно авторизации
[2022-08-20 23:53:30.8650] [INFO] Загрузка формы авторизации
[2022-08-20 23:53:30.9660] [INFO] Загрузка токенов
[2022-08-20 23:53:31.0220] [INFO] Токен успешно обновлен
[2022-08-20 23:53:31.0220] [INFO] Автоматическая авторизация
[2022-08-20 23:53:41.2303] [INFO] Пользователь авторизован
[2022-08-20 23:53:41.2303] [INFO] Загрузка главной формы
[2022-08-20 23:53:41.3093] [INFO] Загружено главня форма
[2022-08-20 23:53:41.3093] [INFO] Получение данных
[2022-08-20 23:53:41.3213] [INFO] Загрузка заказов
[2022-08-20 23:53:41.3213] [INFO] Заказыы успешно загружены
[2022-08-20 23:53:41.3313] [INFO] Успешное получение данных
[2022-08-20 23:53:41.3313] [INFO] Закрываем окно авторизации
