[2022-08-22 00:30:20.2159] [INFO] Загрузка формы авторизации
[2022-08-22 00:30:20.3209] [INFO] Загрузка токенов
[2022-08-22 00:30:20.4889] [INFO] Токен успешно обновлен
[2022-08-22 00:30:20.4889] [INFO] Автоматическая авторизация
[2022-08-22 00:30:33.6223] [INFO] Пользователь авторизован
[2022-08-22 00:30:33.6223] [INFO] Загрузка главной формы
[2022-08-22 00:30:33.7134] [INFO] Загружено главня форма
[2022-08-22 00:30:33.7134] [INFO] Получение данных
[2022-08-22 00:30:33.7134] [INFO] Загрузка заказов
[2022-08-22 00:30:33.7243] [INFO] Заказыы успешно загружены
[2022-08-22 00:30:33.7243] [INFO] Успешное получение данных
[2022-08-22 00:30:33.7484] [INFO] Закрываем окно авторизации
[2022-08-22 00:31:02.2192] [INFO] Открыто диалоговое окно для добавление номенклатуры
[2022-08-22 00:31:02.2652] [INFO] Открыто диалоговое окно номенклатуры
[2022-08-22 00:31:03.5653] [INFO] Добавление этапа
[2022-08-22 00:31:03.5979] [INFO] Открыто диалоговое окно этапов
[2022-08-22 00:31:06.1060] [INFO] Открыто диалоговое окно для добавление заказа
[2022-08-22 00:31:06.1382] [INFO] Открыто диалоговое окно заказа
[2022-08-22 00:31:06.1382] [INFO] Данные успешно получены
[2022-08-22 00:31:06.9466] [INFO] Добвыление номенклатуры
[2022-08-22 00:31:07.0014] [INFO] Загрузка номенклатуры
[2022-08-22 00:31:07.0764] [INFO] Номенклатуры успешно загружены
[2022-08-22 00:31:34.9239] [INFO] Закрытые главной формы
[2022-08-22 00:32:00.4394] [INFO] Загрузка формы авторизации
[2022-08-22 00:32:00.5924] [INFO] Загрузка токенов
[2022-08-22 00:32:00.6344] [INFO] Токен успешно обновлен
[2022-08-22 00:32:00.6344] [INFO] Автоматическая авторизация
[2022-08-22 00:32:07.5240] [INFO] Пользователь авторизован
[2022-08-22 00:32:07.5240] [INFO] Загрузка главной формы
[2022-08-22 00:32:07.5850] [INFO] Загружено главня форма
[2022-08-22 00:32:07.5850] [INFO] Получение данных
[2022-08-22 00:32:07.5850] [INFO] Загрузка заказов
[2022-08-22 00:32:07.5990] [INFO] Заказыы успешно загружены
[2022-08-22 00:32:07.5990] [INFO] Успешное получение данных
[2022-08-22 00:32:07.6190] [INFO] Закрываем окно авторизации
[2022-08-22 00:32:59.7300] [INFO] Открыто диалоговое окно для добавление заказа
[2022-08-22 00:32:59.7580] [INFO] Открыто диалоговое окно заказа
[2022-08-22 00:32:59.7580] [INFO] Данные успешно получены
[2022-08-22 00:33:46.2461] [INFO] Добвыление номенклатуры
[2022-08-22 00:33:46.2841] [INFO] Загрузка номенклатуры
[2022-08-22 00:33:46.3551] [INFO] Номенклатуры успешно загружены
[2022-08-22 00:33:48.0127] [INFO] Закрытые диалогового окно выбора номенклатуры
[2022-08-22 00:33:48.0377] [INFO] Номенклатура успешно добавлено
[2022-08-22 00:33:50.2566] [INFO] Добвыление номенклатуры
[2022-08-22 00:33:50.2795] [INFO] Загрузка номенклатуры
[2022-08-22 00:33:50.3321] [INFO] Номенклатуры успешно загружены
[2022-08-22 00:33:51.6152] [INFO] Закрытые диалогового окно выбора номенклатуры
[2022-08-22 00:33:51.6312] [INFO] Номенклатура успешно добавлено
[2022-08-22 00:34:09.2887] [INFO] Открыто диалоговое окно для добавление заказа
[2022-08-22 00:34:09.3107] [INFO] Открыто диалоговое окно заказа
[2022-08-22 00:34:09.3107] [INFO] Данные успешно получены
[2022-08-22 00:34:10.1400] [INFO] Добвыление номенклатуры
[2022-08-22 00:34:10.1650] [INFO] Загрузка номенклатуры
[2022-08-22 00:34:10.2144] [INFO] Номенклатуры успешно загружены
[2022-08-22 00:34:11.2670] [INFO] Закрытые диалогового окно выбора номенклатуры
[2022-08-22 00:34:11.2800] [INFO] Номенклатура успешно добавлено
[2022-08-22 00:34:11.8898] [INFO] Добвыление номенклатуры
[2022-08-22 00:34:11.9078] [INFO] Загрузка номенклатуры
[2022-08-22 00:34:11.9610] [INFO] Номенклатуры успешно загружены
[2022-08-22 00:34:13.0723] [INFO] Закрытые диалогового окно выбора номенклатуры
[2022-08-22 00:34:13.0863] [INFO] Номенклатура успешно добавлено
[2022-08-22 00:35:52.7498] [INFO] Открыто диалоговое окно для добавление номенклатуры
[2022-08-22 00:35:52.7888] [INFO] Открыто диалоговое окно номенклатуры
[2022-08-22 00:36:17.2020] [INFO] Открыто диалоговое окно для добавление номенклатуры
[2022-08-22 00:36:17.2208] [INFO] Открыто диалоговое окно номенклатуры
[2022-08-22 00:36:26.5793] [INFO] Зактрытые диалогового окна номенклатуры
[2022-08-22 00:36:26.5793] [INFO] Диалоговое окно номенклатуры закрыто
[2022-08-22 00:36:26.5893] [INFO] Добавление номенклатуры
[2022-08-22 00:36:26.7903] [INFO] Номеклатура успешно добавлено
[2022-08-22 00:36:26.7903] [INFO] Обновление номенклатуры
[2022-08-22 00:36:26.8153] [INFO] Номенклатура успешно обновлен
[2022-08-22 00:36:28.7156] [INFO] Открыто диалоговое окно для изменение номенклатуры
[2022-08-22 00:36:28.7366] [INFO] Открыто диалоговое окно номенклатуры
[2022-08-22 00:36:32.0429] [INFO] Зактрытые диалогового окна номенклатуры
[2022-08-22 00:36:32.0429] [INFO] Диалоговое окно номенклатуры закрыто
[2022-08-22 00:36:32.0539] [INFO] Изменение номенклатуры
[2022-08-22 00:36:32.1749] [INFO] Номенклатура успешно изменен
[2022-08-22 00:36:32.1749] [INFO] Обновление номенклатуры
[2022-08-22 00:36:32.1979] [INFO] Номенклатура успешно обновлен
[2022-08-22 00:37:41.4081] [INFO] Открыто диалоговое окно для добавление заказа
[2022-08-22 00:37:41.4311] [INFO] Открыто диалоговое окно заказа
[2022-08-22 00:37:41.4311] [INFO] Данные успешно получены
[2022-08-22 00:37:44.5076] [INFO] Открыто диалоговое окно для добавление номенклатуры
[2022-08-22 00:37:44.5332] [INFO] Открыто диалоговое окно номенклатуры
[2022-08-22 00:37:50.2750] [INFO] Открыто диалоговое окно для добавление номенклатуры
[2022-08-22 00:37:50.2990] [INFO] Открыто диалоговое окно номенклатуры
[2022-08-22 00:37:55.4979] [INFO] Открыто диалоговое окно для добавление заказа
[2022-08-22 00:37:55.5190] [INFO] Открыто диалоговое окно заказа
[2022-08-22 00:37:55.5190] [INFO] Данные успешно получены
[2022-08-22 00:37:59.3877] [INFO] Открыто диалоговое окно для добавление этапа
[2022-08-22 00:37:59.4167] [INFO] Открыто диалоговое окно этапа
[2022-08-22 00:38:11.3584] [INFO] Открыто диалоговое окно для добавление заказа
[2022-08-22 00:38:11.3774] [INFO] Открыто диалоговое окно заказа
[2022-08-22 00:38:11.3794] [INFO] Данные успешно получены
[2022-08-22 00:38:12.3910] [INFO] Добвыление номенклатуры
[2022-08-22 00:38:12.4100] [INFO] Загрузка номенклатуры
[2022-08-22 00:38:12.4650] [INFO] Номенклатуры успешно загружены
[2022-08-22 00:38:13.3456] [INFO] Закрытые диалогового окно выбора номенклатуры
[2022-08-22 00:38:13.3586] [INFO] Номенклатура успешно добавлено
[2022-08-22 00:38:15.5232] [ERROR] Ошибка -------> Заполните все поля корректно
[2022-08-22 00:38:19.3000] [INFO] Добавление заказ в БД
[2022-08-22 00:38:19.3000] [INFO] Закрытые диалогового окна заказа
[2022-08-22 00:38:19.3000] [INFO] Добавление заказа
[2022-08-22 00:38:19.4490] [INFO] Заказ успешно добавлено
[2022-08-22 00:38:19.4490] [INFO] Обновление заказа
[2022-08-22 00:38:19.4960] [INFO] Заказ успешно обновлен
[2022-08-22 00:38:21.1322] [INFO] Открыто диалоговое окно для добавление заказа
[2022-08-22 00:38:21.1527] [INFO] Открыто диалоговое окно заказа
[2022-08-22 00:38:21.1527] [INFO] Данные успешно получены
[2022-08-22 00:38:21.9354] [INFO] Добвыление номенклатуры
[2022-08-22 00:38:21.9574] [INFO] Загрузка номенклатуры
[2022-08-22 00:38:22.0074] [INFO] Номенклатуры успешно загружены
[2022-08-22 00:38:23.4183] [INFO] Закрытые диалогового окно выбора номенклатуры
[2022-08-22 00:38:23.4353] [INFO] Номенклатура успешно добавлено
[2022-08-22 00:38:27.4228] [INFO] Добавление заказ в БД
[2022-08-22 00:38:27.4228] [INFO] Закрытые диалогового окна заказа
[2022-08-22 00:38:27.4348] [INFO] Добавление заказа
[2022-08-22 00:38:27.4768] [INFO] Заказ успешно добавлено
[2022-08-22 00:38:27.4768] [INFO] Обновление заказа
[2022-08-22 00:38:27.4988] [INFO] Заказ успешно обновлен
[2022-08-22 00:38:43.6992] [INFO] Открыто диалоговое окно для добавление заказа
[2022-08-22 00:38:43.7162] [INFO] Открыто диалоговое окно заказа
[2022-08-22 00:38:43.7162] [INFO] Данные успешно получены
[2022-08-22 00:38:44.5454] [INFO] Добвыление номенклатуры
[2022-08-22 00:38:44.5614] [INFO] Загрузка номенклатуры
[2022-08-22 00:38:44.6094] [INFO] Номенклатуры успешно загружены
[2022-08-22 00:38:46.1183] [INFO] Закрытые диалогового окно выбора номенклатуры
[2022-08-22 00:38:46.1293] [INFO] Номенклатура успешно добавлено
[2022-08-22 00:38:52.8248] [INFO] Добавление заказ в БД
[2022-08-22 00:38:52.8248] [INFO] Закрытые диалогового окна заказа
[2022-08-22 00:38:52.8358] [INFO] Добавление заказа
[2022-08-22 00:38:52.8788] [INFO] Заказ успешно добавлено
[2022-08-22 00:38:52.8788] [INFO] Обновление заказа
[2022-08-22 00:38:52.9108] [INFO] Заказ успешно обновлен
[2022-08-22 00:39:19.3369] [INFO] Открыто диалоговое окно для добавление этапа
[2022-08-22 00:39:19.3569] [INFO] Открыто диалоговое окно этапа
[2022-08-22 00:39:23.7218] [INFO] Закрытые диалогового окно этапа
[2022-08-22 00:39:23.7218] [INFO] Добавление этапа
[2022-08-22 00:39:23.7828] [INFO] Этап успешно добавлено
[2022-08-22 00:39:23.7828] [INFO] Обновление этапа
[2022-08-22 00:39:23.8178] [INFO] Этап успешно обновлен
[2022-08-22 00:39:24.2379] [INFO] Открыто диалоговое окно для добавление этапа
[2022-08-22 00:39:24.2539] [INFO] Открыто диалоговое окно этапа
[2022-08-22 00:39:26.6806] [INFO] Закрытые диалогового окно этапа
[2022-08-22 00:39:26.6806] [INFO] Добавление этапа
[2022-08-22 00:39:26.7196] [INFO] Этап успешно добавлено
[2022-08-22 00:39:26.7196] [INFO] Обновление этапа
[2022-08-22 00:39:26.7436] [INFO] Этап успешно обновлен
[2022-08-22 00:41:15.0216] [INFO] Открыто диалоговое окно для добавление этапа
[2022-08-22 00:41:15.0356] [INFO] Открыто диалоговое окно этапа
[2022-08-22 00:42:10.0849] [INFO] Закрытые главной формы
[2022-08-22 00:55:45.8230] [INFO] Загрузка формы авторизации
[2022-08-22 00:55:45.9947] [INFO] Загрузка токенов
[2022-08-22 00:55:46.0777] [INFO] Токен успешно обновлен
[2022-08-22 00:55:46.0777] [INFO] Автоматическая авторизация
[2022-08-22 00:56:05.1133] [INFO] Пользователь авторизован
[2022-08-22 00:56:05.1133] [INFO] Загрузка главной формы
[2022-08-22 00:56:05.2143] [INFO] Загружено главня форма
[2022-08-22 00:56:05.2143] [INFO] Получение данных
[2022-08-22 00:56:05.2243] [INFO] Загрузка заказов
[2022-08-22 00:56:05.2393] [INFO] Заказыы успешно загружены
[2022-08-22 00:56:05.2393] [INFO] Успешное получение данных
[2022-08-22 00:56:05.2623] [INFO] Закрываем окно авторизации
[2022-08-22 00:56:13.6413] [INFO] Открыто диалоговое окно для изменение этапа
[2022-08-22 00:56:13.6783] [INFO] Открыто диалоговое окно этапа
[2022-08-22 00:56:19.8926] [INFO] Открыто диалоговое окно для изменение этапа
[2022-08-22 00:56:19.9096] [INFO] Открыто диалоговое окно этапа
[2022-08-22 00:56:22.9497] [INFO] Закрытые главной формы
[2022-08-22 00:57:09.5213] [INFO] Загрузка формы авторизации
[2022-08-22 00:57:09.6483] [INFO] Загрузка токенов
[2022-08-22 00:57:09.7023] [INFO] Токен успешно обновлен
[2022-08-22 00:57:09.7023] [INFO] Автоматическая авторизация
[2022-08-22 00:57:22.4634] [INFO] Пользователь авторизован
[2022-08-22 00:57:22.4634] [INFO] Загрузка главной формы
[2022-08-22 00:57:22.6744] [INFO] Загружено главня форма
[2022-08-22 00:57:22.6744] [INFO] Получение данных
[2022-08-22 00:57:22.6884] [INFO] Загрузка заказов
[2022-08-22 00:57:22.7034] [INFO] Заказыы успешно загружены
[2022-08-22 00:57:22.7064] [INFO] Успешное получение данных
[2022-08-22 00:57:22.7854] [INFO] Закрываем окно авторизации
[2022-08-22 00:57:25.6028] [INFO] Открыто диалоговое окно для добавление этапа
[2022-08-22 00:57:25.6348] [INFO] Открыто диалоговое окно этапа
[2022-08-22 00:57:28.6421] [INFO] Открыто диалоговое окно для изменение этапа
[2022-08-22 00:57:30.5466] [INFO] Открыто диалоговое окно для изменение этапа
[2022-08-22 00:57:31.6796] [INFO] Открыто диалоговое окно для изменение этапа
[2022-08-22 00:57:31.9868] [INFO] Открыто диалоговое окно для изменение этапа
[2022-08-22 00:57:32.2948] [INFO] Открыто диалоговое окно для изменение этапа
[2022-08-22 00:57:34.3526] [INFO] Открыто диалоговое окно для изменение этапа
[2022-08-22 00:57:34.3686] [INFO] Открыто диалоговое окно этапа
[2022-08-22 00:57:36.0536] [INFO] Открыто диалоговое окно для изменение этапа
[2022-08-22 00:57:36.0916] [INFO] Открыто диалоговое окно этапа
[2022-08-22 00:57:37.8399] [INFO] Открыто диалоговое окно для изменение этапа
[2022-08-22 00:57:37.8629] [INFO] Открыто диалоговое окно этапа
[2022-08-22 00:57:39.6357] [INFO] Открыто диалоговое окно для изменение этапа
[2022-08-22 00:57:39.6637] [INFO] Открыто диалоговое окно этапа
[2022-08-22 00:57:41.4817] [INFO] Закрытые диалогового окно этапа
[2022-08-22 00:57:41.4937] [INFO] Изменение этапа
[2022-08-22 00:57:41.8147] [INFO] Этап успешно изменен
[2022-08-22 00:57:41.8187] [INFO] Обновление этапа
[2022-08-22 00:57:41.8867] [INFO] Этап успешно обновлен
[2022-08-22 00:57:45.3608] [INFO] Открыто диалоговое окно для изменение этапа
[2022-08-22 00:57:45.3778] [INFO] Открыто диалоговое окно этапа
[2022-08-22 00:57:48.6536] [INFO] Закрытые диалогового окно этапа
[2022-08-22 00:57:48.6596] [INFO] Изменение этапа
[2022-08-22 00:57:48.7477] [INFO] Этап успешно изменен
[2022-08-22 00:57:48.7477] [INFO] Обновление этапа
[2022-08-22 00:57:48.7756] [INFO] Этап успешно обновлен
[2022-08-22 00:57:56.0098] [INFO] Открыто диалоговое окно для изменение этапа
[2022-08-22 00:57:56.0278] [INFO] Открыто диалоговое окно этапа
[2022-08-22 00:57:59.0679] [INFO] Закрытые диалогового окно этапа
[2022-08-22 00:57:59.0679] [INFO] Изменение этапа
[2022-08-22 00:57:59.1119] [INFO] Этап успешно изменен
[2022-08-22 00:57:59.1119] [INFO] Обновление этапа
[2022-08-22 00:57:59.1509] [INFO] Этап успешно обновлен
[2022-08-22 00:58:00.4257] [INFO] Открыто диалоговое окно для изменение этапа
[2022-08-22 00:58:00.4487] [INFO] Открыто диалоговое окно этапа
[2022-08-22 00:58:02.2957] [INFO] Закрытые диалогового окно этапа
[2022-08-22 00:58:02.3077] [INFO] Изменение этапа
[2022-08-22 00:58:02.3647] [INFO] Этап успешно изменен
[2022-08-22 00:58:02.3647] [INFO] Обновление этапа
[2022-08-22 00:58:02.3867] [INFO] Этап успешно обновлен
[2022-08-22 00:58:03.8863] [INFO] Открыто диалоговое окно для изменение этапа
[2022-08-22 00:58:03.9033] [INFO] Открыто диалоговое окно этапа
[2022-08-22 00:58:05.9926] [INFO] Закрытые диалогового окно этапа
[2022-08-22 00:58:05.9926] [INFO] Изменение этапа
[2022-08-22 00:58:06.0466] [INFO] Этап успешно изменен
[2022-08-22 00:58:06.0466] [INFO] Обновление этапа
[2022-08-22 00:58:06.0786] [INFO] Этап успешно обновлен
[2022-08-22 00:58:07.5966] [INFO] Открыто диалоговое окно для изменение этапа
[2022-08-22 00:58:07.6119] [INFO] Открыто диалоговое окно этапа
[2022-08-22 00:58:08.9456] [INFO] Закрытые диалогового окно этапа
[2022-08-22 00:58:08.9606] [INFO] Изменение этапа
[2022-08-22 00:58:09.0286] [INFO] Этап успешно изменен
[2022-08-22 00:58:09.0286] [INFO] Обновление этапа
[2022-08-22 00:58:09.0566] [INFO] Этап успешно обновлен
[2022-08-22 00:58:10.1841] [INFO] Открыто диалоговое окно для изменение этапа
[2022-08-22 00:58:10.2021] [INFO] Открыто диалоговое окно этапа
[2022-08-22 00:58:11.3277] [INFO] Закрытые диалогового окно этапа
[2022-08-22 00:58:11.3407] [INFO] Изменение этапа
[2022-08-22 00:58:11.3807] [INFO] Этап успешно изменен
[2022-08-22 00:58:11.3807] [INFO] Обновление этапа
[2022-08-22 00:58:11.4157] [INFO] Этап успешно обновлен
[2022-08-22 00:58:12.2497] [INFO] Открыто диалоговое окно для изменение этапа
[2022-08-22 00:58:12.2767] [INFO] Открыто диалоговое окно этапа
[2022-08-22 00:58:13.9057] [INFO] Закрытые диалогового окно этапа
[2022-08-22 00:58:13.9147] [INFO] Изменение этапа
[2022-08-22 00:58:14.0007] [INFO] Этап успешно изменен
[2022-08-22 00:58:14.0007] [INFO] Обновление этапа
[2022-08-22 00:58:14.0327] [INFO] Этап успешно обновлен
[2022-08-22 00:58:16.6787] [INFO] Закрытые главной формы
[2022-08-22 00:59:20.7825] [INFO] Загрузка формы авторизации
[2022-08-22 00:59:20.9588] [INFO] Загрузка токенов
[2022-08-22 00:59:21.0118] [INFO] Токен успешно обновлен
[2022-08-22 00:59:21.0118] [INFO] Автоматическая авторизация
[2022-08-22 00:59:28.8209] [INFO] Пользователь авторизован
[2022-08-22 00:59:28.8209] [INFO] Загрузка главной формы
[2022-08-22 00:59:28.8969] [INFO] Загружено главня форма
[2022-08-22 00:59:28.8969] [INFO] Получение данных
[2022-08-22 00:59:28.8969] [INFO] Загрузка заказов
[2022-08-22 00:59:28.9099] [INFO] Заказыы успешно загружены
[2022-08-22 00:59:28.9099] [INFO] Успешное получение данных
[2022-08-22 00:59:28.9399] [INFO] Закрываем окно авторизации
[2022-08-22 00:59:52.3308] [INFO] Обновление номенклатуры
[2022-08-22 00:59:52.3777] [INFO] Номенклатура успешно обновлен
[2022-08-22 00:59:52.9446] [INFO] Обновление номенклатуры
[2022-08-22 00:59:53.0216] [INFO] Номенклатура успешно обновлен
[2022-08-22 00:59:53.1516] [INFO] Обновление номенклатуры
[2022-08-22 00:59:53.1956] [INFO] Номенклатура успешно обновлен
[2022-08-22 00:59:53.3216] [INFO] Обновление номенклатуры
[2022-08-22 00:59:53.3736] [INFO] Номенклатура успешно обновлен
[2022-08-22 00:59:53.4896] [INFO] Обновление номенклатуры
[2022-08-22 00:59:53.5266] [INFO] Номенклатура успешно обновлен
[2022-08-22 00:59:56.1894] [INFO] Открыто диалоговое окно для добавление номенклатуры
[2022-08-22 00:59:56.2197] [INFO] Открыто диалоговое окно номенклатуры
[2022-08-22 00:59:58.0363] [INFO] Открыто диалоговое окно для добавление заказа
[2022-08-22 00:59:58.0613] [INFO] Открыто диалоговое окно заказа
[2022-08-22 00:59:58.0613] [INFO] Данные успешно получены
[2022-08-22 00:59:58.7977] [INFO] Добвыление номенклатуры
[2022-08-22 00:59:58.8307] [INFO] Загрузка номенклатуры
[2022-08-22 00:59:58.8917] [INFO] Номенклатуры успешно загружены
[2022-08-22 00:59:59.9482] [INFO] Закрытые диалогового окно выбора номенклатуры
[2022-08-22 00:59:59.9602] [INFO] Номенклатура успешно добавлено
[2022-08-22 01:00:07.8334] [INFO] Добвыление номенклатуры
[2022-08-22 01:00:07.8634] [INFO] Загрузка номенклатуры
[2022-08-22 01:00:07.9244] [INFO] Номенклатуры успешно загружены
[2022-08-22 01:00:09.1620] [INFO] Закрытые диалогового окно выбора номенклатуры
[2022-08-22 01:00:09.1780] [INFO] Номенклатура успешно добавлено
[2022-08-22 01:00:13.0638] [INFO] Закрытые главной формы
[2022-08-22 01:04:47.1950] [INFO] Загрузка формы авторизации
[2022-08-22 01:04:47.3500] [INFO] Загрузка токенов
[2022-08-22 01:04:47.4190] [INFO] Токен успешно обновлен
[2022-08-22 01:04:47.4190] [INFO] Автоматическая авторизация
[2022-08-22 01:05:03.2587] [INFO] Пользователь авторизован
[2022-08-22 01:05:03.2587] [INFO] Загрузка главной формы
[2022-08-22 01:05:03.4237] [INFO] Загружено главня форма
[2022-08-22 01:05:03.4237] [INFO] Получение данных
[2022-08-22 01:05:03.4307] [INFO] Загрузка заказов
[2022-08-22 01:05:03.4307] [INFO] Заказыы успешно загружены
[2022-08-22 01:05:03.4407] [INFO] Успешное получение данных
[2022-08-22 01:05:03.4617] [INFO] Закрываем окно авторизации
[2022-08-22 01:05:06.7127] [INFO] Открыто диалоговое окно для добавление этапа
[2022-08-22 01:05:06.7408] [INFO] Открыто диалоговое окно этапа
[2022-08-22 01:05:18.7966] [INFO] Закрытые диалогового окно этапа
[2022-08-22 01:05:18.8106] [INFO] Добавление этапа
[2022-08-22 01:05:19.0426] [INFO] Этап успешно добавлено
[2022-08-22 01:05:19.0426] [INFO] Обновление этапа
[2022-08-22 01:05:19.0926] [INFO] Этап успешно обновлен
[2022-08-22 01:05:32.2807] [INFO] Закрытые главной формы
[2022-08-22 01:05:44.8573] [INFO] Загрузка формы авторизации
[2022-08-22 01:05:45.0333] [INFO] Загрузка токенов
[2022-08-22 01:05:45.1263] [INFO] Токен успешно обновлен
[2022-08-22 01:05:45.1263] [INFO] Автоматическая авторизация
[2022-08-22 01:05:58.2473] [INFO] Пользователь авторизован
[2022-08-22 01:05:58.2473] [INFO] Загрузка главной формы
[2022-08-22 01:05:58.3663] [INFO] Загружено главня форма
[2022-08-22 01:05:58.3663] [INFO] Получение данных
[2022-08-22 01:05:58.3793] [INFO] Загрузка заказов
[2022-08-22 01:05:58.3793] [INFO] Заказыы успешно загружены
[2022-08-22 01:05:58.3793] [INFO] Успешное получение данных
[2022-08-22 01:05:58.4363] [INFO] Закрываем окно авторизации
[2022-08-22 01:06:02.3778] [INFO] Открыто диалоговое окно для добавление заказа
[2022-08-22 01:06:02.4198] [INFO] Открыто диалоговое окно заказа
[2022-08-22 01:06:02.4198] [INFO] Данные успешно получены
[2022-08-22 01:06:03.9314] [INFO] Добвыление номенклатуры
[2022-08-22 01:06:03.9708] [INFO] Загрузка номенклатуры
[2022-08-22 01:06:04.0978] [INFO] Номенклатуры успешно загружены
[2022-08-22 01:06:23.0283] [INFO] Добвыление номенклатуры
[2022-08-22 01:06:23.0473] [INFO] Загрузка номенклатуры
[2022-08-22 01:06:23.1553] [INFO] Номенклатуры успешно загружены
[2022-08-22 01:06:23.6913] [INFO] Закрытые диалогового окно выбора номенклатуры
[2022-08-22 01:06:23.6913] [INFO] Номенклатура успешно добавлено
[2022-08-22 01:06:25.3653] [INFO] Закрытые главной формы
[2022-08-22 01:08:42.5594] [INFO] Загрузка формы авторизации
[2022-08-22 01:08:42.7354] [INFO] Загрузка токенов
[2022-08-22 01:08:42.7814] [INFO] Токен успешно обновлен
[2022-08-22 01:08:42.7814] [INFO] Автоматическая авторизация
[2022-08-22 01:08:54.1432] [INFO] Пользователь авторизован
[2022-08-22 01:08:54.1432] [INFO] Загрузка главной формы
[2022-08-22 01:08:54.2532] [INFO] Загружено главня форма
[2022-08-22 01:08:54.2532] [INFO] Получение данных
[2022-08-22 01:08:54.2532] [INFO] Загрузка заказов
[2022-08-22 01:08:54.2782] [INFO] Заказыы успешно загружены
[2022-08-22 01:08:54.2782] [INFO] Успешное получение данных
[2022-08-22 01:08:54.2992] [INFO] Закрываем окно авторизации
[2022-08-22 01:09:01.1240] [INFO] Открыто диалоговое окно для добавление заказа
[2022-08-22 01:09:01.1500] [INFO] Открыто диалоговое окно заказа
[2022-08-22 01:09:01.1500] [INFO] Данные успешно получены
[2022-08-22 01:09:01.7989] [INFO] Добвыление номенклатуры
[2022-08-22 01:09:01.8240] [INFO] Загрузка номенклатуры
[2022-08-22 01:09:01.9150] [INFO] Номенклатуры успешно загружены
[2022-08-22 01:09:03.1709] [INFO] Закрытые диалогового окно выбора номенклатуры
[2022-08-22 01:09:03.1889] [INFO] Номенклатура успешно добавлено
[2022-08-22 01:09:05.7092] [INFO] Закрытые главной формы
[2022-08-22 01:11:16.4782] [INFO] Загрузка формы авторизации
[2022-08-22 01:11:16.6961] [INFO] Загрузка токенов
[2022-08-22 01:11:16.7707] [INFO] Токен успешно обновлен
[2022-08-22 01:11:16.7707] [INFO] Автоматическая авторизация
[2022-08-22 01:11:27.3996] [INFO] Пользователь авторизован
[2022-08-22 01:11:27.3996] [INFO] Загрузка главной формы
[2022-08-22 01:11:27.4666] [INFO] Загружено главня форма
[2022-08-22 01:11:27.4666] [INFO] Получение данных
[2022-08-22 01:11:27.4756] [INFO] Загрузка заказов
[2022-08-22 01:11:27.4756] [INFO] Заказыы успешно загружены
[2022-08-22 01:11:27.4756] [INFO] Успешное получение данных
[2022-08-22 01:11:27.4986] [INFO] Закрываем окно авторизации
[2022-08-22 01:11:46.5935] [INFO] Открыто диалоговое окно для добавление заказа
[2022-08-22 01:11:46.6190] [INFO] Открыто диалоговое окно заказа
[2022-08-22 01:11:46.6190] [INFO] Данные успешно получены
[2022-08-22 01:11:47.6530] [INFO] Добвыление номенклатуры
[2022-08-22 01:11:47.6840] [INFO] Загрузка номенклатуры
[2022-08-22 01:11:47.8400] [INFO] Номенклатуры успешно загружены
[2022-08-22 01:11:49.1816] [INFO] Закрытые диалогового окно выбора номенклатуры
[2022-08-22 01:11:49.1936] [INFO] Номенклатура успешно добавлено
[2022-08-22 01:11:55.4478] [INFO] Закрытые главной формы
[2022-08-22 01:15:43.8894] [INFO] Загрузка формы авторизации
[2022-08-22 01:15:44.0420] [INFO] Загрузка токенов
[2022-08-22 01:15:44.1310] [INFO] Токен успешно обновлен
[2022-08-22 01:15:44.1310] [INFO] Автоматическая авторизация
[2022-08-22 01:15:53.2848] [INFO] Пользователь авторизован
[2022-08-22 01:15:53.2848] [INFO] Загрузка главной формы
[2022-08-22 01:15:53.4018] [INFO] Загружено главня форма
[2022-08-22 01:15:53.4018] [INFO] Получение данных
[2022-08-22 01:15:53.4138] [INFO] Загрузка заказов
[2022-08-22 01:15:53.4138] [INFO] Заказыы успешно загружены
[2022-08-22 01:15:53.4138] [INFO] Успешное получение данных
[2022-08-22 01:15:53.4597] [INFO] Закрываем окно авторизации
[2022-08-22 01:15:56.6984] [INFO] Закрытые главной формы
[2022-08-22 01:22:08.1912] [INFO] Загрузка формы авторизации
[2022-08-22 01:22:08.3072] [INFO] Загрузка токенов
[2022-08-22 01:22:08.4962] [INFO] Токен успешно обновлен
[2022-08-22 01:22:08.4962] [INFO] Автоматическая авторизация
[2022-08-22 01:22:35.8258] [INFO] Пользователь авторизован
[2022-08-22 01:22:35.8258] [INFO] Загрузка главной формы
[2022-08-22 01:22:35.9248] [INFO] Загружено главня форма
[2022-08-22 01:22:35.9258] [INFO] Получение данных
[2022-08-22 01:22:35.9258] [INFO] Загрузка заказов
[2022-08-22 01:22:35.9468] [INFO] Заказыы успешно загружены
[2022-08-22 01:22:35.9468] [INFO] Успешное получение данных
[2022-08-22 01:22:35.9948] [INFO] Закрываем окно авторизации
[2022-08-22 01:23:38.6806] [INFO] Загрузка формы авторизации
[2022-08-22 01:23:38.8456] [INFO] Загрузка токенов
[2022-08-22 01:23:38.9246] [INFO] Токен успешно обновлен
[2022-08-22 01:23:38.9246] [INFO] Автоматическая авторизация
[2022-08-22 01:24:14.5670] [INFO] Загрузка формы авторизации
[2022-08-22 01:24:14.7520] [INFO] Загрузка токенов
[2022-08-22 01:24:14.8190] [INFO] Токен успешно обновлен
[2022-08-22 01:24:14.8190] [INFO] Автоматическая авторизация
[2022-08-22 01:24:30.1245] [ERROR] Ошибка -------> Ссылка на объект не указывает на экземпляр объекта.
[2022-08-22 01:24:30.1955] [ERROR] Ошибка -------> Ссылка на объект не указывает на экземпляр объекта.
[2022-08-22 01:24:38.4380] [INFO] Авторизация пользователя
[2022-08-22 01:24:39.3087] [INFO] Сохранение данных
[2022-08-22 01:24:39.3196] [INFO] Данные успешно сохранены
[2022-08-22 01:24:39.3856] [INFO] Загружено главня форма
[2022-08-22 01:24:39.3856] [INFO] Получение данных
[2022-08-22 01:24:39.3856] [INFO] Загрузка заказов
[2022-08-22 01:24:39.3966] [INFO] Заказыы успешно загружены
[2022-08-22 01:24:39.3966] [INFO] Успешное получение данных
[2022-08-22 01:24:42.8432] [INFO] Открыто диалоговое окно для добавление этапа
[2022-08-22 01:24:42.8752] [INFO] Открыто диалоговое окно этапа
[2022-08-22 01:24:51.6706] [INFO] Закрытые диалогового окно этапа
[2022-08-22 01:24:51.6776] [INFO] Добавление этапа
[2022-08-22 01:24:51.7846] [INFO] Этап успешно добавлено
[2022-08-22 01:24:51.7846] [INFO] Обновление этапа
[2022-08-22 01:24:51.8526] [INFO] Этап успешно обновлен
[2022-08-22 01:24:53.3738] [INFO] Открыто диалоговое окно для добавление этапа
[2022-08-22 01:24:53.3988] [INFO] Открыто диалоговое окно этапа
[2022-08-22 01:24:57.6618] [INFO] Закрытые диалогового окно этапа
[2022-08-22 01:24:57.6618] [INFO] Добавление этапа
[2022-08-22 01:24:57.7398] [INFO] Этап успешно добавлено
[2022-08-22 01:24:57.7398] [INFO] Обновление этапа
[2022-08-22 01:24:57.7788] [INFO] Этап успешно обновлен
[2022-08-22 01:24:59.4688] [INFO] Открыто диалоговое окно для изменение этапа
[2022-08-22 01:24:59.4948] [INFO] Открыто диалоговое окно этапа
[2022-08-22 01:25:01.7929] [INFO] Закрытые диалогового окно этапа
[2022-08-22 01:25:01.7929] [INFO] Изменение этапа
[2022-08-22 01:25:01.9019] [INFO] Этап успешно изменен
[2022-08-22 01:25:01.9019] [INFO] Обновление этапа
[2022-08-22 01:25:01.9399] [INFO] Этап успешно обновлен
[2022-08-22 01:25:03.0439] [INFO] Открыто диалоговое окно для изменение этапа
[2022-08-22 01:25:03.0679] [INFO] Открыто диалоговое окно этапа
[2022-08-22 01:25:06.9425] [INFO] Закрытые диалогового окно этапа
[2022-08-22 01:25:06.9425] [INFO] Изменение этапа
[2022-08-22 01:25:07.2365] [INFO] Этап успешно изменен
[2022-08-22 01:25:07.2365] [INFO] Обновление этапа
[2022-08-22 01:25:07.2925] [INFO] Этап успешно обновлен
[2022-08-22 01:25:08.0405] [INFO] Открыто диалоговое окно для изменение этапа
[2022-08-22 01:25:08.0645] [INFO] Открыто диалоговое окно этапа
[2022-08-22 01:25:24.2030] [INFO] Открыто диалоговое окно для удаление этапа
[2022-08-22 01:25:24.8210] [INFO] Удаление этапа
[2022-08-22 01:25:24.9930] [INFO] Этап успешно удален
[2022-08-22 01:25:24.9930] [INFO] Обновление этапа
[2022-08-22 01:25:25.0510] [INFO] Этап успешно обновлен
[2022-08-22 01:25:26.1460] [INFO] Открыто диалоговое окно для удаление этапа
[2022-08-22 01:25:26.8070] [INFO] Удаление этапа
[2022-08-22 01:25:26.9120] [INFO] Этап успешно удален
[2022-08-22 01:25:26.9120] [INFO] Обновление этапа
[2022-08-22 01:25:26.9950] [INFO] Этап успешно обновлен
[2022-08-22 01:25:27.3380] [INFO] Открыто диалоговое окно для добавление этапа
[2022-08-22 01:25:27.3640] [INFO] Открыто диалоговое окно этапа
[2022-08-22 01:25:30.0191] [INFO] Закрытые диалогового окно этапа
[2022-08-22 01:25:30.0191] [INFO] Добавление этапа
[2022-08-22 01:25:30.0631] [INFO] Этап успешно добавлено
[2022-08-22 01:25:30.0631] [INFO] Обновление этапа
[2022-08-22 01:25:30.0891] [INFO] Этап успешно обновлен
[2022-08-22 01:25:30.8396] [INFO] Открыто диалоговое окно для добавление этапа
[2022-08-22 01:25:30.8566] [INFO] Открыто диалоговое окно этапа
[2022-08-22 01:25:33.8147] [INFO] Закрытые диалогового окно этапа
[2022-08-22 01:25:33.8197] [INFO] Добавление этапа
[2022-08-22 01:25:33.8567] [INFO] Этап успешно добавлено
[2022-08-22 01:25:33.8567] [INFO] Обновление этапа
[2022-08-22 01:25:33.8827] [INFO] Этап успешно обновлен
[2022-08-22 01:25:36.2445] [INFO] Открыто диалоговое окно для изменение этапа
[2022-08-22 01:25:36.2595] [INFO] Открыто диалоговое окно этапа
[2022-08-22 01:25:47.4040] [INFO] Открыто диалоговое окно для удаление этапа
[2022-08-22 01:25:48.1714] [INFO] Удаление этапа
[2022-08-22 01:25:48.2124] [INFO] Этап успешно удален
[2022-08-22 01:25:48.2124] [INFO] Обновление этапа
[2022-08-22 01:25:48.2664] [INFO] Этап успешно обновлен
[2022-08-22 01:25:49.0594] [INFO] Открыто диалоговое окно для удаление этапа
[2022-08-22 01:25:49.8251] [INFO] Удаление этапа
[2022-08-22 01:25:49.8651] [INFO] Этап успешно удален
[2022-08-22 01:25:49.8651] [INFO] Обновление этапа
[2022-08-22 01:25:49.9041] [INFO] Этап успешно обновлен
[2022-08-22 01:25:50.5660] [INFO] Открыто диалоговое окно для добавление этапа
[2022-08-22 01:25:50.5839] [INFO] Открыто диалоговое окно этапа
[2022-08-22 01:25:53.5536] [INFO] Закрытые диалогового окно этапа
[2022-08-22 01:25:53.5536] [INFO] Добавление этапа
[2022-08-22 01:25:53.6046] [INFO] Этап успешно добавлено
[2022-08-22 01:25:53.6046] [INFO] Обновление этапа
[2022-08-22 01:25:53.6346] [INFO] Этап успешно обновлен
[2022-08-22 01:25:58.8926] [INFO] Закрытые главной формы
[2022-08-22 01:26:49.0768] [INFO] Загрузка формы авторизации
[2022-08-22 01:26:49.1908] [INFO] Загрузка токенов
[2022-08-22 01:26:49.2358] [INFO] Токен успешно обновлен
[2022-08-22 01:26:49.2358] [INFO] Автоматическая авторизация
[2022-08-22 01:26:57.0545] [INFO] Пользователь авторизован
[2022-08-22 01:26:57.0545] [INFO] Загрузка главной формы
[2022-08-22 01:26:57.1285] [INFO] Загружено главня форма
[2022-08-22 01:26:57.1285] [INFO] Получение данных
[2022-08-22 01:26:57.1285] [INFO] Загрузка заказов
[2022-08-22 01:26:57.1285] [INFO] Заказыы успешно загружены
[2022-08-22 01:26:57.1285] [INFO] Успешное получение данных
[2022-08-22 01:26:57.1825] [INFO] Закрываем окно авторизации
[2022-08-22 01:27:01.7175] [INFO] Открыто диалоговое окно для изменение этапа
[2022-08-22 01:27:01.7465] [INFO] Открыто диалоговое окно этапа
[2022-08-22 01:27:04.2110] [INFO] Закрытые диалогового окно этапа
[2022-08-22 01:27:21.5943] [INFO] Изменение этапа
[2022-08-22 01:27:23.3773] [INFO] Этап успешно изменен
[2022-08-22 01:27:23.9083] [INFO] Обновление этапа
[2022-08-22 01:27:23.9663] [INFO] Этап успешно обновлен
[2022-08-22 01:27:29.5617] [INFO] Открыто диалоговое окно для изменение этапа
[2022-08-22 01:27:29.5867] [INFO] Открыто диалоговое окно этапа
[2022-08-22 01:29:01.4984] [INFO] Загрузка формы авторизации
[2022-08-22 01:29:01.6634] [INFO] Загрузка токенов
[2022-08-22 01:29:01.8402] [INFO] Токен успешно обновлен
[2022-08-22 01:29:01.8402] [INFO] Автоматическая авторизация
[2022-08-22 01:29:16.7865] [INFO] Пользователь авторизован
[2022-08-22 01:29:16.7865] [INFO] Загрузка главной формы
[2022-08-22 01:29:16.8655] [INFO] Загружено главня форма
[2022-08-22 01:29:16.8655] [INFO] Получение данных
[2022-08-22 01:29:16.8655] [INFO] Загрузка заказов
[2022-08-22 01:29:16.8815] [INFO] Заказыы успешно загружены
[2022-08-22 01:29:16.8815] [INFO] Успешное получение данных
[2022-08-22 01:29:16.9055] [INFO] Закрываем окно авторизации
[2022-08-22 01:29:25.1861] [INFO] Открыто диалоговое окно для добавление заказа
[2022-08-22 01:29:25.2231] [INFO] Открыто диалоговое окно заказа
[2022-08-22 01:29:25.2231] [INFO] Данные успешно получены
[2022-08-22 01:29:27.4875] [INFO] Открыто диалоговое окно для добавление этапа
[2022-08-22 01:29:27.5215] [INFO] Открыто диалоговое окно этапа
[2022-08-22 01:29:32.4747] [INFO] Закрытые диалогового окно этапа
[2022-08-22 01:29:32.4747] [INFO] Добавление этапа
[2022-08-22 01:29:32.6887] [INFO] Этап успешно добавлено
[2022-08-22 01:29:32.6887] [INFO] Обновление этапа
[2022-08-22 01:29:32.7367] [INFO] Этап успешно обновлен
[2022-08-22 01:29:34.1629] [INFO] Открыто диалоговое окно для изменение этапа
[2022-08-22 01:29:34.1818] [INFO] Открыто диалоговое окно этапа
[2022-08-22 01:29:44.3496] [INFO] Закрытые главной формы
[2022-08-22 01:29:55.2409] [INFO] Загрузка формы авторизации
[2022-08-22 01:29:55.3459] [INFO] Загрузка токенов
[2022-08-22 01:29:55.3849] [INFO] Токен успешно обновлен
[2022-08-22 01:29:55.3849] [INFO] Автоматическая авторизация
[2022-08-22 01:30:04.2533] [INFO] Пользователь авторизован
[2022-08-22 01:30:04.2533] [INFO] Загрузка главной формы
[2022-08-22 01:30:04.3283] [INFO] Загружено главня форма
[2022-08-22 01:30:04.3283] [INFO] Получение данных
[2022-08-22 01:30:04.3353] [INFO] Загрузка заказов
[2022-08-22 01:30:04.3353] [INFO] Заказыы успешно загружены
[2022-08-22 01:30:04.3353] [INFO] Успешное получение данных
[2022-08-22 01:30:04.3683] [INFO] Закрываем окно авторизации
[2022-08-22 01:30:12.0175] [INFO] Открыто диалоговое окно для добавление номенклатуры
[2022-08-22 01:30:12.0655] [INFO] Открыто диалоговое окно номенклатуры
[2022-08-22 01:30:23.4603] [INFO] Добавление этапа
[2022-08-22 01:30:23.4903] [INFO] Открыто диалоговое окно этапов
[2022-08-22 01:30:24.3269] [INFO] Закрытые диалогового окна
[2022-08-22 01:30:24.3349] [INFO] Этап успешно добавлен
[2022-08-22 01:30:26.1504] [INFO] Зактрытые диалогового окна номенклатуры
[2022-08-22 01:30:26.1504] [INFO] Диалоговое окно номенклатуры закрыто
[2022-08-22 01:30:26.1614] [INFO] Добавление номенклатуры
[2022-08-22 01:30:26.3834] [INFO] Номеклатура успешно добавлено
[2022-08-22 01:30:26.3834] [INFO] Обновление номенклатуры
[2022-08-22 01:30:26.4264] [INFO] Номенклатура успешно обновлен
[2022-08-22 01:30:28.6936] [INFO] Открыто диалоговое окно для изменение номенклатуры
[2022-08-22 01:30:28.7146] [INFO] Открыто диалоговое окно номенклатуры
[2022-08-22 01:30:30.6096] [INFO] Добавление этапа
[2022-08-22 01:30:30.6246] [INFO] Открыто диалоговое окно этапов
[2022-08-22 01:30:38.6593] [INFO] Открыто диалоговое окно для добавление заказа
[2022-08-22 01:30:38.7003] [INFO] Открыто диалоговое окно заказа
[2022-08-22 01:30:38.7003] [INFO] Данные успешно получены
[2022-08-22 01:30:39.6804] [INFO] Добвыление номенклатуры
[2022-08-22 01:30:39.7133] [INFO] Загрузка номенклатуры
[2022-08-22 01:30:39.7853] [INFO] Номенклатуры успешно загружены
[2022-08-22 01:30:41.3503] [INFO] Закрытые диалогового окно выбора номенклатуры
[2022-08-22 01:30:41.3693] [INFO] Номенклатура успешно добавлено
[2022-08-22 01:30:55.7721] [INFO] Добвыление номенклатуры
[2022-08-22 01:30:55.7888] [INFO] Загрузка номенклатуры
[2022-08-22 01:30:55.8458] [INFO] Номенклатуры успешно загружены
[2022-08-22 01:30:56.5678] [INFO] Закрытые диалогового окно выбора номенклатуры
[2022-08-22 01:30:56.5828] [INFO] Номенклатура успешно добавлено
[2022-08-22 01:31:17.5250] [INFO] Закрытые главной формы
[2022-08-22 01:31:54.5414] [INFO] Загрузка формы авторизации
[2022-08-22 01:31:54.6464] [INFO] Загрузка токенов
[2022-08-22 01:31:54.6914] [INFO] Токен успешно обновлен
[2022-08-22 01:31:54.6914] [INFO] Автоматическая авторизация
[2022-08-22 01:32:05.2934] [INFO] Пользователь авторизован
[2022-08-22 01:32:05.2934] [INFO] Загрузка главной формы
[2022-08-22 01:32:05.3924] [INFO] Загружено главня форма
[2022-08-22 01:32:05.3924] [INFO] Получение данных
[2022-08-22 01:32:05.4074] [INFO] Загрузка заказов
[2022-08-22 01:32:05.4154] [INFO] Заказыы успешно загружены
[2022-08-22 01:32:05.4154] [INFO] Успешное получение данных
[2022-08-22 01:32:05.4344] [INFO] Закрываем окно авторизации
[2022-08-22 01:32:14.1393] [INFO] Открыто диалоговое окно для добавление заказа
[2022-08-22 01:32:14.1783] [INFO] Открыто диалоговое окно заказа
[2022-08-22 01:32:14.1783] [INFO] Данные успешно получены
[2022-08-22 01:32:14.9603] [INFO] Добвыление номенклатуры
[2022-08-22 01:32:15.0123] [INFO] Загрузка номенклатуры
[2022-08-22 01:32:15.4253] [INFO] Номенклатуры успешно загружены
[2022-08-22 01:32:16.6494] [INFO] Закрытые диалогового окно выбора номенклатуры
[2022-08-22 01:32:16.6694] [INFO] Номенклатура успешно добавлено
[2022-08-22 01:32:33.9688] [INFO] Закрытые главной формы
[2022-08-22 01:33:28.8385] [INFO] Загрузка формы авторизации
[2022-08-22 01:33:28.9615] [INFO] Загрузка токенов
[2022-08-22 01:33:29.0185] [INFO] Токен успешно обновлен
[2022-08-22 01:33:29.0185] [INFO] Автоматическая авторизация
[2022-08-22 01:33:51.7151] [INFO] Пользователь авторизован
[2022-08-22 01:33:51.7151] [INFO] Загрузка главной формы
[2022-08-22 01:33:51.8832] [INFO] Загружено главня форма
[2022-08-22 01:33:51.8832] [INFO] Получение данных
[2022-08-22 01:33:51.8982] [INFO] Загрузка заказов
[2022-08-22 01:33:51.9142] [INFO] Заказыы успешно загружены
[2022-08-22 01:33:51.9142] [INFO] Успешное получение данных
[2022-08-22 01:33:51.9592] [INFO] Закрываем окно авторизации
[2022-08-22 01:34:01.1452] [INFO] Открыто диалоговое окно для добавление заказа
[2022-08-22 01:34:01.2012] [INFO] Открыто диалоговое окно заказа
[2022-08-22 01:34:01.2062] [INFO] Данные успешно получены
[2022-08-22 01:34:01.9422] [INFO] Добвыление номенклатуры
[2022-08-22 01:34:02.0122] [INFO] Загрузка номенклатуры
[2022-08-22 01:34:02.4202] [INFO] Номенклатуры успешно загружены
[2022-08-22 01:34:03.3972] [INFO] Закрытые диалогового окно выбора номенклатуры
[2022-08-22 01:34:03.4192] [INFO] Номенклатура успешно добавлено
[2022-08-22 01:34:14.1024] [INFO] Добавление заказ в БД
[2022-08-22 01:34:14.1024] [INFO] Закрытые диалогового окна заказа
[2022-08-22 01:34:14.1154] [INFO] Добавление заказа
[2022-08-22 01:34:14.6994] [INFO] Заказ успешно добавлено
[2022-08-22 01:34:14.6994] [INFO] Обновление заказа
[2022-08-22 01:34:14.9024] [INFO] Заказ успешно обновлен
[2022-08-22 01:34:28.4187] [INFO] Закрытые главной формы
[2022-08-22 01:35:49.6881] [INFO] Загрузка формы авторизации
[2022-08-22 01:35:49.8611] [INFO] Загрузка токенов
[2022-08-22 01:35:50.0961] [INFO] Токен успешно обновлен
[2022-08-22 01:35:50.0961] [INFO] Автоматическая авторизация
[2022-08-22 01:36:24.3235] [INFO] Загрузка формы авторизации
[2022-08-22 01:36:24.4855] [INFO] Загрузка токенов
[2022-08-22 01:36:24.6245] [INFO] Токен успешно обновлен
[2022-08-22 01:36:24.6245] [INFO] Автоматическая авторизация
[2022-08-22 01:36:45.6332] [ERROR] Ошибка -------> Ссылка на объект не указывает на экземпляр объекта.
[2022-08-22 01:36:45.6882] [ERROR] Ошибка -------> Ссылка на объект не указывает на экземпляр объекта.
[2022-08-22 01:36:57.3564] [INFO] Авторизация пользователя
[2022-08-22 01:36:58.1124] [INFO] Сохранение данных
[2022-08-22 01:36:58.1124] [INFO] Данные успешно сохранены
[2022-08-22 01:36:58.2134] [INFO] Загружено главня форма
[2022-08-22 01:36:58.2134] [INFO] Получение данных
[2022-08-22 01:36:58.2134] [INFO] Загрузка заказов
[2022-08-22 01:36:58.2234] [INFO] Заказыы успешно загружены
[2022-08-22 01:36:58.2234] [INFO] Успешное получение данных
[2022-08-22 01:37:02.2496] [INFO] Открыто диалоговое окно для добавление этапа
[2022-08-22 01:37:02.2776] [INFO] Открыто диалоговое окно этапа
[2022-08-22 01:37:09.3536] [INFO] Закрытые диалогового окно этапа
[2022-08-22 01:37:09.3536] [INFO] Добавление этапа
[2022-08-22 01:37:09.4956] [INFO] Этап успешно добавлено
[2022-08-22 01:37:09.4956] [INFO] Обновление этапа
[2022-08-22 01:37:09.5666] [INFO] Этап успешно обновлен
[2022-08-22 01:37:11.4405] [INFO] Открыто диалоговое окно для добавление номенклатуры
[2022-08-22 01:37:11.4726] [INFO] Открыто диалоговое окно номенклатуры
[2022-08-22 01:37:20.2321] [INFO] Добавление этапа
[2022-08-22 01:37:20.2516] [INFO] Открыто диалоговое окно этапов
[2022-08-22 01:37:21.1438] [INFO] Закрытые диалогового окна
[2022-08-22 01:37:21.1438] [INFO] Этап успешно добавлен
[2022-08-22 01:37:23.4933] [INFO] Зактрытые диалогового окна номенклатуры
[2022-08-22 01:37:23.4933] [INFO] Диалоговое окно номенклатуры закрыто
[2022-08-22 01:37:23.4933] [INFO] Добавление номенклатуры
[2022-08-22 01:37:23.6363] [INFO] Номеклатура успешно добавлено
[2022-08-22 01:37:23.6363] [INFO] Обновление номенклатуры
[2022-08-22 01:37:23.6803] [INFO] Номенклатура успешно обновлен
[2022-08-22 01:37:25.9902] [INFO] Открыто диалоговое окно для добавление заказа
[2022-08-22 01:37:26.0152] [INFO] Открыто диалоговое окно заказа
[2022-08-22 01:37:26.0152] [INFO] Данные успешно получены
[2022-08-22 01:37:26.8821] [INFO] Добвыление номенклатуры
[2022-08-22 01:37:26.9078] [INFO] Загрузка номенклатуры
[2022-08-22 01:37:26.9658] [INFO] Номенклатуры успешно загружены
[2022-08-22 01:37:27.8932] [INFO] Закрытые диалогового окно выбора номенклатуры
[2022-08-22 01:37:27.9062] [INFO] Номенклатура успешно добавлено
[2022-08-22 01:37:50.8383] [INFO] Открыто диалоговое окно для изменение номенклатуры
[2022-08-22 01:37:50.8623] [INFO] Открыто диалоговое окно номенклатуры
[2022-08-22 01:37:52.8856] [INFO] Зактрытые диалогового окна номенклатуры
[2022-08-22 01:37:52.8856] [INFO] Диалоговое окно номенклатуры закрыто
[2022-08-22 01:37:52.8946] [INFO] Изменение номенклатуры
[2022-08-22 01:37:53.0187] [INFO] Номенклатура успешно изменен
[2022-08-22 01:37:53.0187] [INFO] Обновление номенклатуры
[2022-08-22 01:37:53.0417] [INFO] Номенклатура успешно обновлен
[2022-08-22 01:37:54.8473] [INFO] Открыто диалоговое окно для добавление заказа
[2022-08-22 01:37:54.8663] [INFO] Открыто диалоговое окно заказа
[2022-08-22 01:37:54.8663] [INFO] Данные успешно получены
[2022-08-22 01:37:55.6866] [INFO] Добвыление номенклатуры
[2022-08-22 01:37:55.7014] [INFO] Загрузка номенклатуры
[2022-08-22 01:37:55.7562] [INFO] Номенклатуры успешно загружены
[2022-08-22 01:37:56.5483] [INFO] Закрытые диалогового окно выбора номенклатуры
[2022-08-22 01:37:56.5603] [INFO] Номенклатура успешно добавлено
[2022-08-22 01:38:09.2601] [INFO] Добвыление номенклатуры
[2022-08-22 01:38:09.3051] [INFO] Загрузка номенклатуры
[2022-08-22 01:38:09.4361] [INFO] Номенклатуры успешно загружены
[2022-08-22 01:38:10.0331] [INFO] Закрытые диалогового окно выбора номенклатуры
[2022-08-22 01:38:10.0561] [INFO] Номенклатура успешно добавлено
[2022-08-22 01:38:23.2179] [INFO] Добвыление номенклатуры
[2022-08-22 01:38:23.2489] [INFO] Загрузка номенклатуры
[2022-08-22 01:38:23.4669] [INFO] Номенклатуры успешно загружены
[2022-08-22 01:38:23.9929] [INFO] Закрытые диалогового окно выбора номенклатуры
[2022-08-22 01:38:24.0159] [INFO] Номенклатура успешно добавлено
[2022-08-22 01:38:38.1420] [INFO] Закрытые главной формы
[2022-08-22 01:39:10.9350] [INFO] Загрузка формы авторизации
[2022-08-22 01:39:11.0830] [INFO] Загрузка токенов
[2022-08-22 01:39:11.1540] [INFO] Токен успешно обновлен
[2022-08-22 01:39:11.1540] [INFO] Автоматическая авторизация
[2022-08-22 01:39:22.3097] [INFO] Пользователь авторизован
[2022-08-22 01:39:22.3097] [INFO] Загрузка главной формы
[2022-08-22 01:39:22.3997] [INFO] Загружено главня форма
[2022-08-22 01:39:22.3997] [INFO] Получение данных
[2022-08-22 01:39:22.4147] [INFO] Загрузка заказов
[2022-08-22 01:39:22.4147] [INFO] Заказыы успешно загружены
[2022-08-22 01:39:22.4257] [INFO] Успешное получение данных
[2022-08-22 01:39:22.4467] [INFO] Закрываем окно авторизации
[2022-08-22 01:39:44.2430] [INFO] Открыто диалоговое окно для добавление заказа
[2022-08-22 01:39:44.2790] [INFO] Открыто диалоговое окно заказа
[2022-08-22 01:39:44.2790] [INFO] Данные успешно получены
[2022-08-22 01:39:47.1115] [INFO] Добвыление номенклатуры
[2022-08-22 01:39:47.1655] [INFO] Загрузка номенклатуры
[2022-08-22 01:39:47.2225] [INFO] Номенклатуры успешно загружены
[2022-08-22 01:39:48.1356] [INFO] Закрытые диалогового окно выбора номенклатуры
[2022-08-22 01:39:48.1516] [INFO] Номенклатура успешно добавлено
[2022-08-22 01:40:08.0091] [INFO] Добавление заказ в БД
[2022-08-22 01:40:08.0091] [INFO] Закрытые диалогового окна заказа
[2022-08-22 01:40:08.0091] [INFO] Добавление заказа
[2022-08-22 01:40:08.3771] [INFO] Заказ успешно добавлено
[2022-08-22 01:40:08.3781] [INFO] Обновление заказа
[2022-08-22 01:40:08.4431] [INFO] Заказ успешно обновлен
[2022-08-22 01:40:16.9467] [INFO] Закрытые главной формы
[2022-08-22 01:40:48.1997] [INFO] Загрузка формы авторизации
[2022-08-22 01:40:48.3067] [INFO] Загрузка токенов
[2022-08-22 01:40:48.3537] [INFO] Токен успешно обновлен
[2022-08-22 01:40:48.3537] [INFO] Автоматическая авторизация
[2022-08-22 01:40:59.9349] [INFO] Пользователь авторизован
[2022-08-22 01:40:59.9349] [INFO] Загрузка главной формы
[2022-08-22 01:41:00.0089] [INFO] Загружено главня форма
[2022-08-22 01:41:00.0089] [INFO] Получение данных
[2022-08-22 01:41:00.0189] [INFO] Загрузка заказов
[2022-08-22 01:41:00.0189] [INFO] Заказыы успешно загружены
[2022-08-22 01:41:00.0189] [INFO] Успешное получение данных
[2022-08-22 01:41:00.0609] [INFO] Закрываем окно авторизации
[2022-08-22 01:41:03.5612] [INFO] Открыто диалоговое окно для изменение заказа
[2022-08-22 01:41:03.6052] [INFO] Открыто диалоговое окно заказа
[2022-08-22 01:41:03.6202] [INFO] Данные успешно получены
[2022-08-22 01:41:23.8977] [INFO] Добавление заказ в БД
[2022-08-22 01:41:23.8977] [INFO] Закрытые диалогового окна заказа
[2022-08-22 01:41:23.9137] [INFO] Изменение заказа
[2022-08-22 01:41:24.2327] [INFO] Заказ успешно изменен
[2022-08-22 01:41:24.2327] [INFO] Обновление заказа
[2022-08-22 01:41:24.2577] [INFO] Заказ успешно обновлен
[2022-08-22 01:41:29.4042] [INFO] Открыто диалоговое окно для добавление заказа
[2022-08-22 01:41:29.4332] [INFO] Открыто диалоговое окно заказа
[2022-08-22 01:41:29.4332] [INFO] Данные успешно получены
[2022-08-22 01:41:32.4562] [INFO] Добвыление номенклатуры
[2022-08-22 01:41:32.5012] [INFO] Загрузка номенклатуры
[2022-08-22 01:41:32.7523] [INFO] Номенклатуры успешно загружены
[2022-08-22 01:41:33.2252] [INFO] Закрытые диалогового окно выбора номенклатуры
[2022-08-22 01:41:33.2392] [INFO] Номенклатура успешно добавлено
[2022-08-22 01:41:38.9178] [INFO] Добавление заказ в БД
[2022-08-22 01:41:38.9178] [INFO] Закрытые диалогового окна заказа
[2022-08-22 01:41:38.9318] [INFO] Добавление заказа
[2022-08-22 01:43:07.0684] [INFO] Загрузка формы авторизации
[2022-08-22 01:43:07.1874] [INFO] Загрузка токенов
[2022-08-22 01:43:07.2334] [INFO] Токен успешно обновлен
[2022-08-22 01:43:07.2334] [INFO] Автоматическая авторизация
[2022-08-22 01:43:17.5306] [INFO] Пользователь авторизован
[2022-08-22 01:43:17.5306] [INFO] Загрузка главной формы
[2022-08-22 01:43:17.6476] [INFO] Загружено главня форма
[2022-08-22 01:43:17.6476] [INFO] Получение данных
[2022-08-22 01:43:17.6596] [INFO] Загрузка заказов
[2022-08-22 01:43:17.6596] [INFO] Заказыы успешно загружены
[2022-08-22 01:43:17.6596] [INFO] Успешное получение данных
[2022-08-22 01:43:17.7236] [INFO] Закрываем окно авторизации
[2022-08-22 01:43:22.0754] [INFO] Открыто диалоговое окно для удаление заказа
[2022-08-22 01:43:23.0844] [INFO] Удаление заказа
[2022-08-22 01:43:23.5084] [INFO] Заказ успешно удален
[2022-08-22 01:43:23.5084] [INFO] Обновление заказа
[2022-08-22 01:43:23.6174] [INFO] Заказ успешно обновлен
[2022-08-22 01:43:24.6884] [INFO] Открыто диалоговое окно для добавление заказа
[2022-08-22 01:43:24.7454] [INFO] Открыто диалоговое окно заказа
[2022-08-22 01:43:24.7454] [INFO] Данные успешно получены
[2022-08-22 01:43:29.6883] [INFO] Добвыление номенклатуры
[2022-08-22 01:43:29.7253] [INFO] Загрузка номенклатуры
[2022-08-22 01:43:29.9883] [INFO] Номенклатуры успешно загружены
[2022-08-22 01:43:30.4253] [INFO] Закрытые диалогового окно выбора номенклатуры
[2022-08-22 01:43:30.4423] [INFO] Номенклатура успешно добавлено
[2022-08-22 01:43:34.0729] [INFO] Добавление заказ в БД
[2022-08-22 01:45:06.5373] [INFO] Закрытые диалогового окна заказа
[2022-08-22 01:45:11.5691] [INFO] Добавление заказа
[2022-08-22 01:45:11.7691] [INFO] Заказ успешно добавлено
[2022-08-22 01:45:11.7691] [INFO] Обновление заказа
[2022-08-22 01:45:11.8031] [INFO] Заказ успешно обновлен
[2022-08-22 01:46:08.0013] [INFO] Загрузка формы авторизации
[2022-08-22 01:46:08.1203] [INFO] Загрузка токенов
[2022-08-22 01:46:08.1703] [INFO] Токен успешно обновлен
[2022-08-22 01:46:08.1703] [INFO] Автоматическая авторизация
[2022-08-22 01:46:24.5441] [INFO] Пользователь авторизован
[2022-08-22 01:46:24.5441] [INFO] Загрузка главной формы
[2022-08-22 01:46:24.6000] [INFO] Загружено главня форма
[2022-08-22 01:46:24.6000] [INFO] Получение данных
[2022-08-22 01:46:24.6000] [INFO] Загрузка заказов
[2022-08-22 01:46:24.6130] [INFO] Заказыы успешно загружены
[2022-08-22 01:46:24.6130] [INFO] Успешное получение данных
[2022-08-22 01:46:24.6310] [INFO] Закрываем окно авторизации
[2022-08-22 01:46:32.8554] [INFO] Открыто диалоговое окно для добавление заказа
[2022-08-22 01:46:32.8828] [INFO] Открыто диалоговое окно заказа
[2022-08-22 01:46:32.8828] [INFO] Данные успешно получены
[2022-08-22 01:46:47.1003] [INFO] Открыто диалоговое окно для добавление заказа
[2022-08-22 01:46:47.1180] [INFO] Открыто диалоговое окно заказа
[2022-08-22 01:46:47.1180] [INFO] Данные успешно получены
[2022-08-22 01:46:47.9259] [INFO] Добвыление номенклатуры
[2022-08-22 01:46:47.9489] [INFO] Загрузка номенклатуры
[2022-08-22 01:46:48.0139] [INFO] Номенклатуры успешно загружены
[2022-08-22 01:46:50.8235] [INFO] Добвыление номенклатуры
[2022-08-22 01:46:50.8426] [INFO] Загрузка номенклатуры
[2022-08-22 01:46:50.8956] [INFO] Номенклатуры успешно загружены
[2022-08-22 01:46:51.6837] [INFO] Закрытые диалогового окно выбора номенклатуры
[2022-08-22 01:46:51.6962] [INFO] Номенклатура успешно добавлено
[2022-08-22 01:46:55.4974] [INFO] Добавление заказ в БД
[2022-08-22 01:46:55.4974] [INFO] Закрытые диалогового окна заказа
[2022-08-22 01:46:55.5064] [INFO] Добавление заказа
[2022-08-22 01:46:55.6904] [INFO] Заказ успешно добавлено
[2022-08-22 01:46:55.6934] [INFO] Обновление заказа
[2022-08-22 01:46:55.7134] [INFO] Заказ успешно обновлен
[2022-08-22 01:47:06.7881] [INFO] Открыто диалоговое окно для изменение заказа
[2022-08-22 01:47:06.8241] [INFO] Открыто диалоговое окно заказа
[2022-08-22 01:47:06.8321] [INFO] Данные успешно получены
[2022-08-22 01:47:11.6811] [INFO] Открыто диалоговое окно для добавление заказа
[2022-08-22 01:47:11.7121] [INFO] Открыто диалоговое окно заказа
[2022-08-22 01:47:11.7121] [INFO] Данные успешно получены
[2022-08-22 01:47:13.5201] [INFO] Добвыление номенклатуры
[2022-08-22 01:47:13.5402] [INFO] Загрузка номенклатуры
[2022-08-22 01:47:13.6311] [INFO] Номенклатуры успешно загружены
[2022-08-22 01:47:14.4029] [INFO] Закрытые диалогового окно выбора номенклатуры
[2022-08-22 01:47:14.4179] [INFO] Номенклатура успешно добавлено
[2022-08-22 01:47:24.4607] [INFO] Добавление заказ в БД
[2022-08-22 01:47:24.4607] [INFO] Закрытые диалогового окна заказа
[2022-08-22 01:47:24.4607] [INFO] Добавление заказа
[2022-08-22 01:47:24.5306] [INFO] Заказ успешно добавлено
[2022-08-22 01:47:24.5306] [INFO] Обновление заказа
[2022-08-22 01:47:24.5566] [INFO] Заказ успешно обновлен
[2022-08-22 01:47:30.8778] [INFO] Закрытые главной формы
[2022-08-22 01:50:08.9120] [INFO] Загрузка формы авторизации
[2022-08-22 01:50:09.0530] [INFO] Загрузка токенов
[2022-08-22 01:50:09.1100] [INFO] Токен успешно обновлен
[2022-08-22 01:50:09.1100] [INFO] Автоматическая авторизация
[2022-08-22 01:50:32.2607] [INFO] Пользователь авторизован
[2022-08-22 01:50:32.2607] [INFO] Загрузка главной формы
[2022-08-22 01:50:32.3417] [INFO] Загружено главня форма
[2022-08-22 01:50:32.3417] [INFO] Получение данных
[2022-08-22 01:50:32.3517] [INFO] Загрузка заказов
[2022-08-22 01:50:32.3517] [INFO] Заказыы успешно загружены
[2022-08-22 01:50:32.3647] [INFO] Успешное получение данных
[2022-08-22 01:50:32.4097] [INFO] Закрываем окно авторизации
[2022-08-22 01:50:54.3147] [INFO] Открыто диалоговое окно для добавление заказа
[2022-08-22 01:50:54.3537] [INFO] Открыто диалоговое окно заказа
[2022-08-22 01:50:54.3537] [INFO] Данные успешно получены
[2022-08-22 01:50:56.1468] [INFO] Добвыление номенклатуры
[2022-08-22 01:50:56.1928] [INFO] Загрузка номенклатуры
[2022-08-22 01:50:56.3618] [INFO] Номенклатуры успешно загружены
[2022-08-22 01:50:57.5698] [INFO] Закрытые диалогового окно выбора номенклатуры
[2022-08-22 01:50:57.5848] [INFO] Номенклатура успешно добавлено
[2022-08-22 01:51:06.1629] [INFO] Добавление заказ в БД
[2022-08-22 01:51:06.1629] [INFO] Закрытые диалогового окна заказа
[2022-08-22 01:51:06.1629] [INFO] Добавление заказа
[2022-08-22 01:57:06.8502] [INFO] Загрузка формы авторизации
[2022-08-22 01:57:07.0442] [INFO] Загрузка токенов
[2022-08-22 01:57:07.3842] [INFO] Токен успешно обновлен
[2022-08-22 01:57:07.3842] [INFO] Автоматическая авторизация
[2022-08-22 01:57:45.2095] [INFO] Загрузка формы авторизации
[2022-08-22 01:57:45.3395] [INFO] Загрузка токенов
[2022-08-22 01:57:45.3995] [INFO] Токен успешно обновлен
[2022-08-22 01:57:45.3995] [INFO] Автоматическая авторизация
[2022-08-22 01:58:07.8439] [ERROR] Ошибка -------> Ссылка на объект не указывает на экземпляр объекта.
[2022-08-22 01:58:07.9129] [ERROR] Ошибка -------> Ссылка на объект не указывает на экземпляр объекта.
[2022-08-22 01:58:14.3569] [INFO] Авторизация пользователя
[2022-08-22 01:58:15.8238] [INFO] Сохранение данных
[2022-08-22 01:58:15.8338] [INFO] Данные успешно сохранены
[2022-08-22 01:58:15.9578] [INFO] Загружено главня форма
[2022-08-22 01:58:15.9578] [INFO] Получение данных
[2022-08-22 01:58:15.9738] [INFO] Загрузка заказов
[2022-08-22 01:58:15.9738] [INFO] Заказыы успешно загружены
[2022-08-22 01:58:15.9888] [INFO] Успешное получение данных
[2022-08-22 01:58:17.5875] [INFO] Открыто диалоговое окно для добавление этапа
[2022-08-22 01:58:17.6335] [INFO] Открыто диалоговое окно этапа
[2022-08-22 01:58:20.2435] [INFO] Закрытые диалогового окно этапа
[2022-08-22 01:58:20.2435] [INFO] Добавление этапа
[2022-08-22 01:58:20.4395] [INFO] Этап успешно добавлено
[2022-08-22 01:58:20.4415] [INFO] Обновление этапа
[2022-08-22 01:58:20.5195] [INFO] Этап успешно обновлен
[2022-08-22 01:58:21.5335] [INFO] Открыто диалоговое окно для изменение этапа
[2022-08-22 01:58:21.5585] [INFO] Открыто диалоговое окно этапа
[2022-08-22 01:58:24.5956] [INFO] Открыто диалоговое окно для добавление номенклатуры
[2022-08-22 01:58:24.6516] [INFO] Открыто диалоговое окно номенклатуры
[2022-08-22 01:58:31.1824] [INFO] Добавление этапа
[2022-08-22 01:58:31.2174] [INFO] Открыто диалоговое окно этапов
[2022-08-22 01:58:32.0804] [INFO] Закрытые диалогового окна
[2022-08-22 01:58:32.0914] [INFO] Этап успешно добавлен
[2022-08-22 01:58:33.1474] [INFO] Зактрытые диалогового окна номенклатуры
[2022-08-22 01:58:33.1474] [INFO] Диалоговое окно номенклатуры закрыто
[2022-08-22 01:58:33.1664] [INFO] Добавление номенклатуры
[2022-08-22 01:58:33.3204] [INFO] Номеклатура успешно добавлено
[2022-08-22 01:58:33.3204] [INFO] Обновление номенклатуры
[2022-08-22 01:58:33.3704] [INFO] Номенклатура успешно обновлен
[2022-08-22 01:58:34.7836] [INFO] Открыто диалоговое окно для добавление заказа
[2022-08-22 01:58:34.8226] [INFO] Открыто диалоговое окно заказа
[2022-08-22 01:58:34.8226] [INFO] Данные успешно получены
[2022-08-22 01:58:35.8524] [INFO] Добвыление номенклатуры
[2022-08-22 01:58:35.8794] [INFO] Загрузка номенклатуры
[2022-08-22 01:58:35.9285] [INFO] Номенклатуры успешно загружены
[2022-08-22 01:58:36.7674] [INFO] Закрытые диалогового окно выбора номенклатуры
[2022-08-22 01:58:36.7874] [INFO] Номенклатура успешно добавлено
[2022-08-22 01:59:05.0122] [INFO] Добавление заказ в БД
[2022-08-22 01:59:05.0122] [INFO] Закрытые диалогового окна заказа
[2022-08-22 01:59:05.0232] [INFO] Добавление заказа
[2022-08-22 01:59:05.2002] [INFO] Заказ успешно добавлено
[2022-08-22 01:59:05.2002] [INFO] Обновление заказа
[2022-08-22 01:59:05.2512] [INFO] Заказ успешно обновлен
[2022-08-22 01:59:24.7441] [INFO] Закрытые главной формы
[2022-08-22 02:19:29.0990] [INFO] Загрузка формы авторизации
[2022-08-22 02:19:29.3070] [INFO] Загрузка токенов
[2022-08-22 02:19:29.3670] [INFO] Токен успешно обновлен
[2022-08-22 02:19:29.3670] [INFO] Автоматическая авторизация
[2022-08-22 02:19:42.6529] [INFO] Пользователь авторизован
[2022-08-22 02:19:42.6529] [INFO] Загрузка главной формы
[2022-08-22 02:19:42.8929] [INFO] Загружено главня форма
[2022-08-22 02:19:42.8929] [INFO] Получение данных
[2022-08-22 02:19:42.9089] [INFO] Загрузка заказов
[2022-08-22 02:19:42.9169] [INFO] Заказыы успешно загружены
[2022-08-22 02:19:42.9169] [INFO] Успешное получение данных
[2022-08-22 02:19:42.9569] [INFO] Закрываем окно авторизации
[2022-08-22 02:19:45.2420] [INFO] Открыто диалоговое окно для добавление заказа
[2022-08-22 02:19:45.2860] [INFO] Открыто диалоговое окно заказа
[2022-08-22 02:19:45.2860] [INFO] Данные успешно получены
[2022-08-22 02:19:46.0511] [INFO] Добвыление номенклатуры
[2022-08-22 02:19:46.0991] [INFO] Загрузка номенклатуры
[2022-08-22 02:19:46.1911] [INFO] Номенклатуры успешно загружены
[2022-08-22 02:19:50.7404] [INFO] Закрытые диалогового окно выбора номенклатуры
[2022-08-22 04:48:12.0144] [INFO] Загрузка формы авторизации
[2022-08-22 04:48:12.1566] [INFO] Загрузка токенов
[2022-08-22 04:48:12.1980] [INFO] Токен успешно обновлен
[2022-08-22 04:48:12.1980] [INFO] Автоматическая авторизация
[2022-08-22 04:48:31.3992] [INFO] Пользователь авторизован
[2022-08-22 04:48:31.3992] [INFO] Загрузка главной формы
[2022-08-22 04:48:31.4839] [INFO] Загружено главня форма
[2022-08-22 04:48:31.4839] [INFO] Получение данных
[2022-08-22 04:48:31.4922] [INFO] Загрузка заказов
[2022-08-22 04:48:31.4922] [INFO] Заказыы успешно загружены
[2022-08-22 04:48:31.5078] [INFO] Успешное получение данных
[2022-08-22 04:48:31.5308] [INFO] Закрываем окно авторизации
[2022-08-22 04:48:33.0497] [INFO] Открыто диалоговое окно для добавление номенклатуры
[2022-08-22 04:48:33.0865] [INFO] Открыто диалоговое окно номенклатуры
[2022-08-22 04:48:34.2763] [INFO] Добавление этапа
[2022-08-22 04:48:34.3085] [INFO] Открыто диалоговое окно этапов
[2022-08-22 04:48:36.7658] [INFO] Открыто диалоговое окно для добавление заказа
[2022-08-22 04:48:36.8118] [INFO] Открыто диалоговое окно заказа
[2022-08-22 04:48:36.8118] [INFO] Данные успешно получены
[2022-08-22 04:48:37.5616] [INFO] Добвыление номенклатуры
[2022-08-22 04:48:37.6093] [INFO] Загрузка номенклатуры
[2022-08-22 04:48:37.6842] [INFO] Номенклатуры успешно загружены
[2022-08-22 04:48:43.7621] [INFO] Закрытые главной формы
[2022-08-22 04:49:36.4252] [INFO] Загрузка формы авторизации
[2022-08-22 04:49:36.5596] [INFO] Загрузка токенов
[2022-08-22 04:49:36.6170] [INFO] Токен успешно обновлен
[2022-08-22 04:49:36.6170] [INFO] Автоматическая авторизация
[2022-08-22 04:49:55.7260] [INFO] Пользователь авторизован
[2022-08-22 04:49:55.7260] [INFO] Загрузка главной формы
[2022-08-22 04:49:55.8168] [INFO] Загружено главня форма
[2022-08-22 04:49:55.8168] [INFO] Получение данных
[2022-08-22 04:49:55.8168] [INFO] Загрузка заказов
[2022-08-22 04:49:55.8327] [INFO] Заказыы успешно загружены
[2022-08-22 04:49:55.8327] [INFO] Успешное получение данных
[2022-08-22 04:49:55.8698] [INFO] Закрываем окно авторизации
[2022-08-22 04:49:57.5254] [INFO] Открыто диалоговое окно для добавление заказа
[2022-08-22 04:49:57.5721] [INFO] Открыто диалоговое окно заказа
[2022-08-22 04:49:57.5721] [INFO] Данные успешно получены
[2022-08-22 04:49:58.2803] [INFO] Добвыление номенклатуры
[2022-08-22 04:49:58.3381] [INFO] Загрузка номенклатуры
[2022-08-22 04:49:58.5085] [INFO] Номенклатуры успешно загружены
[2022-08-22 04:50:11.2290] [INFO] Закрытые диалогового окно выбора номенклатуры
[2022-08-22 04:50:11.2609] [INFO] Номенклатура успешно добавлено
[2022-08-22 04:50:13.9595] [INFO] Добвыление номенклатуры
[2022-08-22 04:50:13.9863] [INFO] Загрузка номенклатуры
[2022-08-22 04:50:14.1383] [INFO] Номенклатуры успешно загружены
[2022-08-22 04:50:15.4275] [INFO] Закрытые диалогового окно выбора номенклатуры
[2022-08-22 04:50:15.4454] [INFO] Номенклатура успешно добавлено
[2022-08-22 04:50:17.8258] [INFO] Добвыление номенклатуры
[2022-08-22 04:50:17.8531] [INFO] Загрузка номенклатуры
[2022-08-22 04:50:17.9967] [INFO] Номенклатуры успешно загружены
[2022-08-22 04:50:21.7938] [INFO] Закрытые диалогового окно выбора номенклатуры
[2022-08-22 04:50:21.9370] [ERROR] Ошибка -------> Не выбрана номенклатура
[2022-08-22 04:50:22.8901] [INFO] Номенклатура успешно добавлено
[2022-08-22 04:50:37.8838] [INFO] Загрузка формы авторизации
[2022-08-22 04:50:38.0038] [INFO] Загрузка токенов
[2022-08-22 04:50:38.0526] [INFO] Токен успешно обновлен
[2022-08-22 04:50:38.0526] [INFO] Автоматическая авторизация
[2022-08-22 04:50:50.4927] [INFO] Пользователь авторизован
[2022-08-22 04:50:50.4927] [INFO] Загрузка главной формы
[2022-08-22 04:50:50.5943] [INFO] Загружено главня форма
[2022-08-22 04:50:50.5943] [INFO] Получение данных
[2022-08-22 04:50:50.6083] [INFO] Загрузка заказов
[2022-08-22 04:50:50.6163] [INFO] Заказыы успешно загружены
[2022-08-22 04:50:50.6163] [INFO] Успешное получение данных
[2022-08-22 04:50:50.6382] [INFO] Закрываем окно авторизации
[2022-08-22 04:50:54.3669] [INFO] Открыто диалоговое окно для добавление номенклатуры
[2022-08-22 04:50:54.4173] [INFO] Открыто диалоговое окно номенклатуры
[2022-08-22 04:51:00.7582] [INFO] Добавление этапа
[2022-08-22 04:51:00.8019] [INFO] Открыто диалоговое окно этапов
[2022-08-22 04:51:01.3422] [INFO] Закрытые диалогового окна
[2022-08-22 04:51:01.3573] [INFO] Этап успешно добавлен
[2022-08-22 04:51:03.4144] [INFO] Зактрытые диалогового окна номенклатуры
[2022-08-22 04:51:03.4144] [INFO] Диалоговое окно номенклатуры закрыто
[2022-08-22 04:51:03.4265] [INFO] Добавление номенклатуры
[2022-08-22 04:51:03.7995] [INFO] Номеклатура успешно добавлено
[2022-08-22 04:51:03.8015] [INFO] Обновление номенклатуры
[2022-08-22 04:51:03.8894] [INFO] Номенклатура успешно обновлен
[2022-08-22 04:51:05.2740] [INFO] Открыто диалоговое окно для добавление заказа
[2022-08-22 04:51:05.3137] [INFO] Открыто диалоговое окно заказа
[2022-08-22 04:51:05.3157] [INFO] Данные успешно получены
[2022-08-22 04:51:06.1898] [INFO] Добвыление номенклатуры
[2022-08-22 04:51:06.2282] [INFO] Загрузка номенклатуры
[2022-08-22 04:51:06.3292] [INFO] Номенклатуры успешно загружены
[2022-08-22 04:51:10.6678] [INFO] Закрытые диалогового окно выбора номенклатуры
[2022-08-22 04:51:10.6912] [INFO] Номенклатура успешно добавлено
[2022-08-22 04:51:12.4513] [INFO] Закрытые главной формы
[2022-08-22 04:55:20.6429] [INFO] Загрузка формы авторизации
[2022-08-22 04:55:20.8437] [INFO] Загрузка токенов
[2022-08-22 04:55:20.8964] [INFO] Токен успешно обновлен
[2022-08-22 04:55:20.8964] [INFO] Автоматическая авторизация
[2022-08-22 04:55:36.0479] [INFO] Пользователь авторизован
[2022-08-22 04:55:36.0479] [INFO] Загрузка главной формы
[2022-08-22 04:55:36.1173] [INFO] Загружено главня форма
[2022-08-22 04:55:36.1173] [INFO] Получение данных
[2022-08-22 04:55:36.1173] [INFO] Загрузка заказов
[2022-08-22 04:55:36.1300] [INFO] Заказыы успешно загружены
[2022-08-22 04:55:36.1300] [INFO] Успешное получение данных
[2022-08-22 04:55:36.1463] [INFO] Закрываем окно авторизации
[2022-08-22 04:55:38.1530] [INFO] Открыто диалоговое окно для добавление заказа
[2022-08-22 04:55:38.1977] [INFO] Открыто диалоговое окно заказа
[2022-08-22 04:55:38.2066] [INFO] Данные успешно получены
[2022-08-22 04:55:39.1780] [INFO] Добвыление номенклатуры
[2022-08-22 04:55:39.2224] [INFO] Загрузка номенклатуры
[2022-08-22 04:55:39.3524] [INFO] Номенклатуры успешно загружены
[2022-08-22 04:55:40.2316] [INFO] Закрытые диалогового окно выбора номенклатуры
[2022-08-22 04:55:40.2646] [INFO] Номенклатура успешно добавлено
[2022-08-22 04:56:31.0067] [INFO] Открыто диалоговое окно для добавление заказа
[2022-08-22 04:56:31.0362] [INFO] Открыто диалоговое окно заказа
[2022-08-22 04:56:31.0362] [INFO] Данные успешно получены
[2022-08-22 04:56:32.1728] [INFO] Добвыление номенклатуры
[2022-08-22 04:56:32.2048] [INFO] Загрузка номенклатуры
[2022-08-22 04:56:32.2600] [INFO] Номенклатуры успешно загружены
[2022-08-22 04:56:34.3474] [INFO] Закрытые диалогового окно выбора номенклатуры
[2022-08-22 04:56:34.3632] [INFO] Номенклатура успешно добавлено
[2022-08-22 11:51:02.6081] [INFO] Загрузка формы авторизации
[2022-08-22 11:51:02.8169] [INFO] Загрузка токенов
[2022-08-22 11:51:02.8891] [INFO] Токен успешно обновлен
[2022-08-22 11:51:02.8891] [INFO] Автоматическая авторизация
[2022-08-22 11:51:14.3946] [INFO] Пользователь авторизован
[2022-08-22 11:51:14.3946] [INFO] Загрузка главной формы
[2022-08-22 11:51:14.5306] [INFO] Загружено главня форма
[2022-08-22 11:51:14.5306] [INFO] Получение данных
[2022-08-22 11:51:14.5386] [INFO] Загрузка заказов
[2022-08-22 11:51:14.5386] [INFO] Заказыы успешно загружены
[2022-08-22 11:51:14.5386] [INFO] Успешное получение данных
[2022-08-22 11:51:14.5866] [INFO] Закрываем окно авторизации
[2022-08-22 11:51:20.6046] [INFO] Открыто диалоговое окно для добавление заказа
[2022-08-22 11:51:20.6473] [INFO] Открыто диалоговое окно заказа
[2022-08-22 11:51:20.6473] [INFO] Данные успешно получены
[2022-08-22 11:51:21.2913] [INFO] Добвыление номенклатуры
[2022-08-22 11:51:21.3333] [INFO] Загрузка номенклатуры
[2022-08-22 11:51:21.4713] [INFO] Номенклатуры успешно загружены
[2022-08-22 11:51:22.3743] [INFO] Закрытые диалогового окно выбора номенклатуры
[2022-08-22 11:51:22.3983] [INFO] Номенклатура успешно добавлено
[2022-08-22 11:54:28.3458] [INFO] Загрузка формы авторизации
[2022-08-22 11:54:28.4548] [INFO] Загрузка токенов
[2022-08-22 11:54:28.6918] [INFO] Токен успешно обновлен
[2022-08-22 11:54:28.6918] [INFO] Автоматическая авторизация
[2022-08-22 11:55:04.2373] [INFO] Загрузка формы авторизации
[2022-08-22 11:55:04.3503] [INFO] Загрузка токенов
[2022-08-22 11:55:04.3983] [INFO] Токен успешно обновлен
[2022-08-22 11:55:04.3983] [INFO] Автоматическая авторизация
[2022-08-22 11:55:13.8685] [ERROR] Ошибка -------> Ссылка на объект не указывает на экземпляр объекта.
[2022-08-22 11:55:13.9335] [ERROR] Ошибка -------> Ссылка на объект не указывает на экземпляр объекта.
[2022-08-22 11:55:39.6617] [INFO] Авторизация пользователя
[2022-08-22 11:55:40.5157] [INFO] Сохранение данных
[2022-08-22 11:55:40.5207] [INFO] Данные успешно сохранены
[2022-08-22 11:55:40.5841] [INFO] Загружено главня форма
[2022-08-22 11:55:40.5841] [INFO] Получение данных
[2022-08-22 11:55:40.5841] [INFO] Загрузка заказов
[2022-08-22 11:55:40.5841] [INFO] Заказыы успешно загружены
[2022-08-22 11:55:40.5841] [INFO] Успешное получение данных
[2022-08-22 11:55:44.9758] [INFO] Открыто диалоговое окно для добавление этапа
[2022-08-22 11:55:45.0027] [INFO] Открыто диалоговое окно этапа
[2022-08-22 11:55:47.7114] [INFO] Закрытые диалогового окно этапа
[2022-08-22 11:55:47.7114] [INFO] Добавление этапа
[2022-08-22 11:55:47.8724] [INFO] Этап успешно добавлено
[2022-08-22 11:55:47.8724] [INFO] Обновление этапа
[2022-08-22 11:55:47.9274] [INFO] Этап успешно обновлен
[2022-08-22 11:55:49.1053] [INFO] Открыто диалоговое окно для добавление номенклатуры
[2022-08-22 11:55:49.1387] [INFO] Открыто диалоговое окно номенклатуры
[2022-08-22 11:55:54.7515] [INFO] Добавление этапа
[2022-08-22 11:55:54.7820] [INFO] Открыто диалоговое окно этапов
[2022-08-22 11:55:55.8045] [INFO] Закрытые диалогового окна
[2022-08-22 11:55:55.8155] [INFO] Этап успешно добавлен
[2022-08-22 11:55:57.3678] [INFO] Зактрытые диалогового окна номенклатуры
[2022-08-22 11:55:57.3678] [INFO] Диалоговое окно номенклатуры закрыто
[2022-08-22 11:55:57.3678] [INFO] Добавление номенклатуры
[2022-08-22 11:55:57.6642] [INFO] Номеклатура успешно добавлено
[2022-08-22 11:55:57.6642] [INFO] Обновление номенклатуры
[2022-08-22 11:55:57.7722] [INFO] Номенклатура успешно обновлен
[2022-08-22 11:55:58.9316] [INFO] Открыто диалоговое окно для добавление заказа
[2022-08-22 11:55:58.9610] [INFO] Открыто диалоговое окно заказа
[2022-08-22 11:55:58.9610] [INFO] Данные успешно получены
[2022-08-22 11:56:02.6254] [INFO] Добвыление номенклатуры
[2022-08-22 11:56:02.6619] [INFO] Загрузка номенклатуры
[2022-08-22 11:56:02.7379] [INFO] Номенклатуры успешно загружены
[2022-08-22 11:56:03.7505] [INFO] Закрытые диалогового окно выбора номенклатуры
[2022-08-22 11:56:03.7645] [INFO] Номенклатура успешно добавлено
[2022-08-22 11:56:40.9814] [INFO] Удаление номенклатуры
[2022-08-22 11:56:40.9814] [INFO] Номенклатура успешно удалена
[2022-08-22 11:56:41.3285] [INFO] Добвыление номенклатуры
[2022-08-22 11:56:41.3445] [INFO] Загрузка номенклатуры
[2022-08-22 11:56:41.4175] [INFO] Номенклатуры успешно загружены
[2022-08-22 11:56:42.0228] [INFO] Закрытые диалогового окно выбора номенклатуры
[2022-08-22 11:56:42.0358] [INFO] Номенклатура успешно добавлено
[2022-08-22 11:56:54.2057] [INFO] Удаление номенклатуры
[2022-08-22 11:56:54.2107] [INFO] Номенклатура успешно удалена
[2022-08-22 11:56:54.6287] [INFO] Добвыление номенклатуры
[2022-08-22 11:56:54.6507] [INFO] Загрузка номенклатуры
[2022-08-22 11:56:54.7217] [INFO] Номенклатуры успешно загружены
[2022-08-22 11:56:55.5308] [INFO] Закрытые диалогового окно выбора номенклатуры
[2022-08-22 11:56:55.5428] [INFO] Номенклатура успешно добавлено
[2022-08-22 11:56:59.9948] [INFO] Закрытые главной формы
[2022-08-22 11:57:41.9579] [INFO] Загрузка формы авторизации
[2022-08-22 11:57:42.0499] [INFO] Загрузка токенов
[2022-08-22 11:57:42.0939] [INFO] Токен успешно обновлен
[2022-08-22 11:57:42.0939] [INFO] Автоматическая авторизация
[2022-08-22 11:57:50.3701] [INFO] Пользователь авторизован
[2022-08-22 11:57:50.3701] [INFO] Загрузка главной формы
[2022-08-22 11:57:50.4411] [INFO] Загружено главня форма
[2022-08-22 11:57:50.4411] [INFO] Получение данных
[2022-08-22 11:57:50.4411] [INFO] Загрузка заказов
[2022-08-22 11:57:50.4411] [INFO] Заказыы успешно загружены
[2022-08-22 11:57:50.4561] [INFO] Успешное получение данных
[2022-08-22 11:57:50.4931] [INFO] Закрываем окно авторизации
[2022-08-22 11:57:52.9460] [INFO] Открыто диалоговое окно для добавление заказа
[2022-08-22 11:57:52.9790] [INFO] Открыто диалоговое окно заказа
[2022-08-22 11:57:52.9790] [INFO] Данные успешно получены
[2022-08-22 11:57:53.7256] [INFO] Добвыление номенклатуры
[2022-08-22 11:57:53.7586] [INFO] Загрузка номенклатуры
[2022-08-22 11:57:53.8206] [INFO] Номенклатуры успешно загружены
[2022-08-22 11:57:54.6828] [INFO] Закрытые диалогового окно выбора номенклатуры
[2022-08-22 11:57:54.6958] [INFO] Номенклатура успешно добавлено
[2022-08-22 11:58:04.4596] [INFO] Закрытые главной формы
[2022-08-22 11:59:15.0148] [INFO] Загрузка формы авторизации
[2022-08-22 11:59:15.1198] [INFO] Загрузка токенов
[2022-08-22 11:59:15.1658] [INFO] Токен успешно обновлен
[2022-08-22 11:59:15.1658] [INFO] Автоматическая авторизация
[2022-08-22 11:59:26.3489] [INFO] Пользователь авторизован
[2022-08-22 11:59:26.3489] [INFO] Загрузка главной формы
[2022-08-22 11:59:26.4569] [INFO] Загружено главня форма
[2022-08-22 11:59:26.4569] [INFO] Получение данных
[2022-08-22 11:59:26.4569] [INFO] Загрузка заказов
[2022-08-22 11:59:26.4739] [INFO] Заказыы успешно загружены
[2022-08-22 11:59:26.4739] [INFO] Успешное получение данных
[2022-08-22 11:59:26.5239] [INFO] Закрываем окно авторизации
[2022-08-22 11:59:28.3482] [INFO] Открыто диалоговое окно для добавление заказа
[2022-08-22 11:59:28.3712] [INFO] Открыто диалоговое окно заказа
[2022-08-22 11:59:28.3712] [INFO] Данные успешно получены
[2022-08-22 11:59:29.5282] [INFO] Добвыление номенклатуры
[2022-08-22 11:59:29.5595] [INFO] Загрузка номенклатуры
[2022-08-22 11:59:29.7685] [INFO] Номенклатуры успешно загружены
[2022-08-22 11:59:30.7603] [INFO] Закрытые диалогового окно выбора номенклатуры
[2022-08-22 11:59:30.7713] [INFO] Номенклатура успешно добавлено
[2022-08-22 12:00:16.3817] [INFO] Загрузка формы авторизации
[2022-08-22 12:00:16.4817] [INFO] Загрузка токенов
[2022-08-22 12:00:16.5137] [INFO] Токен успешно обновлен
[2022-08-22 12:00:16.5137] [INFO] Автоматическая авторизация
[2022-08-22 12:00:23.9281] [INFO] Пользователь авторизован
[2022-08-22 12:00:23.9281] [INFO] Загрузка главной формы
[2022-08-22 12:00:24.0001] [INFO] Загружено главня форма
[2022-08-22 12:00:24.0001] [INFO] Получение данных
[2022-08-22 12:00:24.0101] [INFO] Загрузка заказов
[2022-08-22 12:00:24.0101] [INFO] Заказыы успешно загружены
[2022-08-22 12:00:24.0101] [INFO] Успешное получение данных
[2022-08-22 12:00:24.0381] [INFO] Закрываем окно авторизации
[2022-08-22 12:00:30.3486] [INFO] Открыто диалоговое окно для добавление заказа
[2022-08-22 12:00:30.3716] [INFO] Открыто диалоговое окно заказа
[2022-08-22 12:00:30.3716] [INFO] Данные успешно получены
[2022-08-22 12:00:31.3432] [INFO] Добвыление номенклатуры
[2022-08-22 12:00:31.3723] [INFO] Загрузка номенклатуры
[2022-08-22 12:00:31.5422] [INFO] Номенклатуры успешно загружены
[2022-08-22 12:00:32.7413] [INFO] Закрытые диалогового окно выбора номенклатуры
[2022-08-22 12:00:32.7633] [INFO] Номенклатура успешно добавлено
[2022-08-22 12:00:37.0657] [INFO] Открыто диалоговое окно для добавление заказа
[2022-08-22 12:00:37.0837] [INFO] Открыто диалоговое окно заказа
[2022-08-22 12:00:37.0837] [INFO] Данные успешно получены
[2022-08-22 12:00:37.9132] [INFO] Добвыление номенклатуры
[2022-08-22 12:00:37.9342] [INFO] Загрузка номенклатуры
[2022-08-22 12:00:38.0302] [INFO] Номенклатуры успешно загружены
[2022-08-22 12:00:38.8639] [INFO] Закрытые диалогового окно выбора номенклатуры
[2022-08-22 12:00:38.8639] [INFO] Номенклатура успешно добавлено
[2022-08-22 12:01:29.1055] [INFO] Загрузка формы авторизации
[2022-08-22 12:01:29.1885] [INFO] Загрузка токенов
[2022-08-22 12:01:29.2205] [INFO] Токен успешно обновлен
[2022-08-22 12:01:29.2205] [INFO] Автоматическая авторизация
[2022-08-22 12:01:35.9674] [INFO] Пользователь авторизован
[2022-08-22 12:01:35.9674] [INFO] Загрузка главной формы
[2022-08-22 12:01:36.0134] [INFO] Загружено главня форма
[2022-08-22 12:01:36.0134] [INFO] Получение данных
[2022-08-22 12:01:36.0134] [INFO] Загрузка заказов
[2022-08-22 12:01:36.0234] [INFO] Заказыы успешно загружены
[2022-08-22 12:01:36.0234] [INFO] Успешное получение данных
[2022-08-22 12:01:36.0354] [INFO] Закрываем окно авторизации
[2022-08-22 12:01:38.8824] [INFO] Открыто диалоговое окно для добавление заказа
[2022-08-22 12:01:38.9076] [INFO] Открыто диалоговое окно заказа
[2022-08-22 12:01:38.9114] [INFO] Данные успешно получены
[2022-08-22 12:01:39.4552] [INFO] Добвыление номенклатуры
[2022-08-22 12:01:39.4892] [INFO] Загрузка номенклатуры
[2022-08-22 12:01:39.6382] [INFO] Номенклатуры успешно загружены
[2022-08-22 12:01:40.2516] [INFO] Закрытые диалогового окно выбора номенклатуры
[2022-08-22 12:01:40.2656] [INFO] Номенклатура успешно добавлено
[2022-08-22 12:02:21.9571] [INFO] Добвыление номенклатуры
[2022-08-22 12:02:21.9731] [INFO] Загрузка номенклатуры
[2022-08-22 12:02:22.0241] [INFO] Номенклатуры успешно загружены
[2022-08-22 12:02:22.7968] [INFO] Закрытые диалогового окно выбора номенклатуры
[2022-08-22 12:02:22.8098] [INFO] Номенклатура успешно добавлено
[2022-08-22 12:02:41.7204] [INFO] Закрытые главной формы
[2022-08-22 12:03:04.5070] [INFO] Загрузка формы авторизации
[2022-08-22 12:03:04.6890] [INFO] Загрузка токенов
[2022-08-22 12:03:04.7590] [INFO] Токен успешно обновлен
[2022-08-22 12:03:04.7590] [INFO] Автоматическая авторизация
[2022-08-22 12:03:13.7907] [INFO] Пользователь авторизован
[2022-08-22 12:03:13.7907] [INFO] Загрузка главной формы
[2022-08-22 12:03:13.8697] [INFO] Загружено главня форма
[2022-08-22 12:03:13.8697] [INFO] Получение данных
[2022-08-22 12:03:13.8797] [INFO] Загрузка заказов
[2022-08-22 12:03:13.8797] [INFO] Заказыы успешно загружены
[2022-08-22 12:03:13.8797] [INFO] Успешное получение данных
[2022-08-22 12:03:13.9097] [INFO] Закрываем окно авторизации
[2022-08-22 12:03:18.8177] [INFO] Открыто диалоговое окно для добавление заказа
[2022-08-22 12:03:18.8497] [INFO] Открыто диалоговое окно заказа
[2022-08-22 12:03:18.8497] [INFO] Данные успешно получены
[2022-08-22 12:03:19.6675] [INFO] Добвыление номенклатуры
[2022-08-22 12:03:19.6976] [INFO] Загрузка номенклатуры
[2022-08-22 12:03:19.8866] [INFO] Номенклатуры успешно загружены
[2022-08-22 12:03:20.4101] [INFO] Закрытые диалогового окно выбора номенклатуры
[2022-08-22 12:03:20.4101] [INFO] Номенклатура успешно добавлено
[2022-08-22 12:03:28.2501] [INFO] Добавление заказ в БД
[2022-08-22 12:03:28.2501] [INFO] Закрытые диалогового окна заказа
[2022-08-22 12:03:28.2604] [INFO] Добавление заказа
[2022-08-22 12:03:28.4614] [INFO] Заказ успешно добавлено
[2022-08-22 12:03:28.4614] [INFO] Обновление заказа
[2022-08-22 12:05:52.2460] [INFO] Загрузка формы авторизации
[2022-08-22 12:05:52.3980] [INFO] Загрузка токенов
[2022-08-22 12:05:52.6850] [INFO] Токен успешно обновлен
[2022-08-22 12:05:52.6850] [INFO] Автоматическая авторизация
[2022-08-22 12:06:26.2583] [INFO] Загрузка формы авторизации
[2022-08-22 12:06:26.3763] [INFO] Загрузка токенов
[2022-08-22 12:06:26.4213] [INFO] Токен успешно обновлен
[2022-08-22 12:06:26.4213] [INFO] Автоматическая авторизация
[2022-08-22 12:06:35.5293] [ERROR] Ошибка -------> Ссылка на объект не указывает на экземпляр объекта.
[2022-08-22 12:06:35.5793] [ERROR] Ошибка -------> Ссылка на объект не указывает на экземпляр объекта.
[2022-08-22 12:06:42.1198] [INFO] Авторизация пользователя
[2022-08-22 12:06:42.7523] [INFO] Сохранение данных
[2022-08-22 12:06:42.7573] [INFO] Данные успешно сохранены
[2022-08-22 12:06:42.8063] [INFO] Загружено главня форма
[2022-08-22 12:06:42.8063] [INFO] Получение данных
[2022-08-22 12:06:42.8063] [INFO] Загрузка заказов
[2022-08-22 12:06:42.8063] [INFO] Заказыы успешно загружены
[2022-08-22 12:06:42.8163] [INFO] Успешное получение данных
[2022-08-22 12:06:45.3366] [INFO] Открыто диалоговое окно для добавление этапа
[2022-08-22 12:06:45.3607] [INFO] Открыто диалоговое окно этапа
[2022-08-22 12:06:48.4289] [INFO] Закрытые диалогового окно этапа
[2022-08-22 12:06:48.4289] [INFO] Добавление этапа
[2022-08-22 12:06:48.5029] [INFO] Этап успешно добавлено
[2022-08-22 12:06:48.5039] [INFO] Обновление этапа
[2022-08-22 12:06:48.5539] [INFO] Этап успешно обновлен
[2022-08-22 12:06:49.4896] [INFO] Открыто диалоговое окно для добавление номенклатуры
[2022-08-22 12:06:49.5146] [INFO] Открыто диалоговое окно номенклатуры
[2022-08-22 12:06:56.6479] [INFO] Добавление этапа
[2022-08-22 12:06:56.6699] [INFO] Открыто диалоговое окно этапов
[2022-08-22 12:06:57.1629] [INFO] Закрытые диалогового окна
[2022-08-22 12:06:57.1629] [INFO] Этап успешно добавлен
[2022-08-22 12:06:58.3819] [INFO] Зактрытые диалогового окна номенклатуры
[2022-08-22 12:06:58.3819] [INFO] Диалоговое окно номенклатуры закрыто
[2022-08-22 12:06:58.3819] [INFO] Добавление номенклатуры
[2022-08-22 12:06:58.5006] [INFO] Номеклатура успешно добавлено
[2022-08-22 12:06:58.5006] [INFO] Обновление номенклатуры
[2022-08-22 12:06:58.5686] [INFO] Номенклатура успешно обновлен
[2022-08-22 12:07:00.2895] [INFO] Открыто диалоговое окно для добавление заказа
[2022-08-22 12:07:00.3145] [INFO] Открыто диалоговое окно заказа
[2022-08-22 12:07:00.3166] [INFO] Данные успешно получены
[2022-08-22 12:07:01.0174] [INFO] Добвыление номенклатуры
[2022-08-22 12:07:01.0380] [INFO] Загрузка номенклатуры
[2022-08-22 12:07:01.0830] [INFO] Номенклатуры успешно загружены
[2022-08-22 12:07:04.4663] [INFO] Закрытые диалогового окно выбора номенклатуры
[2022-08-22 12:07:04.4813] [INFO] Номенклатура успешно добавлено
[2022-08-22 12:07:27.1480] [INFO] Добавление заказ в БД
[2022-08-22 12:07:27.1480] [INFO] Закрытые диалогового окна заказа
[2022-08-22 12:07:27.1480] [INFO] Добавление заказа
[2022-08-22 12:07:27.3350] [INFO] Заказ успешно добавлено
[2022-08-22 12:07:27.3350] [INFO] Обновление заказа
[2022-08-22 12:07:27.3850] [INFO] Заказ успешно обновлен
[2022-08-22 12:07:28.8209] [INFO] Открыто диалоговое окно для добавление заказа
[2022-08-22 12:07:28.8439] [INFO] Открыто диалоговое окно заказа
[2022-08-22 12:07:28.8439] [INFO] Данные успешно получены
[2022-08-22 12:07:45.2427] [INFO] Открыто диалоговое окно для изменение заказа
[2022-08-22 12:07:45.2586] [INFO] Открыто диалоговое окно заказа
[2022-08-22 12:07:45.2586] [INFO] Данные успешно получены
[2022-08-22 12:07:46.8611] [INFO] Закрытые главной формы
[2022-08-22 12:08:30.5705] [INFO] Загрузка формы авторизации
[2022-08-22 12:08:30.6525] [INFO] Загрузка токенов
[2022-08-22 12:08:30.6825] [INFO] Токен успешно обновлен
[2022-08-22 12:08:30.6825] [INFO] Автоматическая авторизация
[2022-08-22 12:08:40.3589] [INFO] Пользователь авторизован
[2022-08-22 12:08:40.3589] [INFO] Загрузка главной формы
[2022-08-22 12:08:40.4140] [INFO] Загружено главня форма
[2022-08-22 12:08:40.4140] [INFO] Получение данных
[2022-08-22 12:08:40.4140] [INFO] Загрузка заказов
[2022-08-22 12:08:40.4250] [INFO] Заказыы успешно загружены
[2022-08-22 12:08:40.4250] [INFO] Успешное получение данных
[2022-08-22 12:08:40.4509] [INFO] Закрываем окно авторизации
[2022-08-22 12:08:41.8174] [INFO] Открыто диалоговое окно для добавление заказа
[2022-08-22 12:08:41.8624] [INFO] Открыто диалоговое окно заказа
[2022-08-22 12:08:41.8624] [INFO] Данные успешно получены
[2022-08-22 12:08:45.4767] [INFO] Добвыление номенклатуры
[2022-08-22 12:08:45.5011] [INFO] Загрузка номенклатуры
[2022-08-22 12:08:45.6021] [INFO] Номенклатуры успешно загружены
[2022-08-22 12:08:47.9973] [INFO] Закрытые диалогового окно выбора номенклатуры
[2022-08-22 12:08:48.0133] [INFO] Номенклатура успешно добавлено
[2022-08-22 12:08:57.9279] [INFO] Добавление заказ в БД
[2022-08-22 12:08:57.9279] [INFO] Закрытые диалогового окна заказа
[2022-08-22 12:08:57.9279] [INFO] Добавление заказа
[2022-08-22 12:08:58.1119] [INFO] Заказ успешно добавлено
[2022-08-22 12:08:58.1119] [INFO] Обновление заказа
[2022-08-22 12:08:58.1319] [INFO] Заказ успешно обновлен
[2022-08-22 12:09:02.3376] [INFO] Закрытые главной формы
[2022-08-22 12:18:07.9126] [INFO] Загрузка формы авторизации
[2022-08-22 12:18:08.1226] [INFO] Загрузка токенов
[2022-08-22 12:18:08.1896] [INFO] Токен успешно обновлен
[2022-08-22 12:18:08.1896] [INFO] Автоматическая авторизация
[2022-08-22 12:18:25.2275] [INFO] Пользователь авторизован
[2022-08-22 12:18:25.2275] [INFO] Загрузка главной формы
[2022-08-22 12:18:25.3165] [INFO] Загружено главня форма
[2022-08-22 12:18:25.3165] [INFO] Получение данных
[2022-08-22 12:18:25.3165] [INFO] Загрузка заказов
[2022-08-22 12:18:25.3165] [INFO] Заказыы успешно загружены
[2022-08-22 12:18:25.3325] [INFO] Успешное получение данных
[2022-08-22 12:18:25.3675] [INFO] Закрываем окно авторизации
[2022-08-22 12:18:30.4307] [INFO] Открыто диалоговое окно для изменение заказа
[2022-08-22 12:18:30.4637] [INFO] Открыто диалоговое окно заказа
[2022-08-22 12:18:30.4737] [INFO] Данные успешно получены
[2022-08-22 12:18:37.0247] [INFO] Добавление заказ в БД
[2022-08-22 12:18:37.0247] [INFO] Закрытые диалогового окна заказа
[2022-08-22 12:18:37.0347] [INFO] Изменение заказа
[2022-08-22 12:18:37.3102] [INFO] Заказ успешно изменен
[2022-08-22 12:18:37.3102] [INFO] Обновление заказа
[2022-08-22 12:18:37.3452] [INFO] Заказ успешно обновлен
[2022-08-22 12:18:38.5150] [INFO] Открыто диалоговое окно для изменение заказа
[2022-08-22 12:18:38.5340] [INFO] Открыто диалоговое окно заказа
[2022-08-22 12:18:38.5450] [INFO] Данные успешно получены
[2022-08-22 12:18:41.6442] [INFO] Открыто диалоговое окно для изменение номенклатуры
[2022-08-22 12:18:41.6759] [INFO] Открыто диалоговое окно номенклатуры
[2022-08-22 12:18:43.8803] [INFO] Открыто диалоговое окно для добавление номенклатуры
[2022-08-22 12:18:43.9032] [INFO] Открыто диалоговое окно номенклатуры
[2022-08-22 12:18:53.9069] [INFO] Закрытые главной формы
[2022-08-22 18:36:54.2097] [INFO] Загрузка формы авторизации
[2022-08-22 18:36:54.2616] [INFO] Загрузка токенов
[2022-08-22 18:36:54.4097] [INFO] Токен успешно обновлен
[2022-08-22 18:36:54.4097] [INFO] Автоматическая авторизация
[2022-08-22 18:37:21.7484] [INFO] Загрузка формы авторизации
[2022-08-22 18:37:21.8182] [INFO] Загрузка токенов
[2022-08-22 18:37:21.8546] [INFO] Токен успешно обновлен
[2022-08-22 18:37:21.8546] [INFO] Автоматическая авторизация
[2022-08-22 18:37:56.6775] [ERROR] Ошибка -------> Ссылка на объект не указывает на экземпляр объекта.
[2022-08-22 18:37:56.7052] [ERROR] Ошибка -------> Ссылка на объект не указывает на экземпляр объекта.
[2022-08-22 18:38:10.8890] [INFO] Загрузка формы авторизации
[2022-08-22 18:38:10.9319] [INFO] Загрузка токенов
[2022-08-22 18:38:10.9608] [INFO] Токен успешно обновлен
[2022-08-22 18:38:10.9608] [INFO] Автоматическая авторизация
[2022-08-22 18:38:51.2134] [INFO] Загрузка формы авторизации
[2022-08-22 18:38:51.2592] [INFO] Загрузка токенов
[2022-08-22 18:38:51.2852] [INFO] Токен успешно обновлен
[2022-08-22 18:38:51.2852] [INFO] Автоматическая авторизация
[2022-08-22 18:38:56.5921] [ERROR] Ошибка -------> Не найдена сессия пользователя
[2022-08-22 18:38:56.6430] [ERROR] Ошибка -------> Не найдена сессия пользователя
[2022-08-22 18:39:20.7695] [INFO] Загрузка формы авторизации
[2022-08-22 18:39:20.8214] [INFO] Загрузка токенов
[2022-08-22 18:39:20.8513] [INFO] Токен успешно обновлен
[2022-08-22 18:39:20.8513] [INFO] Автоматическая авторизация
[2022-08-22 18:39:26.3125] [ERROR] Ошибка -------> Не найдена сессия пользователя
[2022-08-22 18:39:26.3521] [ERROR] Ошибка -------> Не найдена сессия пользователя
[2022-08-22 18:39:31.5241] [INFO] Авторизация пользователя
[2022-08-22 18:39:32.0458] [INFO] Сохранение данных
[2022-08-22 18:39:32.0458] [INFO] Данные успешно сохранены
[2022-08-22 18:39:32.0996] [INFO] Загружено главня форма
[2022-08-22 18:39:32.0996] [INFO] Получение данных
[2022-08-22 18:39:32.0996] [INFO] Загрузка заказов
[2022-08-22 18:39:32.1086] [INFO] Заказыы успешно загружены
[2022-08-22 18:39:32.1086] [INFO] Успешное получение данных
[2022-08-22 18:39:34.0134] [INFO] Открыто диалоговое окно для добавление этапа
[2022-08-22 18:39:34.0344] [INFO] Открыто диалоговое окно этапа
[2022-08-22 18:39:38.7496] [INFO] Закрытые диалогового окно этапа
[2022-08-22 18:39:38.7496] [INFO] Добавление этапа
[2022-08-22 18:39:38.7985] [INFO] Этап успешно добавлено
[2022-08-22 18:39:38.7985] [INFO] Обновление этапа
[2022-08-22 18:39:38.8264] [INFO] Этап успешно обновлен
[2022-08-22 18:39:39.5185] [INFO] Открыто диалоговое окно для добавление этапа
[2022-08-22 18:39:39.5185] [INFO] Открыто диалоговое окно этапа
[2022-08-22 18:39:42.6050] [INFO] Закрытые диалогового окно этапа
[2022-08-22 18:39:42.6090] [INFO] Добавление этапа
[2022-08-22 18:39:42.6309] [INFO] Этап успешно добавлено
[2022-08-22 18:39:42.6309] [INFO] Обновление этапа
[2022-08-22 18:39:42.6469] [INFO] Этап успешно обновлен
[2022-08-22 18:39:45.1259] [INFO] Открыто диалоговое окно для добавление номенклатуры
[2022-08-22 18:39:45.1466] [INFO] Открыто диалоговое окно номенклатуры
[2022-08-22 18:39:56.4847] [INFO] Добавление этапа
[2022-08-22 18:39:56.5007] [INFO] Открыто диалоговое окно этапов
[2022-08-22 18:39:57.6654] [INFO] Закрытые диалогового окна
[2022-08-22 18:39:57.6709] [INFO] Этап успешно добавлен
[2022-08-22 18:39:58.1574] [INFO] Добавление этапа
[2022-08-22 18:39:58.1574] [INFO] Открыто диалоговое окно этапов
[2022-08-22 18:39:59.6624] [INFO] Закрытые диалогового окна
[2022-08-22 18:39:59.6624] [INFO] Этап успешно добавлен
[2022-08-22 18:40:05.8145] [INFO] Зактрытые диалогового окна номенклатуры
[2022-08-22 18:40:05.8145] [INFO] Диалоговое окно номенклатуры закрыто
[2022-08-22 18:40:05.8145] [INFO] Добавление номенклатуры
[2022-08-22 18:40:05.8963] [INFO] Номеклатура успешно добавлено
[2022-08-22 18:40:05.8963] [INFO] Обновление номенклатуры
[2022-08-22 18:40:05.9302] [INFO] Номенклатура успешно обновлен
[2022-08-22 18:40:08.2405] [INFO] Открыто диалоговое окно для добавление заказа
[2022-08-22 18:40:08.2594] [INFO] Открыто диалоговое окно заказа
[2022-08-22 18:40:08.2594] [INFO] Данные успешно получены
[2022-08-22 18:40:09.1117] [INFO] Добвыление номенклатуры
[2022-08-22 18:40:09.1282] [INFO] Загрузка номенклатуры
[2022-08-22 18:40:09.1452] [INFO] Номенклатуры успешно загружены
[2022-08-22 18:40:10.1916] [INFO] Закрытые диалогового окно выбора номенклатуры
[2022-08-22 18:40:10.1916] [INFO] Номенклатура успешно добавлено
[2022-08-22 18:40:46.9964] [INFO] Добавление заказ в БД
[2022-08-22 18:40:46.9964] [INFO] Закрытые диалогового окна заказа
[2022-08-22 18:40:46.9994] [INFO] Добавление заказа
[2022-08-22 18:40:47.1191] [INFO] Заказ успешно добавлено
[2022-08-22 18:40:47.1191] [INFO] Обновление заказа
[2022-08-22 18:40:47.1550] [INFO] Заказ успешно обновлен
[2022-08-22 18:40:52.8630] [INFO] Открыто диалоговое окно для изменение заказа
[2022-08-22 18:40:52.8729] [INFO] Открыто диалоговое окно заказа
[2022-08-22 18:40:52.8729] [INFO] Данные успешно получены
[2022-08-22 18:41:11.1243] [INFO] Добавление заказ в БД
[2022-08-22 18:41:11.1243] [INFO] Закрытые диалогового окна заказа
[2022-08-22 18:41:11.1243] [INFO] Изменение заказа
[2022-08-22 18:41:11.2241] [INFO] Заказ успешно изменен
[2022-08-22 18:41:11.2241] [INFO] Обновление заказа
[2022-08-22 18:41:11.2380] [INFO] Заказ успешно обновлен
[2022-08-22 18:41:18.5141] [INFO] Открыто диалоговое окно для изменение заказа
[2022-08-22 18:41:18.5141] [INFO] Открыто диалоговое окно заказа
[2022-08-22 18:41:18.5321] [INFO] Данные успешно получены
[2022-08-22 18:41:24.4275] [INFO] Открыто диалоговое окно для добавление номенклатуры
[2022-08-22 18:41:24.4375] [INFO] Открыто диалоговое окно номенклатуры
[2022-08-22 18:41:26.0081] [INFO] Зактрытые диалогового окна номенклатуры
[2022-08-22 18:41:26.0081] [INFO] Диалоговое окно номенклатуры закрыто
[2022-08-22 18:41:26.0081] [INFO] Добавление номенклатуры
[2022-08-22 18:41:26.0331] [INFO] Номеклатура успешно добавлено
[2022-08-22 18:41:26.0331] [INFO] Обновление номенклатуры
[2022-08-22 18:41:26.0470] [INFO] Номенклатура успешно обновлен
[2022-08-22 18:49:52.2130] [INFO] Загрузка формы авторизации
[2022-08-22 18:49:52.2539] [INFO] Загрузка токенов
[2022-08-22 18:49:52.2778] [INFO] Токен успешно обновлен
[2022-08-22 18:49:52.2778] [INFO] Автоматическая авторизация
[2022-08-22 18:50:28.6102] [INFO] Загрузка формы авторизации
[2022-08-22 18:50:28.6611] [INFO] Загрузка токенов
[2022-08-22 18:50:28.6880] [INFO] Токен успешно обновлен
[2022-08-22 18:50:28.6880] [INFO] Автоматическая авторизация
[2022-08-22 18:50:32.9025] [INFO] Пользователь авторизован
[2022-08-22 18:50:32.9025] [INFO] Загрузка главной формы
[2022-08-22 18:50:32.9414] [INFO] Загружено главня форма
[2022-08-22 18:50:32.9414] [INFO] Получение данных
[2022-08-22 18:50:32.9414] [INFO] Загрузка заказов
[2022-08-22 18:50:32.9414] [INFO] Заказыы успешно загружены
[2022-08-22 18:50:32.9514] [INFO] Успешное получение данных
[2022-08-22 18:50:32.9514] [INFO] Закрываем окно авторизации
[2022-08-22 18:51:14.3890] [INFO] Открыто диалоговое окно для изменение заказа
[2022-08-22 18:51:14.4079] [ERROR] Ошибка -------> Вы не выбрали запись
[2022-08-22 18:51:16.4868] [ERROR] Ошибка -------> Вы не выбрали запись
[2022-08-22 18:51:18.7014] [INFO] Открыто диалоговое окно для изменение заказа
[2022-08-22 18:51:18.7203] [INFO] Открыто диалоговое окно заказа
[2022-08-22 18:51:18.7203] [INFO] Данные успешно получены
[2022-08-22 18:51:21.3566] [INFO] Открыто диалоговое окно для изменение номенклатуры
[2022-08-22 18:51:21.3636] [ERROR] Ошибка -------> Вы не выбрали запись
[2022-08-22 18:51:22.8316] [ERROR] Ошибка -------> Вы не выбрали запись
[2022-08-22 18:51:25.7785] [INFO] Открыто диалоговое окно для добавление номенклатуры
[2022-08-22 18:51:25.7904] [ERROR] Ошибка -------> Вы не выбрали запись
[2022-08-22 18:54:32.1272] [INFO] Загрузка формы авторизации
[2022-08-22 18:54:32.1701] [INFO] Загрузка токенов
[2022-08-22 18:54:32.1940] [INFO] Токен успешно обновлен
[2022-08-22 18:54:32.1940] [INFO] Автоматическая авторизация
[2022-08-22 18:54:36.2366] [INFO] Пользователь авторизован
[2022-08-22 18:54:36.2366] [INFO] Загрузка главной формы
[2022-08-22 18:54:36.2755] [INFO] Загружено главня форма
[2022-08-22 18:54:36.2755] [INFO] Получение данных
[2022-08-22 18:54:36.2805] [INFO] Загрузка заказов
[2022-08-22 18:54:36.2805] [INFO] Заказыы успешно загружены
[2022-08-22 18:54:36.2805] [INFO] Успешное получение данных
[2022-08-22 18:54:36.2995] [INFO] Закрываем окно авторизации
