[2022-08-15 23:49:42.6732] [INFO] Загрузка формы авторизации
[2022-08-15 23:49:48.8190] [INFO] Загрузка токенов
[2022-08-15 23:49:55.1943] [INFO] Токен успешно обновлен
[2022-08-15 23:49:56.7042] [INFO] Автоматическая авторизация
[2022-08-15 23:52:05.4398] [INFO] Загрузка формы авторизации
[2022-08-15 23:52:05.5390] [INFO] Загрузка токенов
[2022-08-15 23:52:05.5700] [INFO] Токен успешно обновлен
[2022-08-15 23:52:05.5700] [INFO] Автоматическая авторизация
[2022-08-15 23:55:56.6725] [INFO] Загрузка формы авторизации
[2022-08-15 23:55:56.8335] [INFO] Загрузка токенов
[2022-08-15 23:55:56.9005] [INFO] Токен успешно обновлен
[2022-08-15 23:55:56.9005] [INFO] Автоматическая авторизация
[2022-08-15 23:56:01.4907] [ERROR] Ошибка -------> Произошла ошибка при отправке запроса.
[2022-08-15 23:56:01.5787] [ERROR] Ошибка -------> Произошла ошибка при отправке запроса.
[2022-08-15 23:57:44.4303] [INFO] Загрузка формы авторизации
[2022-08-15 23:57:44.6243] [INFO] Загрузка токенов
[2022-08-15 23:57:44.6813] [INFO] Токен успешно обновлен
[2022-08-15 23:57:44.6813] [INFO] Автоматическая авторизация
[2022-08-15 23:57:49.3298] [ERROR] Ошибка -------> Произошла ошибка при отправке запроса.
[2022-08-15 23:57:49.4018] [ERROR] Ошибка -------> Произошла ошибка при отправке запроса.
[2022-08-15 23:59:44.0980] [INFO] Загрузка формы авторизации
[2022-08-15 23:59:44.3490] [INFO] Загрузка токенов
[2022-08-15 23:59:44.5180] [INFO] Токен успешно обновлен
[2022-08-15 23:59:44.5180] [INFO] Автоматическая авторизация
[2022-08-15 23:59:49.2773] [ERROR] Ошибка -------> Произошла ошибка при отправке запроса.
[2022-08-15 23:59:49.3543] [ERROR] Ошибка -------> Произошла ошибка при отправке запроса.
