[2022-08-23 11:31:03.5636] [INFO] Загрузка формы авторизации
[2022-08-23 11:31:03.7216] [INFO] Загрузка токенов
[2022-08-23 11:31:03.9196] [INFO] Токен успешно обновлен
[2022-08-23 11:31:03.9196] [INFO] Автоматическая авторизация
[2022-08-23 11:31:11.5786] [ERROR] Ошибка -------> Не найдена сессия пользователя
[2022-08-23 11:31:11.6656] [ERROR] Ошибка -------> Не найдена сессия пользователя
[2022-08-23 11:31:33.1034] [INFO] Загрузка формы авторизации
[2022-08-23 11:31:33.2864] [INFO] Загрузка токенов
[2022-08-23 11:31:33.4464] [INFO] Токен успешно обновлен
[2022-08-23 11:31:33.4464] [INFO] Автоматическая авторизация
[2022-08-23 11:31:49.6625] [ERROR] Ошибка -------> Не найдена сессия пользователя
[2022-08-23 11:31:49.7955] [ERROR] Ошибка -------> Не найдена сессия пользователя
[2022-08-23 11:31:56.9336] [INFO] Авторизация пользователя
[2022-08-23 11:31:57.8206] [INFO] Сохранение данных
[2022-08-23 11:31:57.8206] [INFO] Данные успешно сохранены
[2022-08-23 11:31:57.9066] [INFO] Загружено главня форма
[2022-08-23 11:31:57.9066] [INFO] Получение данных
[2022-08-23 11:31:57.9095] [INFO] Загрузка заказов
[2022-08-23 11:31:57.9095] [INFO] Заказыы успешно загружены
[2022-08-23 11:31:57.9095] [INFO] Успешное получение данных
[2022-08-23 11:32:04.6034] [INFO] Закрытые главной формы
[2022-08-23 12:12:32.7998] [INFO] Загрузка формы авторизации
[2022-08-23 12:12:33.0068] [INFO] Загрузка токенов
[2022-08-23 12:12:33.1118] [INFO] Токен успешно обновлен
[2022-08-23 12:12:33.1118] [INFO] Автоматическая авторизация
[2022-08-23 12:13:29.4938] [INFO] Загрузка формы авторизации
[2022-08-23 12:13:29.6988] [INFO] Загрузка токенов
[2022-08-23 12:13:29.8678] [INFO] Токен успешно обновлен
[2022-08-23 12:13:29.8678] [INFO] Автоматическая авторизация
[2022-08-23 12:13:54.5179] [INFO] Загрузка формы авторизации
[2022-08-23 12:13:54.7249] [INFO] Загрузка токенов
[2022-08-23 12:13:54.8749] [INFO] Токен успешно обновлен
[2022-08-23 12:13:54.8749] [INFO] Автоматическая авторизация
[2022-08-23 12:16:21.1490] [INFO] Загрузка формы авторизации
[2022-08-23 12:16:21.3470] [INFO] Загрузка токенов
[2022-08-23 12:16:21.4730] [INFO] Токен успешно обновлен
[2022-08-23 12:16:21.4730] [INFO] Автоматическая авторизация
[2022-08-23 12:16:44.3839] [INFO] Пользователь авторизован
[2022-08-23 12:16:44.3839] [INFO] Загрузка главной формы
[2022-08-23 12:16:44.6179] [INFO] Загружено главня форма
[2022-08-23 12:16:44.6179] [INFO] Получение данных
[2022-08-23 12:16:44.6299] [INFO] Загрузка заказов
[2022-08-23 12:16:44.6449] [INFO] Заказыы успешно загружены
[2022-08-23 12:16:44.6809] [INFO] Успешное получение данных
[2022-08-23 12:16:44.7369] [INFO] Закрываем окно авторизации
[2022-08-23 12:17:07.2156] [INFO] Закрытые главной формы
[2022-08-23 12:25:04.7443] [INFO] Загрузка формы авторизации
[2022-08-23 12:25:04.9483] [INFO] Загрузка токенов
[2022-08-23 12:25:05.0084] [INFO] Токен успешно обновлен
[2022-08-23 12:25:05.0084] [INFO] Автоматическая авторизация
[2022-08-23 12:25:21.9252] [INFO] Пользователь авторизован
[2022-08-23 12:25:21.9252] [INFO] Загрузка главной формы
[2022-08-23 12:25:22.0492] [INFO] Загружено главня форма
[2022-08-23 12:25:22.0492] [INFO] Получение данных
[2022-08-23 12:25:22.0602] [INFO] Загрузка заказов
[2022-08-23 12:25:22.0762] [INFO] Заказыы успешно загружены
[2022-08-23 12:25:22.0812] [INFO] Успешное получение данных
[2022-08-23 12:25:22.1042] [INFO] Закрываем окно авторизации
[2022-08-23 12:25:28.0453] [INFO] Открыто диалоговое окно для добавление номенклатуры
[2022-08-23 12:25:28.0873] [INFO] Открыто диалоговое окно номенклатуры
[2022-08-23 12:25:35.2778] [INFO] Открыто диалоговое окно для добавление этапа
[2022-08-23 12:25:35.3213] [INFO] Открыто диалоговое окно этапа
[2022-08-23 12:25:38.6544] [INFO] Закрытые диалогового окно этапа
[2022-08-23 12:25:38.6634] [INFO] Добавление этапа
[2022-08-23 12:25:38.8464] [INFO] Этап успешно добавлено
[2022-08-23 12:25:38.8474] [INFO] Обновление этапа
[2022-08-23 12:25:38.9354] [INFO] Этап успешно обновлен
[2022-08-23 12:25:41.7209] [INFO] Открыто диалоговое окно для добавление номенклатуры
[2022-08-23 12:25:41.7449] [INFO] Открыто диалоговое окно номенклатуры
[2022-08-23 12:25:48.1002] [INFO] Зактрытые диалогового окна номенклатуры
[2022-08-23 12:25:48.1002] [INFO] Диалоговое окно номенклатуры закрыто
[2022-08-23 12:25:48.1141] [INFO] Добавление номенклатуры
[2022-08-23 12:25:48.2321] [INFO] Номеклатура успешно добавлено
[2022-08-23 12:25:48.2321] [INFO] Обновление номенклатуры
[2022-08-23 12:25:48.2821] [INFO] Номенклатура успешно обновлен
[2022-08-23 12:25:49.3468] [INFO] Открыто диалоговое окно для изменение номенклатуры
[2022-08-23 12:25:49.3731] [INFO] Открыто диалоговое окно номенклатуры
[2022-08-23 12:25:50.0749] [INFO] Добавление этапа
[2022-08-23 12:25:50.1137] [INFO] Открыто диалоговое окно этапов
[2022-08-23 12:25:50.9564] [INFO] Закрытые диалогового окна
[2022-08-23 12:25:50.9564] [INFO] Этап успешно добавлен
[2022-08-23 12:25:54.8492] [INFO] Зактрытые диалогового окна номенклатуры
[2022-08-23 12:25:54.9392] [ERROR] Ошибка -------> Входная строка имела неверный формат.
[2022-08-23 12:25:55.9432] [INFO] Зактрытые диалогового окна номенклатуры
[2022-08-23 12:25:55.9652] [ERROR] Ошибка -------> Входная строка имела неверный формат.
[2022-08-23 12:26:03.7771] [INFO] Зактрытые диалогового окна номенклатуры
[2022-08-23 12:26:03.7771] [INFO] Диалоговое окно номенклатуры закрыто
[2022-08-23 12:26:03.7871] [INFO] Изменение номенклатуры
[2022-08-23 12:26:04.0031] [INFO] Номенклатура успешно изменен
[2022-08-23 12:26:04.0031] [INFO] Обновление номенклатуры
[2022-08-23 12:26:04.0531] [INFO] Номенклатура успешно обновлен
[2022-08-23 12:26:11.3451] [INFO] Закрытые главной формы
[2022-08-23 12:26:43.5411] [INFO] Загрузка формы авторизации
[2022-08-23 12:26:43.7101] [INFO] Загрузка токенов
[2022-08-23 12:26:43.7761] [INFO] Токен успешно обновлен
[2022-08-23 12:26:43.7761] [INFO] Автоматическая авторизация
[2022-08-23 12:26:57.2362] [INFO] Пользователь авторизован
[2022-08-23 12:26:57.2362] [INFO] Загрузка главной формы
[2022-08-23 12:26:57.4102] [INFO] Загружено главня форма
[2022-08-23 12:26:57.4102] [INFO] Получение данных
[2022-08-23 12:26:57.4252] [INFO] Загрузка заказов
[2022-08-23 12:26:57.4252] [INFO] Заказыы успешно загружены
[2022-08-23 12:26:57.4252] [INFO] Успешное получение данных
[2022-08-23 12:26:57.4802] [INFO] Закрываем окно авторизации
[2022-08-23 12:27:03.1064] [INFO] Открыто диалоговое окно для добавление номенклатуры
[2022-08-23 12:27:03.1494] [INFO] Открыто диалоговое окно номенклатуры
[2022-08-23 12:27:09.4347] [INFO] Зактрытые диалогового окна номенклатуры
[2022-08-23 12:27:09.5077] [ERROR] Ошибка -------> Входная строка имела неверный формат.
[2022-08-23 12:27:12.2070] [INFO] Зактрытые диалогового окна номенклатуры
[2022-08-23 12:27:12.2760] [ERROR] Ошибка -------> Входная строка имела неверный формат.
[2022-08-23 12:28:00.7063] [INFO] Открыто диалоговое окно для добавление номенклатуры
[2022-08-23 12:28:00.7353] [INFO] Открыто диалоговое окно номенклатуры
[2022-08-23 12:28:05.9701] [INFO] Зактрытые диалогового окна номенклатуры
[2022-08-23 12:28:05.9981] [ERROR] Ошибка -------> Входная строка имела неверный формат.
[2022-08-23 12:30:11.6614] [INFO] Загрузка формы авторизации
[2022-08-23 12:30:11.8214] [INFO] Загрузка токенов
[2022-08-23 12:30:11.8984] [INFO] Токен успешно обновлен
[2022-08-23 12:30:11.8984] [INFO] Автоматическая авторизация
[2022-08-23 12:30:27.8233] [INFO] Пользователь авторизован
[2022-08-23 12:30:27.8233] [INFO] Загрузка главной формы
[2022-08-23 12:30:27.9753] [INFO] Загружено главня форма
[2022-08-23 12:30:27.9753] [INFO] Получение данных
[2022-08-23 12:30:27.9903] [INFO] Загрузка заказов
[2022-08-23 12:30:27.9903] [INFO] Заказыы успешно загружены
[2022-08-23 12:30:28.0073] [INFO] Успешное получение данных
[2022-08-23 12:30:28.0353] [INFO] Закрываем окно авторизации
[2022-08-23 12:30:31.1183] [INFO] Открыто диалоговое окно для добавление номенклатуры
[2022-08-23 12:30:31.1723] [INFO] Открыто диалоговое окно номенклатуры
[2022-08-23 12:31:18.9065] [INFO] Загрузка формы авторизации
[2022-08-23 12:31:19.0955] [INFO] Загрузка токенов
[2022-08-23 12:31:19.1615] [INFO] Токен успешно обновлен
[2022-08-23 12:31:19.1615] [INFO] Автоматическая авторизация
[2022-08-23 12:31:37.5237] [INFO] Пользователь авторизован
[2022-08-23 12:31:37.5237] [INFO] Загрузка главной формы
[2022-08-23 12:31:37.6266] [INFO] Загружено главня форма
[2022-08-23 12:31:37.6266] [INFO] Получение данных
[2022-08-23 12:31:37.6326] [INFO] Загрузка заказов
[2022-08-23 12:31:37.6326] [INFO] Заказыы успешно загружены
[2022-08-23 12:31:37.6466] [INFO] Успешное получение данных
[2022-08-23 12:31:37.6997] [INFO] Закрываем окно авторизации
[2022-08-23 12:31:56.8978] [INFO] Открыто диалоговое окно для добавление номенклатуры
[2022-08-23 12:31:56.9227] [INFO] Открыто диалоговое окно номенклатуры
[2022-08-23 12:32:04.0506] [INFO] Добавление этапа
[2022-08-23 12:32:04.0686] [INFO] Открыто диалоговое окно этапов
[2022-08-23 12:32:04.5846] [INFO] Закрытые диалогового окна
[2022-08-23 12:32:04.5846] [INFO] Этап успешно добавлен
[2022-08-23 12:32:04.9704] [INFO] Зактрытые диалогового окна номенклатуры
[2022-08-23 12:32:05.0224] [ERROR] Ошибка -------> Входная строка имела неверный формат.
[2022-08-23 12:32:12.7499] [INFO] Зактрытые диалогового окна номенклатуры
[2022-08-23 12:32:12.7499] [INFO] Диалоговое окно номенклатуры закрыто
[2022-08-23 12:32:12.7619] [INFO] Добавление номенклатуры
[2022-08-23 12:32:12.9799] [INFO] Номеклатура успешно добавлено
[2022-08-23 12:32:12.9799] [INFO] Обновление номенклатуры
[2022-08-23 12:32:13.0010] [INFO] Номенклатура успешно обновлен
[2022-08-23 12:32:17.9363] [INFO] Открыто диалоговое окно для изменение номенклатуры
[2022-08-23 12:32:17.9623] [INFO] Открыто диалоговое окно номенклатуры
[2022-08-23 12:32:23.3901] [INFO] Зактрытые диалогового окна номенклатуры
[2022-08-23 12:32:23.3901] [INFO] Диалоговое окно номенклатуры закрыто
[2022-08-23 12:32:23.4021] [INFO] Изменение номенклатуры
[2022-08-23 12:32:23.6591] [INFO] Номенклатура успешно изменен
[2022-08-23 12:32:23.6591] [INFO] Обновление номенклатуры
[2022-08-23 12:32:23.6821] [INFO] Номенклатура успешно обновлен
[2022-08-23 12:32:24.9351] [INFO] Открыто диалоговое окно для удаление номенклатуры
[2022-08-23 12:32:25.6011] [INFO] Удаление номенклатуры
[2022-08-23 12:32:25.8581] [INFO] Номенклатура успешно удален
[2022-08-23 12:32:25.8581] [INFO] Обновление номенклатуры
[2022-08-23 12:32:25.9091] [INFO] Номенклатура успешно обновлен
[2022-08-23 12:32:30.5271] [INFO] Закрытые главной формы
[2022-08-23 12:38:03.1052] [INFO] Загрузка формы авторизации
[2022-08-23 12:38:03.2652] [INFO] Загрузка токенов
[2022-08-23 12:38:03.3232] [INFO] Токен успешно обновлен
[2022-08-23 12:38:03.3232] [INFO] Автоматическая авторизация
[2022-08-23 12:38:17.6670] [INFO] Пользователь авторизован
[2022-08-23 12:38:17.6670] [INFO] Загрузка главной формы
[2022-08-23 12:38:17.7800] [INFO] Загружено главня форма
[2022-08-23 12:38:17.7800] [INFO] Получение данных
[2022-08-23 12:38:17.7880] [INFO] Загрузка заказов
[2022-08-23 12:38:17.7880] [INFO] Заказыы успешно загружены
[2022-08-23 12:38:17.8010] [INFO] Успешное получение данных
[2022-08-23 12:38:17.8479] [INFO] Закрываем окно авторизации
[2022-08-23 12:38:20.0189] [INFO] Открыто диалоговое окно для добавление заказа
[2022-08-23 12:38:20.0539] [INFO] Открыто диалоговое окно заказа
[2022-08-23 12:38:20.0539] [INFO] Данные успешно получены
[2022-08-23 12:38:21.0079] [INFO] Добвыление номенклатуры
[2022-08-23 12:38:21.0520] [INFO] Загрузка номенклатуры
[2022-08-23 12:38:21.2740] [INFO] Номенклатуры успешно загружены
[2022-08-23 12:38:21.9230] [INFO] Закрытые диалогового окно выбора номенклатуры
[2022-08-23 12:38:21.9450] [INFO] Номенклатура успешно добавлено
[2022-08-23 12:38:32.5344] [ERROR] Ошибка -------> Входная строка имела неверный формат.
[2022-08-23 12:38:34.4858] [INFO] Открыто диалоговое окно для добавление заказа
[2022-08-23 12:38:34.5078] [INFO] Открыто диалоговое окно заказа
[2022-08-23 12:38:34.5078] [INFO] Данные успешно получены
[2022-08-23 12:38:35.5064] [INFO] Добвыление номенклатуры
[2022-08-23 12:38:35.5255] [INFO] Загрузка номенклатуры
[2022-08-23 12:38:35.6044] [INFO] Номенклатуры успешно загружены
[2022-08-23 12:38:36.1553] [INFO] Закрытые диалогового окно выбора номенклатуры
[2022-08-23 12:38:36.1663] [INFO] Номенклатура успешно добавлено
[2022-08-23 12:38:41.3440] [INFO] Добавление заказ в БД
[2022-08-23 12:38:41.3440] [INFO] Закрытые диалогового окна заказа
[2022-08-23 12:38:41.3540] [INFO] Добавление заказа
[2022-08-23 12:38:41.8040] [INFO] Заказ успешно добавлено
[2022-08-23 12:38:41.8040] [INFO] Обновление заказа
[2022-08-23 12:38:41.8940] [INFO] Заказ успешно обновлен
[2022-08-23 12:38:43.7215] [INFO] Открыто диалоговое окно для изменение заказа
[2022-08-23 12:38:43.7505] [INFO] Открыто диалоговое окно заказа
[2022-08-23 12:38:43.7625] [INFO] Данные успешно получены
[2022-08-23 12:38:51.4075] [INFO] Закрытые главной формы
[2022-08-23 15:10:20.8506] [INFO] Загрузка формы авторизации
[2022-08-23 15:10:21.0616] [INFO] Загрузка токенов
[2022-08-23 15:10:21.1296] [INFO] Токен успешно обновлен
[2022-08-23 15:10:21.1296] [INFO] Автоматическая авторизация
[2022-08-23 15:10:35.6902] [INFO] Пользователь авторизован
[2022-08-23 15:10:35.6902] [INFO] Загрузка главной формы
[2022-08-23 15:10:35.8102] [INFO] Загружено главня форма
[2022-08-23 15:10:35.8102] [INFO] Получение данных
[2022-08-23 15:10:35.8152] [INFO] Загрузка заказов
[2022-08-23 15:10:35.8152] [INFO] Заказыы успешно загружены
[2022-08-23 15:10:35.8152] [INFO] Успешное получение данных
[2022-08-23 15:10:35.8822] [INFO] Закрываем окно авторизации
[2022-08-23 15:10:38.4701] [INFO] Открыто диалоговое окно для добавление заказа
[2022-08-23 15:10:38.5108] [INFO] Открыто диалоговое окно заказа
[2022-08-23 15:10:38.5218] [INFO] Данные успешно получены
[2022-08-23 15:10:39.5275] [INFO] Добвыление номенклатуры
[2022-08-23 15:10:39.5650] [INFO] Загрузка номенклатуры
[2022-08-23 15:10:39.6260] [INFO] Номенклатуры успешно загружены
[2022-08-23 15:10:40.3397] [INFO] Закрытые диалогового окно выбора номенклатуры
[2022-08-23 15:10:40.3637] [INFO] Номенклатура успешно добавлено
[2022-08-23 15:10:48.0578] [ERROR] Ошибка -------> Заполните все поля корректно
[2022-08-23 15:10:51.2925] [INFO] Добавление заказ в БД
[2022-08-23 15:10:51.2925] [INFO] Закрытые диалогового окна заказа
[2022-08-23 15:10:51.3045] [INFO] Добавление заказа
[2022-08-23 15:10:51.4775] [INFO] Заказ успешно добавлено
[2022-08-23 15:10:51.4775] [INFO] Обновление заказа
[2022-08-23 15:10:51.5015] [INFO] Заказ успешно обновлен
[2022-08-23 15:10:52.6797] [INFO] Открыто диалоговое окно для изменение заказа
[2022-08-23 15:10:52.7127] [INFO] Открыто диалоговое окно заказа
[2022-08-23 15:10:52.7127] [INFO] Данные успешно получены
[2022-08-23 15:10:55.0832] [INFO] Открыто диалоговое окно для изменение заказа
[2022-08-23 15:10:55.1024] [INFO] Открыто диалоговое окно заказа
[2022-08-23 15:10:55.1024] [INFO] Данные успешно получены
[2022-08-23 15:10:57.4213] [INFO] Открыто диалоговое окно для изменение заказа
[2022-08-23 15:10:57.4404] [INFO] Открыто диалоговое окно заказа
[2022-08-23 15:10:57.4404] [INFO] Данные успешно получены
[2022-08-23 15:11:03.6407] [INFO] Закрытые главной формы
[2022-08-23 15:39:08.2330] [INFO] Загрузка формы авторизации
[2022-08-23 15:39:08.4650] [INFO] Загрузка токенов
[2022-08-23 15:39:08.7023] [INFO] Токен успешно обновлен
[2022-08-23 15:39:08.7023] [INFO] Автоматическая авторизация
[2022-08-23 15:39:26.7783] [INFO] Пользователь авторизован
[2022-08-23 15:39:26.7783] [INFO] Загрузка главной формы
[2022-08-23 15:39:26.8833] [INFO] Загружено главня форма
[2022-08-23 15:39:26.8833] [INFO] Получение данных
[2022-08-23 15:39:27.0153] [INFO] Загрузка заказов
[2022-08-23 15:39:27.0423] [INFO] Заказыы успешно загружены
[2022-08-23 15:39:27.0813] [INFO] Успешное получение данных
[2022-08-23 15:39:27.1213] [INFO] Закрываем окно авторизации
[2022-08-23 15:41:58.1045] [INFO] Загрузка формы авторизации
[2022-08-23 15:41:58.3955] [INFO] Загрузка токенов
[2022-08-23 15:41:58.8125] [INFO] Токен успешно обновлен
[2022-08-23 15:41:58.8125] [INFO] Автоматическая авторизация
[2022-08-23 15:42:19.7465] [INFO] Пользователь авторизован
[2022-08-23 15:42:19.7465] [INFO] Загрузка главной формы
[2022-08-23 15:42:19.8425] [INFO] Загружено главня форма
[2022-08-23 15:42:19.8425] [INFO] Получение данных
[2022-08-23 15:42:19.8615] [INFO] Загрузка заказов
[2022-08-23 15:42:19.8775] [INFO] Заказыы успешно загружены
[2022-08-23 15:42:19.8785] [INFO] Успешное получение данных
[2022-08-23 15:42:19.9185] [INFO] Закрываем окно авторизации
[2022-08-23 15:44:04.3009] [INFO] Загрузка формы авторизации
[2022-08-23 15:44:04.5559] [INFO] Загрузка токенов
[2022-08-23 15:44:04.8259] [INFO] Токен успешно обновлен
[2022-08-23 15:44:04.8259] [INFO] Автоматическая авторизация
[2022-08-23 15:44:29.9417] [INFO] Пользователь авторизован
[2022-08-23 15:44:29.9417] [INFO] Загрузка главной формы
[2022-08-23 15:44:30.0957] [INFO] Загружено главня форма
[2022-08-23 15:44:30.0957] [INFO] Получение данных
[2022-08-23 15:44:30.1047] [INFO] Загрузка заказов
[2022-08-23 15:44:30.1197] [INFO] Заказыы успешно загружены
[2022-08-23 15:44:30.1197] [INFO] Успешное получение данных
[2022-08-23 15:44:30.1707] [INFO] Закрываем окно авторизации
[2022-08-23 15:45:12.5738] [INFO] Загрузка формы авторизации
[2022-08-23 15:45:12.8178] [INFO] Загрузка токенов
[2022-08-23 15:45:12.8858] [INFO] Токен успешно обновлен
[2022-08-23 15:45:12.8858] [INFO] Автоматическая авторизация
[2022-08-23 15:45:28.1575] [INFO] Пользователь авторизован
[2022-08-23 15:45:28.1575] [INFO] Загрузка главной формы
[2022-08-23 15:45:28.3415] [INFO] Загружено главня форма
[2022-08-23 15:45:28.3415] [INFO] Получение данных
[2022-08-23 15:45:28.3525] [INFO] Загрузка заказов
[2022-08-23 15:45:32.5365] [INFO] Заказыы успешно загружены
[2022-08-23 15:45:32.5365] [INFO] Успешное получение данных
[2022-08-23 15:45:32.5735] [INFO] Закрываем окно авторизации
[2022-08-23 15:46:56.1902] [INFO] Загрузка формы авторизации
[2022-08-23 15:46:56.3412] [INFO] Загрузка токенов
[2022-08-23 15:46:56.3822] [INFO] Токен успешно обновлен
[2022-08-23 15:46:56.3822] [INFO] Автоматическая авторизация
[2022-08-23 15:47:05.6030] [INFO] Пользователь авторизован
[2022-08-23 15:47:05.6030] [INFO] Загрузка главной формы
[2022-08-23 15:47:05.6820] [INFO] Загружено главня форма
[2022-08-23 15:47:05.6820] [INFO] Получение данных
[2022-08-23 15:47:05.6820] [INFO] Загрузка заказов
[2022-08-23 15:47:05.6960] [INFO] Заказыы успешно загружены
[2022-08-23 15:47:05.6960] [INFO] Успешное получение данных
[2022-08-23 15:47:05.7490] [INFO] Закрываем окно авторизации
[2022-08-23 15:48:07.6459] [INFO] Загрузка формы авторизации
[2022-08-23 15:48:07.9449] [INFO] Загрузка токенов
[2022-08-23 15:48:08.2899] [INFO] Токен успешно обновлен
[2022-08-23 15:48:08.2899] [INFO] Автоматическая авторизация
[2022-08-23 15:48:44.1036] [INFO] Пользователь авторизован
[2022-08-23 15:48:44.1036] [INFO] Загрузка главной формы
[2022-08-23 15:48:44.2086] [INFO] Загружено главня форма
[2022-08-23 15:48:44.2086] [INFO] Получение данных
[2022-08-23 15:48:44.2086] [INFO] Загрузка заказов
[2022-08-23 15:48:44.2276] [INFO] Заказыы успешно загружены
[2022-08-23 15:48:44.2276] [INFO] Успешное получение данных
[2022-08-23 15:48:44.2736] [INFO] Закрываем окно авторизации
[2022-08-23 15:51:58.3233] [INFO] Загрузка формы авторизации
[2022-08-23 15:51:58.4953] [INFO] Загрузка токенов
[2022-08-23 15:51:58.5433] [INFO] Токен успешно обновлен
[2022-08-23 15:51:58.5433] [INFO] Автоматическая авторизация
[2022-08-23 15:52:08.5641] [ERROR] Ошибка -------> Не найдена сессия пользователя
[2022-08-23 15:52:08.6372] [ERROR] Ошибка -------> Не найдена сессия пользователя
[2022-08-23 16:51:37.6442] [INFO] Загрузка формы авторизации
[2022-08-23 16:52:32.2218] [INFO] Загрузка формы авторизации
[2022-08-23 16:52:32.6438] [INFO] Загрузка токенов
[2022-08-23 16:52:33.0979] [INFO] Токен успешно обновлен
[2022-08-23 16:52:33.0979] [INFO] Автоматическая авторизация
[2022-08-23 16:53:21.7316] [ERROR] Ошибка -------> Не найдена сессия пользователя
[2022-08-23 16:53:21.8776] [ERROR] Ошибка -------> Не найдена сессия пользователя
[2022-08-23 16:53:31.7380] [INFO] Авторизация пользователя
[2022-08-23 16:53:32.3254] [INFO] Сохранение данных
[2022-08-23 16:53:32.3324] [INFO] Данные успешно сохранены
[2022-08-23 16:53:32.4409] [INFO] Загружено главня форма
[2022-08-23 16:53:32.4409] [INFO] Получение данных
[2022-08-23 16:53:32.4409] [INFO] Загрузка заказов
[2022-08-23 16:53:32.4409] [INFO] Заказыы успешно загружены
[2022-08-23 16:53:32.4409] [INFO] Успешное получение данных
[2022-08-23 16:53:35.9309] [INFO] Открыто диалоговое окно для добавление этапа
[2022-08-23 16:53:35.9849] [INFO] Открыто диалоговое окно этапа
[2022-08-23 16:53:40.9632] [INFO] Закрытые диалогового окно этапа
[2022-08-23 16:53:40.9762] [INFO] Добавление этапа
[2022-08-23 16:53:41.2172] [INFO] Этап успешно добавлено
[2022-08-23 16:53:41.2172] [INFO] Обновление этапа
[2022-08-23 16:53:41.3202] [INFO] Этап успешно обновлен
[2022-08-23 16:53:41.8132] [INFO] Открыто диалоговое окно для добавление этапа
[2022-08-23 16:53:41.8512] [INFO] Открыто диалоговое окно этапа
[2022-08-23 16:53:47.8918] [INFO] Закрытые диалогового окно этапа
[2022-08-23 16:53:47.9078] [INFO] Добавление этапа
[2022-08-23 16:53:47.9648] [INFO] Этап успешно добавлено
[2022-08-23 16:53:47.9648] [INFO] Обновление этапа
[2022-08-23 16:53:48.0268] [INFO] Этап успешно обновлен
[2022-08-23 16:53:50.8508] [INFO] Открыто диалоговое окно для добавление номенклатуры
[2022-08-23 16:53:50.9188] [INFO] Открыто диалоговое окно номенклатуры
[2022-08-23 16:54:02.7861] [INFO] Добавление этапа
[2022-08-23 16:54:02.8412] [INFO] Открыто диалоговое окно этапов
[2022-08-23 16:54:03.4651] [INFO] Закрытые диалогового окна
[2022-08-23 16:54:03.4851] [INFO] Этап успешно добавлен
[2022-08-23 16:54:06.1241] [INFO] Зактрытые диалогового окна номенклатуры
[2022-08-23 16:54:06.1241] [INFO] Диалоговое окно номенклатуры закрыто
[2022-08-23 16:54:06.1551] [INFO] Добавление номенклатуры
[2022-08-23 16:54:06.3081] [INFO] Номеклатура успешно добавлено
[2022-08-23 16:54:06.3081] [INFO] Обновление номенклатуры
[2022-08-23 16:54:06.3681] [INFO] Номенклатура успешно обновлен
[2022-08-23 16:54:14.4386] [INFO] Открыто диалоговое окно для добавление заказа
[2022-08-23 16:54:14.4825] [INFO] Открыто диалоговое окно заказа
[2022-08-23 16:54:14.4825] [INFO] Данные успешно получены
[2022-08-23 16:54:16.1505] [INFO] Добвыление номенклатуры
[2022-08-23 16:54:16.1894] [INFO] Загрузка номенклатуры
[2022-08-23 16:54:16.3114] [INFO] Номенклатуры успешно загружены
[2022-08-23 16:54:16.9803] [INFO] Закрытые диалогового окно выбора номенклатуры
[2022-08-23 16:54:17.0343] [INFO] Номенклатура успешно добавлено
[2022-08-23 16:54:31.3636] [INFO] Добавление заказ в БД
[2022-08-23 16:54:31.3636] [INFO] Закрытые диалогового окна заказа
[2022-08-23 16:54:31.3816] [INFO] Добавление заказа
[2022-08-23 16:54:31.6796] [INFO] Заказ успешно добавлено
[2022-08-23 16:54:31.6796] [INFO] Обновление заказа
[2022-08-23 16:54:31.7606] [INFO] Заказ успешно обновлен
[2022-08-23 16:54:33.9131] [INFO] Открыто диалоговое окно для изменение заказа
[2022-08-23 16:54:33.9671] [INFO] Открыто диалоговое окно заказа
[2022-08-23 16:54:33.9741] [INFO] Данные успешно получены
[2022-08-23 16:54:37.0901] [INFO] Закрытые главной формы
[2022-08-23 17:20:33.1648] [INFO] Загрузка формы авторизации
[2022-08-23 17:20:33.4648] [INFO] Загрузка токенов
[2022-08-23 17:20:34.1348] [INFO] Токен успешно обновлен
[2022-08-23 17:20:34.1348] [INFO] Автоматическая авторизация
[2022-08-23 17:21:04.3862] [INFO] Пользователь авторизован
[2022-08-23 17:21:04.3862] [INFO] Загрузка главной формы
[2022-08-23 17:21:04.5702] [INFO] Загружено главня форма
[2022-08-23 17:21:04.5702] [INFO] Получение данных
[2022-08-23 17:21:04.5812] [INFO] Загрузка заказов
[2022-08-23 17:21:04.5812] [INFO] Заказыы успешно загружены
[2022-08-23 17:21:04.5812] [INFO] Успешное получение данных
[2022-08-23 17:21:04.6842] [INFO] Закрываем окно авторизации
[2022-08-23 17:21:15.2634] [INFO] Открыто диалоговое окно для добавление заказа
[2022-08-23 17:21:15.3484] [INFO] Открыто диалоговое окно заказа
[2022-08-23 17:21:15.3484] [INFO] Данные успешно получены
[2022-08-23 17:21:16.7784] [INFO] Добвыление номенклатуры
[2022-08-23 17:21:16.8614] [INFO] Загрузка номенклатуры
[2022-08-23 17:21:17.0114] [INFO] Номенклатуры успешно загружены
[2022-08-23 17:21:17.7244] [INFO] Закрытые диалогового окно выбора номенклатуры
[2022-08-23 17:21:17.7644] [INFO] Номенклатура успешно добавлено
[2022-08-23 17:23:22.9439] [INFO] Загрузка формы авторизации
[2022-08-23 17:23:23.2169] [INFO] Загрузка токенов
[2022-08-23 17:23:23.2789] [INFO] Токен успешно обновлен
[2022-08-23 17:23:23.2789] [INFO] Автоматическая авторизация
[2022-08-23 17:23:33.8240] [INFO] Пользователь авторизован
[2022-08-23 17:23:33.8240] [INFO] Загрузка главной формы
[2022-08-23 17:23:33.9140] [INFO] Загружено главня форма
[2022-08-23 17:23:33.9140] [INFO] Получение данных
[2022-08-23 17:23:33.9300] [INFO] Загрузка заказов
[2022-08-23 17:23:33.9300] [INFO] Заказыы успешно загружены
[2022-08-23 17:23:33.9300] [INFO] Успешное получение данных
[2022-08-23 17:23:33.9760] [INFO] Закрываем окно авторизации
[2022-08-23 17:23:44.9408] [INFO] Открыто диалоговое окно для добавление заказа
[2022-08-23 17:23:44.9818] [INFO] Открыто диалоговое окно заказа
[2022-08-23 17:23:44.9818] [INFO] Данные успешно получены
[2022-08-23 17:23:45.7997] [INFO] Добвыление номенклатуры
[2022-08-23 17:23:45.8467] [INFO] Загрузка номенклатуры
[2022-08-23 17:23:45.9627] [INFO] Номенклатуры успешно загружены
[2022-08-23 17:23:46.9325] [INFO] Закрытые диалогового окно выбора номенклатуры
[2022-08-23 17:23:46.9825] [INFO] Номенклатура успешно добавлено
[2022-08-23 17:23:55.1664] [INFO] Закрытые главной формы
[2022-08-23 17:24:06.3474] [INFO] Загрузка формы авторизации
[2022-08-23 17:24:06.7434] [INFO] Загрузка токенов
[2022-08-23 17:24:06.8394] [INFO] Токен успешно обновлен
[2022-08-23 17:24:06.8394] [INFO] Автоматическая авторизация
[2022-08-23 17:24:24.0456] [INFO] Пользователь авторизован
[2022-08-23 17:24:24.0456] [INFO] Загрузка главной формы
[2022-08-23 17:24:24.1656] [INFO] Загружено главня форма
[2022-08-23 17:24:24.1656] [INFO] Получение данных
[2022-08-23 17:24:24.1846] [INFO] Загрузка заказов
[2022-08-23 17:24:24.1966] [INFO] Заказыы успешно загружены
[2022-08-23 17:24:24.1966] [INFO] Успешное получение данных
[2022-08-23 17:24:24.2436] [INFO] Закрываем окно авторизации
[2022-08-23 17:24:25.5886] [INFO] Открыто диалоговое окно для добавление заказа
[2022-08-23 17:24:25.6696] [INFO] Открыто диалоговое окно заказа
[2022-08-23 17:24:25.6756] [INFO] Данные успешно получены
[2022-08-23 17:24:27.0917] [INFO] Добвыление номенклатуры
[2022-08-23 17:24:27.1867] [INFO] Загрузка номенклатуры
[2022-08-23 17:24:27.4892] [INFO] Номенклатуры успешно загружены
[2022-08-23 17:24:27.8412] [INFO] Закрытые диалогового окно выбора номенклатуры
[2022-08-23 17:24:27.8712] [INFO] Номенклатура успешно добавлено
[2022-08-23 17:24:37.2922] [INFO] Закрытые главной формы
[2022-08-23 17:29:48.7951] [INFO] Загрузка формы авторизации
[2022-08-23 17:29:49.1551] [INFO] Загрузка токенов
[2022-08-23 17:29:49.2221] [INFO] Токен успешно обновлен
[2022-08-23 17:29:49.2221] [INFO] Автоматическая авторизация
[2022-08-23 17:30:01.1808] [INFO] Пользователь авторизован
[2022-08-23 17:30:01.1808] [INFO] Загрузка главной формы
[2022-08-23 17:30:01.2758] [INFO] Загружено главня форма
[2022-08-23 17:30:01.2758] [INFO] Получение данных
[2022-08-23 17:30:01.2848] [INFO] Загрузка заказов
[2022-08-23 17:30:01.2848] [INFO] Заказыы успешно загружены
[2022-08-23 17:30:01.2848] [INFO] Успешное получение данных
[2022-08-23 17:30:01.3289] [INFO] Закрываем окно авторизации
[2022-08-23 17:30:43.2649] [INFO] Открыто диалоговое окно для добавление заказа
[2022-08-23 17:30:43.3269] [INFO] Открыто диалоговое окно заказа
[2022-08-23 17:30:43.3319] [INFO] Данные успешно получены
[2022-08-23 17:30:44.9299] [INFO] Добвыление номенклатуры
[2022-08-23 17:30:44.9749] [INFO] Загрузка номенклатуры
[2022-08-23 17:30:45.2109] [INFO] Номенклатуры успешно загружены
[2022-08-23 17:30:46.0609] [INFO] Закрытые диалогового окно выбора номенклатуры
[2022-08-23 17:30:46.0959] [INFO] Номенклатура успешно добавлено
[2022-08-23 17:30:50.8105] [INFO] Открыто диалоговое окно для добавление номенклатуры
[2022-08-23 17:30:50.8535] [INFO] Открыто диалоговое окно номенклатуры
[2022-08-23 17:31:01.3879] [INFO] Добавление этапа
[2022-08-23 17:31:01.4299] [INFO] Открыто диалоговое окно этапов
[2022-08-23 17:31:01.9649] [INFO] Закрытые диалогового окна
[2022-08-23 17:31:01.9809] [INFO] Этап успешно добавлен
[2022-08-23 17:31:05.4517] [INFO] Зактрытые диалогового окна номенклатуры
[2022-08-23 17:31:05.4517] [INFO] Диалоговое окно номенклатуры закрыто
[2022-08-23 17:31:05.4658] [INFO] Добавление номенклатуры
[2022-08-23 17:31:05.6677] [INFO] Номеклатура успешно добавлено
[2022-08-23 17:31:05.6677] [INFO] Обновление номенклатуры
[2022-08-23 17:31:05.6837] [INFO] Номенклатура успешно обновлен
[2022-08-23 17:31:07.9937] [INFO] Открыто диалоговое окно для добавление заказа
[2022-08-23 17:31:08.0397] [INFO] Открыто диалоговое окно заказа
[2022-08-23 17:31:08.0397] [INFO] Данные успешно получены
[2022-08-23 17:31:08.8457] [INFO] Добвыление номенклатуры
[2022-08-23 17:31:08.8997] [INFO] Загрузка номенклатуры
[2022-08-23 17:31:09.0297] [INFO] Номенклатуры успешно загружены
[2022-08-23 17:31:10.5623] [INFO] Закрытые диалогового окно выбора номенклатуры
[2022-08-23 17:31:10.6033] [INFO] Номенклатура успешно добавлено
[2022-08-23 17:31:33.8318] [INFO] Открыто диалоговое окно для изменение номенклатуры
[2022-08-23 17:31:33.8958] [INFO] Открыто диалоговое окно номенклатуры
[2022-08-23 17:31:38.3288] [INFO] Зактрытые диалогового окна номенклатуры
[2022-08-23 17:31:38.3288] [INFO] Диалоговое окно номенклатуры закрыто
[2022-08-23 17:31:38.3507] [INFO] Изменение номенклатуры
[2022-08-23 17:31:38.5828] [INFO] Номенклатура успешно изменен
[2022-08-23 17:31:38.5828] [INFO] Обновление номенклатуры
[2022-08-23 17:31:38.6098] [INFO] Номенклатура успешно обновлен
[2022-08-23 17:31:39.6988] [INFO] Открыто диалоговое окно для добавление заказа
[2022-08-23 17:31:39.7748] [INFO] Открыто диалоговое окно заказа
[2022-08-23 17:31:39.7748] [INFO] Данные успешно получены
[2022-08-23 17:31:40.6815] [INFO] Добвыление номенклатуры
[2022-08-23 17:31:40.7355] [INFO] Загрузка номенклатуры
[2022-08-23 17:31:40.8735] [INFO] Номенклатуры успешно загружены
[2022-08-23 17:31:42.4305] [INFO] Закрытые диалогового окно выбора номенклатуры
[2022-08-23 17:31:42.4605] [INFO] Номенклатура успешно добавлено
[2022-08-23 17:31:49.1845] [INFO] Открыто диалоговое окно для изменение номенклатуры
[2022-08-23 17:31:49.2425] [INFO] Открыто диалоговое окно номенклатуры
[2022-08-23 17:32:00.0915] [INFO] Зактрытые диалогового окна номенклатуры
[2022-08-23 17:32:00.1135] [INFO] Диалоговое окно номенклатуры закрыто
[2022-08-23 17:32:00.1425] [INFO] Изменение номенклатуры
[2022-08-23 17:32:00.4755] [INFO] Номенклатура успешно изменен
[2022-08-23 17:32:00.4755] [INFO] Обновление номенклатуры
[2022-08-23 17:32:00.6125] [INFO] Номенклатура успешно обновлен
[2022-08-23 17:32:02.2065] [INFO] Открыто диалоговое окно для добавление заказа
[2022-08-23 17:32:02.2785] [INFO] Открыто диалоговое окно заказа
[2022-08-23 17:32:02.2785] [INFO] Данные успешно получены
[2022-08-23 17:32:03.1025] [INFO] Добвыление номенклатуры
[2022-08-23 17:32:03.1695] [INFO] Загрузка номенклатуры
[2022-08-23 17:32:03.2955] [INFO] Номенклатуры успешно загружены
[2022-08-23 17:32:04.5275] [INFO] Закрытые диалогового окно выбора номенклатуры
[2022-08-23 17:32:04.5585] [INFO] Номенклатура успешно добавлено
[2022-08-23 17:32:22.3815] [INFO] Закрытые главной формы
[2022-08-23 18:18:46.2576] [INFO] Загрузка формы авторизации
[2022-08-23 18:18:46.4136] [INFO] Загрузка токенов
[2022-08-23 18:18:46.7217] [INFO] Токен успешно обновлен
[2022-08-23 18:18:46.7217] [INFO] Автоматическая авторизация
[2022-08-23 18:19:04.0049] [INFO] Пользователь авторизован
[2022-08-23 18:19:04.0049] [INFO] Загрузка главной формы
[2022-08-23 18:19:04.1209] [INFO] Загружено главня форма
[2022-08-23 18:19:04.1209] [INFO] Получение данных
[2022-08-23 18:19:04.1299] [INFO] Загрузка заказов
[2022-08-23 18:19:04.1299] [INFO] Заказыы успешно загружены
[2022-08-23 18:19:04.1299] [INFO] Успешное получение данных
[2022-08-23 18:19:04.1849] [INFO] Закрываем окно авторизации
[2022-08-23 19:31:53.4777] [INFO] Загрузка формы авторизации
[2022-08-23 19:31:53.7037] [INFO] Загрузка токенов
[2022-08-23 19:31:53.9517] [INFO] Токен успешно обновлен
[2022-08-23 19:31:53.9517] [INFO] Автоматическая авторизация
[2022-08-23 19:32:18.9892] [INFO] Пользователь авторизован
[2022-08-23 19:32:18.9892] [INFO] Загрузка главной формы
[2022-08-23 19:32:19.0842] [INFO] Загружено главня форма
[2022-08-23 19:32:19.0842] [INFO] Получение данных
[2022-08-23 19:32:19.1012] [INFO] Загрузка заказов
[2022-08-23 19:32:19.1222] [INFO] Заказыы успешно загружены
[2022-08-23 19:32:19.1812] [INFO] Успешное получение данных
[2022-08-23 19:32:19.2872] [INFO] Закрываем окно авторизации
[2022-08-23 19:41:36.1110] [INFO] Загрузка формы авторизации
[2022-08-23 19:41:36.2959] [INFO] Загрузка токенов
[2022-08-23 19:41:36.4929] [INFO] Токен успешно обновлен
[2022-08-23 19:41:36.4929] [INFO] Автоматическая авторизация
[2022-08-23 19:41:50.1947] [INFO] Пользователь авторизован
[2022-08-23 19:41:50.1947] [INFO] Загрузка главной формы
[2022-08-23 19:41:50.3017] [INFO] Загружено главня форма
[2022-08-23 19:41:50.3017] [INFO] Получение данных
[2022-08-23 19:41:50.3017] [INFO] Загрузка заказов
[2022-08-23 19:41:50.3247] [INFO] Заказыы успешно загружены
[2022-08-23 19:41:50.3347] [INFO] Успешное получение данных
[2022-08-23 19:41:50.4197] [INFO] Закрываем окно авторизации
[2022-08-23 20:36:09.1770] [INFO] Загрузка формы авторизации
[2022-08-23 20:36:09.4210] [INFO] Загрузка токенов
[2022-08-23 20:36:09.6690] [INFO] Токен успешно обновлен
[2022-08-23 20:36:09.6690] [INFO] Автоматическая авторизация
[2022-08-23 20:36:26.8661] [INFO] Пользователь авторизован
[2022-08-23 20:36:26.8661] [INFO] Загрузка главной формы
[2022-08-23 20:36:26.9351] [INFO] Загружено главня форма
[2022-08-23 20:36:26.9351] [INFO] Получение данных
[2022-08-23 20:36:26.9441] [INFO] Загрузка заказов
[2022-08-23 20:36:26.9441] [INFO] Заказыы успешно загружены
[2022-08-23 20:36:26.9441] [INFO] Успешное получение данных
[2022-08-23 20:36:26.9931] [INFO] Закрываем окно авторизации
[2022-08-23 20:36:56.4638] [INFO] Закрытые главной формы
[2022-08-23 20:56:12.3149] [INFO] Загрузка формы авторизации
[2022-08-23 20:56:12.5879] [INFO] Загрузка токенов
[2022-08-23 20:56:12.8309] [INFO] Токен успешно обновлен
[2022-08-23 20:56:12.8309] [INFO] Автоматическая авторизация
[2022-08-23 20:56:47.8166] [ERROR] Ошибка -------> Не найдена сессия пользователя
[2022-08-23 20:56:47.9216] [ERROR] Ошибка -------> Не найдена сессия пользователя
[2022-08-23 20:56:56.6661] [INFO] Авторизация пользователя
[2022-08-23 20:56:57.3238] [INFO] Сохранение данных
[2022-08-23 20:56:57.3318] [INFO] Данные успешно сохранены
[2022-08-23 20:56:57.4458] [INFO] Загружено главня форма
[2022-08-23 20:56:57.4458] [INFO] Получение данных
[2022-08-23 20:56:57.4458] [INFO] Загрузка заказов
[2022-08-23 20:56:57.4588] [INFO] Заказыы успешно загружены
[2022-08-23 20:56:57.4588] [INFO] Успешное получение данных
[2022-08-23 20:56:59.2632] [INFO] Открыто диалоговое окно для добавление этапа
[2022-08-23 20:56:59.3212] [INFO] Открыто диалоговое окно этапа
[2022-08-23 20:57:01.9550] [INFO] Закрытые диалогового окно этапа
[2022-08-23 20:57:01.9740] [INFO] Добавление этапа
[2022-08-23 20:57:02.0780] [INFO] Этап успешно добавлено
[2022-08-23 20:57:02.0780] [INFO] Обновление этапа
[2022-08-23 20:57:02.1690] [INFO] Этап успешно обновлен
[2022-08-23 20:57:03.4184] [INFO] Открыто диалоговое окно для добавление номенклатуры
[2022-08-23 20:57:03.4916] [INFO] Открыто диалоговое окно номенклатуры
[2022-08-23 20:57:12.6158] [INFO] Добавление этапа
[2022-08-23 20:57:12.6843] [INFO] Открыто диалоговое окно этапов
[2022-08-23 20:57:13.1508] [INFO] Закрытые диалогового окна
[2022-08-23 20:57:13.1838] [INFO] Этап успешно добавлен
[2022-08-23 20:57:14.7878] [INFO] Зактрытые диалогового окна номенклатуры
[2022-08-23 20:57:14.7878] [INFO] Диалоговое окно номенклатуры закрыто
[2022-08-23 20:57:14.8158] [INFO] Добавление номенклатуры
[2022-08-23 20:57:15.0798] [INFO] Номеклатура успешно добавлено
[2022-08-23 20:57:15.0798] [INFO] Обновление номенклатуры
[2022-08-23 20:57:15.1938] [INFO] Номенклатура успешно обновлен
[2022-08-23 20:57:19.2023] [INFO] Открыто диалоговое окно для добавление заказа
[2022-08-23 20:57:19.2716] [INFO] Открыто диалоговое окно заказа
[2022-08-23 20:57:19.2716] [INFO] Данные успешно получены
[2022-08-23 20:57:22.1436] [INFO] Открыто диалоговое окно для изменение номенклатуры
[2022-08-23 20:57:22.2056] [INFO] Открыто диалоговое окно номенклатуры
[2022-08-23 20:57:25.1337] [INFO] Зактрытые диалогового окна номенклатуры
[2022-08-23 20:57:25.1337] [INFO] Диалоговое окно номенклатуры закрыто
[2022-08-23 20:57:25.1567] [INFO] Изменение номенклатуры
[2022-08-23 20:57:25.6837] [INFO] Номенклатура успешно изменен
[2022-08-23 20:57:25.6837] [INFO] Обновление номенклатуры
[2022-08-23 20:57:25.7197] [INFO] Номенклатура успешно обновлен
[2022-08-23 20:57:27.7958] [INFO] Открыто диалоговое окно для добавление заказа
[2022-08-23 20:57:27.8308] [INFO] Открыто диалоговое окно заказа
[2022-08-23 20:57:27.8308] [INFO] Данные успешно получены
[2022-08-23 20:57:28.8663] [INFO] Добвыление номенклатуры
[2022-08-23 20:57:28.9231] [INFO] Загрузка номенклатуры
[2022-08-23 20:57:29.0311] [INFO] Номенклатуры успешно загружены
[2022-08-23 20:57:30.9615] [INFO] Закрытые диалогового окно выбора номенклатуры
[2022-08-23 20:57:30.9932] [INFO] Номенклатура успешно добавлено
[2022-08-23 20:57:43.1614] [INFO] Добавление заказ в БД
[2022-08-23 20:57:43.1614] [INFO] Закрытые диалогового окна заказа
[2022-08-23 20:57:43.1843] [INFO] Добавление заказа
[2022-08-23 20:57:43.5089] [ERROR] Ошибка -------> Данная строка не распознана как действительное значение DateTime. Обнаружено неизвестное слово, начинающееся с индекса 0.
[2022-08-23 20:57:53.8801] [INFO] Открыто диалоговое окно для изменение заказа
[2022-08-23 20:57:53.9232] [INFO] Открыто диалоговое окно заказа
[2022-08-23 20:57:53.9371] [INFO] Данные успешно получены
[2022-08-23 20:57:57.6220] [INFO] Закрытые главной формы
[2022-08-23 21:05:42.2790] [INFO] Загрузка формы авторизации
[2022-08-23 21:05:42.5930] [INFO] Загрузка токенов
[2022-08-23 21:05:42.9800] [INFO] Токен успешно обновлен
[2022-08-23 21:05:42.9800] [INFO] Автоматическая авторизация
[2022-08-23 21:06:07.8124] [INFO] Пользователь авторизован
[2022-08-23 21:06:07.8124] [INFO] Загрузка главной формы
[2022-08-23 21:06:07.9134] [INFO] Загружено главня форма
[2022-08-23 21:06:07.9134] [INFO] Получение данных
[2022-08-23 21:06:07.9244] [INFO] Загрузка заказов
[2022-08-23 21:06:07.9414] [INFO] Заказыы успешно загружены
[2022-08-23 21:06:07.9414] [INFO] Успешное получение данных
[2022-08-23 21:06:08.0054] [INFO] Закрываем окно авторизации
[2022-08-23 21:06:27.4701] [INFO] Открыто диалоговое окно для добавление заказа
[2022-08-23 21:06:27.5331] [INFO] Открыто диалоговое окно заказа
[2022-08-23 21:06:27.5391] [INFO] Данные успешно получены
[2022-08-23 21:06:28.5557] [INFO] Добвыление номенклатуры
[2022-08-23 21:06:28.6268] [INFO] Загрузка номенклатуры
[2022-08-23 21:06:28.9298] [INFO] Номенклатуры успешно загружены
[2022-08-23 21:06:29.4178] [INFO] Закрытые диалогового окно выбора номенклатуры
[2022-08-23 21:06:29.4608] [INFO] Номенклатура успешно добавлено
[2022-08-23 21:06:35.4711] [INFO] Добавление заказ в БД
[2022-08-23 21:06:35.4711] [INFO] Закрытые диалогового окна заказа
[2022-08-23 21:06:35.4881] [INFO] Добавление заказа
[2022-08-23 21:06:36.0391] [ERROR] Ошибка -------> Строка не распознана как действительное значение DateTime.
[2022-08-23 21:06:56.9060] [INFO] Открыто диалоговое окно для добавление заказа
[2022-08-23 21:06:56.9651] [INFO] Открыто диалоговое окно заказа
[2022-08-23 21:06:56.9651] [INFO] Данные успешно получены
[2022-08-23 21:06:59.1431] [INFO] Добвыление номенклатуры
[2022-08-23 21:06:59.2261] [INFO] Загрузка номенклатуры
[2022-08-23 21:06:59.4501] [INFO] Номенклатуры успешно загружены
[2022-08-23 21:07:00.0611] [INFO] Закрытые диалогового окно выбора номенклатуры
[2022-08-23 21:07:00.1001] [INFO] Номенклатура успешно добавлено
[2022-08-23 21:07:06.3194] [INFO] Добавление заказ в БД
[2022-08-23 21:07:06.3194] [INFO] Закрытые диалогового окна заказа
[2022-08-23 21:07:06.3484] [INFO] Добавление заказа
[2022-08-23 21:07:06.9564] [ERROR] Ошибка -------> Строка не распознана как действительное значение DateTime.
[2022-08-23 21:07:24.7659] [INFO] Открыто диалоговое окно для добавление заказа
[2022-08-23 21:07:24.8199] [INFO] Открыто диалоговое окно заказа
[2022-08-23 21:07:24.8199] [INFO] Данные успешно получены
[2022-08-23 21:07:26.7261] [INFO] Добвыление номенклатуры
[2022-08-23 21:07:26.7727] [INFO] Загрузка номенклатуры
[2022-08-23 21:07:26.9382] [INFO] Номенклатуры успешно загружены
[2022-08-23 21:07:27.3902] [INFO] Закрытые диалогового окно выбора номенклатуры
[2022-08-23 21:07:27.4172] [INFO] Номенклатура успешно добавлено
[2022-08-23 21:07:28.8911] [INFO] Добвыление номенклатуры
[2022-08-23 21:07:28.9381] [INFO] Загрузка номенклатуры
[2022-08-23 21:07:29.0441] [INFO] Номенклатуры успешно загружены
[2022-08-23 21:07:30.5678] [INFO] Добавление заказ в БД
[2022-08-23 21:07:30.5678] [INFO] Закрытые диалогового окна заказа
[2022-08-23 21:07:30.5948] [INFO] Добавление заказа
[2022-08-23 21:07:30.8238] [ERROR] Ошибка -------> Строка не распознана как действительное значение DateTime.
[2022-08-23 21:07:48.9442] [INFO] Открыто диалоговое окно для добавление заказа
[2022-08-23 21:07:49.0042] [INFO] Открыто диалоговое окно заказа
[2022-08-23 21:07:49.0042] [INFO] Данные успешно получены
[2022-08-23 21:07:51.4761] [INFO] Добвыление номенклатуры
[2022-08-23 21:07:51.5451] [INFO] Загрузка номенклатуры
[2022-08-23 21:07:51.7151] [INFO] Номенклатуры успешно загружены
[2022-08-23 21:07:52.4421] [INFO] Закрытые диалогового окно выбора номенклатуры
[2022-08-23 21:07:52.4841] [INFO] Номенклатура успешно добавлено
[2022-08-23 21:07:55.0961] [INFO] Добавление заказ в БД
[2022-08-23 21:07:55.0971] [INFO] Закрытые диалогового окна заказа
[2022-08-23 21:07:55.1241] [INFO] Добавление заказа
[2022-08-23 21:10:02.5701] [INFO] Загрузка формы авторизации
[2022-08-23 21:10:02.8971] [INFO] Загрузка токенов
[2022-08-23 21:10:02.9611] [INFO] Токен успешно обновлен
[2022-08-23 21:10:02.9611] [INFO] Автоматическая авторизация
[2022-08-23 21:10:16.4843] [INFO] Пользователь авторизован
[2022-08-23 21:10:16.4843] [INFO] Загрузка главной формы
[2022-08-23 21:10:16.7633] [INFO] Загружено главня форма
[2022-08-23 21:10:16.7633] [INFO] Получение данных
[2022-08-23 21:10:16.7713] [INFO] Загрузка заказов
[2022-08-23 21:10:16.7713] [INFO] Заказыы успешно загружены
[2022-08-23 21:10:16.7843] [INFO] Успешное получение данных
[2022-08-23 21:10:16.8893] [INFO] Закрываем окно авторизации
[2022-08-23 21:10:24.1311] [INFO] Открыто диалоговое окно для добавление заказа
[2022-08-23 21:10:24.1869] [INFO] Открыто диалоговое окно заказа
[2022-08-23 21:10:24.1929] [INFO] Данные успешно получены
[2022-08-23 21:10:26.2544] [INFO] Добвыление номенклатуры
[2022-08-23 21:10:26.3234] [INFO] Загрузка номенклатуры
[2022-08-23 21:10:26.5264] [INFO] Номенклатуры успешно загружены
[2022-08-23 21:10:26.9574] [INFO] Закрытые диалогового окно выбора номенклатуры
[2022-08-23 21:10:27.0094] [INFO] Номенклатура успешно добавлено
[2022-08-23 21:10:53.3654] [INFO] Открыто диалоговое окно для добавление номенклатуры
[2022-08-23 21:10:53.4464] [INFO] Открыто диалоговое окно номенклатуры
[2022-08-23 21:11:04.4446] [INFO] Добавление этапа
[2022-08-23 21:11:04.5216] [INFO] Открыто диалоговое окно этапов
[2022-08-23 21:11:05.2366] [INFO] Закрытые диалогового окна
[2022-08-23 21:11:05.2636] [INFO] Этап успешно добавлен
[2022-08-23 21:11:08.1986] [INFO] Зактрытые диалогового окна номенклатуры
[2022-08-23 21:11:08.1986] [INFO] Диалоговое окно номенклатуры закрыто
[2022-08-23 21:11:08.2256] [INFO] Добавление номенклатуры
[2022-08-23 21:11:08.4126] [INFO] Номеклатура успешно добавлено
[2022-08-23 21:11:08.4126] [INFO] Обновление номенклатуры
[2022-08-23 21:11:08.4476] [INFO] Номенклатура успешно обновлен
[2022-08-23 21:11:10.5101] [INFO] Открыто диалоговое окно для добавление заказа
[2022-08-23 21:11:10.5731] [INFO] Открыто диалоговое окно заказа
[2022-08-23 21:11:10.5731] [INFO] Данные успешно получены
[2022-08-23 21:11:13.3771] [INFO] Добвыление номенклатуры
[2022-08-23 21:11:13.4561] [INFO] Загрузка номенклатуры
[2022-08-23 21:11:13.6841] [INFO] Номенклатуры успешно загружены
[2022-08-23 21:11:14.1411] [INFO] Закрытые диалогового окно выбора номенклатуры
[2022-08-23 21:11:14.1831] [INFO] Номенклатура успешно добавлено
[2022-08-23 21:11:15.7226] [INFO] Удаление номенклатуры
[2022-08-23 21:11:15.7226] [INFO] Номенклатура успешно удалена
[2022-08-23 21:11:16.3904] [INFO] Добвыление номенклатуры
[2022-08-23 21:11:16.4564] [INFO] Загрузка номенклатуры
[2022-08-23 21:11:16.6324] [INFO] Номенклатуры успешно загружены
[2022-08-23 21:11:17.6444] [INFO] Закрытые диалогового окно выбора номенклатуры
[2022-08-23 21:11:17.6784] [INFO] Номенклатура успешно добавлено
[2022-08-23 21:11:27.8956] [INFO] Добавление заказ в БД
[2022-08-23 21:11:27.8956] [INFO] Закрытые диалогового окна заказа
[2022-08-23 21:11:27.9186] [INFO] Добавление заказа
[2022-08-23 21:13:37.9721] [ERROR] Ошибка -------> Отменена задача.
[2022-08-23 21:14:23.2556] [INFO] Загрузка формы авторизации
[2022-08-23 21:14:23.7416] [INFO] Загрузка токенов
[2022-08-23 21:14:24.1346] [INFO] Токен успешно обновлен
[2022-08-23 21:14:24.1346] [INFO] Автоматическая авторизация
[2022-08-23 21:14:47.2805] [INFO] Пользователь авторизован
[2022-08-23 21:14:47.2805] [INFO] Загрузка главной формы
[2022-08-23 21:14:47.4605] [INFO] Загружено главня форма
[2022-08-23 21:14:47.4605] [INFO] Получение данных
[2022-08-23 21:14:47.4725] [INFO] Загрузка заказов
[2022-08-23 21:14:47.4725] [INFO] Заказыы успешно загружены
[2022-08-23 21:14:47.4935] [INFO] Успешное получение данных
[2022-08-23 21:14:47.5905] [INFO] Закрываем окно авторизации
[2022-08-23 21:14:52.3988] [INFO] Открыто диалоговое окно для удаление заказа
[2022-08-23 21:14:53.1268] [INFO] Удаление заказа
[2022-08-23 21:14:53.5508] [INFO] Заказ успешно удален
[2022-08-23 21:14:53.5508] [INFO] Обновление заказа
[2022-08-23 21:14:53.6218] [INFO] Заказ успешно обновлен
[2022-08-23 21:14:54.6098] [INFO] Открыто диалоговое окно для удаление заказа
[2022-08-23 21:14:55.3948] [INFO] Удаление заказа
[2022-08-23 21:14:55.5068] [INFO] Заказ успешно удален
[2022-08-23 21:14:55.5068] [INFO] Обновление заказа
[2022-08-23 21:14:55.6628] [INFO] Заказ успешно обновлен
[2022-08-23 21:14:56.7048] [INFO] Открыто диалоговое окно для удаление заказа
[2022-08-23 21:14:57.4472] [INFO] Удаление заказа
[2022-08-23 21:14:57.5902] [INFO] Заказ успешно удален
[2022-08-23 21:14:57.5902] [INFO] Обновление заказа
[2022-08-23 21:14:57.7262] [INFO] Заказ успешно обновлен
[2022-08-23 21:14:58.7332] [INFO] Открыто диалоговое окно для удаление заказа
[2022-08-23 21:14:59.3822] [INFO] Удаление заказа
[2022-08-23 21:14:59.5222] [INFO] Заказ успешно удален
[2022-08-23 21:14:59.5222] [INFO] Обновление заказа
[2022-08-23 21:14:59.6112] [INFO] Заказ успешно обновлен
[2022-08-23 21:15:00.3662] [INFO] Открыто диалоговое окно для удаление заказа
[2022-08-23 21:15:02.3472] [INFO] Удаление заказа
[2022-08-23 21:15:02.4712] [INFO] Заказ успешно удален
[2022-08-23 21:15:02.4752] [INFO] Обновление заказа
[2022-08-23 21:15:02.5892] [INFO] Заказ успешно обновлен
[2022-08-23 21:15:03.6932] [INFO] Открыто диалоговое окно для удаление заказа
[2022-08-23 21:15:04.6002] [INFO] Удаление заказа
[2022-08-23 21:15:04.7622] [INFO] Заказ успешно удален
[2022-08-23 21:15:04.7622] [INFO] Обновление заказа
[2022-08-23 21:15:04.8672] [INFO] Заказ успешно обновлен
[2022-08-23 21:15:05.2512] [INFO] Открыто диалоговое окно для добавление заказа
[2022-08-23 21:15:05.3542] [INFO] Открыто диалоговое окно заказа
[2022-08-23 21:15:05.3542] [INFO] Данные успешно получены
[2022-08-23 21:15:08.1692] [INFO] Добвыление номенклатуры
[2022-08-23 21:15:08.2272] [INFO] Загрузка номенклатуры
[2022-08-23 21:15:08.3732] [INFO] Номенклатуры успешно загружены
[2022-08-23 21:15:10.0072] [INFO] Закрытые диалогового окно выбора номенклатуры
[2022-08-23 21:15:10.0522] [INFO] Номенклатура успешно добавлено
[2022-08-23 21:15:14.5861] [INFO] Добавление заказ в БД
[2022-08-23 21:15:14.5861] [INFO] Закрытые диалогового окна заказа
[2022-08-23 21:15:14.6071] [INFO] Добавление заказа
[2022-08-23 21:15:15.1381] [ERROR] Ошибка -------> Строка не распознана как действительное значение DateTime.
[2022-08-23 21:15:19.6377] [INFO] Закрытые главной формы
[2022-08-23 21:17:50.3643] [INFO] Загрузка формы авторизации
[2022-08-23 21:17:50.7873] [INFO] Загрузка токенов
[2022-08-23 21:17:51.3693] [INFO] Токен успешно обновлен
[2022-08-23 21:17:51.3693] [INFO] Автоматическая авторизация
[2022-08-23 21:18:12.1481] [INFO] Пользователь авторизован
[2022-08-23 21:18:12.1481] [INFO] Загрузка главной формы
[2022-08-23 21:18:12.3031] [INFO] Загружено главня форма
[2022-08-23 21:18:12.3031] [INFO] Получение данных
[2022-08-23 21:18:12.3271] [INFO] Загрузка заказов
[2022-08-23 21:18:12.3381] [INFO] Заказыы успешно загружены
[2022-08-23 21:18:12.3381] [INFO] Успешное получение данных
[2022-08-23 21:18:12.4411] [INFO] Закрываем окно авторизации
[2022-08-23 21:18:20.2326] [INFO] Открыто диалоговое окно для удаление заказа
[2022-08-23 21:18:21.3076] [INFO] Удаление заказа
[2022-08-23 21:18:21.7926] [INFO] Заказ успешно удален
[2022-08-23 21:18:21.7926] [INFO] Обновление заказа
[2022-08-23 21:18:21.8746] [INFO] Заказ успешно обновлен
[2022-08-23 21:18:22.4066] [INFO] Открыто диалоговое окно для добавление заказа
[2022-08-23 21:18:22.4886] [INFO] Открыто диалоговое окно заказа
[2022-08-23 21:18:22.4886] [INFO] Данные успешно получены
[2022-08-23 21:18:24.4333] [INFO] Добвыление номенклатуры
[2022-08-23 21:18:24.5413] [INFO] Загрузка номенклатуры
[2022-08-23 21:18:24.8993] [INFO] Номенклатуры успешно загружены
[2022-08-23 21:18:28.5072] [INFO] Закрытые диалогового окно выбора номенклатуры
[2022-08-23 21:18:28.5532] [INFO] Номенклатура успешно добавлено
[2022-08-23 21:18:33.4802] [INFO] Добавление заказ в БД
[2022-08-23 21:18:33.4802] [INFO] Закрытые диалогового окна заказа
[2022-08-23 21:18:33.5112] [INFO] Добавление заказа
[2022-08-23 21:18:34.1902] [ERROR] Ошибка -------> Строка не распознана как действительное значение DateTime.
[2022-08-23 21:18:38.5407] [INFO] Открыто диалоговое окно для удаление заказа
[2022-08-23 21:18:39.2621] [INFO] Удаление заказа
[2022-08-23 21:18:39.4681] [INFO] Заказ успешно удален
[2022-08-23 21:18:39.4681] [INFO] Обновление заказа
[2022-08-23 21:18:39.5981] [INFO] Заказ успешно обновлен
[2022-08-23 21:18:40.1691] [INFO] Закрытые главной формы
[2022-08-23 21:34:54.2914] [INFO] Загрузка формы авторизации
[2022-08-23 21:34:54.5030] [INFO] Загрузка токенов
[2022-08-23 21:34:54.7636] [INFO] Токен успешно обновлен
[2022-08-23 21:34:54.7636] [INFO] Автоматическая авторизация
[2022-08-23 21:35:11.1698] [INFO] Пользователь авторизован
[2022-08-23 21:35:11.1698] [INFO] Загрузка главной формы
[2022-08-23 21:35:11.3158] [INFO] Загружено главня форма
[2022-08-23 21:35:11.3158] [INFO] Получение данных
[2022-08-23 21:35:11.3158] [INFO] Загрузка заказов
[2022-08-23 21:35:11.3328] [INFO] Заказыы успешно загружены
[2022-08-23 21:35:11.3328] [INFO] Успешное получение данных
[2022-08-23 21:35:11.4228] [INFO] Закрываем окно авторизации
[2022-08-23 21:35:16.2663] [INFO] Открыто диалоговое окно для добавление заказа
[2022-08-23 21:35:16.3139] [INFO] Открыто диалоговое окно заказа
[2022-08-23 21:35:16.3159] [INFO] Данные успешно получены
[2022-08-23 21:35:19.6473] [INFO] Добвыление номенклатуры
[2022-08-23 21:35:19.6905] [INFO] Загрузка номенклатуры
[2022-08-23 21:35:19.8122] [INFO] Номенклатуры успешно загружены
[2022-08-23 21:35:20.5470] [INFO] Закрытые диалогового окно выбора номенклатуры
[2022-08-23 21:35:20.5750] [INFO] Номенклатура успешно добавлено
[2022-08-23 21:35:23.8274] [INFO] Добавление заказ в БД
[2022-08-23 21:35:23.8274] [INFO] Закрытые диалогового окна заказа
[2022-08-23 21:35:23.8464] [INFO] Добавление заказа
[2022-08-23 21:35:24.3783] [ERROR] Ошибка -------> Входная строка имела неверный формат.
[2022-08-23 21:35:29.3435] [INFO] Открыто диалоговое окно для удаление заказа
[2022-08-23 21:35:30.0262] [INFO] Удаление заказа
[2022-08-23 21:35:30.1775] [INFO] Заказ успешно удален
[2022-08-23 21:35:30.1775] [INFO] Обновление заказа
[2022-08-23 21:35:30.2255] [INFO] Заказ успешно обновлен
[2022-08-23 21:35:30.8647] [INFO] Закрытые главной формы
[2022-08-23 21:37:35.0290] [INFO] Загрузка формы авторизации
[2022-08-23 21:37:35.6610] [INFO] Загрузка токенов
[2022-08-23 21:37:35.9850] [INFO] Токен успешно обновлен
[2022-08-23 21:37:35.9850] [INFO] Автоматическая авторизация
[2022-08-23 21:37:56.7367] [INFO] Пользователь авторизован
[2022-08-23 21:37:56.7367] [INFO] Загрузка главной формы
[2022-08-23 21:37:56.8887] [INFO] Загружено главня форма
[2022-08-23 21:37:56.8887] [INFO] Получение данных
[2022-08-23 21:37:56.8967] [INFO] Загрузка заказов
[2022-08-23 21:37:56.9107] [INFO] Заказыы успешно загружены
[2022-08-23 21:37:56.9107] [INFO] Успешное получение данных
[2022-08-23 21:37:56.9747] [INFO] Закрываем окно авторизации
[2022-08-23 21:38:06.8733] [INFO] Открыто диалоговое окно для добавление заказа
[2022-08-23 21:38:06.9235] [INFO] Открыто диалоговое окно заказа
[2022-08-23 21:38:06.9245] [INFO] Данные успешно получены
[2022-08-23 21:38:08.5939] [INFO] Добвыление номенклатуры
[2022-08-23 21:38:08.6649] [INFO] Загрузка номенклатуры
[2022-08-23 21:38:08.9009] [INFO] Номенклатуры успешно загружены
[2022-08-23 21:38:09.2039] [INFO] Закрытые диалогового окно выбора номенклатуры
[2022-08-23 21:38:09.2339] [INFO] Номенклатура успешно добавлено
[2022-08-23 21:38:10.7449] [INFO] Добавление заказ в БД
[2022-08-23 21:38:10.7449] [INFO] Закрытые диалогового окна заказа
[2022-08-23 21:38:10.7779] [INFO] Добавление заказа
[2022-08-23 21:39:26.7036] [ERROR] Ошибка -------> Входная строка имела неверный формат.
[2022-08-23 21:39:37.9070] [INFO] Открыто диалоговое окно для добавление заказа
[2022-08-23 21:39:37.9670] [INFO] Открыто диалоговое окно заказа
[2022-08-23 21:39:37.9670] [INFO] Данные успешно получены
[2022-08-23 21:39:39.8975] [INFO] Добвыление номенклатуры
[2022-08-23 21:39:39.9446] [INFO] Загрузка номенклатуры
[2022-08-23 21:39:40.0785] [INFO] Номенклатуры успешно загружены
[2022-08-23 21:39:40.8626] [INFO] Закрытые диалогового окно выбора номенклатуры
[2022-08-23 21:39:40.8905] [INFO] Номенклатура успешно добавлено
[2022-08-23 21:39:42.2927] [INFO] Добавление заказ в БД
[2022-08-23 21:39:42.2927] [INFO] Закрытые диалогового окна заказа
[2022-08-23 21:39:42.3132] [INFO] Добавление заказа
[2022-08-23 21:39:58.2309] [ERROR] Ошибка -------> Входная строка имела неверный формат.
[2022-08-23 21:40:04.9663] [INFO] Закрытые главной формы
[2022-08-23 21:41:36.0705] [INFO] Загрузка формы авторизации
[2022-08-23 21:41:36.5185] [INFO] Загрузка токенов
[2022-08-23 21:41:36.5855] [INFO] Токен успешно обновлен
[2022-08-23 21:41:36.5855] [INFO] Автоматическая авторизация
[2022-08-23 21:41:44.7542] [INFO] Пользователь авторизован
[2022-08-23 21:41:44.7542] [INFO] Загрузка главной формы
[2022-08-23 21:41:44.8272] [INFO] Загружено главня форма
[2022-08-23 21:41:44.8272] [INFO] Получение данных
[2022-08-23 21:41:44.8362] [INFO] Загрузка заказов
[2022-08-23 21:41:44.8362] [INFO] Заказыы успешно загружены
[2022-08-23 21:41:44.8362] [INFO] Успешное получение данных
[2022-08-23 21:41:44.8862] [INFO] Закрываем окно авторизации
[2022-08-23 21:41:57.3233] [INFO] Открыто диалоговое окно для добавление заказа
[2022-08-23 21:41:57.3722] [INFO] Открыто диалоговое окно заказа
[2022-08-23 21:41:57.3722] [INFO] Данные успешно получены
[2022-08-23 21:42:01.3540] [INFO] Закрытые главной формы
[2022-08-23 21:47:28.3984] [INFO] Загрузка формы авторизации
[2022-08-23 21:47:28.7884] [INFO] Загрузка токенов
[2022-08-23 21:47:29.2014] [INFO] Токен успешно обновлен
[2022-08-23 21:47:29.2014] [INFO] Автоматическая авторизация
[2022-08-23 21:47:56.8960] [ERROR] Ошибка -------> Не найдена сессия пользователя
[2022-08-23 21:47:57.0100] [ERROR] Ошибка -------> Не найдена сессия пользователя
[2022-08-23 21:48:09.4179] [INFO] Авторизация пользователя
[2022-08-23 21:48:09.9412] [INFO] Сохранение данных
[2022-08-23 21:48:09.9412] [INFO] Данные успешно сохранены
[2022-08-23 21:48:10.0462] [INFO] Загружено главня форма
[2022-08-23 21:48:10.0462] [INFO] Получение данных
[2022-08-23 21:48:10.0512] [INFO] Загрузка заказов
[2022-08-23 21:48:10.0512] [INFO] Заказыы успешно загружены
[2022-08-23 21:48:10.0512] [INFO] Успешное получение данных
[2022-08-23 21:48:14.3011] [INFO] Открыто диалоговое окно для добавление этапа
[2022-08-23 21:48:14.3470] [INFO] Открыто диалоговое окно этапа
[2022-08-23 21:48:16.1851] [INFO] Закрытые диалогового окно этапа
[2022-08-23 21:48:16.2112] [INFO] Добавление этапа
[2022-08-23 21:48:16.3122] [INFO] Этап успешно добавлено
[2022-08-23 21:48:16.3122] [INFO] Обновление этапа
[2022-08-23 21:48:16.3772] [INFO] Этап успешно обновлен
[2022-08-23 21:48:17.0336] [INFO] Открыто диалоговое окно для добавление номенклатуры
[2022-08-23 21:48:17.0866] [INFO] Открыто диалоговое окно номенклатуры
[2022-08-23 21:48:26.0403] [INFO] Добавление этапа
[2022-08-23 21:48:26.0933] [INFO] Открыто диалоговое окно этапов
[2022-08-23 21:48:26.6417] [INFO] Закрытые диалогового окна
[2022-08-23 21:48:26.6667] [INFO] Этап успешно добавлен
[2022-08-23 21:48:30.7719] [INFO] Зактрытые диалогового окна номенклатуры
[2022-08-23 21:48:30.7719] [INFO] Диалоговое окно номенклатуры закрыто
[2022-08-23 21:48:30.7959] [INFO] Добавление номенклатуры
[2022-08-23 21:48:30.9649] [INFO] Номеклатура успешно добавлено
[2022-08-23 21:48:30.9649] [INFO] Обновление номенклатуры
[2022-08-23 21:48:31.0319] [INFO] Номенклатура успешно обновлен
[2022-08-23 21:48:32.8027] [INFO] Открыто диалоговое окно для изменение номенклатуры
[2022-08-23 21:48:32.8317] [ERROR] Ошибка -------> Вы не выбрали запись
[2022-08-23 21:48:34.1507] [INFO] Открыто диалоговое окно для изменение номенклатуры
[2022-08-23 21:48:34.2107] [INFO] Открыто диалоговое окно номенклатуры
[2022-08-23 21:48:36.3767] [INFO] Зактрытые диалогового окна номенклатуры
[2022-08-23 21:48:36.3777] [INFO] Диалоговое окно номенклатуры закрыто
[2022-08-23 21:48:36.4028] [INFO] Изменение номенклатуры
[2022-08-23 21:48:36.8337] [INFO] Номенклатура успешно изменен
[2022-08-23 21:48:36.8337] [INFO] Обновление номенклатуры
[2022-08-23 21:48:36.9137] [INFO] Номенклатура успешно обновлен
[2022-08-23 21:48:38.7676] [INFO] Открыто диалоговое окно для добавление заказа
[2022-08-23 21:48:38.8396] [INFO] Открыто диалоговое окно заказа
[2022-08-23 21:48:38.8396] [INFO] Данные успешно получены
[2022-08-23 21:48:41.7288] [INFO] Добвыление номенклатуры
[2022-08-23 21:48:41.7818] [INFO] Загрузка номенклатуры
[2022-08-23 21:48:41.9098] [INFO] Номенклатуры успешно загружены
[2022-08-23 21:48:42.5958] [INFO] Закрытые диалогового окно выбора номенклатуры
[2022-08-23 21:48:42.6308] [INFO] Номенклатура успешно добавлено
[2022-08-23 21:48:46.1897] [INFO] Добавление заказ в БД
[2022-08-23 21:48:46.1907] [INFO] Закрытые диалогового окна заказа
[2022-08-23 21:48:46.2147] [INFO] Добавление заказа
[2022-08-23 21:48:47.0508] [ERROR] Ошибка -------> Входная строка имела неверный формат.
[2022-08-23 21:48:53.2082] [INFO] Закрытые главной формы
[2022-08-23 22:04:37.0906] [INFO] Загрузка формы авторизации
[2022-08-23 22:04:37.4056] [INFO] Загрузка токенов
[2022-08-23 22:04:37.6926] [INFO] Токен успешно обновлен
[2022-08-23 22:04:37.6926] [INFO] Автоматическая авторизация
[2022-08-23 22:04:52.3160] [INFO] Пользователь авторизован
[2022-08-23 22:04:52.3160] [INFO] Загрузка главной формы
[2022-08-23 22:04:52.4270] [INFO] Загружено главня форма
[2022-08-23 22:04:52.4270] [INFO] Получение данных
[2022-08-23 22:04:52.4270] [INFO] Загрузка заказов
[2022-08-23 22:04:52.4420] [INFO] Заказыы успешно загружены
[2022-08-23 22:04:52.4420] [INFO] Успешное получение данных
[2022-08-23 22:04:52.4940] [INFO] Закрываем окно авторизации
[2022-08-23 22:04:54.5864] [INFO] Открыто диалоговое окно для удаление заказа
[2022-08-23 22:04:55.5624] [INFO] Удаление заказа
[2022-08-23 22:04:55.8094] [INFO] Заказ успешно удален
[2022-08-23 22:04:55.8094] [INFO] Обновление заказа
[2022-08-23 22:04:55.8284] [INFO] Заказ успешно обновлен
[2022-08-23 22:04:56.3871] [INFO] Открыто диалоговое окно для добавление заказа
[2022-08-23 22:04:56.4546] [INFO] Открыто диалоговое окно заказа
[2022-08-23 22:04:56.4576] [INFO] Данные успешно получены
[2022-08-23 22:04:58.8491] [INFO] Добвыление номенклатуры
[2022-08-23 22:04:58.8924] [INFO] Загрузка номенклатуры
[2022-08-23 22:04:59.0374] [INFO] Номенклатуры успешно загружены
[2022-08-23 22:04:59.6949] [INFO] Закрытые диалогового окно выбора номенклатуры
[2022-08-23 22:04:59.7198] [INFO] Номенклатура успешно добавлено
[2022-08-23 22:05:03.6869] [INFO] Добавление заказ в БД
[2022-08-23 22:05:03.6869] [INFO] Закрытые диалогового окна заказа
[2022-08-23 22:05:03.7099] [INFO] Добавление заказа
[2022-08-23 22:05:17.4688] [ERROR] Ошибка -------> Входная строка имела неверный формат.
[2022-08-23 22:06:14.9926] [INFO] Открыто диалоговое окно для изменение заказа
[2022-08-23 22:06:15.0312] [INFO] Открыто диалоговое окно заказа
[2022-08-23 22:06:15.0370] [INFO] Данные успешно получены
[2022-08-23 22:06:17.3977] [INFO] Добавление заказ в БД
[2022-08-23 22:06:17.3977] [INFO] Закрытые диалогового окна заказа
[2022-08-23 22:06:17.4237] [INFO] Изменение заказа
[2022-08-23 22:06:43.8914] [INFO] Загрузка формы авторизации
[2022-08-23 22:06:44.2064] [INFO] Загрузка токенов
[2022-08-23 22:06:44.5334] [INFO] Токен успешно обновлен
[2022-08-23 22:06:44.5334] [INFO] Автоматическая авторизация
[2022-08-23 22:07:01.5354] [INFO] Пользователь авторизован
[2022-08-23 22:07:01.5354] [INFO] Загрузка главной формы
[2022-08-23 22:07:01.6714] [INFO] Загружено главня форма
[2022-08-23 22:07:01.6714] [INFO] Получение данных
[2022-08-23 22:07:01.6864] [INFO] Загрузка заказов
[2022-08-23 22:07:01.6964] [INFO] Заказыы успешно загружены
[2022-08-23 22:07:01.6964] [INFO] Успешное получение данных
[2022-08-23 22:07:01.7624] [INFO] Закрываем окно авторизации
[2022-08-23 22:07:04.9438] [INFO] Открыто диалоговое окно для добавление заказа
[2022-08-23 22:07:05.0258] [INFO] Открыто диалоговое окно заказа
[2022-08-23 22:07:05.0258] [INFO] Данные успешно получены
[2022-08-23 22:07:08.5100] [INFO] Добвыление номенклатуры
[2022-08-23 22:07:08.5629] [INFO] Загрузка номенклатуры
[2022-08-23 22:07:08.6689] [INFO] Номенклатуры успешно загружены
[2022-08-23 22:07:09.1502] [INFO] Закрытые диалогового окно выбора номенклатуры
[2022-08-23 22:07:09.1792] [INFO] Номенклатура успешно добавлено
[2022-08-23 22:07:14.3488] [INFO] Добавление заказ в БД
[2022-08-23 22:07:14.3488] [INFO] Закрытые диалогового окна заказа
[2022-08-23 22:07:14.3668] [INFO] Добавление заказа
[2022-08-23 22:07:14.7764] [ERROR] Ошибка -------> Входная строка имела неверный формат.
[2022-08-23 22:07:20.0274] [ERROR] Ошибка -------> Вы не выбрали запись
[2022-08-23 22:07:22.0439] [INFO] Открыто диалоговое окно для удаление заказа
[2022-08-23 22:07:22.7353] [INFO] Удаление заказа
[2022-08-23 22:07:22.8636] [INFO] Заказ успешно удален
[2022-08-23 22:07:22.8636] [INFO] Обновление заказа
[2022-08-23 22:07:22.8996] [INFO] Заказ успешно обновлен
[2022-08-23 22:07:23.7434] [INFO] Открыто диалоговое окно для удаление заказа
[2022-08-23 22:07:24.4732] [INFO] Удаление заказа
[2022-08-23 22:07:24.5360] [INFO] Заказ успешно удален
[2022-08-23 22:07:24.5360] [INFO] Обновление заказа
[2022-08-23 22:07:24.5660] [INFO] Заказ успешно обновлен
[2022-08-23 22:07:25.4542] [INFO] Закрытые главной формы
[2022-08-23 22:07:56.4680] [INFO] Загрузка формы авторизации
[2022-08-23 22:07:56.7160] [INFO] Загрузка токенов
[2022-08-23 22:07:56.9700] [INFO] Токен успешно обновлен
[2022-08-23 22:07:56.9700] [INFO] Автоматическая авторизация
[2022-08-23 22:08:12.3244] [INFO] Пользователь авторизован
[2022-08-23 22:08:12.3244] [INFO] Загрузка главной формы
[2022-08-23 22:08:12.4594] [INFO] Загружено главня форма
[2022-08-23 22:08:12.4594] [INFO] Получение данных
[2022-08-23 22:08:12.4594] [INFO] Загрузка заказов
[2022-08-23 22:08:12.4784] [INFO] Заказыы успешно загружены
[2022-08-23 22:08:12.4784] [INFO] Успешное получение данных
[2022-08-23 22:08:12.5454] [INFO] Закрываем окно авторизации
[2022-08-23 22:08:16.2391] [INFO] Открыто диалоговое окно для добавление заказа
[2022-08-23 22:08:16.2970] [INFO] Открыто диалоговое окно заказа
[2022-08-23 22:08:16.3010] [INFO] Данные успешно получены
[2022-08-23 22:08:18.8830] [INFO] Добвыление номенклатуры
[2022-08-23 22:08:18.9334] [INFO] Загрузка номенклатуры
[2022-08-23 22:08:19.1294] [INFO] Номенклатуры успешно загружены
[2022-08-23 22:08:19.8834] [INFO] Закрытые диалогового окно выбора номенклатуры
[2022-08-23 22:08:19.9098] [INFO] Номенклатура успешно добавлено
[2022-08-23 22:08:23.4569] [INFO] Добавление заказ в БД
[2022-08-23 22:08:23.4569] [INFO] Закрытые диалогового окна заказа
[2022-08-23 22:08:23.4798] [INFO] Добавление заказа
[2022-08-23 22:08:28.8299] [INFO] Открыто диалоговое окно для добавление заказа
[2022-08-23 22:08:28.8690] [INFO] Открыто диалоговое окно заказа
[2022-08-23 22:08:28.8690] [INFO] Данные успешно получены
[2022-08-23 22:08:31.2431] [INFO] Добвыление номенклатуры
[2022-08-23 22:08:31.2821] [INFO] Загрузка номенклатуры
[2022-08-23 22:08:31.4041] [INFO] Номенклатуры успешно загружены
[2022-08-23 22:08:31.9192] [INFO] Закрытые диалогового окно выбора номенклатуры
[2022-08-23 22:08:31.9452] [INFO] Номенклатура успешно добавлено
[2022-08-23 22:08:35.9757] [INFO] Добавление заказ в БД
[2022-08-23 22:08:35.9757] [INFO] Закрытые диалогового окна заказа
[2022-08-23 22:08:35.9987] [INFO] Добавление заказа
[2022-08-23 22:08:39.1324] [INFO] Обновление заказа
[2022-08-23 22:08:39.1494] [INFO] Заказ успешно обновлен
[2022-08-23 22:08:39.5768] [INFO] Обновление заказа
[2022-08-23 22:08:39.5908] [INFO] Заказ успешно обновлен
[2022-08-23 22:08:39.7256] [INFO] Обновление заказа
[2022-08-23 22:08:39.7396] [INFO] Заказ успешно обновлен
[2022-08-23 22:08:39.9091] [INFO] Обновление заказа
[2022-08-23 22:08:39.9261] [INFO] Заказ успешно обновлен
[2022-08-23 22:08:40.0476] [INFO] Обновление заказа
[2022-08-23 22:08:40.0597] [INFO] Заказ успешно обновлен
[2022-08-23 22:08:42.4746] [INFO] Открыто диалоговое окно для удаление заказа
[2022-08-23 22:08:47.5713] [INFO] Удаление заказа
[2022-08-23 22:08:47.6903] [INFO] Заказ успешно удален
[2022-08-23 22:08:47.6903] [INFO] Обновление заказа
[2022-08-23 22:08:47.7163] [INFO] Заказ успешно обновлен
[2022-08-23 22:08:49.0987] [INFO] Открыто диалоговое окно для удаление заказа
[2022-08-23 22:08:49.7782] [INFO] Удаление заказа
[2022-08-23 22:08:49.8529] [INFO] Заказ успешно удален
[2022-08-23 22:08:49.8529] [INFO] Обновление заказа
[2022-08-23 22:08:49.8819] [INFO] Заказ успешно обновлен
[2022-08-23 22:08:51.7751] [INFO] Закрытые главной формы
[2022-08-23 22:10:38.0482] [INFO] Загрузка формы авторизации
[2022-08-23 22:10:38.6142] [INFO] Загрузка токенов
[2022-08-23 22:10:38.8792] [INFO] Токен успешно обновлен
[2022-08-23 22:10:38.8792] [INFO] Автоматическая авторизация
[2022-08-23 22:10:53.0958] [INFO] Пользователь авторизован
[2022-08-23 22:10:53.0958] [INFO] Загрузка главной формы
[2022-08-23 22:10:53.2088] [INFO] Загружено главня форма
[2022-08-23 22:10:53.2088] [INFO] Получение данных
[2022-08-23 22:10:53.2088] [INFO] Загрузка заказов
[2022-08-23 22:10:53.2088] [INFO] Заказыы успешно загружены
[2022-08-23 22:10:53.2218] [INFO] Успешное получение данных
[2022-08-23 22:10:53.2738] [INFO] Закрываем окно авторизации
[2022-08-23 22:10:56.7984] [INFO] Открыто диалоговое окно для добавление заказа
[2022-08-23 22:10:56.8474] [INFO] Открыто диалоговое окно заказа
[2022-08-23 22:10:56.8474] [INFO] Данные успешно получены
[2022-08-23 22:10:58.4054] [INFO] Добвыление номенклатуры
[2022-08-23 22:10:58.4654] [INFO] Загрузка номенклатуры
[2022-08-23 22:10:58.5954] [INFO] Номенклатуры успешно загружены
[2022-08-23 22:10:59.3434] [INFO] Закрытые диалогового окно выбора номенклатуры
[2022-08-23 22:10:59.3734] [INFO] Номенклатура успешно добавлено
[2022-08-23 22:11:00.8179] [INFO] Добавление заказ в БД
[2022-08-23 22:11:00.8179] [INFO] Закрытые диалогового окна заказа
[2022-08-23 22:11:00.8469] [INFO] Добавление заказа
[2022-08-23 22:11:01.1769] [INFO] Заказ успешно добавлено
[2022-08-23 22:11:01.1769] [INFO] Обновление заказа
[2022-08-23 22:11:01.2379] [INFO] Заказ успешно обновлен
[2022-08-23 22:11:03.9021] [INFO] Открыто диалоговое окно для добавление заказа
[2022-08-23 22:11:03.9447] [INFO] Открыто диалоговое окно заказа
[2022-08-23 22:11:03.9447] [INFO] Данные успешно получены
[2022-08-23 22:11:10.3120] [INFO] Добвыление номенклатуры
[2022-08-23 22:11:10.3700] [INFO] Загрузка номенклатуры
[2022-08-23 22:11:10.5250] [INFO] Номенклатуры успешно загружены
[2022-08-23 22:11:10.9660] [INFO] Закрытые диалогового окно выбора номенклатуры
[2022-08-23 22:11:10.9980] [INFO] Номенклатура успешно добавлено
[2022-08-23 22:11:14.3055] [INFO] Добавление заказ в БД
[2022-08-23 22:11:14.3055] [INFO] Закрытые диалогового окна заказа
[2022-08-23 22:11:14.3325] [INFO] Добавление заказа
[2022-08-23 22:11:14.3625] [INFO] Заказ успешно добавлено
[2022-08-23 22:11:14.3625] [INFO] Обновление заказа
[2022-08-23 22:11:14.3785] [INFO] Заказ успешно обновлен
[2022-08-23 22:11:22.6400] [INFO] Закрытые главной формы
[2022-08-23 22:11:32.2566] [INFO] Загрузка формы авторизации
[2022-08-23 22:11:32.5616] [INFO] Загрузка токенов
[2022-08-23 22:11:32.6086] [INFO] Токен успешно обновлен
[2022-08-23 22:11:32.6086] [INFO] Автоматическая авторизация
[2022-08-23 22:11:40.6017] [INFO] Пользователь авторизован
[2022-08-23 22:11:40.6017] [INFO] Загрузка главной формы
[2022-08-23 22:11:40.6977] [INFO] Загружено главня форма
[2022-08-23 22:11:40.6977] [INFO] Получение данных
[2022-08-23 22:11:40.7127] [INFO] Загрузка заказов
[2022-08-23 22:11:40.7127] [INFO] Заказыы успешно загружены
[2022-08-23 22:11:40.7217] [INFO] Успешное получение данных
[2022-08-23 22:11:40.7817] [INFO] Закрываем окно авторизации
[2022-08-23 22:11:42.0242] [INFO] Открыто диалоговое окно для добавление заказа
[2022-08-23 22:11:42.0832] [INFO] Открыто диалоговое окно заказа
[2022-08-23 22:11:42.0832] [INFO] Данные успешно получены
[2022-08-23 22:11:44.1831] [INFO] Добвыление номенклатуры
[2022-08-23 22:11:44.2299] [INFO] Загрузка номенклатуры
[2022-08-23 22:11:44.3718] [INFO] Номенклатуры успешно загружены
[2022-08-23 22:11:45.5294] [INFO] Закрытые диалогового окно выбора номенклатуры
[2022-08-23 22:11:45.5582] [INFO] Номенклатура успешно добавлено
[2022-08-23 22:11:48.3310] [INFO] Добавление заказ в БД
[2022-08-23 22:11:48.3310] [INFO] Закрытые диалогового окна заказа
[2022-08-23 22:11:48.3490] [INFO] Добавление заказа
[2022-08-23 22:11:48.5260] [INFO] Заказ успешно добавлено
[2022-08-23 22:11:48.5260] [INFO] Обновление заказа
[2022-08-23 22:11:48.5480] [INFO] Заказ успешно обновлен
[2022-08-23 22:11:51.4696] [INFO] Закрытые главной формы
