[2022-09-01 14:21:46.6196] [INFO] Загрузка формы авторизации
[2022-09-01 14:21:46.9946] [INFO] Загрузка токенов
[2022-09-01 14:21:47.3386] [INFO] Токен успешно обновлен
[2022-09-01 14:21:47.3386] [INFO] Автоматическая авторизация
[2022-09-01 14:22:10.0425] [ERROR] Ошибка -------> Не найдена сессия пользователя
[2022-09-01 14:22:10.1145] [ERROR] Ошибка -------> Не найдена сессия пользователя
[2022-09-01 14:22:21.8198] [INFO] Авторизация пользователя
[2022-09-01 14:22:22.4888] [INFO] Сохранение данных
[2022-09-01 14:22:22.4958] [INFO] Данные успешно сохранены
[2022-09-01 14:22:22.5668] [INFO] Загружено главня форма
[2022-09-01 14:22:22.5668] [INFO] Получение данных
[2022-09-01 14:22:22.5728] [INFO] Загрузка заказов
[2022-09-01 14:22:22.5728] [INFO] Заказыы успешно загружены
[2022-09-01 14:22:22.5728] [INFO] Успешное получение данных
[2022-09-01 14:22:24.4287] [INFO] Открыто диалоговое окно для добавление этапа
[2022-09-01 14:22:24.4498] [INFO] Открыто диалоговое окно этапа
[2022-09-01 14:22:30.9199] [INFO] Закрытые диалогового окно этапа
[2022-09-01 14:22:30.9289] [INFO] Добавление этапа
[2022-09-01 14:22:30.9926] [INFO] Этап успешно добавлено
[2022-09-01 14:22:30.9926] [INFO] Обновление этапа
[2022-09-01 14:22:31.0366] [INFO] Этап успешно обновлен
[2022-09-01 14:22:32.0000] [INFO] Открыто диалоговое окно для изменение этапа
[2022-09-01 14:22:32.0260] [ERROR] Ошибка -------> Вы не выбрали запись
[2022-09-01 14:22:33.4891] [INFO] Открыто диалоговое окно для изменение этапа
[2022-09-01 14:22:33.5091] [INFO] Открыто диалоговое окно этапа
[2022-09-01 14:22:45.7040] [INFO] Открыто диалоговое окно для изменение этапа
[2022-09-01 14:22:45.7250] [INFO] Открыто диалоговое окно этапа
[2022-09-01 14:22:47.5466] [INFO] Закрытые диалогового окно этапа
[2022-09-01 14:22:47.5536] [INFO] Изменение этапа
[2022-09-01 14:22:47.6386] [INFO] Этап успешно изменен
[2022-09-01 14:22:47.6386] [INFO] Обновление этапа
[2022-09-01 14:22:47.6526] [INFO] Этап успешно обновлен
[2022-09-01 14:22:53.7597] [INFO] Открыто диалоговое окно для изменение этапа
[2022-09-01 14:22:53.7747] [INFO] Открыто диалоговое окно этапа
[2022-09-01 14:22:55.8101] [INFO] Закрытые главной формы
[2022-09-01 14:25:05.3768] [INFO] Загрузка формы авторизации
[2022-09-01 14:25:05.4698] [INFO] Загрузка токенов
[2022-09-01 14:25:05.6528] [INFO] Токен успешно обновлен
[2022-09-01 14:25:05.6528] [INFO] Автоматическая авторизация
[2022-09-01 14:25:21.9659] [INFO] Пользователь авторизован
[2022-09-01 14:25:21.9659] [INFO] Загрузка главной формы
[2022-09-01 14:25:22.0389] [INFO] Загружено главня форма
[2022-09-01 14:25:22.0389] [INFO] Получение данных
[2022-09-01 14:25:22.0389] [INFO] Загрузка заказов
[2022-09-01 14:25:22.0389] [INFO] Заказыы успешно загружены
[2022-09-01 14:25:22.0389] [INFO] Успешное получение данных
[2022-09-01 14:25:22.0809] [INFO] Закрываем окно авторизации
[2022-09-01 14:25:24.4289] [INFO] Открыто диалоговое окно для изменение этапа
[2022-09-01 14:25:24.4489] [INFO] Открыто диалоговое окно этапа
[2022-09-01 14:25:25.8300] [INFO] Закрытые диалогового окно этапа
[2022-09-01 14:25:25.8400] [INFO] Изменение этапа
[2022-09-01 14:25:25.9220] [INFO] Этап успешно изменен
[2022-09-01 14:25:25.9220] [INFO] Обновление этапа
[2022-09-01 14:25:25.9360] [INFO] Этап успешно обновлен
[2022-09-01 14:25:27.0436] [INFO] Открыто диалоговое окно для изменение этапа
[2022-09-01 14:25:27.0566] [INFO] Открыто диалоговое окно этапа
[2022-09-01 14:25:28.7376] [INFO] Закрытые главной формы
[2022-09-01 14:26:16.2283] [INFO] Загрузка формы авторизации
[2022-09-01 14:26:16.3963] [INFO] Загрузка токенов
[2022-09-01 14:26:16.4433] [INFO] Токен успешно обновлен
[2022-09-01 14:26:16.4433] [INFO] Автоматическая авторизация
[2022-09-01 14:26:24.4892] [INFO] Пользователь авторизован
[2022-09-01 14:26:24.4892] [INFO] Загрузка главной формы
[2022-09-01 14:26:24.5392] [INFO] Загружено главня форма
[2022-09-01 14:26:24.5392] [INFO] Получение данных
[2022-09-01 14:26:24.5392] [INFO] Загрузка заказов
[2022-09-01 14:26:24.5392] [INFO] Заказыы успешно загружены
[2022-09-01 14:26:24.5392] [INFO] Успешное получение данных
[2022-09-01 14:26:24.5632] [INFO] Закрываем окно авторизации
[2022-09-01 14:26:53.4533] [INFO] Открыто диалоговое окно для изменение этапа
[2022-09-01 14:26:53.4763] [INFO] Открыто диалоговое окно этапа
[2022-09-01 14:26:57.9934] [INFO] Закрытые диалогового окно этапа
[2022-09-01 14:26:57.9934] [INFO] Изменение этапа
[2022-09-01 14:26:58.0934] [INFO] Этап успешно изменен
[2022-09-01 14:26:58.0934] [INFO] Обновление этапа
[2022-09-01 14:26:58.1114] [INFO] Этап успешно обновлен
[2022-09-01 14:26:59.2972] [INFO] Открыто диалоговое окно для изменение этапа
[2022-09-01 14:26:59.3132] [INFO] Открыто диалоговое окно этапа
[2022-09-01 14:27:01.2880] [INFO] Закрытые главной формы
[2022-09-01 14:28:42.1354] [INFO] Загрузка формы авторизации
[2022-09-01 14:28:42.3353] [INFO] Загрузка токенов
[2022-09-01 14:28:42.5933] [INFO] Токен успешно обновлен
[2022-09-01 14:28:42.5933] [INFO] Автоматическая авторизация
[2022-09-01 14:28:51.4480] [INFO] Пользователь авторизован
[2022-09-01 14:28:51.4480] [INFO] Загрузка главной формы
[2022-09-01 14:28:51.6110] [INFO] Загружено главня форма
[2022-09-01 14:28:51.6110] [INFO] Получение данных
[2022-09-01 14:28:51.6170] [INFO] Загрузка заказов
[2022-09-01 14:28:51.6170] [INFO] Заказыы успешно загружены
[2022-09-01 14:28:51.6170] [INFO] Успешное получение данных
[2022-09-01 14:28:51.6610] [INFO] Закрываем окно авторизации
[2022-09-01 14:28:54.7051] [INFO] Открыто диалоговое окно для изменение этапа
[2022-09-01 14:28:54.7391] [INFO] Открыто диалоговое окно этапа
[2022-09-01 14:28:56.1792] [INFO] Закрытые диалогового окно этапа
[2022-09-01 14:28:56.1792] [INFO] Изменение этапа
[2022-09-01 14:28:56.2742] [INFO] Этап успешно изменен
[2022-09-01 14:28:56.2742] [INFO] Обновление этапа
[2022-09-01 14:28:56.2742] [INFO] Этап успешно обновлен
[2022-09-01 14:29:07.6508] [INFO] Открыто диалоговое окно для изменение этапа
[2022-09-01 14:29:07.6678] [INFO] Открыто диалоговое окно этапа
[2022-09-01 14:29:08.8681] [INFO] Закрытые диалогового окно этапа
[2022-09-01 14:29:08.8681] [INFO] Изменение этапа
[2022-09-01 14:32:59.5361] [INFO] Загрузка формы авторизации
[2022-09-01 14:32:59.7041] [INFO] Загрузка токенов
[2022-09-01 14:32:59.7638] [INFO] Токен успешно обновлен
[2022-09-01 14:32:59.7638] [INFO] Автоматическая авторизация
[2022-09-01 14:33:15.3314] [INFO] Пользователь авторизован
[2022-09-01 14:33:15.3314] [INFO] Загрузка главной формы
[2022-09-01 14:33:15.3814] [INFO] Загружено главня форма
[2022-09-01 14:33:15.3814] [INFO] Получение данных
[2022-09-01 14:33:15.3904] [INFO] Загрузка заказов
[2022-09-01 14:33:15.3974] [INFO] Заказыы успешно загружены
[2022-09-01 14:33:15.3974] [INFO] Успешное получение данных
[2022-09-01 14:33:15.3974] [INFO] Закрываем окно авторизации
[2022-09-01 14:33:27.5240] [INFO] Открыто диалоговое окно для изменение этапа
[2022-09-01 14:33:27.5450] [INFO] Открыто диалоговое окно этапа
[2022-09-01 14:33:32.0242] [INFO] Закрытые диалогового окно этапа
[2022-09-01 14:33:32.0242] [INFO] Изменение этапа
[2022-09-01 14:33:32.1272] [INFO] Этап успешно изменен
[2022-09-01 14:33:32.1272] [INFO] Обновление этапа
[2022-09-01 14:33:32.1422] [INFO] Этап успешно обновлен
[2022-09-01 14:33:33.0712] [INFO] Открыто диалоговое окно для изменение этапа
[2022-09-01 14:33:33.0852] [INFO] Открыто диалоговое окно этапа
[2022-09-01 14:33:38.1023] [INFO] Закрытые главной формы
[2022-09-01 14:34:36.4766] [INFO] Загрузка формы авторизации
[2022-09-01 14:34:36.6376] [INFO] Загрузка токенов
[2022-09-01 14:34:36.7076] [INFO] Токен успешно обновлен
[2022-09-01 14:34:36.7076] [INFO] Автоматическая авторизация
[2022-09-01 14:34:50.4331] [INFO] Пользователь авторизован
[2022-09-01 14:34:50.4331] [INFO] Загрузка главной формы
[2022-09-01 14:34:50.5187] [INFO] Загружено главня форма
[2022-09-01 14:34:50.5187] [INFO] Получение данных
[2022-09-01 14:34:50.5297] [INFO] Загрузка заказов
[2022-09-01 14:34:50.5297] [INFO] Заказыы успешно загружены
[2022-09-01 14:34:50.5387] [INFO] Успешное получение данных
[2022-09-01 14:34:50.5627] [INFO] Закрываем окно авторизации
[2022-09-01 14:34:53.2721] [INFO] Открыто диалоговое окно для изменение этапа
[2022-09-01 14:34:53.2950] [INFO] Открыто диалоговое окно этапа
[2022-09-01 14:34:56.4202] [INFO] Закрытые диалогового окно этапа
[2022-09-01 14:34:56.4302] [INFO] Изменение этапа
[2022-09-01 14:34:56.5312] [INFO] Этап успешно изменен
[2022-09-01 14:34:56.5312] [INFO] Обновление этапа
[2022-09-01 14:34:56.5462] [INFO] Этап успешно обновлен
[2022-09-01 14:34:58.1073] [INFO] Открыто диалоговое окно для изменение этапа
[2022-09-01 14:34:58.1202] [INFO] Открыто диалоговое окно этапа
[2022-09-01 14:35:03.0929] [INFO] Закрытые диалогового окно этапа
[2022-09-01 14:35:03.1059] [INFO] Изменение этапа
[2022-09-01 14:35:03.1349] [INFO] Этап успешно изменен
[2022-09-01 14:35:03.1349] [INFO] Обновление этапа
[2022-09-01 14:35:03.1579] [INFO] Этап успешно обновлен
[2022-09-01 14:35:04.0169] [INFO] Открыто диалоговое окно для изменение этапа
[2022-09-01 14:35:04.0329] [INFO] Открыто диалоговое окно этапа
[2022-09-01 14:35:06.9079] [INFO] Закрытые диалогового окно этапа
[2022-09-01 14:35:06.9179] [INFO] Изменение этапа
[2022-09-01 14:35:06.9459] [INFO] Этап успешно изменен
[2022-09-01 14:35:06.9459] [INFO] Обновление этапа
[2022-09-01 14:35:06.9679] [INFO] Этап успешно обновлен
[2022-09-01 14:35:07.8943] [INFO] Открыто диалоговое окно для изменение этапа
[2022-09-01 14:35:07.9103] [INFO] Открыто диалоговое окно этапа
[2022-09-01 14:35:09.8249] [INFO] Закрытые главной формы
