[2022-09-03 12:11:55.7111] [INFO] Загрузка формы авторизации
[2022-09-03 12:11:55.8837] [INFO] Загрузка токенов
[2022-09-03 12:11:56.2766] [INFO] Токен успешно обновлен
[2022-09-03 12:11:56.2766] [INFO] Автоматическая авторизация
[2022-09-03 12:12:18.2660] [INFO] Пользователь авторизован
[2022-09-03 12:12:18.2660] [INFO] Загрузка главной формы
[2022-09-03 12:12:18.3910] [INFO] Загружено главня форма
[2022-09-03 12:12:18.3910] [INFO] Получение данных
[2022-09-03 12:12:18.4080] [INFO] Загрузка заказов
[2022-09-03 12:12:18.4190] [INFO] Заказыы успешно загружены
[2022-09-03 12:12:18.4190] [INFO] Успешное получение данных
[2022-09-03 12:12:18.4410] [INFO] Закрываем окно авторизации
[2022-09-03 12:12:27.0033] [INFO] Открыто диалоговое окно для добавление заказа
[2022-09-03 12:12:27.0383] [INFO] Открыто диалоговое окно заказа
[2022-09-03 12:12:27.0473] [INFO] Данные успешно получены
[2022-09-03 12:12:28.9253] [INFO] Открыто диалоговое окно для изменение заказа
[2022-09-03 12:12:28.9623] [INFO] Открыто диалоговое окно заказа
[2022-09-03 12:12:28.9623] [INFO] Данные успешно получены
[2022-09-03 12:12:40.0856] [INFO] Закрытые главной формы
[2022-09-03 12:15:08.9039] [INFO] Загрузка формы авторизации
[2022-09-03 12:15:09.0069] [INFO] Загрузка токенов
[2022-09-03 12:15:09.2519] [INFO] Токен успешно обновлен
[2022-09-03 12:15:09.2519] [INFO] Автоматическая авторизация
[2022-09-03 12:15:28.3428] [INFO] Пользователь авторизован
[2022-09-03 12:15:28.3428] [INFO] Загрузка главной формы
[2022-09-03 12:15:28.4174] [INFO] Загружено главня форма
[2022-09-03 12:15:28.4174] [INFO] Получение данных
[2022-09-03 12:15:28.4174] [INFO] Загрузка заказов
[2022-09-03 12:15:28.4174] [INFO] Заказыы успешно загружены
[2022-09-03 12:15:28.4174] [INFO] Успешное получение данных
[2022-09-03 12:15:28.4444] [INFO] Закрываем окно авторизации
[2022-09-03 12:15:58.3713] [INFO] Открыто диалоговое окно для изменение заказа
[2022-09-03 12:15:58.4033] [INFO] Открыто диалоговое окно заказа
[2022-09-03 12:15:58.4033] [INFO] Данные успешно получены
[2022-09-03 12:16:15.0411] [INFO] Открыто диалоговое окно для изменение заказа
[2022-09-03 12:16:15.0621] [INFO] Открыто диалоговое окно заказа
[2022-09-03 12:16:15.0621] [INFO] Данные успешно получены
[2022-09-03 12:16:20.7894] [INFO] Открыто диалоговое окно для изменение заказа
[2022-09-03 12:16:20.8084] [INFO] Открыто диалоговое окно заказа
[2022-09-03 12:16:20.8084] [INFO] Данные успешно получены
[2022-09-03 12:16:28.1275] [INFO] Закрытые главной формы
[2022-09-03 12:16:46.8437] [INFO] Загрузка формы авторизации
[2022-09-03 12:16:47.0727] [INFO] Загрузка токенов
[2022-09-03 12:16:47.1507] [INFO] Токен успешно обновлен
[2022-09-03 12:16:47.1507] [INFO] Автоматическая авторизация
[2022-09-03 12:17:00.0832] [INFO] Пользователь авторизован
[2022-09-03 12:17:00.0832] [INFO] Загрузка главной формы
[2022-09-03 12:17:00.1762] [INFO] Загружено главня форма
[2022-09-03 12:17:00.1762] [INFO] Получение данных
[2022-09-03 12:17:00.1802] [INFO] Загрузка заказов
[2022-09-03 12:17:00.1802] [INFO] Заказыы успешно загружены
[2022-09-03 12:17:00.1802] [INFO] Успешное получение данных
[2022-09-03 12:17:00.2032] [INFO] Закрываем окно авторизации
[2022-09-03 12:17:03.9457] [INFO] Открыто диалоговое окно для изменение заказа
[2022-09-03 12:17:03.9786] [INFO] Открыто диалоговое окно заказа
[2022-09-03 12:17:03.9786] [INFO] Данные успешно получены
[2022-09-03 12:17:14.9811] [INFO] Добавление заказ в БД
[2022-09-03 12:17:14.9811] [INFO] Закрытые диалогового окна заказа
[2022-09-03 12:17:14.9811] [INFO] Изменение заказа
[2022-09-03 12:17:15.3210] [INFO] Заказ успешно изменен
[2022-09-03 12:17:15.3210] [INFO] Обновление заказа
[2022-09-03 12:17:15.3380] [INFO] Заказ успешно обновлен
[2022-09-03 12:17:17.0163] [INFO] Открыто диалоговое окно для изменение заказа
[2022-09-03 12:17:17.0353] [INFO] Открыто диалоговое окно заказа
[2022-09-03 12:17:17.0453] [INFO] Данные успешно получены
[2022-09-03 12:17:19.2862] [INFO] Закрытые главной формы
[2022-09-03 15:57:25.9187] [INFO] Загрузка формы авторизации
[2022-09-03 15:57:26.0416] [INFO] Загрузка токенов
[2022-09-03 15:57:26.3246] [INFO] Токен успешно обновлен
[2022-09-03 15:57:26.3246] [INFO] Автоматическая авторизация
[2022-09-03 15:57:41.9683] [INFO] Пользователь авторизован
[2022-09-03 15:57:41.9683] [INFO] Загрузка главной формы
[2022-09-03 15:57:42.1013] [INFO] Загружено главня форма
[2022-09-03 15:57:42.1013] [INFO] Получение данных
[2022-09-03 15:57:42.1073] [INFO] Загрузка заказов
[2022-09-03 15:57:42.1073] [INFO] Заказыы успешно загружены
[2022-09-03 15:57:42.1073] [INFO] Успешное получение данных
[2022-09-03 15:57:42.1533] [INFO] Закрываем окно авторизации
[2022-09-03 15:57:54.5366] [INFO] Открыто диалоговое окно для изменение заказа
[2022-09-03 15:57:54.5866] [INFO] Открыто диалоговое окно заказа
[2022-09-03 15:57:54.5866] [INFO] Данные успешно получены
[2022-09-03 15:57:59.7297] [INFO] Добавление заказ в БД
[2022-09-03 15:57:59.7297] [INFO] Закрытые диалогового окна заказа
[2022-09-03 15:57:59.7297] [INFO] Изменение заказа
[2022-09-03 15:58:00.0717] [INFO] Заказ успешно изменен
[2022-09-03 15:58:00.0717] [INFO] Обновление заказа
[2022-09-03 15:58:00.1037] [INFO] Заказ успешно обновлен
[2022-09-03 15:58:03.6413] [INFO] Открыто диалоговое окно для изменение заказа
[2022-09-03 15:58:03.6623] [INFO] Открыто диалоговое окно заказа
[2022-09-03 15:58:03.6673] [INFO] Данные успешно получены
[2022-09-03 16:06:29.3866] [INFO] Загрузка формы авторизации
[2022-09-03 16:06:29.5036] [INFO] Загрузка токенов
[2022-09-03 16:06:29.5486] [INFO] Токен успешно обновлен
[2022-09-03 16:06:29.5486] [INFO] Автоматическая авторизация
[2022-09-03 16:06:37.2258] [INFO] Пользователь авторизован
[2022-09-03 16:06:37.2258] [INFO] Загрузка главной формы
[2022-09-03 16:06:37.3258] [INFO] Загружено главня форма
[2022-09-03 16:06:37.3258] [INFO] Получение данных
[2022-09-03 16:06:37.3258] [INFO] Загрузка заказов
[2022-09-03 16:06:37.3418] [INFO] Заказыы успешно загружены
[2022-09-03 16:06:37.3418] [INFO] Успешное получение данных
[2022-09-03 16:06:37.3758] [INFO] Закрываем окно авторизации
[2022-09-03 16:06:39.7485] [INFO] Открыто диалоговое окно для изменение заказа
[2022-09-03 16:06:39.7835] [INFO] Открыто диалоговое окно заказа
[2022-09-03 16:06:39.7925] [INFO] Данные успешно получены
[2022-09-03 16:06:42.7606] [INFO] Закрытые главной формы
[2022-09-03 16:12:24.4586] [INFO] Загрузка формы авторизации
[2022-09-03 16:12:24.5536] [INFO] Загрузка токенов
[2022-09-03 16:12:24.5876] [INFO] Токен успешно обновлен
[2022-09-03 16:12:24.5876] [INFO] Автоматическая авторизация
[2022-09-03 16:12:36.8423] [INFO] Пользователь авторизован
[2022-09-03 16:12:36.8423] [INFO] Загрузка главной формы
[2022-09-03 16:12:36.9363] [INFO] Загружено главня форма
[2022-09-03 16:12:36.9363] [INFO] Получение данных
[2022-09-03 16:12:36.9483] [INFO] Загрузка заказов
[2022-09-03 16:12:36.9483] [INFO] Заказыы успешно загружены
[2022-09-03 16:12:36.9483] [INFO] Успешное получение данных
[2022-09-03 16:12:36.9923] [INFO] Закрываем окно авторизации
[2022-09-03 16:13:00.1972] [INFO] Открыто диалоговое окно для изменение заказа
[2022-09-03 16:13:00.2492] [INFO] Открыто диалоговое окно заказа
[2022-09-03 16:13:00.2492] [INFO] Данные успешно получены
[2022-09-03 16:13:05.6589] [ERROR] Ошибка -------> Входная строка имела неверный формат.
[2022-09-03 16:13:08.7236] [INFO] Закрытые главной формы
[2022-09-03 16:20:26.6255] [INFO] Загрузка формы авторизации
[2022-09-03 16:20:26.8445] [INFO] Загрузка токенов
[2022-09-03 16:20:26.9075] [INFO] Токен успешно обновлен
[2022-09-03 16:20:26.9075] [INFO] Автоматическая авторизация
[2022-09-03 16:20:36.7851] [INFO] Пользователь авторизован
[2022-09-03 16:20:36.7851] [INFO] Загрузка главной формы
[2022-09-03 16:20:36.9601] [INFO] Загружено главня форма
[2022-09-03 16:20:36.9601] [INFO] Получение данных
[2022-09-03 16:20:36.9661] [INFO] Загрузка заказов
[2022-09-03 16:20:36.9661] [INFO] Заказыы успешно загружены
[2022-09-03 16:20:36.9661] [INFO] Успешное получение данных
[2022-09-03 16:20:37.0081] [INFO] Закрываем окно авторизации
[2022-09-03 16:20:47.5979] [INFO] Открыто диалоговое окно для изменение заказа
[2022-09-03 16:20:47.6330] [INFO] Открыто диалоговое окно заказа
[2022-09-03 16:20:47.6479] [INFO] Данные успешно получены
[2022-09-03 16:20:53.0224] [INFO] Добавление заказ в БД
[2022-09-03 16:20:53.0224] [INFO] Закрытые диалогового окна заказа
[2022-09-03 16:20:53.0324] [INFO] Изменение заказа
[2022-09-03 16:20:53.3494] [INFO] Заказ успешно изменен
[2022-09-03 16:20:53.3494] [INFO] Обновление заказа
[2022-09-03 16:20:53.3664] [INFO] Заказ успешно обновлен
[2022-09-03 16:20:54.8691] [INFO] Открыто диалоговое окно для изменение заказа
[2022-09-03 16:20:54.9171] [ERROR] Ошибка -------> Вы не выбрали запись
[2022-09-03 16:20:56.7359] [INFO] Открыто диалоговое окно для изменение заказа
[2022-09-03 16:20:56.7619] [INFO] Открыто диалоговое окно заказа
[2022-09-03 16:20:56.7619] [INFO] Данные успешно получены
[2022-09-03 16:21:13.6232] [INFO] Закрытые главной формы
[2022-09-03 16:52:45.0922] [INFO] Загрузка формы авторизации
[2022-09-03 16:52:45.2691] [INFO] Загрузка токенов
[2022-09-03 16:52:45.7558] [INFO] Токен успешно обновлен
[2022-09-03 16:52:45.7558] [INFO] Автоматическая авторизация
[2022-09-03 16:53:08.3898] [INFO] Пользователь авторизован
[2022-09-03 16:53:08.3898] [INFO] Загрузка главной формы
[2022-09-03 16:53:08.4857] [INFO] Загружено главня форма
[2022-09-03 16:53:08.4857] [INFO] Получение данных
[2022-09-03 16:53:08.4927] [INFO] Загрузка заказов
[2022-09-03 16:53:08.4927] [INFO] Заказыы успешно загружены
[2022-09-03 16:53:08.5087] [INFO] Успешное получение данных
[2022-09-03 16:53:08.5307] [INFO] Закрываем окно авторизации
[2022-09-03 16:53:17.6220] [INFO] Открыто диалоговое окно для изменение заказа
[2022-09-03 16:53:17.6680] [INFO] Открыто диалоговое окно заказа
[2022-09-03 16:53:17.6820] [INFO] Данные успешно получены
[2022-09-03 16:53:24.7883] [INFO] Добавление заказ в БД
[2022-09-03 16:53:24.7883] [INFO] Закрытые диалогового окна заказа
[2022-09-03 16:53:24.8013] [INFO] Изменение заказа
[2022-09-03 16:53:25.1743] [INFO] Заказ успешно изменен
[2022-09-03 16:53:25.1743] [INFO] Обновление заказа
[2022-09-03 16:53:25.1933] [INFO] Заказ успешно обновлен
[2022-09-03 16:53:32.6765] [INFO] Открыто диалоговое окно для изменение заказа
[2022-09-03 16:53:32.7115] [INFO] Открыто диалоговое окно заказа
[2022-09-03 16:53:32.7115] [INFO] Данные успешно получены
[2022-09-03 16:53:35.3407] [INFO] Открыто диалоговое окно для добавление заказа
[2022-09-03 16:53:35.3837] [INFO] Открыто диалоговое окно заказа
[2022-09-03 16:53:35.3837] [INFO] Данные успешно получены
[2022-09-03 16:53:36.1367] [INFO] Добвыление номенклатуры
[2022-09-03 16:53:36.1837] [INFO] Загрузка номенклатуры
[2022-09-03 16:53:36.3177] [INFO] Номенклатуры успешно загружены
[2022-09-03 16:53:40.3293] [INFO] Добвыление номенклатуры
[2022-09-03 16:53:40.3643] [INFO] Загрузка номенклатуры
[2022-09-03 16:53:40.4373] [INFO] Номенклатуры успешно загружены
[2022-09-03 16:53:41.3726] [INFO] Закрытые диалогового окно выбора номенклатуры
[2022-09-03 16:53:41.4016] [INFO] Номенклатура успешно добавлено
[2022-09-03 16:53:46.0638] [INFO] Добавление заказ в БД
[2022-09-03 16:53:46.0638] [INFO] Закрытые диалогового окна заказа
[2022-09-03 16:53:46.0748] [INFO] Добавление заказа
[2022-09-03 16:53:46.1548] [INFO] Заказ успешно добавлено
[2022-09-03 16:53:46.1548] [INFO] Обновление заказа
[2022-09-03 16:53:46.1748] [INFO] Заказ успешно обновлен
[2022-09-03 16:53:47.5901] [INFO] Открыто диалоговое окно для изменение заказа
[2022-09-03 16:53:47.6221] [INFO] Открыто диалоговое окно заказа
[2022-09-03 16:53:47.6221] [INFO] Данные успешно получены
[2022-09-03 16:53:58.3225] [INFO] Открыто диалоговое окно для изменение заказа
[2022-09-03 16:53:58.3525] [INFO] Открыто диалоговое окно заказа
[2022-09-03 16:53:58.3525] [INFO] Данные успешно получены
[2022-09-03 16:54:06.3080] [INFO] Добавление заказ в БД
[2022-09-03 16:54:06.3080] [INFO] Закрытые диалогового окна заказа
[2022-09-03 16:54:06.3240] [INFO] Изменение заказа
[2022-09-03 16:54:06.4450] [INFO] Заказ успешно изменен
[2022-09-03 16:54:06.4450] [INFO] Обновление заказа
[2022-09-03 16:54:06.4830] [INFO] Заказ успешно обновлен
[2022-09-03 16:54:07.7500] [INFO] Открыто диалоговое окно для изменение заказа
[2022-09-03 16:54:07.7940] [INFO] Открыто диалоговое окно заказа
[2022-09-03 16:54:07.7940] [INFO] Данные успешно получены
[2022-09-03 16:54:11.6483] [INFO] Открыто диалоговое окно для изменение заказа
[2022-09-03 16:54:11.6803] [INFO] Открыто диалоговое окно заказа
[2022-09-03 16:54:11.6803] [INFO] Данные успешно получены
[2022-09-03 16:54:13.7583] [INFO] Добавление заказ в БД
[2022-09-03 16:54:13.7583] [INFO] Закрытые диалогового окна заказа
[2022-09-03 16:54:13.7723] [INFO] Изменение заказа
[2022-09-03 16:54:13.8923] [INFO] Заказ успешно изменен
[2022-09-03 16:54:13.8923] [INFO] Обновление заказа
[2022-09-03 16:54:13.9173] [INFO] Заказ успешно обновлен
[2022-09-03 16:54:14.7183] [INFO] Открыто диалоговое окно для изменение заказа
[2022-09-03 16:54:14.7563] [INFO] Открыто диалоговое окно заказа
[2022-09-03 16:54:14.7623] [INFO] Данные успешно получены
[2022-09-03 16:54:17.9572] [INFO] Добавление заказ в БД
[2022-09-03 16:54:17.9572] [INFO] Закрытые диалогового окна заказа
[2022-09-03 16:54:17.9682] [INFO] Изменение заказа
[2022-09-03 16:54:18.0412] [INFO] Заказ успешно изменен
[2022-09-03 16:54:18.0412] [INFO] Обновление заказа
[2022-09-03 16:54:18.0692] [INFO] Заказ успешно обновлен
[2022-09-03 16:54:18.8567] [INFO] Открыто диалоговое окно для изменение заказа
[2022-09-03 16:54:18.9047] [INFO] Открыто диалоговое окно заказа
[2022-09-03 16:54:18.9047] [INFO] Данные успешно получены
[2022-09-03 16:54:22.1357] [INFO] Закрытые главной формы
[2022-09-03 17:04:24.8937] [INFO] Загрузка формы авторизации
[2022-09-03 17:04:25.1047] [INFO] Загрузка токенов
[2022-09-03 17:04:25.3833] [INFO] Токен успешно обновлен
[2022-09-03 17:04:25.3833] [INFO] Автоматическая авторизация
[2022-09-03 17:04:36.1697] [INFO] Пользователь авторизован
[2022-09-03 17:04:36.1697] [INFO] Загрузка главной формы
[2022-09-03 17:04:36.2547] [INFO] Загружено главня форма
[2022-09-03 17:04:36.2547] [INFO] Получение данных
[2022-09-03 17:04:36.2647] [INFO] Загрузка заказов
[2022-09-03 17:04:36.2647] [INFO] Заказыы успешно загружены
[2022-09-03 17:04:36.2647] [INFO] Успешное получение данных
[2022-09-03 17:04:36.3097] [INFO] Закрываем окно авторизации
[2022-09-03 17:04:46.1584] [INFO] Открыто диалоговое окно для изменение заказа
[2022-09-03 17:04:46.2044] [INFO] Открыто диалоговое окно заказа
[2022-09-03 17:04:46.2144] [INFO] Данные успешно получены
[2022-09-03 17:04:51.9603] [INFO] Добавление заказ в БД
[2022-09-03 17:04:51.9603] [INFO] Закрытые диалогового окна заказа
[2022-09-03 17:04:51.9723] [INFO] Изменение заказа
[2022-09-03 17:04:52.2513] [INFO] Заказ успешно изменен
[2022-09-03 17:04:52.2513] [INFO] Обновление заказа
[2022-09-03 17:04:52.2653] [INFO] Заказ успешно обновлен
[2022-09-03 17:04:53.1491] [INFO] Открыто диалоговое окно для изменение заказа
[2022-09-03 17:04:53.1922] [ERROR] Ошибка -------> Вы не выбрали запись
[2022-09-03 17:04:56.9373] [INFO] Открыто диалоговое окно для изменение заказа
[2022-09-03 17:04:56.9563] [INFO] Открыто диалоговое окно заказа
[2022-09-03 17:04:56.9633] [INFO] Данные успешно получены
[2022-09-03 17:04:59.0464] [INFO] Открыто диалоговое окно для добавление заказа
[2022-09-03 17:04:59.0664] [INFO] Открыто диалоговое окно заказа
[2022-09-03 17:04:59.0664] [INFO] Данные успешно получены
[2022-09-03 17:05:05.0933] [INFO] Добвыление номенклатуры
[2022-09-03 17:05:05.1223] [INFO] Загрузка номенклатуры
[2022-09-03 17:05:05.2123] [INFO] Номенклатуры успешно загружены
[2022-09-03 17:05:05.8593] [INFO] Закрытые диалогового окно выбора номенклатуры
[2022-09-03 17:05:05.8713] [INFO] Номенклатура успешно добавлено
[2022-09-03 17:05:11.5213] [INFO] Добавление заказ в БД
[2022-09-03 17:05:11.5213] [INFO] Закрытые диалогового окна заказа
[2022-09-03 17:05:11.5423] [INFO] Добавление заказа
[2022-09-03 17:16:57.2356] [INFO] Загрузка формы авторизации
[2022-09-03 17:16:57.3296] [INFO] Загрузка токенов
[2022-09-03 17:16:57.3816] [INFO] Токен успешно обновлен
[2022-09-03 17:16:57.3816] [INFO] Автоматическая авторизация
[2022-09-03 17:17:06.7457] [INFO] Пользователь авторизован
[2022-09-03 17:17:06.7457] [INFO] Загрузка главной формы
[2022-09-03 17:17:06.8028] [INFO] Загружено главня форма
[2022-09-03 17:17:06.8028] [INFO] Получение данных
[2022-09-03 17:17:06.8067] [INFO] Загрузка заказов
[2022-09-03 17:17:06.8067] [INFO] Заказыы успешно загружены
[2022-09-03 17:17:06.8067] [INFO] Успешное получение данных
[2022-09-03 17:17:06.8270] [INFO] Закрываем окно авторизации
[2022-09-03 17:17:23.7121] [INFO] Открыто диалоговое окно для добавление заказа
[2022-09-03 17:17:23.7451] [INFO] Открыто диалоговое окно заказа
[2022-09-03 17:17:23.7451] [INFO] Данные успешно получены
[2022-09-03 17:17:29.0581] [INFO] Добвыление номенклатуры
[2022-09-03 17:17:29.0811] [INFO] Загрузка номенклатуры
[2022-09-03 17:17:29.1831] [INFO] Номенклатуры успешно загружены
[2022-09-03 17:17:29.9079] [INFO] Закрытые диалогового окно выбора номенклатуры
[2022-09-03 17:17:29.9299] [INFO] Номенклатура успешно добавлено
[2022-09-03 17:17:40.4968] [INFO] Добавление заказ в БД
[2022-09-03 17:17:40.4968] [INFO] Закрытые диалогового окна заказа
[2022-09-03 17:17:40.5088] [INFO] Добавление заказа
[2022-09-03 17:19:03.3204] [INFO] Загрузка формы авторизации
[2022-09-03 17:19:03.5025] [INFO] Загрузка токенов
[2022-09-03 17:19:03.6295] [INFO] Токен успешно обновлен
[2022-09-03 17:19:03.6295] [INFO] Автоматическая авторизация
[2022-09-03 17:19:11.3592] [INFO] Пользователь авторизован
[2022-09-03 17:19:11.3592] [INFO] Загрузка главной формы
[2022-09-03 17:19:11.4322] [INFO] Загружено главня форма
[2022-09-03 17:19:11.4322] [INFO] Получение данных
[2022-09-03 17:19:11.4322] [INFO] Загрузка заказов
[2022-09-03 17:19:11.4522] [INFO] Заказыы успешно загружены
[2022-09-03 17:19:11.4522] [INFO] Успешное получение данных
[2022-09-03 17:19:11.4822] [INFO] Закрываем окно авторизации
[2022-09-03 17:19:36.6253] [INFO] Открыто диалоговое окно для изменение заказа
[2022-09-03 17:19:36.6562] [INFO] Открыто диалоговое окно заказа
[2022-09-03 17:19:36.6562] [INFO] Данные успешно получены
[2022-09-03 17:19:39.1592] [INFO] Добвыление номенклатуры
[2022-09-03 17:19:39.1842] [INFO] Загрузка номенклатуры
[2022-09-03 17:19:39.2822] [INFO] Номенклатуры успешно загружены
[2022-09-03 17:19:40.3456] [INFO] Закрытые диалогового окно выбора номенклатуры
[2022-09-03 17:19:40.3566] [INFO] Номенклатура успешно добавлено
[2022-09-03 17:19:41.9597] [INFO] Открыто диалоговое окно для изменение заказа
[2022-09-03 17:19:41.9797] [INFO] Открыто диалоговое окно заказа
[2022-09-03 17:19:41.9797] [INFO] Данные успешно получены
[2022-09-03 17:19:43.7011] [INFO] Открыто диалоговое окно для изменение заказа
[2022-09-03 17:19:43.7211] [INFO] Открыто диалоговое окно заказа
[2022-09-03 17:19:43.7290] [INFO] Данные успешно получены
[2022-09-03 17:19:47.1533] [INFO] Добавление заказ в БД
[2022-09-03 17:19:47.1533] [INFO] Закрытые диалогового окна заказа
[2022-09-03 17:19:47.1533] [INFO] Изменение заказа
[2022-09-03 17:19:53.8409] [INFO] Заказ успешно изменен
[2022-09-03 17:19:53.8409] [INFO] Обновление заказа
[2022-09-03 17:19:53.8689] [INFO] Заказ успешно обновлен
[2022-09-03 17:19:56.4582] [INFO] Открыто диалоговое окно для изменение заказа
[2022-09-03 17:19:56.4792] [INFO] Открыто диалоговое окно заказа
[2022-09-03 17:19:56.4792] [INFO] Данные успешно получены
[2022-09-03 17:20:03.8387] [INFO] Закрытые главной формы
[2022-09-03 17:33:23.5658] [INFO] Загрузка формы авторизации
[2022-09-03 17:33:23.6858] [INFO] Загрузка токенов
[2022-09-03 17:33:23.7258] [INFO] Токен успешно обновлен
[2022-09-03 17:33:23.7258] [INFO] Автоматическая авторизация
[2022-09-03 17:33:31.5670] [INFO] Пользователь авторизован
[2022-09-03 17:33:31.5670] [INFO] Загрузка главной формы
[2022-09-03 17:33:31.6600] [INFO] Загружено главня форма
[2022-09-03 17:33:31.6600] [INFO] Получение данных
[2022-09-03 17:33:31.6710] [INFO] Загрузка заказов
[2022-09-03 17:33:31.6710] [INFO] Заказыы успешно загружены
[2022-09-03 17:33:31.6710] [INFO] Успешное получение данных
[2022-09-03 17:33:31.7090] [INFO] Закрываем окно авторизации
[2022-09-03 17:33:56.4644] [INFO] Загрузка формы авторизации
[2022-09-03 17:33:56.5674] [INFO] Загрузка токенов
[2022-09-03 17:33:56.6174] [INFO] Токен успешно обновлен
[2022-09-03 17:33:56.6184] [INFO] Автоматическая авторизация
[2022-09-03 17:34:03.4889] [INFO] Пользователь авторизован
[2022-09-03 17:34:03.4889] [INFO] Загрузка главной формы
[2022-09-03 17:34:03.5629] [INFO] Загружено главня форма
[2022-09-03 17:34:03.5629] [INFO] Получение данных
[2022-09-03 17:34:03.5709] [INFO] Загрузка заказов
[2022-09-03 17:34:03.5709] [INFO] Заказыы успешно загружены
[2022-09-03 17:34:03.5709] [INFO] Успешное получение данных
[2022-09-03 17:34:03.6129] [INFO] Закрываем окно авторизации
[2022-09-03 17:34:26.8473] [INFO] Открыто диалоговое окно для добавление заказа
[2022-09-03 17:34:26.8862] [INFO] Открыто диалоговое окно заказа
[2022-09-03 17:34:26.8862] [INFO] Данные успешно получены
[2022-09-03 17:34:29.0631] [INFO] Открыто диалоговое окно для изменение заказа
[2022-09-03 17:34:29.0831] [INFO] Открыто диалоговое окно заказа
[2022-09-03 17:34:29.0911] [INFO] Данные успешно получены
[2022-09-03 17:34:31.5673] [INFO] Открыто диалоговое окно для изменение заказа
[2022-09-03 17:34:31.5893] [INFO] Открыто диалоговое окно заказа
[2022-09-03 17:34:31.5893] [INFO] Данные успешно получены
[2022-09-03 17:34:34.0269] [INFO] Открыто диалоговое окно для добавление заказа
[2022-09-03 17:34:34.0499] [INFO] Открыто диалоговое окно заказа
[2022-09-03 17:34:34.0499] [INFO] Данные успешно получены
[2022-09-03 17:34:40.2309] [INFO] Добвыление номенклатуры
[2022-09-03 17:34:40.2627] [INFO] Загрузка номенклатуры
[2022-09-03 17:34:40.3317] [INFO] Номенклатуры успешно загружены
[2022-09-03 17:34:41.0759] [INFO] Закрытые диалогового окно выбора номенклатуры
[2022-09-03 17:34:41.0949] [INFO] Номенклатура успешно добавлено
[2022-09-03 17:34:48.1429] [INFO] Добавление заказ в БД
[2022-09-03 17:34:48.1429] [INFO] Закрытые диалогового окна заказа
[2022-09-03 17:34:48.1529] [INFO] Добавление заказа
[2022-09-03 17:35:11.3616] [INFO] Заказ успешно добавлено
[2022-09-03 17:35:11.3616] [INFO] Обновление заказа
[2022-09-03 17:35:11.3906] [INFO] Заказ успешно обновлен
[2022-09-03 17:35:18.5806] [INFO] Открыто диалоговое окно для изменение заказа
[2022-09-03 17:35:18.6016] [INFO] Открыто диалоговое окно заказа
[2022-09-03 17:35:18.6067] [INFO] Данные успешно получены
[2022-09-03 17:35:25.4804] [INFO] Добавление заказ в БД
[2022-09-03 17:35:25.4804] [INFO] Закрытые диалогового окна заказа
[2022-09-03 17:35:25.4804] [INFO] Изменение заказа
[2022-09-03 17:35:27.5518] [INFO] Заказ успешно изменен
[2022-09-03 17:35:27.5518] [INFO] Обновление заказа
[2022-09-03 17:35:27.5678] [INFO] Заказ успешно обновлен
[2022-09-03 17:35:30.5889] [INFO] Открыто диалоговое окно для изменение заказа
[2022-09-03 17:35:30.6139] [INFO] Открыто диалоговое окно заказа
[2022-09-03 17:35:30.6209] [INFO] Данные успешно получены
[2022-09-03 17:35:35.0306] [INFO] Открыто диалоговое окно для изменение заказа
[2022-09-03 17:35:35.0511] [INFO] Открыто диалоговое окно заказа
[2022-09-03 17:35:35.0571] [INFO] Данные успешно получены
[2022-09-03 17:35:41.5684] [INFO] Добавление заказ в БД
[2022-09-03 17:35:41.5684] [INFO] Закрытые диалогового окна заказа
[2022-09-03 17:35:41.5794] [INFO] Изменение заказа
[2022-09-03 17:36:08.5672] [INFO] Заказ успешно изменен
[2022-09-03 17:36:08.5672] [INFO] Обновление заказа
[2022-09-03 17:36:08.5962] [INFO] Заказ успешно обновлен
[2022-09-03 17:36:11.1928] [INFO] Открыто диалоговое окно для изменение заказа
[2022-09-03 17:36:11.2188] [INFO] Открыто диалоговое окно заказа
[2022-09-03 17:36:11.2278] [INFO] Данные успешно получены
[2022-09-03 17:40:54.6540] [INFO] Загрузка формы авторизации
[2022-09-03 17:40:54.7720] [INFO] Загрузка токенов
[2022-09-03 17:40:54.8100] [INFO] Токен успешно обновлен
[2022-09-03 17:40:54.8100] [INFO] Автоматическая авторизация
[2022-09-03 17:41:02.1040] [INFO] Пользователь авторизован
[2022-09-03 17:41:02.1040] [INFO] Загрузка главной формы
[2022-09-03 17:41:02.1800] [INFO] Загружено главня форма
[2022-09-03 17:41:02.1800] [INFO] Получение данных
[2022-09-03 17:41:02.1830] [INFO] Загрузка заказов
[2022-09-03 17:41:02.1830] [INFO] Заказыы успешно загружены
[2022-09-03 17:41:02.1830] [INFO] Успешное получение данных
[2022-09-03 17:41:02.2180] [INFO] Закрываем окно авторизации
[2022-09-03 17:41:05.1046] [INFO] Открыто диалоговое окно для изменение заказа
[2022-09-03 17:41:05.1345] [INFO] Открыто диалоговое окно заказа
[2022-09-03 17:41:05.1345] [INFO] Данные успешно получены
[2022-09-03 17:41:09.0835] [INFO] Добавление заказ в БД
[2022-09-03 17:41:09.0835] [INFO] Закрытые диалогового окна заказа
[2022-09-03 17:41:09.1035] [INFO] Изменение заказа
[2022-09-03 17:41:13.7368] [INFO] Заказ успешно изменен
[2022-09-03 17:41:13.7368] [INFO] Обновление заказа
[2022-09-03 17:41:13.7738] [INFO] Заказ успешно обновлен
[2022-09-03 17:41:16.1139] [INFO] Открыто диалоговое окно для изменение заказа
[2022-09-03 17:41:16.1329] [INFO] Открыто диалоговое окно заказа
[2022-09-03 17:41:16.1439] [INFO] Данные успешно получены
[2022-09-03 17:42:02.3135] [INFO] Добавление заказ в БД
[2022-09-03 17:42:02.3135] [INFO] Закрытые диалогового окна заказа
[2022-09-03 17:42:02.3295] [INFO] Изменение заказа
[2022-09-03 17:42:03.9845] [INFO] Заказ успешно изменен
[2022-09-03 17:42:03.9845] [INFO] Обновление заказа
[2022-09-03 17:42:04.0075] [INFO] Заказ успешно обновлен
[2022-09-03 17:42:05.9703] [INFO] Закрытые главной формы
[2022-09-03 17:48:47.9778] [INFO] Загрузка формы авторизации
[2022-09-03 17:48:48.1028] [INFO] Загрузка токенов
[2022-09-03 17:48:48.1378] [INFO] Токен успешно обновлен
[2022-09-03 17:48:48.1378] [INFO] Автоматическая авторизация
[2022-09-03 17:48:55.5211] [INFO] Пользователь авторизован
[2022-09-03 17:48:55.5211] [INFO] Загрузка главной формы
[2022-09-03 17:48:55.5811] [INFO] Загружено главня форма
[2022-09-03 17:48:55.5811] [INFO] Получение данных
[2022-09-03 17:48:55.5891] [INFO] Загрузка заказов
[2022-09-03 17:48:55.5891] [INFO] Заказыы успешно загружены
[2022-09-03 17:48:55.5891] [INFO] Успешное получение данных
[2022-09-03 17:48:55.6281] [INFO] Закрываем окно авторизации
[2022-09-03 17:48:58.6007] [INFO] Открыто диалоговое окно для добавление заказа
[2022-09-03 17:48:58.6376] [INFO] Открыто диалоговое окно заказа
[2022-09-03 17:48:58.6376] [INFO] Данные успешно получены
[2022-09-03 17:49:05.2322] [INFO] Добвыление номенклатуры
[2022-09-03 17:49:05.2622] [INFO] Загрузка номенклатуры
[2022-09-03 17:49:05.3642] [INFO] Номенклатуры успешно загружены
[2022-09-03 17:49:06.1038] [INFO] Закрытые диалогового окно выбора номенклатуры
[2022-09-03 17:49:06.1238] [INFO] Номенклатура успешно добавлено
[2022-09-03 17:49:09.6044] [INFO] Добавление заказ в БД
[2022-09-03 17:49:09.6044] [INFO] Закрытые диалогового окна заказа
[2022-09-03 17:49:09.6044] [INFO] Добавление заказа
[2022-09-03 17:49:09.7972] [INFO] Заказ успешно добавлено
[2022-09-03 17:49:09.7972] [INFO] Обновление заказа
[2022-09-03 17:49:09.8132] [INFO] Заказ успешно обновлен
[2022-09-03 17:49:23.1360] [INFO] Открыто диалоговое окно для изменение заказа
[2022-09-03 17:49:23.1630] [INFO] Открыто диалоговое окно заказа
[2022-09-03 17:49:23.1690] [INFO] Данные успешно получены
[2022-09-03 17:49:25.0759] [INFO] Открыто диалоговое окно для удаление заказа
[2022-09-03 17:49:25.7369] [INFO] Удаление заказа
[2022-09-03 17:49:27.7032] [INFO] Заказ успешно удален
[2022-09-03 17:49:27.7032] [INFO] Обновление заказа
[2022-09-03 17:49:27.7192] [INFO] Заказ успешно обновлен
[2022-09-03 17:49:30.2798] [INFO] Открыто диалоговое окно для добавление заказа
[2022-09-03 17:49:30.3048] [INFO] Открыто диалоговое окно заказа
[2022-09-03 17:49:30.3108] [INFO] Данные успешно получены
[2022-09-03 17:49:39.8285] [INFO] Добвыление номенклатуры
[2022-09-03 17:49:39.8465] [INFO] Загрузка номенклатуры
[2022-09-03 17:49:39.8995] [INFO] Номенклатуры успешно загружены
[2022-09-03 17:49:40.7968] [INFO] Закрытые диалогового окно выбора номенклатуры
[2022-09-03 17:49:40.8088] [INFO] Номенклатура успешно добавлено
[2022-09-03 17:49:43.4752] [INFO] Добавление заказ в БД
[2022-09-03 17:49:43.4752] [INFO] Закрытые диалогового окна заказа
[2022-09-03 17:49:43.4852] [INFO] Добавление заказа
[2022-09-03 17:52:03.7491] [INFO] Загрузка формы авторизации
[2022-09-03 17:52:03.8541] [INFO] Загрузка токенов
[2022-09-03 17:52:04.0881] [INFO] Токен успешно обновлен
[2022-09-03 17:52:04.0881] [INFO] Автоматическая авторизация
[2022-09-03 17:52:18.4839] [INFO] Пользователь авторизован
[2022-09-03 17:52:18.4839] [INFO] Загрузка главной формы
[2022-09-03 17:52:18.5846] [INFO] Загружено главня форма
[2022-09-03 17:52:18.5846] [INFO] Получение данных
[2022-09-03 17:52:18.5926] [INFO] Загрузка заказов
[2022-09-03 17:52:18.5926] [INFO] Заказыы успешно загружены
[2022-09-03 17:52:18.5926] [INFO] Успешное получение данных
[2022-09-03 17:52:18.6426] [INFO] Закрываем окно авторизации
[2022-09-03 17:52:21.8925] [INFO] Открыто диалоговое окно для изменение заказа
[2022-09-03 17:52:21.9235] [ERROR] Ошибка -------> Вы не выбрали запись
[2022-09-03 17:52:23.2028] [INFO] Открыто диалоговое окно для изменение заказа
[2022-09-03 17:52:23.2418] [INFO] Открыто диалоговое окно заказа
[2022-09-03 17:52:23.2448] [INFO] Данные успешно получены
[2022-09-03 17:52:23.9538] [INFO] Добвыление номенклатуры
[2022-09-03 17:52:23.9818] [INFO] Загрузка номенклатуры
[2022-09-03 17:52:24.0768] [INFO] Номенклатуры успешно загружены
[2022-09-03 17:52:24.7726] [INFO] Закрытые диалогового окно выбора номенклатуры
[2022-09-03 17:52:24.7886] [INFO] Номенклатура успешно добавлено
[2022-09-03 17:52:28.5129] [INFO] Добавление заказ в БД
[2022-09-03 17:52:28.5129] [INFO] Закрытые диалогового окна заказа
[2022-09-03 17:52:28.5129] [INFO] Изменение заказа
[2022-09-03 17:52:28.7838] [INFO] Заказ успешно изменен
[2022-09-03 17:52:28.7838] [INFO] Обновление заказа
[2022-09-03 17:52:28.7988] [INFO] Заказ успешно обновлен
[2022-09-03 17:52:29.4585] [INFO] Открыто диалоговое окно для изменение заказа
[2022-09-03 17:52:29.4795] [INFO] Открыто диалоговое окно заказа
[2022-09-03 17:52:29.4795] [INFO] Данные успешно получены
[2022-09-03 17:52:31.8387] [INFO] Открыто диалоговое окно для удаление заказа
[2022-09-03 17:52:32.4967] [INFO] Удаление заказа
[2022-09-03 17:52:32.5897] [INFO] Заказ успешно удален
[2022-09-03 17:52:32.5897] [INFO] Обновление заказа
[2022-09-03 17:52:32.6137] [INFO] Заказ успешно обновлен
[2022-09-03 17:52:33.0688] [INFO] Открыто диалоговое окно для добавление заказа
[2022-09-03 17:52:33.0878] [INFO] Открыто диалоговое окно заказа
[2022-09-03 17:52:33.0878] [INFO] Данные успешно получены
[2022-09-03 17:52:39.4705] [INFO] Добвыление номенклатуры
[2022-09-03 17:52:39.4895] [INFO] Загрузка номенклатуры
[2022-09-03 17:52:39.5465] [INFO] Номенклатуры успешно загружены
[2022-09-03 17:52:40.1146] [INFO] Закрытые диалогового окно выбора номенклатуры
[2022-09-03 17:52:40.1256] [INFO] Номенклатура успешно добавлено
[2022-09-03 17:52:42.8749] [INFO] Добавление заказ в БД
[2022-09-03 17:52:42.8749] [INFO] Закрытые диалогового окна заказа
[2022-09-03 17:52:42.8879] [INFO] Добавление заказа
[2022-09-03 17:52:42.9529] [INFO] Заказ успешно добавлено
[2022-09-03 17:52:42.9529] [INFO] Обновление заказа
[2022-09-03 17:52:42.9669] [INFO] Заказ успешно обновлен
[2022-09-03 17:52:44.5217] [INFO] Открыто диалоговое окно для изменение заказа
[2022-09-03 17:52:44.5407] [INFO] Открыто диалоговое окно заказа
[2022-09-03 17:52:44.5407] [INFO] Данные успешно получены
[2022-09-03 17:53:12.6225] [INFO] Закрытые главной формы
[2022-09-03 18:04:23.1171] [INFO] Загрузка формы авторизации
[2022-09-03 18:04:23.2121] [INFO] Загрузка токенов
[2022-09-03 18:04:23.2471] [INFO] Токен успешно обновлен
[2022-09-03 18:04:23.2471] [INFO] Автоматическая авторизация
[2022-09-03 18:04:31.3654] [INFO] Пользователь авторизован
[2022-09-03 18:04:31.3654] [INFO] Загрузка главной формы
[2022-09-03 18:04:31.4645] [INFO] Загружено главня форма
[2022-09-03 18:04:31.4645] [INFO] Получение данных
[2022-09-03 18:04:31.4645] [INFO] Загрузка заказов
[2022-09-03 18:04:31.4645] [INFO] Успешное получение данных
[2022-09-03 18:04:31.4825] [INFO] Закрываем окно авторизации
[2022-09-03 18:08:09.5941] [INFO] Загрузка формы авторизации
[2022-09-03 18:08:09.8551] [INFO] Загрузка токенов
[2022-09-03 18:08:09.9021] [INFO] Токен успешно обновлен
[2022-09-03 18:08:09.9021] [INFO] Автоматическая авторизация
[2022-09-03 18:08:19.2628] [INFO] Пользователь авторизован
[2022-09-03 18:08:19.2628] [INFO] Загрузка главной формы
[2022-09-03 18:08:19.3348] [INFO] Загружено главня форма
[2022-09-03 18:08:19.3348] [INFO] Получение данных
[2022-09-03 18:08:19.3388] [INFO] Загрузка заказов
[2022-09-03 18:08:19.3388] [INFO] Успешное получение данных
[2022-09-03 18:08:19.3598] [INFO] Закрываем окно авторизации
[2022-09-03 18:08:20.2773] [INFO] Заказыы успешно загружены
[2022-09-03 18:08:29.9436] [INFO] Закрытые главной формы
[2022-09-03 18:10:37.0975] [INFO] Загрузка формы авторизации
[2022-09-03 18:10:37.2625] [INFO] Загрузка токенов
[2022-09-03 18:10:37.3075] [INFO] Токен успешно обновлен
[2022-09-03 18:10:37.3075] [INFO] Автоматическая авторизация
[2022-09-03 18:10:54.0997] [INFO] Пользователь авторизован
[2022-09-03 18:10:54.0997] [INFO] Загрузка главной формы
[2022-09-03 18:10:54.1997] [INFO] Загружено главня форма
[2022-09-03 18:10:54.1997] [INFO] Получение данных
[2022-09-03 18:10:54.1997] [INFO] Загрузка заказов
[2022-09-03 18:10:54.2147] [INFO] Успешное получение данных
[2022-09-03 18:10:54.2487] [INFO] Закрываем окно авторизации
[2022-09-03 18:10:55.1702] [INFO] Заказыы успешно загружены
[2022-09-03 18:11:03.2736] [INFO] Открыто диалоговое окно для добавление заказа
[2022-09-03 18:11:03.3306] [INFO] Открыто диалоговое окно заказа
[2022-09-03 18:11:03.3306] [INFO] Данные успешно получены
[2022-09-03 18:11:08.4346] [INFO] Добвыление номенклатуры
[2022-09-03 18:11:08.4586] [INFO] Загрузка номенклатуры
[2022-09-03 18:11:08.5236] [INFO] Номенклатуры успешно загружены
[2022-09-03 18:11:09.2882] [INFO] Закрытые диалогового окно выбора номенклатуры
[2022-09-03 18:11:09.3022] [INFO] Номенклатура успешно добавлено
[2022-09-03 18:11:11.8716] [INFO] Добавление заказ в БД
[2022-09-03 18:11:11.8716] [INFO] Закрытые диалогового окна заказа
[2022-09-03 18:11:11.8916] [INFO] Добавление заказа
[2022-09-03 18:11:12.0866] [INFO] Заказ успешно добавлено
[2022-09-03 18:11:12.0866] [INFO] Обновление заказа
[2022-09-03 18:11:12.1176] [INFO] Заказ успешно обновлен
[2022-09-03 18:11:21.2297] [INFO] Закрытые главной формы
