[2022-08-16 00:00:06.6643] [INFO] Загрузка формы авторизации
[2022-08-16 00:00:06.8303] [INFO] Загрузка токенов
[2022-08-16 00:00:06.8723] [INFO] Токен успешно обновлен
[2022-08-16 00:00:06.8723] [INFO] Автоматическая авторизация
[2022-08-16 00:01:27.0198] [INFO] Загрузка формы авторизации
[2022-08-16 00:01:27.2958] [INFO] Загрузка токенов
[2022-08-16 00:01:27.3958] [INFO] Токен успешно обновлен
[2022-08-16 00:01:27.3958] [INFO] Автоматическая авторизация
[2022-08-16 00:01:32.1231] [ERROR] Ошибка -------> Произошла ошибка при отправке запроса.
[2022-08-16 00:01:32.1986] [ERROR] Ошибка -------> Произошла ошибка при отправке запроса.
[2022-08-16 00:01:45.6166] [INFO] Загрузка формы авторизации
[2022-08-16 00:01:45.8046] [INFO] Загрузка токенов
[2022-08-16 00:01:45.9336] [INFO] Токен успешно обновлен
[2022-08-16 00:01:45.9336] [INFO] Автоматическая авторизация
[2022-08-16 00:01:50.8618] [ERROR] Ошибка -------> Произошла ошибка при отправке запроса.
[2022-08-16 00:01:50.9107] [ERROR] Ошибка -------> Произошла ошибка при отправке запроса.
[2022-08-16 00:02:28.5236] [INFO] Загрузка формы авторизации
[2022-08-16 00:02:28.6596] [INFO] Загрузка токенов
[2022-08-16 00:02:28.7976] [INFO] Токен успешно обновлен
[2022-08-16 00:02:28.7976] [INFO] Автоматическая авторизация
[2022-08-16 00:03:49.4274] [INFO] Загрузка формы авторизации
[2022-08-16 00:03:49.5713] [INFO] Загрузка токенов
[2022-08-16 00:03:49.6343] [INFO] Токен успешно обновлен
[2022-08-16 00:03:49.6343] [INFO] Автоматическая авторизация
[2022-08-16 00:03:54.2798] [ERROR] Ошибка -------> Произошла ошибка при отправке запроса.
[2022-08-16 00:03:54.3663] [ERROR] Ошибка -------> Произошла ошибка при отправке запроса.
[2022-08-16 00:04:26.0792] [INFO] Загрузка формы авторизации
[2022-08-16 00:04:26.2242] [INFO] Загрузка токенов
[2022-08-16 00:04:26.2962] [INFO] Токен успешно обновлен
[2022-08-16 00:04:26.2962] [INFO] Автоматическая авторизация
[2022-08-16 00:11:30.4548] [INFO] Загрузка формы авторизации
[2022-08-16 00:11:30.6418] [INFO] Загрузка токенов
[2022-08-16 00:11:30.7758] [INFO] Токен успешно обновлен
[2022-08-16 00:11:30.7758] [INFO] Автоматическая авторизация
[2022-08-16 00:11:54.0827] [INFO] Загрузка формы авторизации
[2022-08-16 00:11:54.2377] [INFO] Загрузка токенов
[2022-08-16 00:11:54.2757] [INFO] Токен успешно обновлен
[2022-08-16 00:11:54.2757] [INFO] Автоматическая авторизация
[2022-08-16 00:13:22.8909] [INFO] Загрузка формы авторизации
[2022-08-16 00:13:23.0179] [INFO] Загрузка токенов
[2022-08-16 00:13:23.0909] [INFO] Токен успешно обновлен
[2022-08-16 00:13:23.0909] [INFO] Автоматическая авторизация
[2022-08-16 00:14:52.6969] [INFO] Загрузка формы авторизации
[2022-08-16 00:14:53.0249] [INFO] Загрузка токенов
[2022-08-16 00:14:53.0729] [INFO] Токен успешно обновлен
[2022-08-16 00:14:53.0729] [INFO] Автоматическая авторизация
[2022-08-16 00:16:50.3012] [INFO] Загрузка формы авторизации
[2022-08-16 00:16:50.4982] [INFO] Загрузка токенов
[2022-08-16 00:16:50.6752] [INFO] Токен успешно обновлен
[2022-08-16 00:16:50.6752] [INFO] Автоматическая авторизация
[2022-08-16 00:18:54.0937] [INFO] Загрузка формы авторизации
[2022-08-16 00:18:54.3137] [INFO] Загрузка токенов
[2022-08-16 00:18:54.3770] [INFO] Токен успешно обновлен
[2022-08-16 00:18:54.3770] [INFO] Автоматическая авторизация
[2022-08-16 00:19:13.1227] [INFO] Загрузка формы авторизации
[2022-08-16 00:19:13.3597] [INFO] Загрузка токенов
[2022-08-16 00:19:13.4237] [INFO] Токен успешно обновлен
[2022-08-16 00:19:13.4237] [INFO] Автоматическая авторизация
[2022-08-16 00:19:35.3718] [INFO] Загрузка формы авторизации
[2022-08-16 00:19:35.5468] [INFO] Загрузка токенов
[2022-08-16 00:19:35.6238] [INFO] Токен успешно обновлен
[2022-08-16 00:19:35.6238] [INFO] Автоматическая авторизация
[2022-08-16 00:19:40.3479] [ERROR] Ошибка -------> Произошла ошибка при отправке запроса.
[2022-08-16 00:19:40.4279] [ERROR] Ошибка -------> Произошла ошибка при отправке запроса.
[2022-08-16 00:19:59.6135] [INFO] Загрузка формы авторизации
[2022-08-16 00:19:59.8225] [INFO] Загрузка токенов
[2022-08-16 00:19:59.8965] [INFO] Токен успешно обновлен
[2022-08-16 00:19:59.8965] [INFO] Автоматическая авторизация
[2022-08-16 01:11:18.2931] [INFO] Загрузка формы авторизации
[2022-08-16 01:11:18.4271] [INFO] Загрузка токенов
[2022-08-16 01:11:18.4751] [INFO] Токен успешно обновлен
[2022-08-16 01:11:18.4751] [INFO] Автоматическая авторизация
[2022-08-16 12:18:37.0927] [INFO] Загрузка формы авторизации
[2022-08-16 12:18:37.2625] [INFO] Загрузка токенов
[2022-08-16 12:18:37.6387] [INFO] Токен успешно обновлен
[2022-08-16 12:18:37.6387] [INFO] Автоматическая авторизация
[2022-08-16 12:19:12.5011] [INFO] Загрузка формы авторизации
[2022-08-16 12:19:12.6851] [INFO] Загрузка токенов
[2022-08-16 12:19:12.8216] [INFO] Токен успешно обновлен
[2022-08-16 12:19:12.8216] [INFO] Автоматическая авторизация
[2022-08-16 12:19:18.0631] [ERROR] Ошибка -------> Произошла ошибка при отправке запроса.
[2022-08-16 12:19:18.1831] [ERROR] Ошибка -------> Произошла ошибка при отправке запроса.
[2022-08-16 12:19:25.2280] [INFO] Загрузка формы авторизации
[2022-08-16 12:19:25.4440] [INFO] Загрузка токенов
[2022-08-16 12:19:25.5720] [INFO] Токен успешно обновлен
[2022-08-16 12:19:25.5720] [INFO] Автоматическая авторизация
[2022-08-16 12:19:30.8375] [ERROR] Ошибка -------> Произошла ошибка при отправке запроса.
[2022-08-16 12:19:30.9900] [ERROR] Ошибка -------> Произошла ошибка при отправке запроса.
[2022-08-16 12:25:08.5528] [INFO] Загрузка формы авторизации
[2022-08-16 12:25:08.7024] [INFO] Загрузка токенов
[2022-08-16 12:25:08.7614] [INFO] Токен успешно обновлен
[2022-08-16 12:25:08.7614] [INFO] Автоматическая авторизация
[2022-08-16 12:29:17.2448] [INFO] Загрузка формы авторизации
[2022-08-16 12:29:17.3838] [INFO] Загрузка токенов
[2022-08-16 12:29:17.4498] [INFO] Токен успешно обновлен
[2022-08-16 12:29:17.4498] [INFO] Автоматическая авторизация
[2022-08-16 12:33:51.1304] [INFO] Загрузка формы авторизации
[2022-08-16 12:33:51.3654] [INFO] Загрузка токенов
[2022-08-16 12:33:51.4064] [INFO] Токен успешно обновлен
[2022-08-16 12:33:51.4064] [INFO] Автоматическая авторизация
[2022-08-16 12:33:56.0158] [ERROR] Ошибка -------> Произошла ошибка при отправке запроса.
[2022-08-16 12:33:56.0858] [ERROR] Ошибка -------> Произошла ошибка при отправке запроса.
[2022-08-16 12:35:23.3959] [INFO] Загрузка формы авторизации
[2022-08-16 12:35:23.5339] [INFO] Загрузка токенов
[2022-08-16 12:35:23.5919] [INFO] Токен успешно обновлен
[2022-08-16 12:35:23.5919] [INFO] Автоматическая авторизация
