[2023-06-13 23:53:38.1269] [INFO] Загрузка формы авторизации
[2023-06-13 23:53:38.3470] [INFO] Загрузка токенов
[2023-06-13 23:53:39.5750] [INFO] Токен успешно обновлен
[2023-06-13 23:53:39.5750] [INFO] Автоматическая авторизация
[2023-06-13 23:53:59.5362] [INFO] Пользователь авторизован
[2023-06-13 23:53:59.5362] [INFO] Загрузка главной формы
[2023-06-13 23:53:59.6612] [INFO] Загружено главня форма
[2023-06-13 23:53:59.6612] [INFO] Получение данных
[2023-06-13 23:53:59.6757] [INFO] Загрузка заказов
[2023-06-13 23:53:59.6802] [INFO] Успешное получение данных
[2023-06-13 23:53:59.7058] [INFO] Закрываем окно авторизации
[2023-06-13 23:54:00.5473] [INFO] Заказыы успешно загружены
[2023-06-13 23:54:26.9389] [INFO] Поиск по этапом
[2023-06-13 23:54:28.0804] [INFO] Поиск завершен
[2023-06-13 23:54:31.1782] [INFO] Поиск по этапом
[2023-06-13 23:54:31.1984] [INFO] Поиск завершен
[2023-06-13 23:54:35.9383] [INFO] Поиск по номенклатурам
[2023-06-13 23:54:35.9563] [INFO] Поиск завершен
[2023-06-13 23:54:39.6031] [INFO] Поиск по заказам
[2023-06-13 23:54:39.6212] [INFO] Поиск завершен
[2023-06-13 23:54:46.7519] [INFO] Закрытые главной формы
