[2023-05-26 23:46:47.5381] [INFO] Загрузка формы авторизации
[2023-05-26 23:46:47.7171] [INFO] Загрузка токенов
[2023-05-26 23:46:48.5521] [INFO] Токен успешно обновлен
[2023-05-26 23:46:48.5521] [INFO] Автоматическая авторизация
[2023-05-26 23:47:26.8106] [ERROR] Ошибка -------> Не найдена сессия пользователя
[2023-05-26 23:47:26.9226] [ERROR] Ошибка -------> Не найдена сессия пользователя
[2023-05-26 23:47:35.5370] [INFO] Авторизация пользователя
[2023-05-26 23:47:43.8041] [INFO] Сохранение данных
[2023-05-26 23:47:43.8041] [INFO] Данные успешно сохранены
[2023-05-26 23:47:43.9227] [INFO] Загружено главня форма
[2023-05-26 23:47:43.9227] [INFO] Получение данных
[2023-05-26 23:47:43.9417] [INFO] Загрузка заказов
[2023-05-26 23:47:43.9467] [INFO] Успешное получение данных
[2023-05-26 23:47:44.7680] [INFO] Заказыы успешно загружены
[2023-05-26 23:47:51.1879] [INFO] Открыто диалоговое окно для добавление этапа
[2023-05-26 23:47:51.2289] [INFO] Открыто диалоговое окно этапа
[2023-05-26 23:47:54.8654] [INFO] Закрытые диалогового окно этапа
[2023-05-26 23:47:54.8654] [INFO] Добавление этапа
[2023-05-26 23:47:54.9654] [INFO] Этап успешно добавлено
[2023-05-26 23:47:54.9654] [INFO] Обновление этапа
[2023-05-26 23:47:55.0174] [INFO] Этап успешно обновлен
[2023-05-26 23:47:56.6242] [INFO] Открыто диалоговое окно для добавление номенклатуры
[2023-05-26 23:47:56.6672] [INFO] Открыто диалоговое окно номенклатуры
[2023-05-26 23:48:00.2759] [INFO] Зактрытые диалогового окна номенклатуры
[2023-05-26 23:48:00.2759] [INFO] Диалоговое окно номенклатуры закрыто
[2023-05-26 23:48:00.2959] [INFO] Добавление номенклатуры
[2023-05-26 23:48:00.4169] [INFO] Номеклатура успешно добавлено
[2023-05-26 23:48:00.4169] [INFO] Обновление номенклатуры
[2023-05-26 23:48:00.4649] [INFO] Номенклатура успешно обновлен
[2023-05-26 23:48:01.9622] [INFO] Открыто диалоговое окно для добавление заказа
[2023-05-26 23:48:01.9969] [INFO] Открыто диалоговое окно заказа
[2023-05-26 23:48:01.9969] [INFO] Данные успешно получены
[2023-05-26 23:48:05.1505] [INFO] Добавление заказ в БД
[2023-05-26 23:48:05.1505] [INFO] Закрытые диалогового окна заказа
[2023-05-26 23:48:05.1712] [INFO] Добавление заказа
[2023-05-26 23:48:05.3262] [INFO] Заказ успешно добавлено
[2023-05-26 23:48:05.3262] [INFO] Обновление заказа
[2023-05-26 23:48:05.3882] [INFO] Заказ успешно обновлен
[2023-05-26 23:48:08.6841] [INFO] Открыто диалоговое окно для добавление заказа
[2023-05-26 23:48:08.7111] [INFO] Открыто диалоговое окно заказа
[2023-05-26 23:48:08.7111] [INFO] Данные успешно получены
[2023-05-26 23:48:11.5320] [INFO] Добавление заказ в БД
[2023-05-26 23:48:11.5320] [INFO] Закрытые диалогового окна заказа
[2023-05-26 23:48:11.5466] [INFO] Добавление заказа
[2023-05-26 23:48:11.6072] [INFO] Заказ успешно добавлено
[2023-05-26 23:48:11.6072] [INFO] Обновление заказа
[2023-05-26 23:48:11.6472] [INFO] Заказ успешно обновлен
[2023-05-26 23:48:16.3644] [INFO] Поиск по заказам
[2023-05-26 23:48:16.4140] [INFO] Поиск завершен
[2023-05-26 23:48:17.5353] [INFO] Поиск по заказам
[2023-05-26 23:48:17.5843] [INFO] Поиск завершен
[2023-05-26 23:48:22.8496] [INFO] Поиск по заказам
[2023-05-26 23:48:22.8989] [INFO] Поиск завершен
[2023-05-26 23:48:26.4840] [INFO] Поиск по заказам
[2023-05-26 23:48:26.5560] [INFO] Поиск завершен
[2023-05-26 23:48:29.6892] [INFO] Поиск по заказам
[2023-05-26 23:48:29.7293] [INFO] Поиск завершен
[2023-05-26 23:48:36.6127] [INFO] Поиск по заказам
[2023-05-26 23:48:38.0793] [INFO] Поиск завершен
[2023-05-26 23:48:47.4299] [INFO] Открыто диалоговое окно изменения настроек
[2023-05-26 23:48:47.4532] [INFO] Открыто диалоговое окно настроек
[2023-05-26 23:49:13.9319] [INFO] Закрытые главной формы
